[7.613s] Invoking command in '/home/saba/workspaces/ramen_robot_ws/src/agv': PYTHONPATH=/home/saba/workspaces/ramen_robot_ws/build/agv/prefix_override:/usr/lib/python3/dist-packages/colcon_core/task/python/colcon_distutils_commands:/home/saba/workspaces/ramen_robot_ws/install/agv/lib/python3.10/site-packages:${PYTHONPATH} /usr/bin/python3 -W ignore:setup.py install is deprecated setup.py egg_info --egg-base ../../build/agv build --build-base /home/saba/workspaces/ramen_robot_ws/build/agv/build install --record /home/saba/workspaces/ramen_robot_ws/build/agv/install.log --single-version-externally-managed install_data
[9.018s] running egg_info
[9.121s] writing ../../build/agv/agv.egg-info/PKG-INFO
[9.195s] writing dependency_links to ../../build/agv/agv.egg-info/dependency_links.txt
[9.411s] writing entry points to ../../build/agv/agv.egg-info/entry_points.txt
[9.567s] writing requirements to ../../build/agv/agv.egg-info/requires.txt
[9.641s] writing top-level names to ../../build/agv/agv.egg-info/top_level.txt
[9.800s] reading manifest file '../../build/agv/agv.egg-info/SOURCES.txt'
[9.834s] writing manifest file '../../build/agv/agv.egg-info/SOURCES.txt'
[9.835s] running build
[9.835s] running build_py
[9.835s] running install
[9.841s] running install_lib
[9.947s] running install_data
[9.948s] running install_egg_info
[10.053s] removing '/home/saba/workspaces/ramen_robot_ws/install/agv/lib/python3.10/site-packages/agv-0.0.0-py3.10.egg-info' (and everything under it)
[10.053s] Copying ../../build/agv/agv.egg-info to /home/saba/workspaces/ramen_robot_ws/install/agv/lib/python3.10/site-packages/agv-0.0.0-py3.10.egg-info
[10.054s] running install_scripts
[10.291s] Installing agv1_node script to /home/saba/workspaces/ramen_robot_ws/install/agv/lib/agv
[10.291s] Installing agv2_node script to /home/saba/workspaces/ramen_robot_ws/install/agv/lib/agv
[10.292s] Installing agv3_node script to /home/saba/workspaces/ramen_robot_ws/install/agv/lib/agv
[10.293s] Installing agv_commander_node script to /home/saba/workspaces/ramen_robot_ws/install/agv/lib/agv
[10.293s] writing list of installed files to '/home/saba/workspaces/ramen_robot_ws/build/agv/install.log'
[11.557s] Invoked command in '/home/saba/workspaces/ramen_robot_ws/src/agv' returned '0': PYTHONPATH=/home/saba/workspaces/ramen_robot_ws/build/agv/prefix_override:/usr/lib/python3/dist-packages/colcon_core/task/python/colcon_distutils_commands:/home/saba/workspaces/ramen_robot_ws/install/agv/lib/python3.10/site-packages:${PYTHONPATH} /usr/bin/python3 -W ignore:setup.py install is deprecated setup.py egg_info --egg-base ../../build/agv build --build-base /home/saba/workspaces/ramen_robot_ws/build/agv/build install --record /home/saba/workspaces/ramen_robot_ws/build/agv/install.log --single-version-externally-managed install_data
