[8.395s] Invoking command in '/home/saba/workspaces/ramen_robot_ws/torchhub/facebookresearch_dinov2_main': PYTHONPATH=/home/saba/workspaces/ramen_robot_ws/build/dinov2/prefix_override:/usr/lib/python3/dist-packages/colcon_core/task/python/colcon_distutils_commands:/home/saba/workspaces/ramen_robot_ws/install/dinov2/lib/python3.10/site-packages:${PYTHONPATH} /usr/bin/python3 -W ignore:setup.py install is deprecated setup.py egg_info --egg-base ../../build/dinov2 build --build-base /home/saba/workspaces/ramen_robot_ws/build/dinov2/build install --record /home/saba/workspaces/ramen_robot_ws/build/dinov2/install.log --single-version-externally-managed
[9.234s] /home/saba/.local/lib/python3.10/site-packages/setuptools/_distutils/dist.py:275: UserWarning: Unknown distribution option: 'install_package_data'
[9.235s]   warnings.warn(msg)
[10.467s] running egg_info
[10.587s] writing ../../build/dinov2/dinov2.egg-info/PKG-INFO
[10.699s] writing dependency_links to ../../build/dinov2/dinov2.egg-info/dependency_links.txt
[11.195s] writing requirements to ../../build/dinov2/dinov2.egg-info/requires.txt
[11.336s] writing top-level names to ../../build/dinov2/dinov2.egg-info/top_level.txt
[11.690s] reading manifest file '../../build/dinov2/dinov2.egg-info/SOURCES.txt'
[11.700s] adding license file 'LICENSE'
[11.703s] writing manifest file '../../build/dinov2/dinov2.egg-info/SOURCES.txt'
[11.704s] running build
[11.704s] running build_py
[11.749s] running install
[11.777s] running install_lib
[12.071s] running install_egg_info
[12.298s] removing '/home/saba/workspaces/ramen_robot_ws/install/dinov2/lib/python3.10/site-packages/dinov2-0.0.1-py3.10.egg-info' (and everything under it)
[12.299s] Copying ../../build/dinov2/dinov2.egg-info to /home/saba/workspaces/ramen_robot_ws/install/dinov2/lib/python3.10/site-packages/dinov2-0.0.1-py3.10.egg-info
[12.301s] running install_scripts
[12.780s] writing list of installed files to '/home/saba/workspaces/ramen_robot_ws/build/dinov2/install.log'
