running egg_info
writing ../../build/agv/agv.egg-info/PKG-INFO
writing dependency_links to ../../build/agv/agv.egg-info/dependency_links.txt
writing entry points to ../../build/agv/agv.egg-info/entry_points.txt
writing requirements to ../../build/agv/agv.egg-info/requires.txt
writing top-level names to ../../build/agv/agv.egg-info/top_level.txt
reading manifest file '../../build/agv/agv.egg-info/SOURCES.txt'
writing manifest file '../../build/agv/agv.egg-info/SOURCES.txt'
running build
running build_py
copying agv/agv_commander_node.py -> /home/saba/workspaces/ramen_robot_ws/build/agv/build/lib/agv
running install
running install_lib
copying /home/saba/workspaces/ramen_robot_ws/build/agv/build/lib/agv/agv_commander_node.py -> /home/saba/workspaces/ramen_robot_ws/install/agv/lib/python3.10/site-packages/agv
byte-compiling /home/saba/workspaces/ramen_robot_ws/install/agv/lib/python3.10/site-packages/agv/agv_commander_node.py to agv_commander_node.cpython-310.pyc
running install_data
running install_egg_info
removing '/home/saba/workspaces/ramen_robot_ws/install/agv/lib/python3.10/site-packages/agv-0.0.0-py3.10.egg-info' (and everything under it)
Copying ../../build/agv/agv.egg-info to /home/saba/workspaces/ramen_robot_ws/install/agv/lib/python3.10/site-packages/agv-0.0.0-py3.10.egg-info
running install_scripts
Installing agv1_node script to /home/saba/workspaces/ramen_robot_ws/install/agv/lib/agv
Installing agv2_node script to /home/saba/workspaces/ramen_robot_ws/install/agv/lib/agv
Installing agv3_node script to /home/saba/workspaces/ramen_robot_ws/install/agv/lib/agv
Installing agv_commander_node script to /home/saba/workspaces/ramen_robot_ws/install/agv/lib/agv
writing list of installed files to '/home/saba/workspaces/ramen_robot_ws/build/agv/install.log'
