[7.297s] Invoking command in '/home/saba/workspaces/ramen_robot_ws/src/agv': PYTHONPATH=/home/saba/workspaces/ramen_robot_ws/build/agv/prefix_override:/usr/lib/python3/dist-packages/colcon_core/task/python/colcon_distutils_commands:/home/saba/workspaces/ramen_robot_ws/install/agv/lib/python3.10/site-packages:${PYTHONPATH} /usr/bin/python3 -W ignore:setup.py install is deprecated setup.py egg_info --egg-base ../../build/agv build --build-base /home/saba/workspaces/ramen_robot_ws/build/agv/build install --record /home/saba/workspaces/ramen_robot_ws/build/agv/install.log --single-version-externally-managed install_data
[8.715s] running egg_info
[8.715s] creating ../../build/agv/agv.egg-info
[8.819s] writing ../../build/agv/agv.egg-info/PKG-INFO
[8.895s] writing dependency_links to ../../build/agv/agv.egg-info/dependency_links.txt
[9.127s] writing entry points to ../../build/agv/agv.egg-info/entry_points.txt
[9.272s] writing requirements to ../../build/agv/agv.egg-info/requires.txt
[9.346s] writing top-level names to ../../build/agv/agv.egg-info/top_level.txt
[9.346s] writing manifest file '../../build/agv/agv.egg-info/SOURCES.txt'
[9.477s] reading manifest file '../../build/agv/agv.egg-info/SOURCES.txt'
[9.478s] writing manifest file '../../build/agv/agv.egg-info/SOURCES.txt'
[9.479s] running build
[9.479s] running build_py
[9.479s] creating /home/saba/workspaces/ramen_robot_ws/build/agv/build
[9.479s] creating /home/saba/workspaces/ramen_robot_ws/build/agv/build/lib
[9.479s] creating /home/saba/workspaces/ramen_robot_ws/build/agv/build/lib/agv
[9.480s] copying agv/__init__.py -> /home/saba/workspaces/ramen_robot_ws/build/agv/build/lib/agv
[9.480s] copying agv/agv2_node.py -> /home/saba/workspaces/ramen_robot_ws/build/agv/build/lib/agv
[9.480s] copying agv/agv_commander_node.py -> /home/saba/workspaces/ramen_robot_ws/build/agv/build/lib/agv
[9.480s] copying agv/agv1_node.py -> /home/saba/workspaces/ramen_robot_ws/build/agv/build/lib/agv
[9.480s] copying agv/agv3_node.py -> /home/saba/workspaces/ramen_robot_ws/build/agv/build/lib/agv
[9.480s] running install
[9.487s] running install_lib
[9.599s] creating /home/saba/workspaces/ramen_robot_ws/install/agv/lib/python3.10/site-packages/agv
[9.599s] copying /home/saba/workspaces/ramen_robot_ws/build/agv/build/lib/agv/__init__.py -> /home/saba/workspaces/ramen_robot_ws/install/agv/lib/python3.10/site-packages/agv
[9.599s] copying /home/saba/workspaces/ramen_robot_ws/build/agv/build/lib/agv/agv2_node.py -> /home/saba/workspaces/ramen_robot_ws/install/agv/lib/python3.10/site-packages/agv
[9.599s] copying /home/saba/workspaces/ramen_robot_ws/build/agv/build/lib/agv/agv_commander_node.py -> /home/saba/workspaces/ramen_robot_ws/install/agv/lib/python3.10/site-packages/agv
[9.600s] copying /home/saba/workspaces/ramen_robot_ws/build/agv/build/lib/agv/agv1_node.py -> /home/saba/workspaces/ramen_robot_ws/install/agv/lib/python3.10/site-packages/agv
[9.600s] copying /home/saba/workspaces/ramen_robot_ws/build/agv/build/lib/agv/agv3_node.py -> /home/saba/workspaces/ramen_robot_ws/install/agv/lib/python3.10/site-packages/agv
[9.601s] byte-compiling /home/saba/workspaces/ramen_robot_ws/install/agv/lib/python3.10/site-packages/agv/__init__.py to __init__.cpython-310.pyc
[9.601s] byte-compiling /home/saba/workspaces/ramen_robot_ws/install/agv/lib/python3.10/site-packages/agv/agv2_node.py to agv2_node.cpython-310.pyc
[9.603s] byte-compiling /home/saba/workspaces/ramen_robot_ws/install/agv/lib/python3.10/site-packages/agv/agv_commander_node.py to agv_commander_node.cpython-310.pyc
[9.604s] byte-compiling /home/saba/workspaces/ramen_robot_ws/install/agv/lib/python3.10/site-packages/agv/agv1_node.py to agv1_node.cpython-310.pyc
[9.605s] byte-compiling /home/saba/workspaces/ramen_robot_ws/install/agv/lib/python3.10/site-packages/agv/agv3_node.py to agv3_node.cpython-310.pyc
[9.606s] running install_data
[9.606s] creating /home/saba/workspaces/ramen_robot_ws/install/agv/share/ament_index
[9.607s] creating /home/saba/workspaces/ramen_robot_ws/install/agv/share/ament_index/resource_index
[9.607s] creating /home/saba/workspaces/ramen_robot_ws/install/agv/share/ament_index/resource_index/packages
[9.607s] copying resource/agv -> /home/saba/workspaces/ramen_robot_ws/install/agv/share/ament_index/resource_index/packages
[9.607s] copying package.xml -> /home/saba/workspaces/ramen_robot_ws/install/agv/share/agv
[9.607s] running install_egg_info
[9.716s] Copying ../../build/agv/agv.egg-info to /home/saba/workspaces/ramen_robot_ws/install/agv/lib/python3.10/site-packages/agv-0.0.0-py3.10.egg-info
[9.718s] running install_scripts
[9.940s] Installing agv1_node script to /home/saba/workspaces/ramen_robot_ws/install/agv/lib/agv
[9.941s] Installing agv2_node script to /home/saba/workspaces/ramen_robot_ws/install/agv/lib/agv
[9.941s] Installing agv3_node script to /home/saba/workspaces/ramen_robot_ws/install/agv/lib/agv
[9.941s] Installing agv_commander_node script to /home/saba/workspaces/ramen_robot_ws/install/agv/lib/agv
[9.943s] writing list of installed files to '/home/saba/workspaces/ramen_robot_ws/build/agv/install.log'
