-- The CXX compiler identification is GNU 11.4.0
-- Detecting CXX compiler ABI info
-- Detecting CXX compiler ABI info - done
-- Check for working CXX compiler: /usr/bin/c++ - skipped
-- Detecting CXX compile features
-- Detecting CXX compile features - done
-- Updating submodules
-- Found Boost: /usr/lib/x86_64-linux-gnu/cmake/Boost-1.74.0/BoostConfig.cmake (found version "1.74.0") found components: program_options 
-- Performing Test COMPILER_HAS_HIDDEN_VISIBILITY
-- Performing Test COMPILER_HAS_HIDDEN_VISIBILITY - Success
-- Performing Test COMPILER_HAS_HIDDEN_INLINE_VISIBILITY
-- Performing Test COMPILER_HAS_HIDDEN_INLINE_VISIBILITY - Success
-- Performing Test COMPILER_HAS_DEPRECATED_ATTR
-- Performing Test COMPILER_HAS_DEPRECATED_ATTR - Success
-- Configuring done
-- Generating done
-- Build files have been written to: /home/saba/workspaces/ramen_robot_ws/build/is-core
[  5%] [34m[1mCreating directories for 'xtypes-ext'[0m
[ 10%] [34m[1mNo download step for 'xtypes-ext'[0m
[ 15%] [34m[1mNo update step for 'xtypes-ext'[0m
[ 21%] [34m[1mNo patch step for 'xtypes-ext'[0m
[ 26%] [34m[1mPerforming configure step for 'xtypes-ext'[0m
-- The CXX compiler identification is GNU 11.4.0
-- Detecting CXX compiler ABI info
-- Detecting CXX compiler ABI info - done
-- Check for working CXX compiler: /usr/bin/c++ - skipped
-- Detecting CXX compile features
-- Detecting CXX compile features - done
-- Looking for C++ include pthread.h
-- Looking for C++ include pthread.h - found
-- Performing Test CMAKE_HAVE_LIBC_PTHREAD
-- Performing Test CMAKE_HAVE_LIBC_PTHREAD - Success
-- Found Threads: TRUE  
-- Configuring done
-- Generating done
-- Build files have been written to: /home/saba/workspaces/ramen_robot_ws/build/is-core/xtypes-ext-prefix/src/xtypes-ext-build
[ 31%] [34m[1mPerforming build step for 'xtypes-ext'[0m
[ 50%] [32mBuilding CXX object CMakeFiles/xtypes_idl_validator.dir/tools/idl_validator.cpp.o[0m
[100%] [32m[1mLinking CXX executable xtypes_idl_validator[0m
[100%] Built target xtypes_idl_validator
[ 36%] [34m[1mPerforming install step for 'xtypes-ext'[0m
[35m[1mConsolidate compiler generated dependencies of target xtypes_idl_validator[0m
[100%] Built target xtypes_idl_validator
[36mInstall the project...[0m
-- Install configuration: ""
-- Installing: /home/saba/workspaces/ramen_robot_ws/install/is-core/xtypes/bin/xtypes_idl_validator
-- Installing: /home/saba/workspaces/ramen_robot_ws/install/is-core/xtypes/include/xtypes
-- Installing: /home/saba/workspaces/ramen_robot_ws/install/is-core/xtypes/include/xtypes/MutableCollectionType.hpp
-- Installing: /home/saba/workspaces/ramen_robot_ws/install/is-core/xtypes/include/xtypes/AliasType.hpp
-- Installing: /home/saba/workspaces/ramen_robot_ws/install/is-core/xtypes/include/xtypes/DynamicDataImpl.hpp
-- Installing: /home/saba/workspaces/ramen_robot_ws/install/is-core/xtypes/include/xtypes/TypeConsistency.hpp
-- Installing: /home/saba/workspaces/ramen_robot_ws/install/is-core/xtypes/include/xtypes/UnionType.hpp
-- Installing: /home/saba/workspaces/ramen_robot_ws/install/is-core/xtypes/include/xtypes/ArrayType.hpp
-- Installing: /home/saba/workspaces/ramen_robot_ws/install/is-core/xtypes/include/xtypes/StringType.hpp
-- Installing: /home/saba/workspaces/ramen_robot_ws/install/is-core/xtypes/include/xtypes/CollectionType.hpp
-- Installing: /home/saba/workspaces/ramen_robot_ws/install/is-core/xtypes/include/xtypes/PrimitiveType.hpp
-- Installing: /home/saba/workspaces/ramen_robot_ws/install/is-core/xtypes/include/xtypes/TypeKind.hpp
-- Installing: /home/saba/workspaces/ramen_robot_ws/install/is-core/xtypes/include/xtypes/DynamicData.hpp
-- Installing: /home/saba/workspaces/ramen_robot_ws/install/is-core/xtypes/include/xtypes/SequenceInstance.hpp
-- Installing: /home/saba/workspaces/ramen_robot_ws/install/is-core/xtypes/include/xtypes/MapType.hpp
-- Installing: /home/saba/workspaces/ramen_robot_ws/install/is-core/xtypes/include/xtypes/EnumeratedType.hpp
-- Installing: /home/saba/workspaces/ramen_robot_ws/install/is-core/xtypes/include/xtypes/Instanceable.hpp
-- Installing: /home/saba/workspaces/ramen_robot_ws/install/is-core/xtypes/include/xtypes/PairType.hpp
-- Installing: /home/saba/workspaces/ramen_robot_ws/install/is-core/xtypes/include/xtypes/AggregationType.hpp
-- Installing: /home/saba/workspaces/ramen_robot_ws/install/is-core/xtypes/include/xtypes/DynamicType.hpp
-- Installing: /home/saba/workspaces/ramen_robot_ws/install/is-core/xtypes/include/xtypes/xtypes.hpp
-- Installing: /home/saba/workspaces/ramen_robot_ws/install/is-core/xtypes/include/xtypes/idl
-- Installing: /home/saba/workspaces/ramen_robot_ws/install/is-core/xtypes/include/xtypes/idl/idl.hpp
-- Installing: /home/saba/workspaces/ramen_robot_ws/install/is-core/xtypes/include/xtypes/idl/grammar.hpp
-- Installing: /home/saba/workspaces/ramen_robot_ws/install/is-core/xtypes/include/xtypes/idl/Type.hpp
-- Installing: /home/saba/workspaces/ramen_robot_ws/install/is-core/xtypes/include/xtypes/idl/generator_deptree.hpp
-- Installing: /home/saba/workspaces/ramen_robot_ws/install/is-core/xtypes/include/xtypes/idl/Module.hpp
-- Installing: /home/saba/workspaces/ramen_robot_ws/install/is-core/xtypes/include/xtypes/idl/parser.hpp
-- Installing: /home/saba/workspaces/ramen_robot_ws/install/is-core/xtypes/include/xtypes/idl/generator.hpp
-- Installing: /home/saba/workspaces/ramen_robot_ws/install/is-core/xtypes/include/xtypes/Member.hpp
-- Installing: /home/saba/workspaces/ramen_robot_ws/install/is-core/xtypes/include/xtypes/Assert.hpp
-- Installing: /home/saba/workspaces/ramen_robot_ws/install/is-core/xtypes/include/xtypes/MapInstance.hpp
-- Installing: /home/saba/workspaces/ramen_robot_ws/install/is-core/xtypes/include/xtypes/StructType.hpp
-- Installing: /home/saba/workspaces/ramen_robot_ws/install/is-core/xtypes/include/xtypes/EnumerationType.hpp
-- Installing: /home/saba/workspaces/ramen_robot_ws/install/is-core/xtypes/include/xtypes/StringConversion.hpp
-- Installing: /home/saba/workspaces/ramen_robot_ws/install/is-core/xtypes/include/xtypes/SequenceType.hpp
-- Installing: /home/saba/workspaces/ramen_robot_ws/install/is-core/xtypes/thirdparty/cpp-peglib/include
-- Installing: /home/saba/workspaces/ramen_robot_ws/install/is-core/xtypes/thirdparty/cpp-peglib/include/peglib.h
-- Installing: /home/saba/workspaces/ramen_robot_ws/install/is-core/xtypes/share/xtypes/cmake/xtypes-targets.cmake
-- Installing: /home/saba/workspaces/ramen_robot_ws/install/is-core/xtypes/share/xtypes/cmake/xtypes-config.cmake
-- Installing: /home/saba/workspaces/ramen_robot_ws/install/is-core/xtypes/share/xtypes/cmake/xtypes-config-version.cmake
[ 42%] [34m[1mCompleted 'xtypes-ext'[0m
[ 42%] Built target xtypes-ext
[ 47%] [32mBuilding CXX object CMakeFiles/is-core.dir/src/runtime/FieldToString.cpp.o[0m
[ 52%] [32mBuilding CXX object CMakeFiles/is-core.dir/src/runtime/Search.cpp.o[0m
[ 63%] [32mBuilding CXX object CMakeFiles/is-core.dir/src/runtime/MiddlewareInterfaceExtension.cpp.o[0m
[ 63%] [32mBuilding CXX object CMakeFiles/is-core.dir/src/runtime/StringTemplate.cpp.o[0m
[ 68%] [32mBuilding CXX object CMakeFiles/is-core.dir/src/Instance.cpp.o[0m
[ 78%] [32mBuilding CXX object CMakeFiles/is-core.dir/src/utils/Log.cpp.o[0m
[ 78%] [32mBuilding CXX object CMakeFiles/is-core.dir/src/systemhandle/RegisterSystem.cpp.o[0m
[ 84%] [32mBuilding CXX object CMakeFiles/is-core.dir/src/Config.cpp.o[0m
[ 89%] [32m[1mLinking CXX shared library libis-core.so[0m
[ 89%] Built target is-core
[ 94%] [32mBuilding CXX object CMakeFiles/integration-service.dir/src/integration-service.cpp.o[0m
[100%] [32m[1mLinking CXX executable integration-service[0m
[100%] Built target integration-service
-- Install configuration: ""
-- Installing: /home/saba/workspaces/ramen_robot_ws/install/is-core/lib/libis-core.so.3.1.0
-- Installing: /home/saba/workspaces/ramen_robot_ws/install/is-core/lib/libis-core.so.3.1
-- Installing: /home/saba/workspaces/ramen_robot_ws/install/is-core/lib/libis-core.so
-- Installing: /home/saba/workspaces/ramen_robot_ws/install/is-core/lib/cmake/is-core/is-core-target.cmake
-- Installing: /home/saba/workspaces/ramen_robot_ws/install/is-core/lib/cmake/is-core/is-core-target-noconfig.cmake
-- Up-to-date: /home/saba/workspaces/ramen_robot_ws/install/is-core/include
-- Up-to-date: /home/saba/workspaces/ramen_robot_ws/install/is-core/include/is
-- Installing: /home/saba/workspaces/ramen_robot_ws/install/is-core/include/is/systemhandle
-- Installing: /home/saba/workspaces/ramen_robot_ws/install/is-core/include/is/systemhandle/SystemHandle.hpp
-- Installing: /home/saba/workspaces/ramen_robot_ws/install/is-core/include/is/systemhandle/RegisterSystem.hpp
-- Installing: /home/saba/workspaces/ramen_robot_ws/install/is-core/include/is/systemhandle/SystemHandleFactory.hpp
-- Installing: /home/saba/workspaces/ramen_robot_ws/install/is-core/include/is/utils
-- Installing: /home/saba/workspaces/ramen_robot_ws/install/is-core/include/is/utils/Convert.hpp
-- Installing: /home/saba/workspaces/ramen_robot_ws/install/is-core/include/is/utils/Log.hpp
-- Installing: /home/saba/workspaces/ramen_robot_ws/install/is-core/include/is/config.hpp.in
-- Up-to-date: /home/saba/workspaces/ramen_robot_ws/install/is-core/include/is/core
-- Installing: /home/saba/workspaces/ramen_robot_ws/install/is-core/include/is/core/Config.hpp
-- Installing: /home/saba/workspaces/ramen_robot_ws/install/is-core/include/is/core/Message.hpp
-- Installing: /home/saba/workspaces/ramen_robot_ws/install/is-core/include/is/core/Instance.hpp
-- Installing: /home/saba/workspaces/ramen_robot_ws/install/is-core/include/is/core/runtime
-- Installing: /home/saba/workspaces/ramen_robot_ws/install/is-core/include/is/core/runtime/MiddlewareInterfaceExtension.hpp
-- Installing: /home/saba/workspaces/ramen_robot_ws/install/is-core/include/is/core/runtime/Search.hpp
-- Installing: /home/saba/workspaces/ramen_robot_ws/install/is-core/include/is/core/runtime/FieldToString.hpp
-- Installing: /home/saba/workspaces/ramen_robot_ws/install/is-core/include/is/core/runtime/StringTemplate.hpp
-- Installing: /home/saba/workspaces/ramen_robot_ws/install/is-core/lib/cmake/is-core/is-coreConfig.cmake
-- Installing: /home/saba/workspaces/ramen_robot_ws/install/is-core/bin/integration-service
-- Set runtime path of "/home/saba/workspaces/ramen_robot_ws/install/is-core/bin/integration-service" to ""
-- Installing: /home/saba/workspaces/ramen_robot_ws/install/is-core/bin/xtypes_idl_validator
-- Installing: /home/saba/workspaces/ramen_robot_ws/install/is-core/lib/cmake/is-core/cmake
-- Installing: /home/saba/workspaces/ramen_robot_ws/install/is-core/lib/cmake/is-core/cmake/is_install_middleware_plugin.cmake
-- Installing: /home/saba/workspaces/ramen_robot_ws/install/is-core/lib/cmake/is-core/cmake/is_mix_generator.cmake
-- Installing: /home/saba/workspaces/ramen_robot_ws/install/is-core/lib/cmake/is-core/cmake/is_mix_install_extension.cmake
-- Installing: /home/saba/workspaces/ramen_robot_ws/install/is-core/lib/cmake/is-core/cmake/is_generate_export_header.cmake
-- Installing: /home/saba/workspaces/ramen_robot_ws/install/is-core/lib/cmake/is-core/cmake/common
-- Installing: /home/saba/workspaces/ramen_robot_ws/install/is-core/lib/cmake/is-core/cmake/common/gtest.cmake
-- Installing: /home/saba/workspaces/ramen_robot_ws/install/is-core/lib/cmake/is-core/templates
-- Installing: /home/saba/workspaces/ramen_robot_ws/install/is-core/lib/cmake/is-core/templates/is-idl-middleware-mix-config.cmake.in
-- Installing: /home/saba/workspaces/ramen_robot_ws/install/is-core/lib/cmake/is-core/templates/is-idl-middleware-mix-extension.cmake.in
-- Installing: /home/saba/workspaces/ramen_robot_ws/install/is-core/lib/cmake/is-core/templates/plugin_library.mix.in
-- Installing: /home/saba/workspaces/ramen_robot_ws/install/is-core/lib/cmake/is-core/templates/is-idl-pkg-mix-config.cmake.in
-- Installing: /home/saba/workspaces/ramen_robot_ws/install/is-core/lib/cmake/is-core/templates/middleware-config.cmake.in
