[5.771s] Invoking command in '/home/saba/workspaces/ramen_robot_ws/torchhub/facebookresearch_dinov2_main': PYTHONPATH=/home/saba/workspaces/ramen_robot_ws/build/dinov2/prefix_override:/usr/lib/python3/dist-packages/colcon_core/task/python/colcon_distutils_commands:/home/saba/workspaces/ramen_robot_ws/install/dinov2/lib/python3.10/site-packages:${PYTHONPATH} /usr/bin/python3 -W ignore:setup.py install is deprecated setup.py egg_info --egg-base ../../build/dinov2 build --build-base /home/saba/workspaces/ramen_robot_ws/build/dinov2/build install --record /home/saba/workspaces/ramen_robot_ws/build/dinov2/install.log --single-version-externally-managed
[6.427s] /home/saba/.local/lib/python3.10/site-packages/setuptools/_distutils/dist.py:275: UserWarning: Unknown distribution option: 'install_package_data'
[6.428s]   warnings.warn(msg)
[7.326s] running egg_info
[7.327s] creating ../../build/dinov2/dinov2.egg-info
[7.432s] writing ../../build/dinov2/dinov2.egg-info/PKG-INFO
[7.511s] writing dependency_links to ../../build/dinov2/dinov2.egg-info/dependency_links.txt
[7.877s] writing requirements to ../../build/dinov2/dinov2.egg-info/requires.txt
[7.951s] writing top-level names to ../../build/dinov2/dinov2.egg-info/top_level.txt
[7.952s] writing manifest file '../../build/dinov2/dinov2.egg-info/SOURCES.txt'
[8.090s] reading manifest file '../../build/dinov2/dinov2.egg-info/SOURCES.txt'
[8.090s] adding license file 'LICENSE'
[8.091s] writing manifest file '../../build/dinov2/dinov2.egg-info/SOURCES.txt'
[8.091s] running build
[8.092s] running build_py
[8.092s] creating /home/saba/workspaces/ramen_robot_ws/build/dinov2/build
[8.092s] creating /home/saba/workspaces/ramen_robot_ws/build/dinov2/build/lib
[8.092s] creating /home/saba/workspaces/ramen_robot_ws/build/dinov2/build/lib/dinov2
[8.093s] copying dinov2/__init__.py -> /home/saba/workspaces/ramen_robot_ws/build/dinov2/build/lib/dinov2
[8.093s] creating /home/saba/workspaces/ramen_robot_ws/build/dinov2/build/lib/dinov2/run
[8.093s] copying dinov2/run/__init__.py -> /home/saba/workspaces/ramen_robot_ws/build/dinov2/build/lib/dinov2/run
[8.093s] copying dinov2/run/submit.py -> /home/saba/workspaces/ramen_robot_ws/build/dinov2/build/lib/dinov2/run
[8.093s] creating /home/saba/workspaces/ramen_robot_ws/build/dinov2/build/lib/dinov2/utils
[8.094s] copying dinov2/utils/param_groups.py -> /home/saba/workspaces/ramen_robot_ws/build/dinov2/build/lib/dinov2/utils
[8.094s] copying dinov2/utils/__init__.py -> /home/saba/workspaces/ramen_robot_ws/build/dinov2/build/lib/dinov2/utils
[8.094s] copying dinov2/utils/dtype.py -> /home/saba/workspaces/ramen_robot_ws/build/dinov2/build/lib/dinov2/utils
[8.094s] copying dinov2/utils/utils.py -> /home/saba/workspaces/ramen_robot_ws/build/dinov2/build/lib/dinov2/utils
[8.095s] copying dinov2/utils/cluster.py -> /home/saba/workspaces/ramen_robot_ws/build/dinov2/build/lib/dinov2/utils
[8.095s] copying dinov2/utils/config.py -> /home/saba/workspaces/ramen_robot_ws/build/dinov2/build/lib/dinov2/utils
[8.095s] creating /home/saba/workspaces/ramen_robot_ws/build/dinov2/build/lib/dinov2/train
[8.095s] copying dinov2/train/train.py -> /home/saba/workspaces/ramen_robot_ws/build/dinov2/build/lib/dinov2/train
[8.096s] copying dinov2/train/__init__.py -> /home/saba/workspaces/ramen_robot_ws/build/dinov2/build/lib/dinov2/train
[8.096s] copying dinov2/train/ssl_meta_arch.py -> /home/saba/workspaces/ramen_robot_ws/build/dinov2/build/lib/dinov2/train
[8.096s] creating /home/saba/workspaces/ramen_robot_ws/build/dinov2/build/lib/dinov2/fsdp
[8.096s] copying dinov2/fsdp/__init__.py -> /home/saba/workspaces/ramen_robot_ws/build/dinov2/build/lib/dinov2/fsdp
[8.096s] creating /home/saba/workspaces/ramen_robot_ws/build/dinov2/build/lib/dinov2/distributed
[8.097s] copying dinov2/distributed/__init__.py -> /home/saba/workspaces/ramen_robot_ws/build/dinov2/build/lib/dinov2/distributed
[8.097s] creating /home/saba/workspaces/ramen_robot_ws/build/dinov2/build/lib/dinov2/models
[8.097s] copying dinov2/models/__init__.py -> /home/saba/workspaces/ramen_robot_ws/build/dinov2/build/lib/dinov2/models
[8.097s] copying dinov2/models/vision_transformer.py -> /home/saba/workspaces/ramen_robot_ws/build/dinov2/build/lib/dinov2/models
[8.098s] creating /home/saba/workspaces/ramen_robot_ws/build/dinov2/build/lib/dinov2/configs
[8.098s] copying dinov2/configs/__init__.py -> /home/saba/workspaces/ramen_robot_ws/build/dinov2/build/lib/dinov2/configs
[8.098s] creating /home/saba/workspaces/ramen_robot_ws/build/dinov2/build/lib/dinov2/layers
[8.098s] copying dinov2/layers/layer_scale.py -> /home/saba/workspaces/ramen_robot_ws/build/dinov2/build/lib/dinov2/layers
[8.099s] copying dinov2/layers/__init__.py -> /home/saba/workspaces/ramen_robot_ws/build/dinov2/build/lib/dinov2/layers
[8.099s] copying dinov2/layers/block.py -> /home/saba/workspaces/ramen_robot_ws/build/dinov2/build/lib/dinov2/layers
[8.099s] copying dinov2/layers/swiglu_ffn.py -> /home/saba/workspaces/ramen_robot_ws/build/dinov2/build/lib/dinov2/layers
[8.099s] copying dinov2/layers/attention.py -> /home/saba/workspaces/ramen_robot_ws/build/dinov2/build/lib/dinov2/layers
[8.100s] copying dinov2/layers/drop_path.py -> /home/saba/workspaces/ramen_robot_ws/build/dinov2/build/lib/dinov2/layers
[8.100s] copying dinov2/layers/dino_head.py -> /home/saba/workspaces/ramen_robot_ws/build/dinov2/build/lib/dinov2/layers
[8.100s] copying dinov2/layers/patch_embed.py -> /home/saba/workspaces/ramen_robot_ws/build/dinov2/build/lib/dinov2/layers
[8.100s] copying dinov2/layers/mlp.py -> /home/saba/workspaces/ramen_robot_ws/build/dinov2/build/lib/dinov2/layers
[8.100s] creating /home/saba/workspaces/ramen_robot_ws/build/dinov2/build/lib/dinov2/loss
[8.101s] copying dinov2/loss/ibot_patch_loss.py -> /home/saba/workspaces/ramen_robot_ws/build/dinov2/build/lib/dinov2/loss
[8.101s] copying dinov2/loss/__init__.py -> /home/saba/workspaces/ramen_robot_ws/build/dinov2/build/lib/dinov2/loss
[8.101s] copying dinov2/loss/dino_clstoken_loss.py -> /home/saba/workspaces/ramen_robot_ws/build/dinov2/build/lib/dinov2/loss
[8.101s] copying dinov2/loss/koleo_loss.py -> /home/saba/workspaces/ramen_robot_ws/build/dinov2/build/lib/dinov2/loss
[8.102s] creating /home/saba/workspaces/ramen_robot_ws/build/dinov2/build/lib/dinov2/logging
[8.102s] copying dinov2/logging/helpers.py -> /home/saba/workspaces/ramen_robot_ws/build/dinov2/build/lib/dinov2/logging
[8.102s] copying dinov2/logging/__init__.py -> /home/saba/workspaces/ramen_robot_ws/build/dinov2/build/lib/dinov2/logging
[8.102s] creating /home/saba/workspaces/ramen_robot_ws/build/dinov2/build/lib/dinov2/eval
[8.103s] copying dinov2/eval/linear.py -> /home/saba/workspaces/ramen_robot_ws/build/dinov2/build/lib/dinov2/eval
[8.103s] copying dinov2/eval/__init__.py -> /home/saba/workspaces/ramen_robot_ws/build/dinov2/build/lib/dinov2/eval
[8.103s] copying dinov2/eval/utils.py -> /home/saba/workspaces/ramen_robot_ws/build/dinov2/build/lib/dinov2/eval
[8.103s] copying dinov2/eval/metrics.py -> /home/saba/workspaces/ramen_robot_ws/build/dinov2/build/lib/dinov2/eval
[8.104s] copying dinov2/eval/knn.py -> /home/saba/workspaces/ramen_robot_ws/build/dinov2/build/lib/dinov2/eval
[8.104s] copying dinov2/eval/log_regression.py -> /home/saba/workspaces/ramen_robot_ws/build/dinov2/build/lib/dinov2/eval
[8.104s] copying dinov2/eval/setup.py -> /home/saba/workspaces/ramen_robot_ws/build/dinov2/build/lib/dinov2/eval
[8.104s] creating /home/saba/workspaces/ramen_robot_ws/build/dinov2/build/lib/dinov2/data
[8.104s] copying dinov2/data/__init__.py -> /home/saba/workspaces/ramen_robot_ws/build/dinov2/build/lib/dinov2/data
[8.104s] copying dinov2/data/masking.py -> /home/saba/workspaces/ramen_robot_ws/build/dinov2/build/lib/dinov2/data
[8.105s] copying dinov2/data/augmentations.py -> /home/saba/workspaces/ramen_robot_ws/build/dinov2/build/lib/dinov2/data
[8.105s] copying dinov2/data/transforms.py -> /home/saba/workspaces/ramen_robot_ws/build/dinov2/build/lib/dinov2/data
[8.105s] copying dinov2/data/adapters.py -> /home/saba/workspaces/ramen_robot_ws/build/dinov2/build/lib/dinov2/data
[8.105s] copying dinov2/data/loaders.py -> /home/saba/workspaces/ramen_robot_ws/build/dinov2/build/lib/dinov2/data
[8.105s] copying dinov2/data/collate.py -> /home/saba/workspaces/ramen_robot_ws/build/dinov2/build/lib/dinov2/data
[8.106s] copying dinov2/data/samplers.py -> /home/saba/workspaces/ramen_robot_ws/build/dinov2/build/lib/dinov2/data
[8.106s] creating /home/saba/workspaces/ramen_robot_ws/build/dinov2/build/lib/dinov2/data/datasets
[8.106s] copying dinov2/data/datasets/image_net.py -> /home/saba/workspaces/ramen_robot_ws/build/dinov2/build/lib/dinov2/data/datasets
[8.106s] copying dinov2/data/datasets/image_net_22k.py -> /home/saba/workspaces/ramen_robot_ws/build/dinov2/build/lib/dinov2/data/datasets
[8.106s] copying dinov2/data/datasets/__init__.py -> /home/saba/workspaces/ramen_robot_ws/build/dinov2/build/lib/dinov2/data/datasets
[8.106s] copying dinov2/data/datasets/extended.py -> /home/saba/workspaces/ramen_robot_ws/build/dinov2/build/lib/dinov2/data/datasets
[8.107s] copying dinov2/data/datasets/decoders.py -> /home/saba/workspaces/ramen_robot_ws/build/dinov2/build/lib/dinov2/data/datasets
[8.107s] copying dinov2/configs/ssl_default_config.yaml -> /home/saba/workspaces/ramen_robot_ws/build/dinov2/build/lib/dinov2/configs
[8.107s] running install
[8.113s] running install_lib
[8.230s] creating /home/saba/workspaces/ramen_robot_ws/install/dinov2/lib/python3.10/site-packages/dinov2
[8.230s] creating /home/saba/workspaces/ramen_robot_ws/install/dinov2/lib/python3.10/site-packages/dinov2/run
[8.231s] copying /home/saba/workspaces/ramen_robot_ws/build/dinov2/build/lib/dinov2/run/__init__.py -> /home/saba/workspaces/ramen_robot_ws/install/dinov2/lib/python3.10/site-packages/dinov2/run
[8.231s] copying /home/saba/workspaces/ramen_robot_ws/build/dinov2/build/lib/dinov2/run/submit.py -> /home/saba/workspaces/ramen_robot_ws/install/dinov2/lib/python3.10/site-packages/dinov2/run
[8.231s] copying /home/saba/workspaces/ramen_robot_ws/build/dinov2/build/lib/dinov2/__init__.py -> /home/saba/workspaces/ramen_robot_ws/install/dinov2/lib/python3.10/site-packages/dinov2
[8.232s] creating /home/saba/workspaces/ramen_robot_ws/install/dinov2/lib/python3.10/site-packages/dinov2/utils
[8.232s] copying /home/saba/workspaces/ramen_robot_ws/build/dinov2/build/lib/dinov2/utils/param_groups.py -> /home/saba/workspaces/ramen_robot_ws/install/dinov2/lib/python3.10/site-packages/dinov2/utils
[8.232s] copying /home/saba/workspaces/ramen_robot_ws/build/dinov2/build/lib/dinov2/utils/__init__.py -> /home/saba/workspaces/ramen_robot_ws/install/dinov2/lib/python3.10/site-packages/dinov2/utils
[8.232s] copying /home/saba/workspaces/ramen_robot_ws/build/dinov2/build/lib/dinov2/utils/dtype.py -> /home/saba/workspaces/ramen_robot_ws/install/dinov2/lib/python3.10/site-packages/dinov2/utils
[8.232s] copying /home/saba/workspaces/ramen_robot_ws/build/dinov2/build/lib/dinov2/utils/utils.py -> /home/saba/workspaces/ramen_robot_ws/install/dinov2/lib/python3.10/site-packages/dinov2/utils
[8.233s] copying /home/saba/workspaces/ramen_robot_ws/build/dinov2/build/lib/dinov2/utils/cluster.py -> /home/saba/workspaces/ramen_robot_ws/install/dinov2/lib/python3.10/site-packages/dinov2/utils
[8.233s] copying /home/saba/workspaces/ramen_robot_ws/build/dinov2/build/lib/dinov2/utils/config.py -> /home/saba/workspaces/ramen_robot_ws/install/dinov2/lib/python3.10/site-packages/dinov2/utils
[8.233s] creating /home/saba/workspaces/ramen_robot_ws/install/dinov2/lib/python3.10/site-packages/dinov2/train
[8.233s] copying /home/saba/workspaces/ramen_robot_ws/build/dinov2/build/lib/dinov2/train/train.py -> /home/saba/workspaces/ramen_robot_ws/install/dinov2/lib/python3.10/site-packages/dinov2/train
[8.234s] copying /home/saba/workspaces/ramen_robot_ws/build/dinov2/build/lib/dinov2/train/__init__.py -> /home/saba/workspaces/ramen_robot_ws/install/dinov2/lib/python3.10/site-packages/dinov2/train
[8.234s] copying /home/saba/workspaces/ramen_robot_ws/build/dinov2/build/lib/dinov2/train/ssl_meta_arch.py -> /home/saba/workspaces/ramen_robot_ws/install/dinov2/lib/python3.10/site-packages/dinov2/train
[8.234s] creating /home/saba/workspaces/ramen_robot_ws/install/dinov2/lib/python3.10/site-packages/dinov2/fsdp
[8.235s] copying /home/saba/workspaces/ramen_robot_ws/build/dinov2/build/lib/dinov2/fsdp/__init__.py -> /home/saba/workspaces/ramen_robot_ws/install/dinov2/lib/python3.10/site-packages/dinov2/fsdp
[8.235s] creating /home/saba/workspaces/ramen_robot_ws/install/dinov2/lib/python3.10/site-packages/dinov2/distributed
[8.235s] copying /home/saba/workspaces/ramen_robot_ws/build/dinov2/build/lib/dinov2/distributed/__init__.py -> /home/saba/workspaces/ramen_robot_ws/install/dinov2/lib/python3.10/site-packages/dinov2/distributed
[8.235s] creating /home/saba/workspaces/ramen_robot_ws/install/dinov2/lib/python3.10/site-packages/dinov2/models
[8.236s] copying /home/saba/workspaces/ramen_robot_ws/build/dinov2/build/lib/dinov2/models/__init__.py -> /home/saba/workspaces/ramen_robot_ws/install/dinov2/lib/python3.10/site-packages/dinov2/models
[8.236s] copying /home/saba/workspaces/ramen_robot_ws/build/dinov2/build/lib/dinov2/models/vision_transformer.py -> /home/saba/workspaces/ramen_robot_ws/install/dinov2/lib/python3.10/site-packages/dinov2/models
[8.236s] creating /home/saba/workspaces/ramen_robot_ws/install/dinov2/lib/python3.10/site-packages/dinov2/configs
[8.236s] copying /home/saba/workspaces/ramen_robot_ws/build/dinov2/build/lib/dinov2/configs/__init__.py -> /home/saba/workspaces/ramen_robot_ws/install/dinov2/lib/python3.10/site-packages/dinov2/configs
[8.237s] copying /home/saba/workspaces/ramen_robot_ws/build/dinov2/build/lib/dinov2/configs/ssl_default_config.yaml -> /home/saba/workspaces/ramen_robot_ws/install/dinov2/lib/python3.10/site-packages/dinov2/configs
[8.237s] creating /home/saba/workspaces/ramen_robot_ws/install/dinov2/lib/python3.10/site-packages/dinov2/layers
[8.237s] copying /home/saba/workspaces/ramen_robot_ws/build/dinov2/build/lib/dinov2/layers/layer_scale.py -> /home/saba/workspaces/ramen_robot_ws/install/dinov2/lib/python3.10/site-packages/dinov2/layers
[8.237s] copying /home/saba/workspaces/ramen_robot_ws/build/dinov2/build/lib/dinov2/layers/__init__.py -> /home/saba/workspaces/ramen_robot_ws/install/dinov2/lib/python3.10/site-packages/dinov2/layers
[8.238s] copying /home/saba/workspaces/ramen_robot_ws/build/dinov2/build/lib/dinov2/layers/block.py -> /home/saba/workspaces/ramen_robot_ws/install/dinov2/lib/python3.10/site-packages/dinov2/layers
[8.238s] copying /home/saba/workspaces/ramen_robot_ws/build/dinov2/build/lib/dinov2/layers/swiglu_ffn.py -> /home/saba/workspaces/ramen_robot_ws/install/dinov2/lib/python3.10/site-packages/dinov2/layers
[8.238s] copying /home/saba/workspaces/ramen_robot_ws/build/dinov2/build/lib/dinov2/layers/attention.py -> /home/saba/workspaces/ramen_robot_ws/install/dinov2/lib/python3.10/site-packages/dinov2/layers
[8.238s] copying /home/saba/workspaces/ramen_robot_ws/build/dinov2/build/lib/dinov2/layers/drop_path.py -> /home/saba/workspaces/ramen_robot_ws/install/dinov2/lib/python3.10/site-packages/dinov2/layers
[8.239s] copying /home/saba/workspaces/ramen_robot_ws/build/dinov2/build/lib/dinov2/layers/dino_head.py -> /home/saba/workspaces/ramen_robot_ws/install/dinov2/lib/python3.10/site-packages/dinov2/layers
[8.239s] copying /home/saba/workspaces/ramen_robot_ws/build/dinov2/build/lib/dinov2/layers/patch_embed.py -> /home/saba/workspaces/ramen_robot_ws/install/dinov2/lib/python3.10/site-packages/dinov2/layers
[8.239s] copying /home/saba/workspaces/ramen_robot_ws/build/dinov2/build/lib/dinov2/layers/mlp.py -> /home/saba/workspaces/ramen_robot_ws/install/dinov2/lib/python3.10/site-packages/dinov2/layers
[8.239s] creating /home/saba/workspaces/ramen_robot_ws/install/dinov2/lib/python3.10/site-packages/dinov2/loss
[8.239s] copying /home/saba/workspaces/ramen_robot_ws/build/dinov2/build/lib/dinov2/loss/ibot_patch_loss.py -> /home/saba/workspaces/ramen_robot_ws/install/dinov2/lib/python3.10/site-packages/dinov2/loss
[8.240s] copying /home/saba/workspaces/ramen_robot_ws/build/dinov2/build/lib/dinov2/loss/__init__.py -> /home/saba/workspaces/ramen_robot_ws/install/dinov2/lib/python3.10/site-packages/dinov2/loss
[8.240s] copying /home/saba/workspaces/ramen_robot_ws/build/dinov2/build/lib/dinov2/loss/dino_clstoken_loss.py -> /home/saba/workspaces/ramen_robot_ws/install/dinov2/lib/python3.10/site-packages/dinov2/loss
[8.240s] copying /home/saba/workspaces/ramen_robot_ws/build/dinov2/build/lib/dinov2/loss/koleo_loss.py -> /home/saba/workspaces/ramen_robot_ws/install/dinov2/lib/python3.10/site-packages/dinov2/loss
[8.240s] creating /home/saba/workspaces/ramen_robot_ws/install/dinov2/lib/python3.10/site-packages/dinov2/logging
[8.240s] copying /home/saba/workspaces/ramen_robot_ws/build/dinov2/build/lib/dinov2/logging/helpers.py -> /home/saba/workspaces/ramen_robot_ws/install/dinov2/lib/python3.10/site-packages/dinov2/logging
[8.241s] copying /home/saba/workspaces/ramen_robot_ws/build/dinov2/build/lib/dinov2/logging/__init__.py -> /home/saba/workspaces/ramen_robot_ws/install/dinov2/lib/python3.10/site-packages/dinov2/logging
[8.241s] creating /home/saba/workspaces/ramen_robot_ws/install/dinov2/lib/python3.10/site-packages/dinov2/eval
[8.241s] copying /home/saba/workspaces/ramen_robot_ws/build/dinov2/build/lib/dinov2/eval/linear.py -> /home/saba/workspaces/ramen_robot_ws/install/dinov2/lib/python3.10/site-packages/dinov2/eval
[8.241s] copying /home/saba/workspaces/ramen_robot_ws/build/dinov2/build/lib/dinov2/eval/__init__.py -> /home/saba/workspaces/ramen_robot_ws/install/dinov2/lib/python3.10/site-packages/dinov2/eval
[8.241s] copying /home/saba/workspaces/ramen_robot_ws/build/dinov2/build/lib/dinov2/eval/utils.py -> /home/saba/workspaces/ramen_robot_ws/install/dinov2/lib/python3.10/site-packages/dinov2/eval
[8.241s] copying /home/saba/workspaces/ramen_robot_ws/build/dinov2/build/lib/dinov2/eval/metrics.py -> /home/saba/workspaces/ramen_robot_ws/install/dinov2/lib/python3.10/site-packages/dinov2/eval
[8.242s] copying /home/saba/workspaces/ramen_robot_ws/build/dinov2/build/lib/dinov2/eval/knn.py -> /home/saba/workspaces/ramen_robot_ws/install/dinov2/lib/python3.10/site-packages/dinov2/eval
[8.242s] copying /home/saba/workspaces/ramen_robot_ws/build/dinov2/build/lib/dinov2/eval/log_regression.py -> /home/saba/workspaces/ramen_robot_ws/install/dinov2/lib/python3.10/site-packages/dinov2/eval
[8.242s] copying /home/saba/workspaces/ramen_robot_ws/build/dinov2/build/lib/dinov2/eval/setup.py -> /home/saba/workspaces/ramen_robot_ws/install/dinov2/lib/python3.10/site-packages/dinov2/eval
[8.242s] creating /home/saba/workspaces/ramen_robot_ws/install/dinov2/lib/python3.10/site-packages/dinov2/data
[8.242s] copying /home/saba/workspaces/ramen_robot_ws/build/dinov2/build/lib/dinov2/data/__init__.py -> /home/saba/workspaces/ramen_robot_ws/install/dinov2/lib/python3.10/site-packages/dinov2/data
[8.243s] copying /home/saba/workspaces/ramen_robot_ws/build/dinov2/build/lib/dinov2/data/masking.py -> /home/saba/workspaces/ramen_robot_ws/install/dinov2/lib/python3.10/site-packages/dinov2/data
[8.243s] copying /home/saba/workspaces/ramen_robot_ws/build/dinov2/build/lib/dinov2/data/augmentations.py -> /home/saba/workspaces/ramen_robot_ws/install/dinov2/lib/python3.10/site-packages/dinov2/data
[8.243s] creating /home/saba/workspaces/ramen_robot_ws/install/dinov2/lib/python3.10/site-packages/dinov2/data/datasets
[8.243s] copying /home/saba/workspaces/ramen_robot_ws/build/dinov2/build/lib/dinov2/data/datasets/image_net.py -> /home/saba/workspaces/ramen_robot_ws/install/dinov2/lib/python3.10/site-packages/dinov2/data/datasets
[8.244s] copying /home/saba/workspaces/ramen_robot_ws/build/dinov2/build/lib/dinov2/data/datasets/image_net_22k.py -> /home/saba/workspaces/ramen_robot_ws/install/dinov2/lib/python3.10/site-packages/dinov2/data/datasets
[8.244s] copying /home/saba/workspaces/ramen_robot_ws/build/dinov2/build/lib/dinov2/data/datasets/__init__.py -> /home/saba/workspaces/ramen_robot_ws/install/dinov2/lib/python3.10/site-packages/dinov2/data/datasets
[8.244s] copying /home/saba/workspaces/ramen_robot_ws/build/dinov2/build/lib/dinov2/data/datasets/extended.py -> /home/saba/workspaces/ramen_robot_ws/install/dinov2/lib/python3.10/site-packages/dinov2/data/datasets
[8.244s] copying /home/saba/workspaces/ramen_robot_ws/build/dinov2/build/lib/dinov2/data/datasets/decoders.py -> /home/saba/workspaces/ramen_robot_ws/install/dinov2/lib/python3.10/site-packages/dinov2/data/datasets
[8.245s] copying /home/saba/workspaces/ramen_robot_ws/build/dinov2/build/lib/dinov2/data/transforms.py -> /home/saba/workspaces/ramen_robot_ws/install/dinov2/lib/python3.10/site-packages/dinov2/data
[8.245s] copying /home/saba/workspaces/ramen_robot_ws/build/dinov2/build/lib/dinov2/data/adapters.py -> /home/saba/workspaces/ramen_robot_ws/install/dinov2/lib/python3.10/site-packages/dinov2/data
[8.245s] copying /home/saba/workspaces/ramen_robot_ws/build/dinov2/build/lib/dinov2/data/loaders.py -> /home/saba/workspaces/ramen_robot_ws/install/dinov2/lib/python3.10/site-packages/dinov2/data
[8.245s] copying /home/saba/workspaces/ramen_robot_ws/build/dinov2/build/lib/dinov2/data/collate.py -> /home/saba/workspaces/ramen_robot_ws/install/dinov2/lib/python3.10/site-packages/dinov2/data
[8.245s] copying /home/saba/workspaces/ramen_robot_ws/build/dinov2/build/lib/dinov2/data/samplers.py -> /home/saba/workspaces/ramen_robot_ws/install/dinov2/lib/python3.10/site-packages/dinov2/data
[8.246s] byte-compiling /home/saba/workspaces/ramen_robot_ws/install/dinov2/lib/python3.10/site-packages/dinov2/run/__init__.py to __init__.cpython-310.pyc
[8.246s] byte-compiling /home/saba/workspaces/ramen_robot_ws/install/dinov2/lib/python3.10/site-packages/dinov2/run/submit.py to submit.cpython-310.pyc
[8.246s] byte-compiling /home/saba/workspaces/ramen_robot_ws/install/dinov2/lib/python3.10/site-packages/dinov2/__init__.py to __init__.cpython-310.pyc
[8.246s] byte-compiling /home/saba/workspaces/ramen_robot_ws/install/dinov2/lib/python3.10/site-packages/dinov2/utils/param_groups.py to param_groups.cpython-310.pyc
[8.246s] byte-compiling /home/saba/workspaces/ramen_robot_ws/install/dinov2/lib/python3.10/site-packages/dinov2/utils/__init__.py to __init__.cpython-310.pyc
[8.246s] byte-compiling /home/saba/workspaces/ramen_robot_ws/install/dinov2/lib/python3.10/site-packages/dinov2/utils/dtype.py to dtype.cpython-310.pyc
[8.247s] byte-compiling /home/saba/workspaces/ramen_robot_ws/install/dinov2/lib/python3.10/site-packages/dinov2/utils/utils.py to utils.cpython-310.pyc
[8.247s] byte-compiling /home/saba/workspaces/ramen_robot_ws/install/dinov2/lib/python3.10/site-packages/dinov2/utils/cluster.py to cluster.cpython-310.pyc
[8.247s] byte-compiling /home/saba/workspaces/ramen_robot_ws/install/dinov2/lib/python3.10/site-packages/dinov2/utils/config.py to config.cpython-310.pyc
[8.248s] byte-compiling /home/saba/workspaces/ramen_robot_ws/install/dinov2/lib/python3.10/site-packages/dinov2/train/train.py to train.cpython-310.pyc
[8.250s] byte-compiling /home/saba/workspaces/ramen_robot_ws/install/dinov2/lib/python3.10/site-packages/dinov2/train/__init__.py to __init__.cpython-310.pyc
[8.250s] byte-compiling /home/saba/workspaces/ramen_robot_ws/install/dinov2/lib/python3.10/site-packages/dinov2/train/ssl_meta_arch.py to ssl_meta_arch.cpython-310.pyc
[8.253s] byte-compiling /home/saba/workspaces/ramen_robot_ws/install/dinov2/lib/python3.10/site-packages/dinov2/fsdp/__init__.py to __init__.cpython-310.pyc
[8.255s] byte-compiling /home/saba/workspaces/ramen_robot_ws/install/dinov2/lib/python3.10/site-packages/dinov2/distributed/__init__.py to __init__.cpython-310.pyc
[8.257s] byte-compiling /home/saba/workspaces/ramen_robot_ws/install/dinov2/lib/python3.10/site-packages/dinov2/models/__init__.py to __init__.cpython-310.pyc
[8.257s] byte-compiling /home/saba/workspaces/ramen_robot_ws/install/dinov2/lib/python3.10/site-packages/dinov2/models/vision_transformer.py to vision_transformer.cpython-310.pyc
[8.261s] byte-compiling /home/saba/workspaces/ramen_robot_ws/install/dinov2/lib/python3.10/site-packages/dinov2/configs/__init__.py to __init__.cpython-310.pyc
[8.262s] byte-compiling /home/saba/workspaces/ramen_robot_ws/install/dinov2/lib/python3.10/site-packages/dinov2/layers/layer_scale.py to layer_scale.cpython-310.pyc
[8.262s] byte-compiling /home/saba/workspaces/ramen_robot_ws/install/dinov2/lib/python3.10/site-packages/dinov2/layers/__init__.py to __init__.cpython-310.pyc
[8.262s] byte-compiling /home/saba/workspaces/ramen_robot_ws/install/dinov2/lib/python3.10/site-packages/dinov2/layers/block.py to block.cpython-310.pyc
[8.265s] byte-compiling /home/saba/workspaces/ramen_robot_ws/install/dinov2/lib/python3.10/site-packages/dinov2/layers/swiglu_ffn.py to swiglu_ffn.cpython-310.pyc
[8.265s] byte-compiling /home/saba/workspaces/ramen_robot_ws/install/dinov2/lib/python3.10/site-packages/dinov2/layers/attention.py to attention.cpython-310.pyc
[8.266s] byte-compiling /home/saba/workspaces/ramen_robot_ws/install/dinov2/lib/python3.10/site-packages/dinov2/layers/drop_path.py to drop_path.cpython-310.pyc
[8.267s] byte-compiling /home/saba/workspaces/ramen_robot_ws/install/dinov2/lib/python3.10/site-packages/dinov2/layers/dino_head.py to dino_head.cpython-310.pyc
[8.268s] byte-compiling /home/saba/workspaces/ramen_robot_ws/install/dinov2/lib/python3.10/site-packages/dinov2/layers/patch_embed.py to patch_embed.cpython-310.pyc
[8.269s] byte-compiling /home/saba/workspaces/ramen_robot_ws/install/dinov2/lib/python3.10/site-packages/dinov2/layers/mlp.py to mlp.cpython-310.pyc
[8.269s] byte-compiling /home/saba/workspaces/ramen_robot_ws/install/dinov2/lib/python3.10/site-packages/dinov2/loss/ibot_patch_loss.py to ibot_patch_loss.cpython-310.pyc
[8.270s] byte-compiling /home/saba/workspaces/ramen_robot_ws/install/dinov2/lib/python3.10/site-packages/dinov2/loss/__init__.py to __init__.cpython-310.pyc
[8.271s] byte-compiling /home/saba/workspaces/ramen_robot_ws/install/dinov2/lib/python3.10/site-packages/dinov2/loss/dino_clstoken_loss.py to dino_clstoken_loss.cpython-310.pyc
[8.272s] byte-compiling /home/saba/workspaces/ramen_robot_ws/install/dinov2/lib/python3.10/site-packages/dinov2/loss/koleo_loss.py to koleo_loss.cpython-310.pyc
[8.272s] byte-compiling /home/saba/workspaces/ramen_robot_ws/install/dinov2/lib/python3.10/site-packages/dinov2/logging/helpers.py to helpers.cpython-310.pyc
[8.274s] byte-compiling /home/saba/workspaces/ramen_robot_ws/install/dinov2/lib/python3.10/site-packages/dinov2/logging/__init__.py to __init__.cpython-310.pyc
[8.275s] byte-compiling /home/saba/workspaces/ramen_robot_ws/install/dinov2/lib/python3.10/site-packages/dinov2/eval/linear.py to linear.cpython-310.pyc
[8.279s] byte-compiling /home/saba/workspaces/ramen_robot_ws/install/dinov2/lib/python3.10/site-packages/dinov2/eval/__init__.py to __init__.cpython-310.pyc
[8.279s] byte-compiling /home/saba/workspaces/ramen_robot_ws/install/dinov2/lib/python3.10/site-packages/dinov2/eval/utils.py to utils.cpython-310.pyc
[8.280s] byte-compiling /home/saba/workspaces/ramen_robot_ws/install/dinov2/lib/python3.10/site-packages/dinov2/eval/metrics.py to metrics.cpython-310.pyc
[8.282s] byte-compiling /home/saba/workspaces/ramen_robot_ws/install/dinov2/lib/python3.10/site-packages/dinov2/eval/knn.py to knn.cpython-310.pyc
[8.285s] byte-compiling /home/saba/workspaces/ramen_robot_ws/install/dinov2/lib/python3.10/site-packages/dinov2/eval/log_regression.py to log_regression.cpython-310.pyc
[8.287s] byte-compiling /home/saba/workspaces/ramen_robot_ws/install/dinov2/lib/python3.10/site-packages/dinov2/eval/setup.py to setup.cpython-310.pyc
[8.288s] byte-compiling /home/saba/workspaces/ramen_robot_ws/install/dinov2/lib/python3.10/site-packages/dinov2/data/__init__.py to __init__.cpython-310.pyc
[8.288s] byte-compiling /home/saba/workspaces/ramen_robot_ws/install/dinov2/lib/python3.10/site-packages/dinov2/data/masking.py to masking.cpython-310.pyc
[8.289s] byte-compiling /home/saba/workspaces/ramen_robot_ws/install/dinov2/lib/python3.10/site-packages/dinov2/data/augmentations.py to augmentations.cpython-310.pyc
[8.290s] byte-compiling /home/saba/workspaces/ramen_robot_ws/install/dinov2/lib/python3.10/site-packages/dinov2/data/datasets/image_net.py to image_net.cpython-310.pyc
[8.293s] byte-compiling /home/saba/workspaces/ramen_robot_ws/install/dinov2/lib/python3.10/site-packages/dinov2/data/datasets/image_net_22k.py to image_net_22k.cpython-310.pyc
[8.295s] byte-compiling /home/saba/workspaces/ramen_robot_ws/install/dinov2/lib/python3.10/site-packages/dinov2/data/datasets/__init__.py to __init__.cpython-310.pyc
[8.295s] byte-compiling /home/saba/workspaces/ramen_robot_ws/install/dinov2/lib/python3.10/site-packages/dinov2/data/datasets/extended.py to extended.cpython-310.pyc
[8.296s] byte-compiling /home/saba/workspaces/ramen_robot_ws/install/dinov2/lib/python3.10/site-packages/dinov2/data/datasets/decoders.py to decoders.cpython-310.pyc
[8.296s] byte-compiling /home/saba/workspaces/ramen_robot_ws/install/dinov2/lib/python3.10/site-packages/dinov2/data/transforms.py to transforms.cpython-310.pyc
[8.297s] byte-compiling /home/saba/workspaces/ramen_robot_ws/install/dinov2/lib/python3.10/site-packages/dinov2/data/adapters.py to adapters.cpython-310.pyc
[8.298s] byte-compiling /home/saba/workspaces/ramen_robot_ws/install/dinov2/lib/python3.10/site-packages/dinov2/data/loaders.py to loaders.cpython-310.pyc
[8.299s] byte-compiling /home/saba/workspaces/ramen_robot_ws/install/dinov2/lib/python3.10/site-packages/dinov2/data/collate.py to collate.cpython-310.pyc
[8.300s] byte-compiling /home/saba/workspaces/ramen_robot_ws/install/dinov2/lib/python3.10/site-packages/dinov2/data/samplers.py to samplers.cpython-310.pyc
[8.302s] running install_egg_info
[8.407s] Copying ../../build/dinov2/dinov2.egg-info to /home/saba/workspaces/ramen_robot_ws/install/dinov2/lib/python3.10/site-packages/dinov2-0.0.1-py3.10.egg-info
[8.408s] running install_scripts
[8.607s] writing list of installed files to '/home/saba/workspaces/ramen_robot_ws/build/dinov2/install.log'
[8.656s] Invoked command in '/home/saba/workspaces/ramen_robot_ws/torchhub/facebookresearch_dinov2_main' returned '0': PYTHONPATH=/home/saba/workspaces/ramen_robot_ws/build/dinov2/prefix_override:/usr/lib/python3/dist-packages/colcon_core/task/python/colcon_distutils_commands:/home/saba/workspaces/ramen_robot_ws/install/dinov2/lib/python3.10/site-packages:${PYTHONPATH} /usr/bin/python3 -W ignore:setup.py install is deprecated setup.py egg_info --egg-base ../../build/dinov2 build --build-base /home/saba/workspaces/ramen_robot_ws/build/dinov2/build install --record /home/saba/workspaces/ramen_robot_ws/build/dinov2/install.log --single-version-externally-managed
