[8.883s] Invoking command in '/home/saba/workspaces/ramen_robot_ws/src/agv': PYTHONPATH=/home/saba/workspaces/ramen_robot_ws/build/agv/prefix_override:/usr/lib/python3/dist-packages/colcon_core/task/python/colcon_distutils_commands:/home/saba/workspaces/ramen_robot_ws/install/agv/lib/python3.10/site-packages:${PYTHONPATH} /usr/bin/python3 -W ignore:setup.py install is deprecated setup.py egg_info --egg-base ../../build/agv build --build-base /home/saba/workspaces/ramen_robot_ws/build/agv/build install --record /home/saba/workspaces/ramen_robot_ws/build/agv/install.log --single-version-externally-managed install_data
[10.573s] running egg_info
[10.698s] writing ../../build/agv/agv.egg-info/PKG-INFO
[10.810s] writing dependency_links to ../../build/agv/agv.egg-info/dependency_links.txt
[11.088s] writing entry points to ../../build/agv/agv.egg-info/entry_points.txt
[11.280s] writing requirements to ../../build/agv/agv.egg-info/requires.txt
[11.366s] writing top-level names to ../../build/agv/agv.egg-info/top_level.txt
[11.540s] reading manifest file '../../build/agv/agv.egg-info/SOURCES.txt'
[11.541s] writing manifest file '../../build/agv/agv.egg-info/SOURCES.txt'
[11.541s] running build
[11.541s] running build_py
[11.541s] copying agv/agv_commander_node.py -> /home/saba/workspaces/ramen_robot_ws/build/agv/build/lib/agv
[11.542s] running install
[11.551s] running install_lib
[11.677s] copying /home/saba/workspaces/ramen_robot_ws/build/agv/build/lib/agv/agv_commander_node.py -> /home/saba/workspaces/ramen_robot_ws/install/agv/lib/python3.10/site-packages/agv
[11.678s] byte-compiling /home/saba/workspaces/ramen_robot_ws/install/agv/lib/python3.10/site-packages/agv/agv_commander_node.py to agv_commander_node.cpython-310.pyc
[11.680s] running install_data
[11.680s] running install_egg_info
[11.800s] removing '/home/saba/workspaces/ramen_robot_ws/install/agv/lib/python3.10/site-packages/agv-0.0.0-py3.10.egg-info' (and everything under it)
[11.801s] Copying ../../build/agv/agv.egg-info to /home/saba/workspaces/ramen_robot_ws/install/agv/lib/python3.10/site-packages/agv-0.0.0-py3.10.egg-info
[11.802s] running install_scripts
[12.098s] Installing agv1_node script to /home/saba/workspaces/ramen_robot_ws/install/agv/lib/agv
[12.098s] Installing agv2_node script to /home/saba/workspaces/ramen_robot_ws/install/agv/lib/agv
[12.099s] Installing agv3_node script to /home/saba/workspaces/ramen_robot_ws/install/agv/lib/agv
[12.099s] Installing agv_commander_node script to /home/saba/workspaces/ramen_robot_ws/install/agv/lib/agv
[12.099s] writing list of installed files to '/home/saba/workspaces/ramen_robot_ws/build/agv/install.log'
[12.180s] Invoked command in '/home/saba/workspaces/ramen_robot_ws/src/agv' returned '0': PYTHONPATH=/home/saba/workspaces/ramen_robot_ws/build/agv/prefix_override:/usr/lib/python3/dist-packages/colcon_core/task/python/colcon_distutils_commands:/home/saba/workspaces/ramen_robot_ws/install/agv/lib/python3.10/site-packages:${PYTHONPATH} /usr/bin/python3 -W ignore:setup.py install is deprecated setup.py egg_info --egg-base ../../build/agv build --build-base /home/saba/workspaces/ramen_robot_ws/build/agv/build install --record /home/saba/workspaces/ramen_robot_ws/build/agv/install.log --single-version-externally-managed install_data
