/home/saba/workspaces/ramen_robot_ws/install/agv/lib/python3.10/site-packages/agv/__init__.py
/home/saba/workspaces/ramen_robot_ws/install/agv/lib/python3.10/site-packages/agv/agv2_node.py
/home/saba/workspaces/ramen_robot_ws/install/agv/lib/python3.10/site-packages/agv/agv_commander_node.py
/home/saba/workspaces/ramen_robot_ws/install/agv/lib/python3.10/site-packages/agv/agv1_node.py
/home/saba/workspaces/ramen_robot_ws/install/agv/lib/python3.10/site-packages/agv/agv3_node.py
/home/saba/workspaces/ramen_robot_ws/install/agv/lib/python3.10/site-packages/agv/__pycache__/__init__.cpython-310.pyc
/home/saba/workspaces/ramen_robot_ws/install/agv/lib/python3.10/site-packages/agv/__pycache__/agv2_node.cpython-310.pyc
/home/saba/workspaces/ramen_robot_ws/install/agv/lib/python3.10/site-packages/agv/__pycache__/agv_commander_node.cpython-310.pyc
/home/saba/workspaces/ramen_robot_ws/install/agv/lib/python3.10/site-packages/agv/__pycache__/agv1_node.cpython-310.pyc
/home/saba/workspaces/ramen_robot_ws/install/agv/lib/python3.10/site-packages/agv/__pycache__/agv3_node.cpython-310.pyc
/home/saba/workspaces/ramen_robot_ws/install/agv/share/ament_index/resource_index/packages/agv
/home/saba/workspaces/ramen_robot_ws/install/agv/share/agv/package.xml
/home/saba/workspaces/ramen_robot_ws/install/agv/lib/python3.10/site-packages/agv-0.0.0-py3.10.egg-info/SOURCES.txt
/home/saba/workspaces/ramen_robot_ws/install/agv/lib/python3.10/site-packages/agv-0.0.0-py3.10.egg-info/top_level.txt
/home/saba/workspaces/ramen_robot_ws/install/agv/lib/python3.10/site-packages/agv-0.0.0-py3.10.egg-info/entry_points.txt
/home/saba/workspaces/ramen_robot_ws/install/agv/lib/python3.10/site-packages/agv-0.0.0-py3.10.egg-info/dependency_links.txt
/home/saba/workspaces/ramen_robot_ws/install/agv/lib/python3.10/site-packages/agv-0.0.0-py3.10.egg-info/zip-safe
/home/saba/workspaces/ramen_robot_ws/install/agv/lib/python3.10/site-packages/agv-0.0.0-py3.10.egg-info/requires.txt
/home/saba/workspaces/ramen_robot_ws/install/agv/lib/python3.10/site-packages/agv-0.0.0-py3.10.egg-info/PKG-INFO
/home/saba/workspaces/ramen_robot_ws/install/agv/lib/agv/agv1_node
/home/saba/workspaces/ramen_robot_ws/install/agv/lib/agv/agv2_node
/home/saba/workspaces/ramen_robot_ws/install/agv/lib/agv/agv3_node
/home/saba/workspaces/ramen_robot_ws/install/agv/lib/agv/agv_commander_node
