[3.345s] Invoking command in '/home/saba/workspaces/ramen_robot_ws/src/ur3': PYTHONPATH=/home/saba/workspaces/ramen_robot_ws/build/ur3/prefix_override:/usr/lib/python3/dist-packages/colcon_core/task/python/colcon_distutils_commands:/home/saba/workspaces/ramen_robot_ws/install/ur3/lib/python3.10/site-packages:${PYTHONPATH} /usr/bin/python3 -W ignore:setup.py install is deprecated setup.py egg_info --egg-base ../../build/ur3 build --build-base /home/saba/workspaces/ramen_robot_ws/build/ur3/build install --record /home/saba/workspaces/ramen_robot_ws/build/ur3/install.log --single-version-externally-managed install_data
[5.023s] running egg_info
[5.131s] writing ../../build/ur3/ur3.egg-info/PKG-INFO
[5.210s] writing dependency_links to ../../build/ur3/ur3.egg-info/dependency_links.txt
[5.440s] writing entry points to ../../build/ur3/ur3.egg-info/entry_points.txt
[5.631s] writing requirements to ../../build/ur3/ur3.egg-info/requires.txt
[5.763s] writing top-level names to ../../build/ur3/ur3.egg-info/top_level.txt
[5.908s] reading manifest file '../../build/ur3/ur3.egg-info/SOURCES.txt'
[5.909s] writing manifest file '../../build/ur3/ur3.egg-info/SOURCES.txt'
[5.910s] running build
[5.910s] running build_py
[5.910s] copying ur3/ur3_negi_node.py -> /home/saba/workspaces/ramen_robot_ws/build/ur3/build/lib/ur3
[5.911s] running install
[5.919s] running install_lib
[6.029s] copying /home/saba/workspaces/ramen_robot_ws/build/ur3/build/lib/ur3/ur3_negi_node.py -> /home/saba/workspaces/ramen_robot_ws/install/ur3/lib/python3.10/site-packages/ur3
[6.030s] byte-compiling /home/saba/workspaces/ramen_robot_ws/install/ur3/lib/python3.10/site-packages/ur3/ur3_negi_node.py to ur3_negi_node.cpython-310.pyc
[6.032s] running install_data
[6.033s] running install_egg_info
[6.146s] removing '/home/saba/workspaces/ramen_robot_ws/install/ur3/lib/python3.10/site-packages/ur3-0.0.0-py3.10.egg-info' (and everything under it)
[6.147s] Copying ../../build/ur3/ur3.egg-info to /home/saba/workspaces/ramen_robot_ws/install/ur3/lib/python3.10/site-packages/ur3-0.0.0-py3.10.egg-info
[6.148s] running install_scripts
[6.411s] Installing depth_anything_node script to /home/saba/workspaces/ramen_robot_ws/install/ur3/lib/ur3
[6.411s] Installing hello_node script to /home/saba/workspaces/ramen_robot_ws/install/ur3/lib/ur3
[6.411s] Installing ur3_negi_node script to /home/saba/workspaces/ramen_robot_ws/install/ur3/lib/ur3
[6.411s] Installing ur3_retouch_node script to /home/saba/workspaces/ramen_robot_ws/install/ur3/lib/ur3
[6.412s] Installing ur3_soup_node script to /home/saba/workspaces/ramen_robot_ws/install/ur3/lib/ur3
[6.412s] writing list of installed files to '/home/saba/workspaces/ramen_robot_ws/build/ur3/install.log'
[6.443s] Invoked command in '/home/saba/workspaces/ramen_robot_ws/src/ur3' returned '0': PYTHONPATH=/home/saba/workspaces/ramen_robot_ws/build/ur3/prefix_override:/usr/lib/python3/dist-packages/colcon_core/task/python/colcon_distutils_commands:/home/saba/workspaces/ramen_robot_ws/install/ur3/lib/python3.10/site-packages:${PYTHONPATH} /usr/bin/python3 -W ignore:setup.py install is deprecated setup.py egg_info --egg-base ../../build/ur3 build --build-base /home/saba/workspaces/ramen_robot_ws/build/ur3/build install --record /home/saba/workspaces/ramen_robot_ws/build/ur3/install.log --single-version-externally-managed install_data
