[12.603s] Invoking command in '/home/saba/workspaces/ramen_robot_ws/src/agv': PYTHONPATH=/home/saba/workspaces/ramen_robot_ws/build/agv/prefix_override:/usr/lib/python3/dist-packages/colcon_core/task/python/colcon_distutils_commands:/home/saba/workspaces/ramen_robot_ws/install/agv/lib/python3.10/site-packages:${PYTHONPATH} /usr/bin/python3 -W ignore:setup.py install is deprecated setup.py egg_info --egg-base ../../build/agv build --build-base /home/saba/workspaces/ramen_robot_ws/build/agv/build install --record /home/saba/workspaces/ramen_robot_ws/build/agv/install.log --single-version-externally-managed install_data
[15.360s] running egg_info
[15.568s] writing ../../build/agv/agv.egg-info/PKG-INFO
[15.716s] writing dependency_links to ../../build/agv/agv.egg-info/dependency_links.txt
[16.158s] writing entry points to ../../build/agv/agv.egg-info/entry_points.txt
[16.473s] writing requirements to ../../build/agv/agv.egg-info/requires.txt
[16.618s] writing top-level names to ../../build/agv/agv.egg-info/top_level.txt
[16.889s] reading manifest file '../../build/agv/agv.egg-info/SOURCES.txt'
[16.891s] writing manifest file '../../build/agv/agv.egg-info/SOURCES.txt'
[16.895s] running build
[16.895s] running build_py
[16.895s] running install
[16.909s] running install_lib
[17.093s] running install_data
[17.093s] running install_egg_info
[17.264s] removing '/home/saba/workspaces/ramen_robot_ws/install/agv/lib/python3.10/site-packages/agv-0.0.0-py3.10.egg-info' (and everything under it)
[17.270s] Copying ../../build/agv/agv.egg-info to /home/saba/workspaces/ramen_robot_ws/install/agv/lib/python3.10/site-packages/agv-0.0.0-py3.10.egg-info
[17.272s] running install_scripts
[17.613s] Installing agv1_node script to /home/saba/workspaces/ramen_robot_ws/install/agv/lib/agv
[17.614s] Installing agv2_node script to /home/saba/workspaces/ramen_robot_ws/install/agv/lib/agv
[17.614s] Installing agv3_node script to /home/saba/workspaces/ramen_robot_ws/install/agv/lib/agv
[17.614s] Installing agv_commander_node script to /home/saba/workspaces/ramen_robot_ws/install/agv/lib/agv
[17.615s] writing list of installed files to '/home/saba/workspaces/ramen_robot_ws/build/agv/install.log'
[18.848s] Invoked command in '/home/saba/workspaces/ramen_robot_ws/src/agv' returned '0': PYTHONPATH=/home/saba/workspaces/ramen_robot_ws/build/agv/prefix_override:/usr/lib/python3/dist-packages/colcon_core/task/python/colcon_distutils_commands:/home/saba/workspaces/ramen_robot_ws/install/agv/lib/python3.10/site-packages:${PYTHONPATH} /usr/bin/python3 -W ignore:setup.py install is deprecated setup.py egg_info --egg-base ../../build/agv build --build-base /home/saba/workspaces/ramen_robot_ws/build/agv/build install --record /home/saba/workspaces/ramen_robot_ws/build/agv/install.log --single-version-externally-managed install_data
