[7.528s] Invoking command in '/home/saba/workspaces/ramen_robot_ws/src/accountant': PYTHONPATH=/home/saba/workspaces/ramen_robot_ws/build/accountant/prefix_override:/usr/lib/python3/dist-packages/colcon_core/task/python/colcon_distutils_commands:/home/saba/workspaces/ramen_robot_ws/install/accountant/lib/python3.10/site-packages:${PYTHONPATH} /usr/bin/python3 -W ignore:setup.py install is deprecated setup.py egg_info --egg-base ../../build/accountant build --build-base /home/saba/workspaces/ramen_robot_ws/build/accountant/build install --record /home/saba/workspaces/ramen_robot_ws/build/accountant/install.log --single-version-externally-managed install_data
[8.922s] running egg_info
[8.923s] creating ../../build/accountant/accountant.egg-info
[9.023s] writing ../../build/accountant/accountant.egg-info/PKG-INFO
[9.095s] writing dependency_links to ../../build/accountant/accountant.egg-info/dependency_links.txt
[9.314s] writing entry points to ../../build/accountant/accountant.egg-info/entry_points.txt
[9.453s] writing requirements to ../../build/accountant/accountant.egg-info/requires.txt
[9.524s] writing top-level names to ../../build/accountant/accountant.egg-info/top_level.txt
[9.524s] writing manifest file '../../build/accountant/accountant.egg-info/SOURCES.txt'
[9.653s] reading manifest file '../../build/accountant/accountant.egg-info/SOURCES.txt'
[9.654s] writing manifest file '../../build/accountant/accountant.egg-info/SOURCES.txt'
[9.654s] running build
[9.654s] running build_py
[9.655s] creating /home/saba/workspaces/ramen_robot_ws/build/accountant/build
[9.655s] creating /home/saba/workspaces/ramen_robot_ws/build/accountant/build/lib
[9.655s] creating /home/saba/workspaces/ramen_robot_ws/build/accountant/build/lib/accountant
[9.655s] copying accountant/__init__.py -> /home/saba/workspaces/ramen_robot_ws/build/accountant/build/lib/accountant
[9.655s] copying accountant/accountant_node.py -> /home/saba/workspaces/ramen_robot_ws/build/accountant/build/lib/accountant
[9.655s] running install
[9.665s] running install_lib
[9.765s] creating /home/saba/workspaces/ramen_robot_ws/install/accountant/lib/python3.10/site-packages/accountant
[9.766s] copying /home/saba/workspaces/ramen_robot_ws/build/accountant/build/lib/accountant/__init__.py -> /home/saba/workspaces/ramen_robot_ws/install/accountant/lib/python3.10/site-packages/accountant
[9.766s] copying /home/saba/workspaces/ramen_robot_ws/build/accountant/build/lib/accountant/accountant_node.py -> /home/saba/workspaces/ramen_robot_ws/install/accountant/lib/python3.10/site-packages/accountant
[9.766s] byte-compiling /home/saba/workspaces/ramen_robot_ws/install/accountant/lib/python3.10/site-packages/accountant/__init__.py to __init__.cpython-310.pyc
[9.766s] byte-compiling /home/saba/workspaces/ramen_robot_ws/install/accountant/lib/python3.10/site-packages/accountant/accountant_node.py to accountant_node.cpython-310.pyc
[9.767s] running install_data
[9.767s] creating /home/saba/workspaces/ramen_robot_ws/install/accountant/share/ament_index
[9.768s] creating /home/saba/workspaces/ramen_robot_ws/install/accountant/share/ament_index/resource_index
[9.768s] creating /home/saba/workspaces/ramen_robot_ws/install/accountant/share/ament_index/resource_index/packages
[9.768s] copying resource/accountant -> /home/saba/workspaces/ramen_robot_ws/install/accountant/share/ament_index/resource_index/packages
[9.768s] copying package.xml -> /home/saba/workspaces/ramen_robot_ws/install/accountant/share/accountant
[9.768s] running install_egg_info
[9.871s] Copying ../../build/accountant/accountant.egg-info to /home/saba/workspaces/ramen_robot_ws/install/accountant/lib/python3.10/site-packages/accountant-0.0.0-py3.10.egg-info
[9.873s] running install_scripts
[10.086s] Installing accountant_node script to /home/saba/workspaces/ramen_robot_ws/install/accountant/lib/accountant
[10.086s] writing list of installed files to '/home/saba/workspaces/ramen_robot_ws/build/accountant/install.log'
[10.129s] Invoked command in '/home/saba/workspaces/ramen_robot_ws/src/accountant' returned '0': PYTHONPATH=/home/saba/workspaces/ramen_robot_ws/build/accountant/prefix_override:/usr/lib/python3/dist-packages/colcon_core/task/python/colcon_distutils_commands:/home/saba/workspaces/ramen_robot_ws/install/accountant/lib/python3.10/site-packages:${PYTHONPATH} /usr/bin/python3 -W ignore:setup.py install is deprecated setup.py egg_info --egg-base ../../build/accountant build --build-base /home/saba/workspaces/ramen_robot_ws/build/accountant/build install --record /home/saba/workspaces/ramen_robot_ws/build/accountant/install.log --single-version-externally-managed install_data
