[7.369s] Invoking command in '/home/saba/workspaces/ramen_robot_ws/src/ur5': PYTHONPATH=/home/saba/workspaces/ramen_robot_ws/build/ur5/prefix_override:/usr/lib/python3/dist-packages/colcon_core/task/python/colcon_distutils_commands:/home/saba/workspaces/ramen_robot_ws/install/ur5/lib/python3.10/site-packages:${PYTHONPATH} /usr/bin/python3 -W ignore:setup.py install is deprecated setup.py egg_info --egg-base ../../build/ur5 build --build-base /home/saba/workspaces/ramen_robot_ws/build/ur5/build install --record /home/saba/workspaces/ramen_robot_ws/build/ur5/install.log --single-version-externally-managed install_data
[8.773s] running egg_info
[8.774s] creating ../../build/ur5/ur5.egg-info
[8.877s] writing ../../build/ur5/ur5.egg-info/PKG-INFO
[8.950s] writing dependency_links to ../../build/ur5/ur5.egg-info/dependency_links.txt
[9.176s] writing entry points to ../../build/ur5/ur5.egg-info/entry_points.txt
[9.320s] writing requirements to ../../build/ur5/ur5.egg-info/requires.txt
[9.392s] writing top-level names to ../../build/ur5/ur5.egg-info/top_level.txt
[9.392s] writing manifest file '../../build/ur5/ur5.egg-info/SOURCES.txt'
[9.521s] reading manifest file '../../build/ur5/ur5.egg-info/SOURCES.txt'
[9.522s] writing manifest file '../../build/ur5/ur5.egg-info/SOURCES.txt'
[9.522s] running build
[9.522s] running build_py
[9.523s] creating /home/saba/workspaces/ramen_robot_ws/build/ur5/build
[9.523s] creating /home/saba/workspaces/ramen_robot_ws/build/ur5/build/lib
[9.523s] creating /home/saba/workspaces/ramen_robot_ws/build/ur5/build/lib/ur5
[9.523s] copying ur5/__init__.py -> /home/saba/workspaces/ramen_robot_ws/build/ur5/build/lib/ur5
[9.523s] copying ur5/ur5_retouch.py -> /home/saba/workspaces/ramen_robot_ws/build/ur5/build/lib/ur5
[9.524s] copying ur5/ur5_pork_node.py -> /home/saba/workspaces/ramen_robot_ws/build/ur5/build/lib/ur5
[9.542s] copying ur5/ur5_noodle_node.py -> /home/saba/workspaces/ramen_robot_ws/build/ur5/build/lib/ur5
[9.542s] copying ur5/pork_image_node.py -> /home/saba/workspaces/ramen_robot_ws/build/ur5/build/lib/ur5
[9.542s] running install
[9.550s] running install_lib
[9.654s] creating /home/saba/workspaces/ramen_robot_ws/install/ur5/lib/python3.10/site-packages/ur5
[9.654s] copying /home/saba/workspaces/ramen_robot_ws/build/ur5/build/lib/ur5/__init__.py -> /home/saba/workspaces/ramen_robot_ws/install/ur5/lib/python3.10/site-packages/ur5
[9.655s] copying /home/saba/workspaces/ramen_robot_ws/build/ur5/build/lib/ur5/ur5_retouch.py -> /home/saba/workspaces/ramen_robot_ws/install/ur5/lib/python3.10/site-packages/ur5
[9.655s] copying /home/saba/workspaces/ramen_robot_ws/build/ur5/build/lib/ur5/ur5_pork_node.py -> /home/saba/workspaces/ramen_robot_ws/install/ur5/lib/python3.10/site-packages/ur5
[9.658s] copying /home/saba/workspaces/ramen_robot_ws/build/ur5/build/lib/ur5/ur5_noodle_node.py -> /home/saba/workspaces/ramen_robot_ws/install/ur5/lib/python3.10/site-packages/ur5
[9.658s] copying /home/saba/workspaces/ramen_robot_ws/build/ur5/build/lib/ur5/pork_image_node.py -> /home/saba/workspaces/ramen_robot_ws/install/ur5/lib/python3.10/site-packages/ur5
[9.658s] byte-compiling /home/saba/workspaces/ramen_robot_ws/install/ur5/lib/python3.10/site-packages/ur5/__init__.py to __init__.cpython-310.pyc
[9.658s] byte-compiling /home/saba/workspaces/ramen_robot_ws/install/ur5/lib/python3.10/site-packages/ur5/ur5_retouch.py to ur5_retouch.cpython-310.pyc
[9.659s] byte-compiling /home/saba/workspaces/ramen_robot_ws/install/ur5/lib/python3.10/site-packages/ur5/ur5_pork_node.py to ur5_pork_node.cpython-310.pyc
[9.662s] byte-compiling /home/saba/workspaces/ramen_robot_ws/install/ur5/lib/python3.10/site-packages/ur5/ur5_noodle_node.py to ur5_noodle_node.cpython-310.pyc
[9.663s] byte-compiling /home/saba/workspaces/ramen_robot_ws/install/ur5/lib/python3.10/site-packages/ur5/pork_image_node.py to pork_image_node.cpython-310.pyc
[9.664s] running install_data
[9.665s] creating /home/saba/workspaces/ramen_robot_ws/install/ur5/share/ament_index
[9.665s] creating /home/saba/workspaces/ramen_robot_ws/install/ur5/share/ament_index/resource_index
[9.665s] creating /home/saba/workspaces/ramen_robot_ws/install/ur5/share/ament_index/resource_index/packages
[9.665s] copying resource/ur5 -> /home/saba/workspaces/ramen_robot_ws/install/ur5/share/ament_index/resource_index/packages
[9.665s] copying package.xml -> /home/saba/workspaces/ramen_robot_ws/install/ur5/share/ur5
[9.665s] running install_egg_info
[9.773s] Copying ../../build/ur5/ur5.egg-info to /home/saba/workspaces/ramen_robot_ws/install/ur5/lib/python3.10/site-packages/ur5-0.0.0-py3.10.egg-info
[9.774s] running install_scripts
[9.999s] Installing pork_image_node script to /home/saba/workspaces/ramen_robot_ws/install/ur5/lib/ur5
[9.999s] Installing ur5_noodle_node script to /home/saba/workspaces/ramen_robot_ws/install/ur5/lib/ur5
[10.000s] Installing ur5_pork_node script to /home/saba/workspaces/ramen_robot_ws/install/ur5/lib/ur5
[10.000s] Installing ur5_retouch_node script to /home/saba/workspaces/ramen_robot_ws/install/ur5/lib/ur5
[10.000s] writing list of installed files to '/home/saba/workspaces/ramen_robot_ws/build/ur5/install.log'
