[6.979s] Invoking command in '/home/saba/workspaces/ramen_robot_ws/src/ur5': PYTHONPATH=/home/saba/workspaces/ramen_robot_ws/build/ur5/prefix_override:/usr/lib/python3/dist-packages/colcon_core/task/python/colcon_distutils_commands:/home/saba/workspaces/ramen_robot_ws/install/ur5/lib/python3.10/site-packages:${PYTHONPATH} /usr/bin/python3 -W ignore:setup.py install is deprecated setup.py egg_info --egg-base ../../build/ur5 build --build-base /home/saba/workspaces/ramen_robot_ws/build/ur5/build install --record /home/saba/workspaces/ramen_robot_ws/build/ur5/install.log --single-version-externally-managed install_data
[8.507s] running egg_info
[8.508s] creating ../../build/ur5/ur5.egg-info
[8.625s] writing ../../build/ur5/ur5.egg-info/PKG-INFO
[8.704s] writing dependency_links to ../../build/ur5/ur5.egg-info/dependency_links.txt
[8.961s] writing entry points to ../../build/ur5/ur5.egg-info/entry_points.txt
[9.143s] writing requirements to ../../build/ur5/ur5.egg-info/requires.txt
[9.225s] writing top-level names to ../../build/ur5/ur5.egg-info/top_level.txt
[9.225s] writing manifest file '../../build/ur5/ur5.egg-info/SOURCES.txt'
[9.359s] reading manifest file '../../build/ur5/ur5.egg-info/SOURCES.txt'
[9.360s] writing manifest file '../../build/ur5/ur5.egg-info/SOURCES.txt'
[9.360s] running build
[9.360s] running build_py
[9.361s] creating /home/saba/workspaces/ramen_robot_ws/build/ur5/build
[9.361s] creating /home/saba/workspaces/ramen_robot_ws/build/ur5/build/lib
[9.361s] creating /home/saba/workspaces/ramen_robot_ws/build/ur5/build/lib/ur5
[9.361s] copying ur5/__init__.py -> /home/saba/workspaces/ramen_robot_ws/build/ur5/build/lib/ur5
[9.361s] copying ur5/ur5_retouch.py -> /home/saba/workspaces/ramen_robot_ws/build/ur5/build/lib/ur5
[9.362s] copying ur5/ur5_pork_node.py -> /home/saba/workspaces/ramen_robot_ws/build/ur5/build/lib/ur5
[9.362s] copying ur5/ur5_noodle_node.py -> /home/saba/workspaces/ramen_robot_ws/build/ur5/build/lib/ur5
[9.362s] copying ur5/pork_image_node.py -> /home/saba/workspaces/ramen_robot_ws/build/ur5/build/lib/ur5
[9.362s] running install
[9.369s] running install_lib
[9.490s] creating /home/saba/workspaces/ramen_robot_ws/install/ur5/lib/python3.10/site-packages/ur5
[9.490s] copying /home/saba/workspaces/ramen_robot_ws/build/ur5/build/lib/ur5/__init__.py -> /home/saba/workspaces/ramen_robot_ws/install/ur5/lib/python3.10/site-packages/ur5
[9.490s] copying /home/saba/workspaces/ramen_robot_ws/build/ur5/build/lib/ur5/ur5_retouch.py -> /home/saba/workspaces/ramen_robot_ws/install/ur5/lib/python3.10/site-packages/ur5
[9.491s] copying /home/saba/workspaces/ramen_robot_ws/build/ur5/build/lib/ur5/ur5_pork_node.py -> /home/saba/workspaces/ramen_robot_ws/install/ur5/lib/python3.10/site-packages/ur5
[9.491s] copying /home/saba/workspaces/ramen_robot_ws/build/ur5/build/lib/ur5/ur5_noodle_node.py -> /home/saba/workspaces/ramen_robot_ws/install/ur5/lib/python3.10/site-packages/ur5
[9.492s] copying /home/saba/workspaces/ramen_robot_ws/build/ur5/build/lib/ur5/pork_image_node.py -> /home/saba/workspaces/ramen_robot_ws/install/ur5/lib/python3.10/site-packages/ur5
[9.492s] byte-compiling /home/saba/workspaces/ramen_robot_ws/install/ur5/lib/python3.10/site-packages/ur5/__init__.py to __init__.cpython-310.pyc
[9.492s] byte-compiling /home/saba/workspaces/ramen_robot_ws/install/ur5/lib/python3.10/site-packages/ur5/ur5_retouch.py to ur5_retouch.cpython-310.pyc
[9.493s] byte-compiling /home/saba/workspaces/ramen_robot_ws/install/ur5/lib/python3.10/site-packages/ur5/ur5_pork_node.py to ur5_pork_node.cpython-310.pyc
[9.496s] byte-compiling /home/saba/workspaces/ramen_robot_ws/install/ur5/lib/python3.10/site-packages/ur5/ur5_noodle_node.py to ur5_noodle_node.cpython-310.pyc
[9.497s] byte-compiling /home/saba/workspaces/ramen_robot_ws/install/ur5/lib/python3.10/site-packages/ur5/pork_image_node.py to pork_image_node.cpython-310.pyc
[9.498s] running install_data
[9.498s] creating /home/saba/workspaces/ramen_robot_ws/install/ur5/share/ament_index
[9.499s] creating /home/saba/workspaces/ramen_robot_ws/install/ur5/share/ament_index/resource_index
[9.499s] creating /home/saba/workspaces/ramen_robot_ws/install/ur5/share/ament_index/resource_index/packages
[9.499s] copying resource/ur5 -> /home/saba/workspaces/ramen_robot_ws/install/ur5/share/ament_index/resource_index/packages
[9.499s] copying package.xml -> /home/saba/workspaces/ramen_robot_ws/install/ur5/share/ur5
[9.499s] running install_egg_info
[9.625s] Copying ../../build/ur5/ur5.egg-info to /home/saba/workspaces/ramen_robot_ws/install/ur5/lib/python3.10/site-packages/ur5-0.0.0-py3.10.egg-info
[9.626s] running install_scripts
[9.882s] Installing pork_image_node script to /home/saba/workspaces/ramen_robot_ws/install/ur5/lib/ur5
[9.883s] Installing ur5_noodle_node script to /home/saba/workspaces/ramen_robot_ws/install/ur5/lib/ur5
[9.883s] Installing ur5_pork_node script to /home/saba/workspaces/ramen_robot_ws/install/ur5/lib/ur5
[9.883s] Installing ur5_retouch_node script to /home/saba/workspaces/ramen_robot_ws/install/ur5/lib/ur5
[9.883s] writing list of installed files to '/home/saba/workspaces/ramen_robot_ws/build/ur5/install.log'
[9.934s] Invoked command in '/home/saba/workspaces/ramen_robot_ws/src/ur5' returned '0': PYTHONPATH=/home/saba/workspaces/ramen_robot_ws/build/ur5/prefix_override:/usr/lib/python3/dist-packages/colcon_core/task/python/colcon_distutils_commands:/home/saba/workspaces/ramen_robot_ws/install/ur5/lib/python3.10/site-packages:${PYTHONPATH} /usr/bin/python3 -W ignore:setup.py install is deprecated setup.py egg_info --egg-base ../../build/ur5 build --build-base /home/saba/workspaces/ramen_robot_ws/build/ur5/build install --record /home/saba/workspaces/ramen_robot_ws/build/ur5/install.log --single-version-externally-managed install_data
