[7.803s] Invoking command in '/home/saba/workspaces/ramen_robot_ws/torchhub/facebookresearch_dinov2_main': PYTHONPATH=/home/saba/workspaces/ramen_robot_ws/build/dinov2/prefix_override:/usr/lib/python3/dist-packages/colcon_core/task/python/colcon_distutils_commands:/home/saba/workspaces/ramen_robot_ws/install/dinov2/lib/python3.10/site-packages:${PYTHONPATH} /usr/bin/python3 -W ignore:setup.py install is deprecated setup.py egg_info --egg-base ../../build/dinov2 build --build-base /home/saba/workspaces/ramen_robot_ws/build/dinov2/build install --record /home/saba/workspaces/ramen_robot_ws/build/dinov2/install.log --single-version-externally-managed
[8.488s] /home/saba/.local/lib/python3.10/site-packages/setuptools/_distutils/dist.py:275: UserWarning: Unknown distribution option: 'install_package_data'
[8.489s]   warnings.warn(msg)
[9.471s] running egg_info
[9.584s] writing ../../build/dinov2/dinov2.egg-info/PKG-INFO
[9.663s] writing dependency_links to ../../build/dinov2/dinov2.egg-info/dependency_links.txt
[10.067s] writing requirements to ../../build/dinov2/dinov2.egg-info/requires.txt
[10.147s] writing top-level names to ../../build/dinov2/dinov2.egg-info/top_level.txt
[10.298s] reading manifest file '../../build/dinov2/dinov2.egg-info/SOURCES.txt'
[10.299s] adding license file 'LICENSE'
[10.300s] writing manifest file '../../build/dinov2/dinov2.egg-info/SOURCES.txt'
[10.301s] running build
[10.301s] running build_py
[10.307s] running install
[10.315s] running install_lib
[10.446s] running install_egg_info
[10.559s] removing '/home/saba/workspaces/ramen_robot_ws/install/dinov2/lib/python3.10/site-packages/dinov2-0.0.1-py3.10.egg-info' (and everything under it)
[10.559s] Copying ../../build/dinov2/dinov2.egg-info to /home/saba/workspaces/ramen_robot_ws/install/dinov2/lib/python3.10/site-packages/dinov2-0.0.1-py3.10.egg-info
[10.560s] running install_scripts
[10.774s] writing list of installed files to '/home/saba/workspaces/ramen_robot_ws/build/dinov2/install.log'
[10.840s] Invoked command in '/home/saba/workspaces/ramen_robot_ws/torchhub/facebookresearch_dinov2_main' returned '0': PYTHONPATH=/home/saba/workspaces/ramen_robot_ws/build/dinov2/prefix_override:/usr/lib/python3/dist-packages/colcon_core/task/python/colcon_distutils_commands:/home/saba/workspaces/ramen_robot_ws/install/dinov2/lib/python3.10/site-packages:${PYTHONPATH} /usr/bin/python3 -W ignore:setup.py install is deprecated setup.py egg_info --egg-base ../../build/dinov2 build --build-base /home/saba/workspaces/ramen_robot_ws/build/dinov2/build install --record /home/saba/workspaces/ramen_robot_ws/build/dinov2/install.log --single-version-externally-managed
