[7.317s] Invoking command in '/home/saba/workspaces/ramen_robot_ws/src/accountant': PYTHONPATH=/home/saba/workspaces/ramen_robot_ws/build/accountant/prefix_override:/usr/lib/python3/dist-packages/colcon_core/task/python/colcon_distutils_commands:/home/saba/workspaces/ramen_robot_ws/install/accountant/lib/python3.10/site-packages:${PYTHONPATH} /usr/bin/python3 -W ignore:setup.py install is deprecated setup.py egg_info --egg-base ../../build/accountant build --build-base /home/saba/workspaces/ramen_robot_ws/build/accountant/build install --record /home/saba/workspaces/ramen_robot_ws/build/accountant/install.log --single-version-externally-managed install_data
[8.672s] running egg_info
[8.770s] writing ../../build/accountant/accountant.egg-info/PKG-INFO
[8.839s] writing dependency_links to ../../build/accountant/accountant.egg-info/dependency_links.txt
[9.057s] writing entry points to ../../build/accountant/accountant.egg-info/entry_points.txt
[9.196s] writing requirements to ../../build/accountant/accountant.egg-info/requires.txt
[9.264s] writing top-level names to ../../build/accountant/accountant.egg-info/top_level.txt
[9.393s] reading manifest file '../../build/accountant/accountant.egg-info/SOURCES.txt'
[9.395s] writing manifest file '../../build/accountant/accountant.egg-info/SOURCES.txt'
[9.395s] running build
[9.395s] running build_py
[9.395s] running install
[9.402s] running install_lib
[9.501s] running install_data
[9.501s] running install_egg_info
[9.602s] removing '/home/saba/workspaces/ramen_robot_ws/install/accountant/lib/python3.10/site-packages/accountant-0.0.0-py3.10.egg-info' (and everything under it)
[9.603s] Copying ../../build/accountant/accountant.egg-info to /home/saba/workspaces/ramen_robot_ws/install/accountant/lib/python3.10/site-packages/accountant-0.0.0-py3.10.egg-info
[9.604s] running install_scripts
[9.815s] Installing accountant_node script to /home/saba/workspaces/ramen_robot_ws/install/accountant/lib/accountant
[9.815s] writing list of installed files to '/home/saba/workspaces/ramen_robot_ws/build/accountant/install.log'
[9.856s] Invoked command in '/home/saba/workspaces/ramen_robot_ws/src/accountant' returned '0': PYTHONPATH=/home/saba/workspaces/ramen_robot_ws/build/accountant/prefix_override:/usr/lib/python3/dist-packages/colcon_core/task/python/colcon_distutils_commands:/home/saba/workspaces/ramen_robot_ws/install/accountant/lib/python3.10/site-packages:${PYTHONPATH} /usr/bin/python3 -W ignore:setup.py install is deprecated setup.py egg_info --egg-base ../../build/accountant build --build-base /home/saba/workspaces/ramen_robot_ws/build/accountant/build install --record /home/saba/workspaces/ramen_robot_ws/build/accountant/install.log --single-version-externally-managed install_data
