/home/saba/workspaces/ramen_robot_ws/install/ur5/lib/python3.10/site-packages/ur5/__init__.py
/home/saba/workspaces/ramen_robot_ws/install/ur5/lib/python3.10/site-packages/ur5/ur5_retouch.py
/home/saba/workspaces/ramen_robot_ws/install/ur5/lib/python3.10/site-packages/ur5/ur5_pork_node.py
/home/saba/workspaces/ramen_robot_ws/install/ur5/lib/python3.10/site-packages/ur5/ur5_noodle_node.py
/home/saba/workspaces/ramen_robot_ws/install/ur5/lib/python3.10/site-packages/ur5/pork_image_node.py
/home/saba/workspaces/ramen_robot_ws/install/ur5/lib/python3.10/site-packages/ur5/__pycache__/__init__.cpython-310.pyc
/home/saba/workspaces/ramen_robot_ws/install/ur5/lib/python3.10/site-packages/ur5/__pycache__/ur5_retouch.cpython-310.pyc
/home/saba/workspaces/ramen_robot_ws/install/ur5/lib/python3.10/site-packages/ur5/__pycache__/ur5_pork_node.cpython-310.pyc
/home/saba/workspaces/ramen_robot_ws/install/ur5/lib/python3.10/site-packages/ur5/__pycache__/ur5_noodle_node.cpython-310.pyc
/home/saba/workspaces/ramen_robot_ws/install/ur5/lib/python3.10/site-packages/ur5/__pycache__/pork_image_node.cpython-310.pyc
/home/saba/workspaces/ramen_robot_ws/install/ur5/share/ament_index/resource_index/packages/ur5
/home/saba/workspaces/ramen_robot_ws/install/ur5/share/ur5/package.xml
/home/saba/workspaces/ramen_robot_ws/install/ur5/lib/python3.10/site-packages/ur5-0.0.0-py3.10.egg-info/SOURCES.txt
/home/saba/workspaces/ramen_robot_ws/install/ur5/lib/python3.10/site-packages/ur5-0.0.0-py3.10.egg-info/top_level.txt
/home/saba/workspaces/ramen_robot_ws/install/ur5/lib/python3.10/site-packages/ur5-0.0.0-py3.10.egg-info/entry_points.txt
/home/saba/workspaces/ramen_robot_ws/install/ur5/lib/python3.10/site-packages/ur5-0.0.0-py3.10.egg-info/dependency_links.txt
/home/saba/workspaces/ramen_robot_ws/install/ur5/lib/python3.10/site-packages/ur5-0.0.0-py3.10.egg-info/zip-safe
/home/saba/workspaces/ramen_robot_ws/install/ur5/lib/python3.10/site-packages/ur5-0.0.0-py3.10.egg-info/requires.txt
/home/saba/workspaces/ramen_robot_ws/install/ur5/lib/python3.10/site-packages/ur5-0.0.0-py3.10.egg-info/PKG-INFO
/home/saba/workspaces/ramen_robot_ws/install/ur5/lib/ur5/pork_image_node
/home/saba/workspaces/ramen_robot_ws/install/ur5/lib/ur5/ur5_noodle_node
/home/saba/workspaces/ramen_robot_ws/install/ur5/lib/ur5/ur5_pork_node
/home/saba/workspaces/ramen_robot_ws/install/ur5/lib/ur5/ur5_retouch_node
