[7.339s] Invoking command in '/home/saba/workspaces/ramen_robot_ws/src/accountant': PYTHONPATH=/home/saba/workspaces/ramen_robot_ws/build/accountant/prefix_override:/usr/lib/python3/dist-packages/colcon_core/task/python/colcon_distutils_commands:/home/saba/workspaces/ramen_robot_ws/install/accountant/lib/python3.10/site-packages:${PYTHONPATH} /usr/bin/python3 -W ignore:setup.py install is deprecated setup.py egg_info --egg-base ../../build/accountant build --build-base /home/saba/workspaces/ramen_robot_ws/build/accountant/build install --record /home/saba/workspaces/ramen_robot_ws/build/accountant/install.log --single-version-externally-managed install_data
[8.706s] running egg_info
[8.805s] writing ../../build/accountant/accountant.egg-info/PKG-INFO
[8.877s] writing dependency_links to ../../build/accountant/accountant.egg-info/dependency_links.txt
[9.097s] writing entry points to ../../build/accountant/accountant.egg-info/entry_points.txt
[9.238s] writing requirements to ../../build/accountant/accountant.egg-info/requires.txt
[9.309s] writing top-level names to ../../build/accountant/accountant.egg-info/top_level.txt
[9.439s] reading manifest file '../../build/accountant/accountant.egg-info/SOURCES.txt'
[9.440s] writing manifest file '../../build/accountant/accountant.egg-info/SOURCES.txt'
[9.441s] running build
[9.441s] running build_py
[9.441s] running install
[9.448s] running install_lib
[9.548s] running install_data
[9.548s] running install_egg_info
[9.649s] removing '/home/saba/workspaces/ramen_robot_ws/install/accountant/lib/python3.10/site-packages/accountant-0.0.0-py3.10.egg-info' (and everything under it)
[9.650s] Copying ../../build/accountant/accountant.egg-info to /home/saba/workspaces/ramen_robot_ws/install/accountant/lib/python3.10/site-packages/accountant-0.0.0-py3.10.egg-info
[9.651s] running install_scripts
[9.864s] Installing accountant_node script to /home/saba/workspaces/ramen_robot_ws/install/accountant/lib/accountant
[9.864s] writing list of installed files to '/home/saba/workspaces/ramen_robot_ws/build/accountant/install.log'
[9.904s] Invoked command in '/home/saba/workspaces/ramen_robot_ws/src/accountant' returned '0': PYTHONPATH=/home/saba/workspaces/ramen_robot_ws/build/accountant/prefix_override:/usr/lib/python3/dist-packages/colcon_core/task/python/colcon_distutils_commands:/home/saba/workspaces/ramen_robot_ws/install/accountant/lib/python3.10/site-packages:${PYTHONPATH} /usr/bin/python3 -W ignore:setup.py install is deprecated setup.py egg_info --egg-base ../../build/accountant build --build-base /home/saba/workspaces/ramen_robot_ws/build/accountant/build install --record /home/saba/workspaces/ramen_robot_ws/build/accountant/install.log --single-version-externally-managed install_data
