[12.354s] Invoking command in '/home/saba/workspaces/ramen_robot_ws/src/accountant': PYTHONPATH=/home/saba/workspaces/ramen_robot_ws/build/accountant/prefix_override:/usr/lib/python3/dist-packages/colcon_core/task/python/colcon_distutils_commands:/home/saba/workspaces/ramen_robot_ws/install/accountant/lib/python3.10/site-packages:${PYTHONPATH} /usr/bin/python3 -W ignore:setup.py install is deprecated setup.py egg_info --egg-base ../../build/accountant build --build-base /home/saba/workspaces/ramen_robot_ws/build/accountant/build install --record /home/saba/workspaces/ramen_robot_ws/build/accountant/install.log --single-version-externally-managed install_data
[15.031s] running egg_info
[15.242s] writing ../../build/accountant/accountant.egg-info/PKG-INFO
[15.391s] writing dependency_links to ../../build/accountant/accountant.egg-info/dependency_links.txt
[15.837s] writing entry points to ../../build/accountant/accountant.egg-info/entry_points.txt
[16.149s] writing requirements to ../../build/accountant/accountant.egg-info/requires.txt
[16.294s] writing top-level names to ../../build/accountant/accountant.egg-info/top_level.txt
[16.567s] reading manifest file '../../build/accountant/accountant.egg-info/SOURCES.txt'
[16.570s] writing manifest file '../../build/accountant/accountant.egg-info/SOURCES.txt'
[16.570s] running build
[16.570s] running build_py
[16.571s] running install
[16.587s] running install_lib
[16.799s] running install_data
[16.799s] running install_egg_info
[17.011s] removing '/home/saba/workspaces/ramen_robot_ws/install/accountant/lib/python3.10/site-packages/accountant-0.0.0-py3.10.egg-info' (and everything under it)
[17.011s] Copying ../../build/accountant/accountant.egg-info to /home/saba/workspaces/ramen_robot_ws/install/accountant/lib/python3.10/site-packages/accountant-0.0.0-py3.10.egg-info
[17.015s] running install_scripts
[17.447s] Installing accountant_node script to /home/saba/workspaces/ramen_robot_ws/install/accountant/lib/accountant
[17.448s] writing list of installed files to '/home/saba/workspaces/ramen_robot_ws/build/accountant/install.log'
[18.882s] Invoked command in '/home/saba/workspaces/ramen_robot_ws/src/accountant' returned '0': PYTHONPATH=/home/saba/workspaces/ramen_robot_ws/build/accountant/prefix_override:/usr/lib/python3/dist-packages/colcon_core/task/python/colcon_distutils_commands:/home/saba/workspaces/ramen_robot_ws/install/accountant/lib/python3.10/site-packages:${PYTHONPATH} /usr/bin/python3 -W ignore:setup.py install is deprecated setup.py egg_info --egg-base ../../build/accountant build --build-base /home/saba/workspaces/ramen_robot_ws/build/accountant/build install --record /home/saba/workspaces/ramen_robot_ws/build/accountant/install.log --single-version-externally-managed install_data
