[0.036s] Invoking command in '/home/saba/workspaces/ramen_robot_ws/build/is-ros2-mix-generator': CMAKE_PREFIX_PATH=/home/saba/workspaces/ramen_robot_ws/install/is-ros2:/home/saba/workspaces/ramen_robot_ws/install/is-mock:/home/saba/workspaces/ramen_robot_ws/install/is-core:/home/saba/workspaces/myagv_ws/install/sllidar_ros2:/home/saba/workspaces/myagv_ws/install/myagv_description:/home/saba/workspaces/myagv_ws/install/apriltag_ros:/home/saba/workspaces/myagv_ws/install/apriltag:/home/saba/workspaces/myagv_ws/install/myagv_slam:/home/saba/workspaces/myagv_ws/install/myagv_navigation:/home/saba/workspaces/myagv_ws/install/myagv_joy:/home/saba/workspaces/myagv_ws/install/myagv_communication:/home/saba/workspaces/myagv_ws/install/myagv_bringup:/home/saba/workspaces/ramen_robot_ws/install/ramen_robot_launch:/home/saba/workspaces/ramen_robot_ws/install/ur5:/home/saba/workspaces/ramen_robot_ws/install/ur3:/home/saba/workspaces/ramen_robot_ws/install/agv:/home/saba/workspaces/ramen_robot_ws/install/accountant:/home/saba/ramen_robot_ws/install/ramen_robot_launch:/home/saba/ramen_robot_ws/install/usb_cam:/home/saba/ramen_robot_ws/install/ur5_controller:/home/saba/ramen_robot_ws/install/ur3_controller:/home/saba/ramen_robot_ws/install/pork_yolo:/home/saba/ramen_robot_ws/install/image_recognition:/home/saba/ramen_robot_ws/install/depth_anything:/home/saba/ramen_robot_ws/install/agv_commander:/home/saba/ramen_robot_ws/install/agv3:/home/saba/ramen_robot_ws/install/agv2:/home/saba/ramen_robot_ws/install/agv1:/home/saba/ramen_robot_ws/install/accountant:/opt/ros/humble LD_LIBRARY_PATH=/home/saba/workspaces/ramen_robot_ws/install/is-ros2/lib:/home/saba/workspaces/ramen_robot_ws/install/is-mock/lib:/home/saba/workspaces/ramen_robot_ws/install/is-core/lib:${LD_LIBRARY_PATH} PATH=/home/saba/workspaces/ramen_robot_ws/install/is-core/bin:${PATH} /usr/bin/cmake --build /home/saba/workspaces/ramen_robot_ws/build/is-ros2-mix-generator -- -j16 -l16
[0.168s] [  8%] Built target is-rosidl-ros2-builtin_interfaces-mix
[0.275s] [100%] Built target is-rosidl-ros2-std_msgs-mix
[0.293s] Invoked command in '/home/saba/workspaces/ramen_robot_ws/build/is-ros2-mix-generator' returned '0': CMAKE_PREFIX_PATH=/home/saba/workspaces/ramen_robot_ws/install/is-ros2:/home/saba/workspaces/ramen_robot_ws/install/is-mock:/home/saba/workspaces/ramen_robot_ws/install/is-core:/home/saba/workspaces/myagv_ws/install/sllidar_ros2:/home/saba/workspaces/myagv_ws/install/myagv_description:/home/saba/workspaces/myagv_ws/install/apriltag_ros:/home/saba/workspaces/myagv_ws/install/apriltag:/home/saba/workspaces/myagv_ws/install/myagv_slam:/home/saba/workspaces/myagv_ws/install/myagv_navigation:/home/saba/workspaces/myagv_ws/install/myagv_joy:/home/saba/workspaces/myagv_ws/install/myagv_communication:/home/saba/workspaces/myagv_ws/install/myagv_bringup:/home/saba/workspaces/ramen_robot_ws/install/ramen_robot_launch:/home/saba/workspaces/ramen_robot_ws/install/ur5:/home/saba/workspaces/ramen_robot_ws/install/ur3:/home/saba/workspaces/ramen_robot_ws/install/agv:/home/saba/workspaces/ramen_robot_ws/install/accountant:/home/saba/ramen_robot_ws/install/ramen_robot_launch:/home/saba/ramen_robot_ws/install/usb_cam:/home/saba/ramen_robot_ws/install/ur5_controller:/home/saba/ramen_robot_ws/install/ur3_controller:/home/saba/ramen_robot_ws/install/pork_yolo:/home/saba/ramen_robot_ws/install/image_recognition:/home/saba/ramen_robot_ws/install/depth_anything:/home/saba/ramen_robot_ws/install/agv_commander:/home/saba/ramen_robot_ws/install/agv3:/home/saba/ramen_robot_ws/install/agv2:/home/saba/ramen_robot_ws/install/agv1:/home/saba/ramen_robot_ws/install/accountant:/opt/ros/humble LD_LIBRARY_PATH=/home/saba/workspaces/ramen_robot_ws/install/is-ros2/lib:/home/saba/workspaces/ramen_robot_ws/install/is-mock/lib:/home/saba/workspaces/ramen_robot_ws/install/is-core/lib:${LD_LIBRARY_PATH} PATH=/home/saba/workspaces/ramen_robot_ws/install/is-core/bin:${PATH} /usr/bin/cmake --build /home/saba/workspaces/ramen_robot_ws/build/is-ros2-mix-generator -- -j16 -l16
[0.459s] Invoking command in '/home/saba/workspaces/ramen_robot_ws/build/is-ros2-mix-generator': CMAKE_PREFIX_PATH=/home/saba/workspaces/ramen_robot_ws/install/is-ros2:/home/saba/workspaces/ramen_robot_ws/install/is-mock:/home/saba/workspaces/ramen_robot_ws/install/is-core:/home/saba/workspaces/myagv_ws/install/sllidar_ros2:/home/saba/workspaces/myagv_ws/install/myagv_description:/home/saba/workspaces/myagv_ws/install/apriltag_ros:/home/saba/workspaces/myagv_ws/install/apriltag:/home/saba/workspaces/myagv_ws/install/myagv_slam:/home/saba/workspaces/myagv_ws/install/myagv_navigation:/home/saba/workspaces/myagv_ws/install/myagv_joy:/home/saba/workspaces/myagv_ws/install/myagv_communication:/home/saba/workspaces/myagv_ws/install/myagv_bringup:/home/saba/workspaces/ramen_robot_ws/install/ramen_robot_launch:/home/saba/workspaces/ramen_robot_ws/install/ur5:/home/saba/workspaces/ramen_robot_ws/install/ur3:/home/saba/workspaces/ramen_robot_ws/install/agv:/home/saba/workspaces/ramen_robot_ws/install/accountant:/home/saba/ramen_robot_ws/install/ramen_robot_launch:/home/saba/ramen_robot_ws/install/usb_cam:/home/saba/ramen_robot_ws/install/ur5_controller:/home/saba/ramen_robot_ws/install/ur3_controller:/home/saba/ramen_robot_ws/install/pork_yolo:/home/saba/ramen_robot_ws/install/image_recognition:/home/saba/ramen_robot_ws/install/depth_anything:/home/saba/ramen_robot_ws/install/agv_commander:/home/saba/ramen_robot_ws/install/agv3:/home/saba/ramen_robot_ws/install/agv2:/home/saba/ramen_robot_ws/install/agv1:/home/saba/ramen_robot_ws/install/accountant:/opt/ros/humble LD_LIBRARY_PATH=/home/saba/workspaces/ramen_robot_ws/install/is-ros2/lib:/home/saba/workspaces/ramen_robot_ws/install/is-mock/lib:/home/saba/workspaces/ramen_robot_ws/install/is-core/lib:${LD_LIBRARY_PATH} PATH=/home/saba/workspaces/ramen_robot_ws/install/is-core/bin:${PATH} /usr/bin/cmake --install /home/saba/workspaces/ramen_robot_ws/build/is-ros2-mix-generator
[0.469s] -- Install configuration: ""
[0.469s] -- Up-to-date: /home/saba/workspaces/ramen_robot_ws/install/is-ros2-mix-generator/lib/libis-rosidl-ros2-std_msgs-mix.so
[0.470s] -- Up-to-date: /home/saba/workspaces/ramen_robot_ws/install/is-ros2-mix-generator/lib/is
[0.470s] -- Up-to-date: /home/saba/workspaces/ramen_robot_ws/install/is-ros2-mix-generator/lib/is/ros2
[0.470s] -- Up-to-date: /home/saba/workspaces/ramen_robot_ws/install/is-ros2-mix-generator/lib/is/ros2/msg
[0.470s] -- Up-to-date: /home/saba/workspaces/ramen_robot_ws/install/is-ros2-mix-generator/lib/is/ros2/msg/std_msgs
[0.470s] -- Up-to-date: /home/saba/workspaces/ramen_robot_ws/install/is-ros2-mix-generator/lib/is/ros2/msg/std_msgs/Int8.mix
[0.471s] -- Up-to-date: /home/saba/workspaces/ramen_robot_ws/install/is-ros2-mix-generator/lib/is/ros2/msg/std_msgs/Float64MultiArray.mix
[0.471s] -- Up-to-date: /home/saba/workspaces/ramen_robot_ws/install/is-ros2-mix-generator/lib/is/ros2/msg/std_msgs/Int64MultiArray.mix
[0.471s] -- Up-to-date: /home/saba/workspaces/ramen_robot_ws/install/is-ros2-mix-generator/lib/is/ros2/msg/std_msgs/Int8MultiArray.mix
[0.471s] -- Up-to-date: /home/saba/workspaces/ramen_robot_ws/install/is-ros2-mix-generator/lib/is/ros2/msg/std_msgs/Char.mix
[0.471s] -- Up-to-date: /home/saba/workspaces/ramen_robot_ws/install/is-ros2-mix-generator/lib/is/ros2/msg/std_msgs/Int64.mix
[0.471s] -- Up-to-date: /home/saba/workspaces/ramen_robot_ws/install/is-ros2-mix-generator/lib/is/ros2/msg/std_msgs/Float32MultiArray.mix
[0.471s] -- Up-to-date: /home/saba/workspaces/ramen_robot_ws/install/is-ros2-mix-generator/lib/is/ros2/msg/std_msgs/String.mix
[0.471s] -- Up-to-date: /home/saba/workspaces/ramen_robot_ws/install/is-ros2-mix-generator/lib/is/ros2/msg/std_msgs/UInt32MultiArray.mix
[0.471s] -- Up-to-date: /home/saba/workspaces/ramen_robot_ws/install/is-ros2-mix-generator/lib/is/ros2/msg/std_msgs/MultiArrayLayout.mix
[0.471s] -- Up-to-date: /home/saba/workspaces/ramen_robot_ws/install/is-ros2-mix-generator/lib/is/ros2/msg/std_msgs/UInt64.mix
[0.471s] -- Up-to-date: /home/saba/workspaces/ramen_robot_ws/install/is-ros2-mix-generator/lib/is/ros2/msg/std_msgs/UInt8MultiArray.mix
[0.472s] -- Up-to-date: /home/saba/workspaces/ramen_robot_ws/install/is-ros2-mix-generator/lib/is/ros2/msg/std_msgs/Int32MultiArray.mix
[0.472s] -- Up-to-date: /home/saba/workspaces/ramen_robot_ws/install/is-ros2-mix-generator/lib/is/ros2/msg/std_msgs/UInt16.mix
[0.472s] -- Up-to-date: /home/saba/workspaces/ramen_robot_ws/install/is-ros2-mix-generator/lib/is/ros2/msg/std_msgs/Int32.mix
[0.472s] -- Up-to-date: /home/saba/workspaces/ramen_robot_ws/install/is-ros2-mix-generator/lib/is/ros2/msg/std_msgs/UInt32.mix
[0.472s] -- Up-to-date: /home/saba/workspaces/ramen_robot_ws/install/is-ros2-mix-generator/lib/is/ros2/msg/std_msgs/Bool.mix
[0.472s] -- Up-to-date: /home/saba/workspaces/ramen_robot_ws/install/is-ros2-mix-generator/lib/is/ros2/msg/std_msgs/UInt64MultiArray.mix
[0.472s] -- Up-to-date: /home/saba/workspaces/ramen_robot_ws/install/is-ros2-mix-generator/lib/is/ros2/msg/std_msgs/Float64.mix
[0.472s] -- Up-to-date: /home/saba/workspaces/ramen_robot_ws/install/is-ros2-mix-generator/lib/is/ros2/msg/std_msgs/Empty.mix
[0.472s] -- Up-to-date: /home/saba/workspaces/ramen_robot_ws/install/is-ros2-mix-generator/lib/is/ros2/msg/std_msgs/UInt8.mix
[0.472s] -- Up-to-date: /home/saba/workspaces/ramen_robot_ws/install/is-ros2-mix-generator/lib/is/ros2/msg/std_msgs/Int16MultiArray.mix
[0.473s] -- Up-to-date: /home/saba/workspaces/ramen_robot_ws/install/is-ros2-mix-generator/lib/is/ros2/msg/std_msgs/ByteMultiArray.mix
[0.473s] -- Up-to-date: /home/saba/workspaces/ramen_robot_ws/install/is-ros2-mix-generator/lib/is/ros2/msg/std_msgs/Float32.mix
[0.473s] -- Up-to-date: /home/saba/workspaces/ramen_robot_ws/install/is-ros2-mix-generator/lib/is/ros2/msg/std_msgs/ColorRGBA.mix
[0.473s] -- Up-to-date: /home/saba/workspaces/ramen_robot_ws/install/is-ros2-mix-generator/lib/is/ros2/msg/std_msgs/Int16.mix
[0.473s] -- Up-to-date: /home/saba/workspaces/ramen_robot_ws/install/is-ros2-mix-generator/lib/is/ros2/msg/std_msgs/MultiArrayDimension.mix
[0.473s] -- Up-to-date: /home/saba/workspaces/ramen_robot_ws/install/is-ros2-mix-generator/lib/is/ros2/msg/std_msgs/UInt16MultiArray.mix
[0.473s] -- Up-to-date: /home/saba/workspaces/ramen_robot_ws/install/is-ros2-mix-generator/lib/is/ros2/msg/std_msgs/Byte.mix
[0.473s] -- Up-to-date: /home/saba/workspaces/ramen_robot_ws/install/is-ros2-mix-generator/lib/is/ros2/msg/std_msgs/Header.mix
[0.474s] -- Up-to-date: /home/saba/workspaces/ramen_robot_ws/install/is-ros2-mix-generator/lib/is/ros2/msg/builtin_interfaces
[0.474s] -- Up-to-date: /home/saba/workspaces/ramen_robot_ws/install/is-ros2-mix-generator/lib/is/ros2/msg/builtin_interfaces/Time.mix
[0.474s] -- Up-to-date: /home/saba/workspaces/ramen_robot_ws/install/is-ros2-mix-generator/lib/is/ros2/msg/builtin_interfaces/Duration.mix
[0.474s] -- Up-to-date: /home/saba/workspaces/ramen_robot_ws/install/is-ros2-mix-generator/lib/libis-rosidl-ros2-builtin_interfaces-mix.so
[0.474s] -- Up-to-date: /home/saba/workspaces/ramen_robot_ws/install/is-ros2-mix-generator/lib/is
[0.474s] -- Up-to-date: /home/saba/workspaces/ramen_robot_ws/install/is-ros2-mix-generator/lib/is/ros2
[0.474s] -- Up-to-date: /home/saba/workspaces/ramen_robot_ws/install/is-ros2-mix-generator/lib/is/ros2/msg
[0.474s] -- Up-to-date: /home/saba/workspaces/ramen_robot_ws/install/is-ros2-mix-generator/lib/is/ros2/msg/std_msgs
[0.474s] -- Up-to-date: /home/saba/workspaces/ramen_robot_ws/install/is-ros2-mix-generator/lib/is/ros2/msg/std_msgs/Int8.mix
[0.475s] -- Up-to-date: /home/saba/workspaces/ramen_robot_ws/install/is-ros2-mix-generator/lib/is/ros2/msg/std_msgs/Float64MultiArray.mix
[0.475s] -- Up-to-date: /home/saba/workspaces/ramen_robot_ws/install/is-ros2-mix-generator/lib/is/ros2/msg/std_msgs/Int64MultiArray.mix
[0.475s] -- Up-to-date: /home/saba/workspaces/ramen_robot_ws/install/is-ros2-mix-generator/lib/is/ros2/msg/std_msgs/Int8MultiArray.mix
[0.475s] -- Up-to-date: /home/saba/workspaces/ramen_robot_ws/install/is-ros2-mix-generator/lib/is/ros2/msg/std_msgs/Char.mix
[0.475s] -- Up-to-date: /home/saba/workspaces/ramen_robot_ws/install/is-ros2-mix-generator/lib/is/ros2/msg/std_msgs/Int64.mix
[0.475s] -- Up-to-date: /home/saba/workspaces/ramen_robot_ws/install/is-ros2-mix-generator/lib/is/ros2/msg/std_msgs/Float32MultiArray.mix
[0.475s] -- Up-to-date: /home/saba/workspaces/ramen_robot_ws/install/is-ros2-mix-generator/lib/is/ros2/msg/std_msgs/String.mix
[0.475s] -- Up-to-date: /home/saba/workspaces/ramen_robot_ws/install/is-ros2-mix-generator/lib/is/ros2/msg/std_msgs/UInt32MultiArray.mix
[0.475s] -- Up-to-date: /home/saba/workspaces/ramen_robot_ws/install/is-ros2-mix-generator/lib/is/ros2/msg/std_msgs/MultiArrayLayout.mix
[0.475s] -- Up-to-date: /home/saba/workspaces/ramen_robot_ws/install/is-ros2-mix-generator/lib/is/ros2/msg/std_msgs/UInt64.mix
[0.475s] -- Up-to-date: /home/saba/workspaces/ramen_robot_ws/install/is-ros2-mix-generator/lib/is/ros2/msg/std_msgs/UInt8MultiArray.mix
[0.476s] -- Up-to-date: /home/saba/workspaces/ramen_robot_ws/install/is-ros2-mix-generator/lib/is/ros2/msg/std_msgs/Int32MultiArray.mix
[0.476s] -- Up-to-date: /home/saba/workspaces/ramen_robot_ws/install/is-ros2-mix-generator/lib/is/ros2/msg/std_msgs/UInt16.mix
[0.476s] -- Up-to-date: /home/saba/workspaces/ramen_robot_ws/install/is-ros2-mix-generator/lib/is/ros2/msg/std_msgs/Int32.mix
[0.476s] -- Up-to-date: /home/saba/workspaces/ramen_robot_ws/install/is-ros2-mix-generator/lib/is/ros2/msg/std_msgs/UInt32.mix
[0.476s] -- Up-to-date: /home/saba/workspaces/ramen_robot_ws/install/is-ros2-mix-generator/lib/is/ros2/msg/std_msgs/Bool.mix
[0.476s] -- Up-to-date: /home/saba/workspaces/ramen_robot_ws/install/is-ros2-mix-generator/lib/is/ros2/msg/std_msgs/UInt64MultiArray.mix
[0.476s] -- Up-to-date: /home/saba/workspaces/ramen_robot_ws/install/is-ros2-mix-generator/lib/is/ros2/msg/std_msgs/Float64.mix
[0.476s] -- Up-to-date: /home/saba/workspaces/ramen_robot_ws/install/is-ros2-mix-generator/lib/is/ros2/msg/std_msgs/Empty.mix
[0.476s] -- Up-to-date: /home/saba/workspaces/ramen_robot_ws/install/is-ros2-mix-generator/lib/is/ros2/msg/std_msgs/UInt8.mix
[0.477s] -- Up-to-date: /home/saba/workspaces/ramen_robot_ws/install/is-ros2-mix-generator/lib/is/ros2/msg/std_msgs/Int16MultiArray.mix
[0.477s] -- Up-to-date: /home/saba/workspaces/ramen_robot_ws/install/is-ros2-mix-generator/lib/is/ros2/msg/std_msgs/ByteMultiArray.mix
[0.477s] -- Up-to-date: /home/saba/workspaces/ramen_robot_ws/install/is-ros2-mix-generator/lib/is/ros2/msg/std_msgs/Float32.mix
[0.477s] -- Up-to-date: /home/saba/workspaces/ramen_robot_ws/install/is-ros2-mix-generator/lib/is/ros2/msg/std_msgs/ColorRGBA.mix
[0.477s] -- Up-to-date: /home/saba/workspaces/ramen_robot_ws/install/is-ros2-mix-generator/lib/is/ros2/msg/std_msgs/Int16.mix
[0.478s] -- Up-to-date: /home/saba/workspaces/ramen_robot_ws/install/is-ros2-mix-generator/lib/is/ros2/msg/std_msgs/MultiArrayDimension.mix
[0.478s] -- Up-to-date: /home/saba/workspaces/ramen_robot_ws/install/is-ros2-mix-generator/lib/is/ros2/msg/std_msgs/UInt16MultiArray.mix
[0.478s] -- Up-to-date: /home/saba/workspaces/ramen_robot_ws/install/is-ros2-mix-generator/lib/is/ros2/msg/std_msgs/Byte.mix
[0.478s] -- Up-to-date: /home/saba/workspaces/ramen_robot_ws/install/is-ros2-mix-generator/lib/is/ros2/msg/std_msgs/Header.mix
[0.478s] -- Up-to-date: /home/saba/workspaces/ramen_robot_ws/install/is-ros2-mix-generator/lib/is/ros2/msg/builtin_interfaces
[0.478s] -- Up-to-date: /home/saba/workspaces/ramen_robot_ws/install/is-ros2-mix-generator/lib/is/ros2/msg/builtin_interfaces/Time.mix
[0.478s] -- Up-to-date: /home/saba/workspaces/ramen_robot_ws/install/is-ros2-mix-generator/lib/is/ros2/msg/builtin_interfaces/Duration.mix
[0.478s] -- Up-to-date: /home/saba/workspaces/ramen_robot_ws/install/is-ros2-mix-generator/lib/cmake/is-ros2-mix-generator/is-ros2-mix-generatorConfig.cmake
[0.479s] Invoked command in '/home/saba/workspaces/ramen_robot_ws/build/is-ros2-mix-generator' returned '0': CMAKE_PREFIX_PATH=/home/saba/workspaces/ramen_robot_ws/install/is-ros2:/home/saba/workspaces/ramen_robot_ws/install/is-mock:/home/saba/workspaces/ramen_robot_ws/install/is-core:/home/saba/workspaces/myagv_ws/install/sllidar_ros2:/home/saba/workspaces/myagv_ws/install/myagv_description:/home/saba/workspaces/myagv_ws/install/apriltag_ros:/home/saba/workspaces/myagv_ws/install/apriltag:/home/saba/workspaces/myagv_ws/install/myagv_slam:/home/saba/workspaces/myagv_ws/install/myagv_navigation:/home/saba/workspaces/myagv_ws/install/myagv_joy:/home/saba/workspaces/myagv_ws/install/myagv_communication:/home/saba/workspaces/myagv_ws/install/myagv_bringup:/home/saba/workspaces/ramen_robot_ws/install/ramen_robot_launch:/home/saba/workspaces/ramen_robot_ws/install/ur5:/home/saba/workspaces/ramen_robot_ws/install/ur3:/home/saba/workspaces/ramen_robot_ws/install/agv:/home/saba/workspaces/ramen_robot_ws/install/accountant:/home/saba/ramen_robot_ws/install/ramen_robot_launch:/home/saba/ramen_robot_ws/install/usb_cam:/home/saba/ramen_robot_ws/install/ur5_controller:/home/saba/ramen_robot_ws/install/ur3_controller:/home/saba/ramen_robot_ws/install/pork_yolo:/home/saba/ramen_robot_ws/install/image_recognition:/home/saba/ramen_robot_ws/install/depth_anything:/home/saba/ramen_robot_ws/install/agv_commander:/home/saba/ramen_robot_ws/install/agv3:/home/saba/ramen_robot_ws/install/agv2:/home/saba/ramen_robot_ws/install/agv1:/home/saba/ramen_robot_ws/install/accountant:/opt/ros/humble LD_LIBRARY_PATH=/home/saba/workspaces/ramen_robot_ws/install/is-ros2/lib:/home/saba/workspaces/ramen_robot_ws/install/is-mock/lib:/home/saba/workspaces/ramen_robot_ws/install/is-core/lib:${LD_LIBRARY_PATH} PATH=/home/saba/workspaces/ramen_robot_ws/install/is-core/bin:${PATH} /usr/bin/cmake --install /home/saba/workspaces/ramen_robot_ws/build/is-ros2-mix-generator
