-- The C compiler identification is GNU 11.4.0
-- The CXX compiler identification is GNU 11.4.0
-- Detecting C compiler ABI info
-- Detecting C compiler ABI info - done
-- Check for working C compiler: /usr/bin/cc - skipped
-- Detecting C compile features
-- Detecting C compile features - done
-- Detecting CXX compiler ABI info
-- Detecting CXX compiler ABI info - done
-- Check for working CXX compiler: /usr/bin/c++ - skipped
-- Detecting CXX compile features
-- Detecting CXX compile features - done
-- Found rosidl_parser: 3.1.5 (/opt/ros/humble/share/rosidl_parser/cmake)
-- Found rclcpp: 16.0.10 (/opt/ros/humble/share/rclcpp/cmake)
-- Found Python3: /usr/bin/python3 (found version "3.10.12") found components: Interpreter 
-- Found rosidl_generator_c: 3.1.5 (/opt/ros/humble/share/rosidl_generator_c/cmake)
-- Found rosidl_adapter: 3.1.5 (/opt/ros/humble/share/rosidl_adapter/cmake)
-- Found rosidl_generator_cpp: 3.1.5 (/opt/ros/humble/share/rosidl_generator_cpp/cmake)
-- Using all available rosidl_typesupport_c: rosidl_typesupport_fastrtps_c;rosidl_typesupport_introspection_c
-- Using all available rosidl_typesupport_cpp: rosidl_typesupport_fastrtps_cpp;rosidl_typesupport_introspection_cpp
-- Found rmw_implementation_cmake: 6.1.2 (/opt/ros/humble/share/rmw_implementation_cmake/cmake)
-- Found rmw_cyclonedds_cpp: 1.3.4 (/opt/ros/humble/share/rmw_cyclonedds_cpp/cmake)
-- Using RMW implementation 'rmw_cyclonedds_cpp' as default
-- Looking for pthread.h
-- Looking for pthread.h - found
-- Performing Test CMAKE_HAVE_LIBC_PTHREAD
-- Performing Test CMAKE_HAVE_LIBC_PTHREAD - Success
-- Found Threads: TRUE  
-- Could not find [ros2] mix for package [std_msgs] required by [the user]. The [ros2] mix for [std_msgs] will be automatically generated.
-- Could not find [ros2] mix for package [builtin_interfaces] required by [std_msgs]. The [ros2] mix for [builtin_interfaces] will be automatically generated.
-- Configuring [std_msgs] mix library for [ros2] middleware
-- Configuring [builtin_interfaces] mix library for [ros2] middleware
-- Configuring done
-- Generating done
-- Build files have been written to: /home/saba/workspaces/ramen_robot_ws/build/is-ros2-mix-generator
[  2%] [32mBuilding CXX object CMakeFiles/is-rosidl-ros2-builtin_interfaces-mix.dir/is/rosidl/ros2/builtin_interfaces/src/msg/convert__msg__Time.cpp.o[0m
[  5%] [32mBuilding CXX object CMakeFiles/is-rosidl-ros2-builtin_interfaces-mix.dir/is/rosidl/ros2/builtin_interfaces/src/msg/convert__msg__Duration.cpp.o[0m
[  8%] [32m[1mLinking CXX shared library is/rosidl/ros2/lib/libis-rosidl-ros2-builtin_interfaces-mix.so[0m
[  8%] Built target is-rosidl-ros2-builtin_interfaces-mix
[ 14%] [32mBuilding CXX object CMakeFiles/is-rosidl-ros2-std_msgs-mix.dir/is/rosidl/ros2/std_msgs/src/msg/convert__msg__Bool.cpp.o[0m
[ 14%] [32mBuilding CXX object CMakeFiles/is-rosidl-ros2-std_msgs-mix.dir/is/rosidl/ros2/std_msgs/src/msg/convert__msg__Empty.cpp.o[0m
[ 20%] [32mBuilding CXX object CMakeFiles/is-rosidl-ros2-std_msgs-mix.dir/is/rosidl/ros2/std_msgs/src/msg/convert__msg__Char.cpp.o[0m
[ 20%] [32mBuilding CXX object CMakeFiles/is-rosidl-ros2-std_msgs-mix.dir/is/rosidl/ros2/std_msgs/src/msg/convert__msg__ByteMultiArray.cpp.o[0m
[ 23%] [32mBuilding CXX object CMakeFiles/is-rosidl-ros2-std_msgs-mix.dir/is/rosidl/ros2/std_msgs/src/msg/convert__msg__Byte.cpp.o[0m
[ 26%] [32mBuilding CXX object CMakeFiles/is-rosidl-ros2-std_msgs-mix.dir/is/rosidl/ros2/std_msgs/src/msg/convert__msg__ColorRGBA.cpp.o[0m
[ 32%] [32mBuilding CXX object CMakeFiles/is-rosidl-ros2-std_msgs-mix.dir/is/rosidl/ros2/std_msgs/src/msg/convert__msg__Float32.cpp.o[0m
[ 32%] [32mBuilding CXX object CMakeFiles/is-rosidl-ros2-std_msgs-mix.dir/is/rosidl/ros2/std_msgs/src/msg/convert__msg__Float32MultiArray.cpp.o[0m
[ 35%] [32mBuilding CXX object CMakeFiles/is-rosidl-ros2-std_msgs-mix.dir/is/rosidl/ros2/std_msgs/src/msg/convert__msg__Float64MultiArray.cpp.o[0m
[ 38%] [32mBuilding CXX object CMakeFiles/is-rosidl-ros2-std_msgs-mix.dir/is/rosidl/ros2/std_msgs/src/msg/convert__msg__Float64.cpp.o[0m
[ 41%] [32mBuilding CXX object CMakeFiles/is-rosidl-ros2-std_msgs-mix.dir/is/rosidl/ros2/std_msgs/src/msg/convert__msg__Header.cpp.o[0m
[ 44%] [32mBuilding CXX object CMakeFiles/is-rosidl-ros2-std_msgs-mix.dir/is/rosidl/ros2/std_msgs/src/msg/convert__msg__Int16MultiArray.cpp.o[0m
[ 50%] [32mBuilding CXX object CMakeFiles/is-rosidl-ros2-std_msgs-mix.dir/is/rosidl/ros2/std_msgs/src/msg/convert__msg__Int32.cpp.o[0m
[ 50%] [32mBuilding CXX object CMakeFiles/is-rosidl-ros2-std_msgs-mix.dir/is/rosidl/ros2/std_msgs/src/msg/convert__msg__Int16.cpp.o[0m
[ 52%] [32mBuilding CXX object CMakeFiles/is-rosidl-ros2-std_msgs-mix.dir/is/rosidl/ros2/std_msgs/src/msg/convert__msg__Int32MultiArray.cpp.o[0m
[ 55%] [32mBuilding CXX object CMakeFiles/is-rosidl-ros2-std_msgs-mix.dir/is/rosidl/ros2/std_msgs/src/msg/convert__msg__Int64.cpp.o[0m
[ 58%] [32mBuilding CXX object CMakeFiles/is-rosidl-ros2-std_msgs-mix.dir/is/rosidl/ros2/std_msgs/src/msg/convert__msg__Int64MultiArray.cpp.o[0m
[ 61%] [32mBuilding CXX object CMakeFiles/is-rosidl-ros2-std_msgs-mix.dir/is/rosidl/ros2/std_msgs/src/msg/convert__msg__Int8.cpp.o[0m
[ 64%] [32mBuilding CXX object CMakeFiles/is-rosidl-ros2-std_msgs-mix.dir/is/rosidl/ros2/std_msgs/src/msg/convert__msg__Int8MultiArray.cpp.o[0m
[ 67%] [32mBuilding CXX object CMakeFiles/is-rosidl-ros2-std_msgs-mix.dir/is/rosidl/ros2/std_msgs/src/msg/convert__msg__MultiArrayDimension.cpp.o[0m
[ 70%] [32mBuilding CXX object CMakeFiles/is-rosidl-ros2-std_msgs-mix.dir/is/rosidl/ros2/std_msgs/src/msg/convert__msg__MultiArrayLayout.cpp.o[0m
[ 73%] [32mBuilding CXX object CMakeFiles/is-rosidl-ros2-std_msgs-mix.dir/is/rosidl/ros2/std_msgs/src/msg/convert__msg__String.cpp.o[0m
[ 76%] [32mBuilding CXX object CMakeFiles/is-rosidl-ros2-std_msgs-mix.dir/is/rosidl/ros2/std_msgs/src/msg/convert__msg__UInt16.cpp.o[0m
[ 79%] [32mBuilding CXX object CMakeFiles/is-rosidl-ros2-std_msgs-mix.dir/is/rosidl/ros2/std_msgs/src/msg/convert__msg__UInt16MultiArray.cpp.o[0m
[ 82%] [32mBuilding CXX object CMakeFiles/is-rosidl-ros2-std_msgs-mix.dir/is/rosidl/ros2/std_msgs/src/msg/convert__msg__UInt32.cpp.o[0m
[ 85%] [32mBuilding CXX object CMakeFiles/is-rosidl-ros2-std_msgs-mix.dir/is/rosidl/ros2/std_msgs/src/msg/convert__msg__UInt32MultiArray.cpp.o[0m
[ 88%] [32mBuilding CXX object CMakeFiles/is-rosidl-ros2-std_msgs-mix.dir/is/rosidl/ros2/std_msgs/src/msg/convert__msg__UInt64.cpp.o[0m
[ 91%] [32mBuilding CXX object CMakeFiles/is-rosidl-ros2-std_msgs-mix.dir/is/rosidl/ros2/std_msgs/src/msg/convert__msg__UInt64MultiArray.cpp.o[0m
[ 94%] [32mBuilding CXX object CMakeFiles/is-rosidl-ros2-std_msgs-mix.dir/is/rosidl/ros2/std_msgs/src/msg/convert__msg__UInt8.cpp.o[0m
[ 97%] [32mBuilding CXX object CMakeFiles/is-rosidl-ros2-std_msgs-mix.dir/is/rosidl/ros2/std_msgs/src/msg/convert__msg__UInt8MultiArray.cpp.o[0m
[100%] [32m[1mLinking CXX shared library is/rosidl/ros2/lib/libis-rosidl-ros2-std_msgs-mix.so[0m
[100%] Built target is-rosidl-ros2-std_msgs-mix
-- Install configuration: ""
-- Installing: /home/saba/workspaces/ramen_robot_ws/install/is-ros2-mix-generator/lib/libis-rosidl-ros2-std_msgs-mix.so
-- Set runtime path of "/home/saba/workspaces/ramen_robot_ws/install/is-ros2-mix-generator/lib/libis-rosidl-ros2-std_msgs-mix.so" to ""
-- Installing: /home/saba/workspaces/ramen_robot_ws/install/is-ros2-mix-generator/lib/is
-- Installing: /home/saba/workspaces/ramen_robot_ws/install/is-ros2-mix-generator/lib/is/ros2
-- Installing: /home/saba/workspaces/ramen_robot_ws/install/is-ros2-mix-generator/lib/is/ros2/msg
-- Installing: /home/saba/workspaces/ramen_robot_ws/install/is-ros2-mix-generator/lib/is/ros2/msg/std_msgs
-- Installing: /home/saba/workspaces/ramen_robot_ws/install/is-ros2-mix-generator/lib/is/ros2/msg/std_msgs/Int8.mix
-- Installing: /home/saba/workspaces/ramen_robot_ws/install/is-ros2-mix-generator/lib/is/ros2/msg/std_msgs/Float64MultiArray.mix
-- Installing: /home/saba/workspaces/ramen_robot_ws/install/is-ros2-mix-generator/lib/is/ros2/msg/std_msgs/Int64MultiArray.mix
-- Installing: /home/saba/workspaces/ramen_robot_ws/install/is-ros2-mix-generator/lib/is/ros2/msg/std_msgs/Int8MultiArray.mix
-- Installing: /home/saba/workspaces/ramen_robot_ws/install/is-ros2-mix-generator/lib/is/ros2/msg/std_msgs/Char.mix
-- Installing: /home/saba/workspaces/ramen_robot_ws/install/is-ros2-mix-generator/lib/is/ros2/msg/std_msgs/Int64.mix
-- Installing: /home/saba/workspaces/ramen_robot_ws/install/is-ros2-mix-generator/lib/is/ros2/msg/std_msgs/Float32MultiArray.mix
-- Installing: /home/saba/workspaces/ramen_robot_ws/install/is-ros2-mix-generator/lib/is/ros2/msg/std_msgs/String.mix
-- Installing: /home/saba/workspaces/ramen_robot_ws/install/is-ros2-mix-generator/lib/is/ros2/msg/std_msgs/UInt32MultiArray.mix
-- Installing: /home/saba/workspaces/ramen_robot_ws/install/is-ros2-mix-generator/lib/is/ros2/msg/std_msgs/MultiArrayLayout.mix
-- Installing: /home/saba/workspaces/ramen_robot_ws/install/is-ros2-mix-generator/lib/is/ros2/msg/std_msgs/UInt64.mix
-- Installing: /home/saba/workspaces/ramen_robot_ws/install/is-ros2-mix-generator/lib/is/ros2/msg/std_msgs/UInt8MultiArray.mix
-- Installing: /home/saba/workspaces/ramen_robot_ws/install/is-ros2-mix-generator/lib/is/ros2/msg/std_msgs/Int32MultiArray.mix
-- Installing: /home/saba/workspaces/ramen_robot_ws/install/is-ros2-mix-generator/lib/is/ros2/msg/std_msgs/UInt16.mix
-- Installing: /home/saba/workspaces/ramen_robot_ws/install/is-ros2-mix-generator/lib/is/ros2/msg/std_msgs/Int32.mix
-- Installing: /home/saba/workspaces/ramen_robot_ws/install/is-ros2-mix-generator/lib/is/ros2/msg/std_msgs/UInt32.mix
-- Installing: /home/saba/workspaces/ramen_robot_ws/install/is-ros2-mix-generator/lib/is/ros2/msg/std_msgs/Bool.mix
-- Installing: /home/saba/workspaces/ramen_robot_ws/install/is-ros2-mix-generator/lib/is/ros2/msg/std_msgs/UInt64MultiArray.mix
-- Installing: /home/saba/workspaces/ramen_robot_ws/install/is-ros2-mix-generator/lib/is/ros2/msg/std_msgs/Float64.mix
-- Installing: /home/saba/workspaces/ramen_robot_ws/install/is-ros2-mix-generator/lib/is/ros2/msg/std_msgs/Empty.mix
-- Installing: /home/saba/workspaces/ramen_robot_ws/install/is-ros2-mix-generator/lib/is/ros2/msg/std_msgs/UInt8.mix
-- Installing: /home/saba/workspaces/ramen_robot_ws/install/is-ros2-mix-generator/lib/is/ros2/msg/std_msgs/Int16MultiArray.mix
-- Installing: /home/saba/workspaces/ramen_robot_ws/install/is-ros2-mix-generator/lib/is/ros2/msg/std_msgs/ByteMultiArray.mix
-- Installing: /home/saba/workspaces/ramen_robot_ws/install/is-ros2-mix-generator/lib/is/ros2/msg/std_msgs/Float32.mix
-- Installing: /home/saba/workspaces/ramen_robot_ws/install/is-ros2-mix-generator/lib/is/ros2/msg/std_msgs/ColorRGBA.mix
-- Installing: /home/saba/workspaces/ramen_robot_ws/install/is-ros2-mix-generator/lib/is/ros2/msg/std_msgs/Int16.mix
-- Installing: /home/saba/workspaces/ramen_robot_ws/install/is-ros2-mix-generator/lib/is/ros2/msg/std_msgs/MultiArrayDimension.mix
-- Installing: /home/saba/workspaces/ramen_robot_ws/install/is-ros2-mix-generator/lib/is/ros2/msg/std_msgs/UInt16MultiArray.mix
-- Installing: /home/saba/workspaces/ramen_robot_ws/install/is-ros2-mix-generator/lib/is/ros2/msg/std_msgs/Byte.mix
-- Installing: /home/saba/workspaces/ramen_robot_ws/install/is-ros2-mix-generator/lib/is/ros2/msg/std_msgs/Header.mix
-- Installing: /home/saba/workspaces/ramen_robot_ws/install/is-ros2-mix-generator/lib/is/ros2/msg/builtin_interfaces
-- Installing: /home/saba/workspaces/ramen_robot_ws/install/is-ros2-mix-generator/lib/is/ros2/msg/builtin_interfaces/Time.mix
-- Installing: /home/saba/workspaces/ramen_robot_ws/install/is-ros2-mix-generator/lib/is/ros2/msg/builtin_interfaces/Duration.mix
-- Installing: /home/saba/workspaces/ramen_robot_ws/install/is-ros2-mix-generator/lib/libis-rosidl-ros2-builtin_interfaces-mix.so
-- Set runtime path of "/home/saba/workspaces/ramen_robot_ws/install/is-ros2-mix-generator/lib/libis-rosidl-ros2-builtin_interfaces-mix.so" to ""
-- Up-to-date: /home/saba/workspaces/ramen_robot_ws/install/is-ros2-mix-generator/lib/is
-- Up-to-date: /home/saba/workspaces/ramen_robot_ws/install/is-ros2-mix-generator/lib/is/ros2
-- Up-to-date: /home/saba/workspaces/ramen_robot_ws/install/is-ros2-mix-generator/lib/is/ros2/msg
-- Up-to-date: /home/saba/workspaces/ramen_robot_ws/install/is-ros2-mix-generator/lib/is/ros2/msg/std_msgs
-- Up-to-date: /home/saba/workspaces/ramen_robot_ws/install/is-ros2-mix-generator/lib/is/ros2/msg/std_msgs/Int8.mix
-- Up-to-date: /home/saba/workspaces/ramen_robot_ws/install/is-ros2-mix-generator/lib/is/ros2/msg/std_msgs/Float64MultiArray.mix
-- Up-to-date: /home/saba/workspaces/ramen_robot_ws/install/is-ros2-mix-generator/lib/is/ros2/msg/std_msgs/Int64MultiArray.mix
-- Up-to-date: /home/saba/workspaces/ramen_robot_ws/install/is-ros2-mix-generator/lib/is/ros2/msg/std_msgs/Int8MultiArray.mix
-- Up-to-date: /home/saba/workspaces/ramen_robot_ws/install/is-ros2-mix-generator/lib/is/ros2/msg/std_msgs/Char.mix
-- Up-to-date: /home/saba/workspaces/ramen_robot_ws/install/is-ros2-mix-generator/lib/is/ros2/msg/std_msgs/Int64.mix
-- Up-to-date: /home/saba/workspaces/ramen_robot_ws/install/is-ros2-mix-generator/lib/is/ros2/msg/std_msgs/Float32MultiArray.mix
-- Up-to-date: /home/saba/workspaces/ramen_robot_ws/install/is-ros2-mix-generator/lib/is/ros2/msg/std_msgs/String.mix
-- Up-to-date: /home/saba/workspaces/ramen_robot_ws/install/is-ros2-mix-generator/lib/is/ros2/msg/std_msgs/UInt32MultiArray.mix
-- Up-to-date: /home/saba/workspaces/ramen_robot_ws/install/is-ros2-mix-generator/lib/is/ros2/msg/std_msgs/MultiArrayLayout.mix
-- Up-to-date: /home/saba/workspaces/ramen_robot_ws/install/is-ros2-mix-generator/lib/is/ros2/msg/std_msgs/UInt64.mix
-- Up-to-date: /home/saba/workspaces/ramen_robot_ws/install/is-ros2-mix-generator/lib/is/ros2/msg/std_msgs/UInt8MultiArray.mix
-- Up-to-date: /home/saba/workspaces/ramen_robot_ws/install/is-ros2-mix-generator/lib/is/ros2/msg/std_msgs/Int32MultiArray.mix
-- Up-to-date: /home/saba/workspaces/ramen_robot_ws/install/is-ros2-mix-generator/lib/is/ros2/msg/std_msgs/UInt16.mix
-- Up-to-date: /home/saba/workspaces/ramen_robot_ws/install/is-ros2-mix-generator/lib/is/ros2/msg/std_msgs/Int32.mix
-- Up-to-date: /home/saba/workspaces/ramen_robot_ws/install/is-ros2-mix-generator/lib/is/ros2/msg/std_msgs/UInt32.mix
-- Up-to-date: /home/saba/workspaces/ramen_robot_ws/install/is-ros2-mix-generator/lib/is/ros2/msg/std_msgs/Bool.mix
-- Up-to-date: /home/saba/workspaces/ramen_robot_ws/install/is-ros2-mix-generator/lib/is/ros2/msg/std_msgs/UInt64MultiArray.mix
-- Up-to-date: /home/saba/workspaces/ramen_robot_ws/install/is-ros2-mix-generator/lib/is/ros2/msg/std_msgs/Float64.mix
-- Up-to-date: /home/saba/workspaces/ramen_robot_ws/install/is-ros2-mix-generator/lib/is/ros2/msg/std_msgs/Empty.mix
-- Up-to-date: /home/saba/workspaces/ramen_robot_ws/install/is-ros2-mix-generator/lib/is/ros2/msg/std_msgs/UInt8.mix
-- Up-to-date: /home/saba/workspaces/ramen_robot_ws/install/is-ros2-mix-generator/lib/is/ros2/msg/std_msgs/Int16MultiArray.mix
-- Up-to-date: /home/saba/workspaces/ramen_robot_ws/install/is-ros2-mix-generator/lib/is/ros2/msg/std_msgs/ByteMultiArray.mix
-- Up-to-date: /home/saba/workspaces/ramen_robot_ws/install/is-ros2-mix-generator/lib/is/ros2/msg/std_msgs/Float32.mix
-- Up-to-date: /home/saba/workspaces/ramen_robot_ws/install/is-ros2-mix-generator/lib/is/ros2/msg/std_msgs/ColorRGBA.mix
-- Up-to-date: /home/saba/workspaces/ramen_robot_ws/install/is-ros2-mix-generator/lib/is/ros2/msg/std_msgs/Int16.mix
-- Up-to-date: /home/saba/workspaces/ramen_robot_ws/install/is-ros2-mix-generator/lib/is/ros2/msg/std_msgs/MultiArrayDimension.mix
-- Up-to-date: /home/saba/workspaces/ramen_robot_ws/install/is-ros2-mix-generator/lib/is/ros2/msg/std_msgs/UInt16MultiArray.mix
-- Up-to-date: /home/saba/workspaces/ramen_robot_ws/install/is-ros2-mix-generator/lib/is/ros2/msg/std_msgs/Byte.mix
-- Up-to-date: /home/saba/workspaces/ramen_robot_ws/install/is-ros2-mix-generator/lib/is/ros2/msg/std_msgs/Header.mix
-- Up-to-date: /home/saba/workspaces/ramen_robot_ws/install/is-ros2-mix-generator/lib/is/ros2/msg/builtin_interfaces
-- Up-to-date: /home/saba/workspaces/ramen_robot_ws/install/is-ros2-mix-generator/lib/is/ros2/msg/builtin_interfaces/Time.mix
-- Up-to-date: /home/saba/workspaces/ramen_robot_ws/install/is-ros2-mix-generator/lib/is/ros2/msg/builtin_interfaces/Duration.mix
-- Installing: /home/saba/workspaces/ramen_robot_ws/install/is-ros2-mix-generator/lib/cmake/is-ros2-mix-generator/is-ros2-mix-generatorConfig.cmake
