[0.086s] Invoking command in '/home/saba/workspaces/ramen_robot_ws/build/is-core': /usr/bin/cmake --build /home/saba/workspaces/ramen_robot_ws/build/is-core -- -j16 -l16
[5.625s] [35m[1mConsolidate compiler generated dependencies of target is-core[0m
[5.626s] [ 81%] Built target is-core
[5.626s] [35m[1mConsolidate compiler generated dependencies of target integration-service[0m
[5.626s] [100%] Built target integration-service
[5.629s] Invoked command in '/home/saba/workspaces/ramen_robot_ws/build/is-core' returned '0': /usr/bin/cmake --build /home/saba/workspaces/ramen_robot_ws/build/is-core -- -j16 -l16
[5.746s] Invoking command in '/home/saba/workspaces/ramen_robot_ws/build/is-core': /usr/bin/cmake --install /home/saba/workspaces/ramen_robot_ws/build/is-core
[5.757s] -- Install configuration: ""
[5.757s] -- Up-to-date: /home/saba/workspaces/ramen_robot_ws/install/is-core/lib/libis-core.so.3.1.0
[5.758s] -- Up-to-date: /home/saba/workspaces/ramen_robot_ws/install/is-core/lib/libis-core.so.3.1
[5.758s] -- Up-to-date: /home/saba/workspaces/ramen_robot_ws/install/is-core/lib/libis-core.so
[5.758s] -- Up-to-date: /home/saba/workspaces/ramen_robot_ws/install/is-core/lib/cmake/is-core/is-core-target.cmake
[5.758s] -- Up-to-date: /home/saba/workspaces/ramen_robot_ws/install/is-core/lib/cmake/is-core/is-core-target-noconfig.cmake
[5.759s] -- Up-to-date: /home/saba/workspaces/ramen_robot_ws/install/is-core/include
[5.759s] -- Up-to-date: /home/saba/workspaces/ramen_robot_ws/install/is-core/include/is
[5.759s] -- Up-to-date: /home/saba/workspaces/ramen_robot_ws/install/is-core/include/is/systemhandle
[5.759s] -- Up-to-date: /home/saba/workspaces/ramen_robot_ws/install/is-core/include/is/systemhandle/SystemHandle.hpp
[5.760s] -- Up-to-date: /home/saba/workspaces/ramen_robot_ws/install/is-core/include/is/systemhandle/RegisterSystem.hpp
[5.760s] -- Up-to-date: /home/saba/workspaces/ramen_robot_ws/install/is-core/include/is/systemhandle/SystemHandleFactory.hpp
[5.760s] -- Up-to-date: /home/saba/workspaces/ramen_robot_ws/install/is-core/include/is/utils
[5.760s] -- Up-to-date: /home/saba/workspaces/ramen_robot_ws/install/is-core/include/is/utils/Convert.hpp
[5.760s] -- Up-to-date: /home/saba/workspaces/ramen_robot_ws/install/is-core/include/is/utils/Log.hpp
[5.760s] -- Up-to-date: /home/saba/workspaces/ramen_robot_ws/install/is-core/include/is/config.hpp.in
[5.761s] -- Up-to-date: /home/saba/workspaces/ramen_robot_ws/install/is-core/include/is/core
[5.761s] -- Up-to-date: /home/saba/workspaces/ramen_robot_ws/install/is-core/include/is/core/Config.hpp
[5.761s] -- Up-to-date: /home/saba/workspaces/ramen_robot_ws/install/is-core/include/is/core/Message.hpp
[5.762s] -- Up-to-date: /home/saba/workspaces/ramen_robot_ws/install/is-core/include/is/core/Instance.hpp
[5.762s] -- Up-to-date: /home/saba/workspaces/ramen_robot_ws/install/is-core/include/is/core/runtime
[5.764s] -- Up-to-date: /home/saba/workspaces/ramen_robot_ws/install/is-core/include/is/core/runtime/MiddlewareInterfaceExtension.hpp
[5.764s] -- Up-to-date: /home/saba/workspaces/ramen_robot_ws/install/is-core/include/is/core/runtime/Search.hpp
[5.765s] -- Up-to-date: /home/saba/workspaces/ramen_robot_ws/install/is-core/include/is/core/runtime/FieldToString.hpp
[5.765s] -- Up-to-date: /home/saba/workspaces/ramen_robot_ws/install/is-core/include/is/core/runtime/StringTemplate.hpp
[5.765s] -- Up-to-date: /home/saba/workspaces/ramen_robot_ws/install/is-core/lib/cmake/is-core/is-coreConfig.cmake
[5.766s] -- Up-to-date: /home/saba/workspaces/ramen_robot_ws/install/is-core/bin/integration-service
[5.766s] -- Up-to-date: /home/saba/workspaces/ramen_robot_ws/install/is-core/lib/cmake/is-core/cmake
[5.766s] -- Up-to-date: /home/saba/workspaces/ramen_robot_ws/install/is-core/lib/cmake/is-core/cmake/is_install_middleware_plugin.cmake
[5.766s] -- Up-to-date: /home/saba/workspaces/ramen_robot_ws/install/is-core/lib/cmake/is-core/cmake/is_mix_generator.cmake
[5.766s] -- Up-to-date: /home/saba/workspaces/ramen_robot_ws/install/is-core/lib/cmake/is-core/cmake/is_mix_install_extension.cmake
[5.767s] -- Up-to-date: /home/saba/workspaces/ramen_robot_ws/install/is-core/lib/cmake/is-core/cmake/is_generate_export_header.cmake
[5.767s] -- Up-to-date: /home/saba/workspaces/ramen_robot_ws/install/is-core/lib/cmake/is-core/cmake/common
[5.767s] -- Up-to-date: /home/saba/workspaces/ramen_robot_ws/install/is-core/lib/cmake/is-core/cmake/common/gtest.cmake
[5.768s] -- Up-to-date: /home/saba/workspaces/ramen_robot_ws/install/is-core/lib/cmake/is-core/templates
[5.768s] -- Up-to-date: /home/saba/workspaces/ramen_robot_ws/install/is-core/lib/cmake/is-core/templates/is-idl-middleware-mix-config.cmake.in
[5.768s] -- Up-to-date: /home/saba/workspaces/ramen_robot_ws/install/is-core/lib/cmake/is-core/templates/is-idl-middleware-mix-extension.cmake.in
[5.768s] -- Up-to-date: /home/saba/workspaces/ramen_robot_ws/install/is-core/lib/cmake/is-core/templates/plugin_library.mix.in
[5.769s] -- Up-to-date: /home/saba/workspaces/ramen_robot_ws/install/is-core/lib/cmake/is-core/templates/is-idl-pkg-mix-config.cmake.in
[5.769s] -- Up-to-date: /home/saba/workspaces/ramen_robot_ws/install/is-core/lib/cmake/is-core/templates/middleware-config.cmake.in
[5.769s] Invoked command in '/home/saba/workspaces/ramen_robot_ws/build/is-core' returned '0': /usr/bin/cmake --install /home/saba/workspaces/ramen_robot_ws/build/is-core
