[7.298s] Invoking command in '/home/saba/workspaces/ramen_robot_ws/torchhub/facebookresearch_dinov2_main': PYTHONPATH=/home/saba/workspaces/ramen_robot_ws/build/dinov2/prefix_override:/usr/lib/python3/dist-packages/colcon_core/task/python/colcon_distutils_commands:/home/saba/workspaces/ramen_robot_ws/install/dinov2/lib/python3.10/site-packages:${PYTHONPATH} /usr/bin/python3 -W ignore:setup.py install is deprecated setup.py egg_info --egg-base ../../build/dinov2 build --build-base /home/saba/workspaces/ramen_robot_ws/build/dinov2/build install --record /home/saba/workspaces/ramen_robot_ws/build/dinov2/install.log --single-version-externally-managed
[7.897s] /home/saba/.local/lib/python3.10/site-packages/setuptools/_distutils/dist.py:275: UserWarning: Unknown distribution option: 'install_package_data'
[7.897s]   warnings.warn(msg)
[8.739s] running egg_info
[8.838s] writing ../../build/dinov2/dinov2.egg-info/PKG-INFO
[8.909s] writing dependency_links to ../../build/dinov2/dinov2.egg-info/dependency_links.txt
[9.264s] writing requirements to ../../build/dinov2/dinov2.egg-info/requires.txt
[9.336s] writing top-level names to ../../build/dinov2/dinov2.egg-info/top_level.txt
[9.466s] reading manifest file '../../build/dinov2/dinov2.egg-info/SOURCES.txt'
[9.467s] adding license file 'LICENSE'
[9.468s] writing manifest file '../../build/dinov2/dinov2.egg-info/SOURCES.txt'
[9.468s] running build
[9.469s] running build_py
[9.474s] running install
[9.481s] running install_lib
[9.599s] running install_egg_info
[9.703s] removing '/home/saba/workspaces/ramen_robot_ws/install/dinov2/lib/python3.10/site-packages/dinov2-0.0.1-py3.10.egg-info' (and everything under it)
[9.703s] Copying ../../build/dinov2/dinov2.egg-info to /home/saba/workspaces/ramen_robot_ws/install/dinov2/lib/python3.10/site-packages/dinov2-0.0.1-py3.10.egg-info
[9.705s] running install_scripts
[9.899s] writing list of installed files to '/home/saba/workspaces/ramen_robot_ws/build/dinov2/install.log'
[9.954s] Invoked command in '/home/saba/workspaces/ramen_robot_ws/torchhub/facebookresearch_dinov2_main' returned '0': PYTHONPATH=/home/saba/workspaces/ramen_robot_ws/build/dinov2/prefix_override:/usr/lib/python3/dist-packages/colcon_core/task/python/colcon_distutils_commands:/home/saba/workspaces/ramen_robot_ws/install/dinov2/lib/python3.10/site-packages:${PYTHONPATH} /usr/bin/python3 -W ignore:setup.py install is deprecated setup.py egg_info --egg-base ../../build/dinov2 build --build-base /home/saba/workspaces/ramen_robot_ws/build/dinov2/build install --record /home/saba/workspaces/ramen_robot_ws/build/dinov2/install.log --single-version-externally-managed
