[9.397s] Invoking command in '/home/saba/workspaces/ramen_robot_ws/src/ur5': PYTHONPATH=/home/saba/workspaces/ramen_robot_ws/build/ur5/prefix_override:/usr/lib/python3/dist-packages/colcon_core/task/python/colcon_distutils_commands:/home/saba/workspaces/ramen_robot_ws/install/ur5/lib/python3.10/site-packages:${PYTHONPATH} /usr/bin/python3 -W ignore:setup.py install is deprecated setup.py egg_info --egg-base ../../build/ur5 build --build-base /home/saba/workspaces/ramen_robot_ws/build/ur5/build install --record /home/saba/workspaces/ramen_robot_ws/build/ur5/install.log --single-version-externally-managed install_data
[12.696s] running egg_info
[12.904s] writing ../../build/ur5/ur5.egg-info/PKG-INFO
[13.042s] writing dependency_links to ../../build/ur5/ur5.egg-info/dependency_links.txt
[13.512s] writing entry points to ../../build/ur5/ur5.egg-info/entry_points.txt
[13.832s] writing requirements to ../../build/ur5/ur5.egg-info/requires.txt
[14.000s] writing top-level names to ../../build/ur5/ur5.egg-info/top_level.txt
[14.291s] reading manifest file '../../build/ur5/ur5.egg-info/SOURCES.txt'
[14.293s] writing manifest file '../../build/ur5/ur5.egg-info/SOURCES.txt'
[14.293s] running build
[14.294s] running build_py
[14.294s] copying ur5/ur5_retouch.py -> /home/saba/workspaces/ramen_robot_ws/build/ur5/build/lib/ur5
[14.294s] copying ur5/ur5_pork_node.py -> /home/saba/workspaces/ramen_robot_ws/build/ur5/build/lib/ur5
[14.295s] copying ur5/ur5_noodle_node.py -> /home/saba/workspaces/ramen_robot_ws/build/ur5/build/lib/ur5
[14.296s] running install
[14.311s] running install_lib
[14.538s] copying /home/saba/workspaces/ramen_robot_ws/build/ur5/build/lib/ur5/ur5_retouch.py -> /home/saba/workspaces/ramen_robot_ws/install/ur5/lib/python3.10/site-packages/ur5
[14.538s] copying /home/saba/workspaces/ramen_robot_ws/build/ur5/build/lib/ur5/ur5_pork_node.py -> /home/saba/workspaces/ramen_robot_ws/install/ur5/lib/python3.10/site-packages/ur5
[14.538s] copying /home/saba/workspaces/ramen_robot_ws/build/ur5/build/lib/ur5/ur5_noodle_node.py -> /home/saba/workspaces/ramen_robot_ws/install/ur5/lib/python3.10/site-packages/ur5
[14.540s] byte-compiling /home/saba/workspaces/ramen_robot_ws/install/ur5/lib/python3.10/site-packages/ur5/ur5_retouch.py to ur5_retouch.cpython-310.pyc
[14.541s] byte-compiling /home/saba/workspaces/ramen_robot_ws/install/ur5/lib/python3.10/site-packages/ur5/ur5_pork_node.py to ur5_pork_node.cpython-310.pyc
[14.549s] byte-compiling /home/saba/workspaces/ramen_robot_ws/install/ur5/lib/python3.10/site-packages/ur5/ur5_noodle_node.py to ur5_noodle_node.cpython-310.pyc
[14.551s] running install_data
[14.552s] running install_egg_info
[14.803s] removing '/home/saba/workspaces/ramen_robot_ws/install/ur5/lib/python3.10/site-packages/ur5-0.0.0-py3.10.egg-info' (and everything under it)
[14.804s] Copying ../../build/ur5/ur5.egg-info to /home/saba/workspaces/ramen_robot_ws/install/ur5/lib/python3.10/site-packages/ur5-0.0.0-py3.10.egg-info
[14.806s] running install_scripts
[15.329s] Installing pork_image_node script to /home/saba/workspaces/ramen_robot_ws/install/ur5/lib/ur5
[15.330s] Installing ur5_noodle_node script to /home/saba/workspaces/ramen_robot_ws/install/ur5/lib/ur5
[15.330s] Installing ur5_pork_node script to /home/saba/workspaces/ramen_robot_ws/install/ur5/lib/ur5
[15.330s] Installing ur5_retouch_node script to /home/saba/workspaces/ramen_robot_ws/install/ur5/lib/ur5
[15.331s] writing list of installed files to '/home/saba/workspaces/ramen_robot_ws/build/ur5/install.log'
[15.416s] Invoked command in '/home/saba/workspaces/ramen_robot_ws/src/ur5' returned '0': PYTHONPATH=/home/saba/workspaces/ramen_robot_ws/build/ur5/prefix_override:/usr/lib/python3/dist-packages/colcon_core/task/python/colcon_distutils_commands:/home/saba/workspaces/ramen_robot_ws/install/ur5/lib/python3.10/site-packages:${PYTHONPATH} /usr/bin/python3 -W ignore:setup.py install is deprecated setup.py egg_info --egg-base ../../build/ur5 build --build-base /home/saba/workspaces/ramen_robot_ws/build/ur5/build install --record /home/saba/workspaces/ramen_robot_ws/build/ur5/install.log --single-version-externally-managed install_data
