[7.772s] Invoking command in '/home/saba/workspaces/ramen_robot_ws/src/agv': PYTHONPATH=/home/saba/workspaces/ramen_robot_ws/build/agv/prefix_override:/usr/lib/python3/dist-packages/colcon_core/task/python/colcon_distutils_commands:/home/saba/workspaces/ramen_robot_ws/install/agv/lib/python3.10/site-packages:${PYTHONPATH} /usr/bin/python3 -W ignore:setup.py install is deprecated setup.py egg_info --egg-base ../../build/agv build --build-base /home/saba/workspaces/ramen_robot_ws/build/agv/build install --record /home/saba/workspaces/ramen_robot_ws/build/agv/install.log --single-version-externally-managed install_data
[9.321s] running egg_info
[9.435s] writing ../../build/agv/agv.egg-info/PKG-INFO
[9.516s] writing dependency_links to ../../build/agv/agv.egg-info/dependency_links.txt
[9.758s] writing entry points to ../../build/agv/agv.egg-info/entry_points.txt
[9.928s] writing requirements to ../../build/agv/agv.egg-info/requires.txt
[10.009s] writing top-level names to ../../build/agv/agv.egg-info/top_level.txt
[10.159s] reading manifest file '../../build/agv/agv.egg-info/SOURCES.txt'
[10.160s] writing manifest file '../../build/agv/agv.egg-info/SOURCES.txt'
[10.160s] running build
[10.160s] running build_py
[10.161s] running install
[10.170s] running install_lib
[10.284s] running install_data
[10.286s] running install_egg_info
[10.400s] removing '/home/saba/workspaces/ramen_robot_ws/install/agv/lib/python3.10/site-packages/agv-0.0.0-py3.10.egg-info' (and everything under it)
[10.401s] Copying ../../build/agv/agv.egg-info to /home/saba/workspaces/ramen_robot_ws/install/agv/lib/python3.10/site-packages/agv-0.0.0-py3.10.egg-info
[10.402s] running install_scripts
[10.643s] Installing agv1_node script to /home/saba/workspaces/ramen_robot_ws/install/agv/lib/agv
[10.643s] Installing agv2_node script to /home/saba/workspaces/ramen_robot_ws/install/agv/lib/agv
[10.644s] Installing agv3_node script to /home/saba/workspaces/ramen_robot_ws/install/agv/lib/agv
[10.644s] Installing agv_commander_node script to /home/saba/workspaces/ramen_robot_ws/install/agv/lib/agv
[10.644s] writing list of installed files to '/home/saba/workspaces/ramen_robot_ws/build/agv/install.log'
[10.690s] Invoked command in '/home/saba/workspaces/ramen_robot_ws/src/agv' returned '0': PYTHONPATH=/home/saba/workspaces/ramen_robot_ws/build/agv/prefix_override:/usr/lib/python3/dist-packages/colcon_core/task/python/colcon_distutils_commands:/home/saba/workspaces/ramen_robot_ws/install/agv/lib/python3.10/site-packages:${PYTHONPATH} /usr/bin/python3 -W ignore:setup.py install is deprecated setup.py egg_info --egg-base ../../build/agv build --build-base /home/saba/workspaces/ramen_robot_ws/build/agv/build install --record /home/saba/workspaces/ramen_robot_ws/build/agv/install.log --single-version-externally-managed install_data
