running egg_info
creating ../../build/ur5/ur5.egg-info
writing ../../build/ur5/ur5.egg-info/PKG-INFO
writing dependency_links to ../../build/ur5/ur5.egg-info/dependency_links.txt
writing entry points to ../../build/ur5/ur5.egg-info/entry_points.txt
writing requirements to ../../build/ur5/ur5.egg-info/requires.txt
writing top-level names to ../../build/ur5/ur5.egg-info/top_level.txt
writing manifest file '../../build/ur5/ur5.egg-info/SOURCES.txt'
reading manifest file '../../build/ur5/ur5.egg-info/SOURCES.txt'
writing manifest file '../../build/ur5/ur5.egg-info/SOURCES.txt'
running build
running build_py
creating /home/saba/workspaces/ramen_robot_ws/build/ur5/build
creating /home/saba/workspaces/ramen_robot_ws/build/ur5/build/lib
creating /home/saba/workspaces/ramen_robot_ws/build/ur5/build/lib/ur5
copying ur5/__init__.py -> /home/saba/workspaces/ramen_robot_ws/build/ur5/build/lib/ur5
copying ur5/ur5_retouch.py -> /home/saba/workspaces/ramen_robot_ws/build/ur5/build/lib/ur5
copying ur5/ur5_pork_node.py -> /home/saba/workspaces/ramen_robot_ws/build/ur5/build/lib/ur5
copying ur5/ur5_noodle_node.py -> /home/saba/workspaces/ramen_robot_ws/build/ur5/build/lib/ur5
copying ur5/pork_image_node.py -> /home/saba/workspaces/ramen_robot_ws/build/ur5/build/lib/ur5
running install
running install_lib
creating /home/saba/workspaces/ramen_robot_ws/install/ur5/lib/python3.10/site-packages/ur5
copying /home/saba/workspaces/ramen_robot_ws/build/ur5/build/lib/ur5/__init__.py -> /home/saba/workspaces/ramen_robot_ws/install/ur5/lib/python3.10/site-packages/ur5
copying /home/saba/workspaces/ramen_robot_ws/build/ur5/build/lib/ur5/ur5_retouch.py -> /home/saba/workspaces/ramen_robot_ws/install/ur5/lib/python3.10/site-packages/ur5
copying /home/saba/workspaces/ramen_robot_ws/build/ur5/build/lib/ur5/ur5_pork_node.py -> /home/saba/workspaces/ramen_robot_ws/install/ur5/lib/python3.10/site-packages/ur5
copying /home/saba/workspaces/ramen_robot_ws/build/ur5/build/lib/ur5/ur5_noodle_node.py -> /home/saba/workspaces/ramen_robot_ws/install/ur5/lib/python3.10/site-packages/ur5
copying /home/saba/workspaces/ramen_robot_ws/build/ur5/build/lib/ur5/pork_image_node.py -> /home/saba/workspaces/ramen_robot_ws/install/ur5/lib/python3.10/site-packages/ur5
byte-compiling /home/saba/workspaces/ramen_robot_ws/install/ur5/lib/python3.10/site-packages/ur5/__init__.py to __init__.cpython-310.pyc
byte-compiling /home/saba/workspaces/ramen_robot_ws/install/ur5/lib/python3.10/site-packages/ur5/ur5_retouch.py to ur5_retouch.cpython-310.pyc
byte-compiling /home/saba/workspaces/ramen_robot_ws/install/ur5/lib/python3.10/site-packages/ur5/ur5_pork_node.py to ur5_pork_node.cpython-310.pyc
byte-compiling /home/saba/workspaces/ramen_robot_ws/install/ur5/lib/python3.10/site-packages/ur5/ur5_noodle_node.py to ur5_noodle_node.cpython-310.pyc
byte-compiling /home/saba/workspaces/ramen_robot_ws/install/ur5/lib/python3.10/site-packages/ur5/pork_image_node.py to pork_image_node.cpython-310.pyc
running install_data
creating /home/saba/workspaces/ramen_robot_ws/install/ur5/share/ament_index
creating /home/saba/workspaces/ramen_robot_ws/install/ur5/share/ament_index/resource_index
creating /home/saba/workspaces/ramen_robot_ws/install/ur5/share/ament_index/resource_index/packages
copying resource/ur5 -> /home/saba/workspaces/ramen_robot_ws/install/ur5/share/ament_index/resource_index/packages
copying package.xml -> /home/saba/workspaces/ramen_robot_ws/install/ur5/share/ur5
running install_egg_info
Copying ../../build/ur5/ur5.egg-info to /home/saba/workspaces/ramen_robot_ws/install/ur5/lib/python3.10/site-packages/ur5-0.0.0-py3.10.egg-info
running install_scripts
Installing pork_image_node script to /home/saba/workspaces/ramen_robot_ws/install/ur5/lib/ur5
Installing ur5_noodle_node script to /home/saba/workspaces/ramen_robot_ws/install/ur5/lib/ur5
Installing ur5_pork_node script to /home/saba/workspaces/ramen_robot_ws/install/ur5/lib/ur5
Installing ur5_retouch_node script to /home/saba/workspaces/ramen_robot_ws/install/ur5/lib/ur5
writing list of installed files to '/home/saba/workspaces/ramen_robot_ws/build/ur5/install.log'
