[8.485s] Invoking command in '/home/saba/workspaces/ramen_robot_ws/src/ur5': PYTHONPATH=/home/saba/workspaces/ramen_robot_ws/build/ur5/prefix_override:/usr/lib/python3/dist-packages/colcon_core/task/python/colcon_distutils_commands:/home/saba/workspaces/ramen_robot_ws/install/ur5/lib/python3.10/site-packages:${PYTHONPATH} /usr/bin/python3 -W ignore:setup.py install is deprecated setup.py egg_info --egg-base ../../build/ur5 build --build-base /home/saba/workspaces/ramen_robot_ws/build/ur5/build install --record /home/saba/workspaces/ramen_robot_ws/build/ur5/install.log --single-version-externally-managed install_data
[9.972s] running egg_info
[10.082s] writing ../../build/ur5/ur5.egg-info/PKG-INFO
[10.159s] writing dependency_links to ../../build/ur5/ur5.egg-info/dependency_links.txt
[10.390s] writing entry points to ../../build/ur5/ur5.egg-info/entry_points.txt
[10.550s] writing requirements to ../../build/ur5/ur5.egg-info/requires.txt
[10.625s] writing top-level names to ../../build/ur5/ur5.egg-info/top_level.txt
[10.769s] reading manifest file '../../build/ur5/ur5.egg-info/SOURCES.txt'
[10.770s] writing manifest file '../../build/ur5/ur5.egg-info/SOURCES.txt'
[10.770s] running build
[10.771s] running build_py
[10.771s] running install
[10.780s] running install_lib
[10.890s] running install_data
[10.890s] running install_egg_info
[11.003s] removing '/home/saba/workspaces/ramen_robot_ws/install/ur5/lib/python3.10/site-packages/ur5-0.0.0-py3.10.egg-info' (and everything under it)
[11.004s] Copying ../../build/ur5/ur5.egg-info to /home/saba/workspaces/ramen_robot_ws/install/ur5/lib/python3.10/site-packages/ur5-0.0.0-py3.10.egg-info
[11.005s] running install_scripts
[11.239s] Installing pork_image_node script to /home/saba/workspaces/ramen_robot_ws/install/ur5/lib/ur5
[11.239s] Installing ur5_noodle_node script to /home/saba/workspaces/ramen_robot_ws/install/ur5/lib/ur5
[11.239s] Installing ur5_pork_node script to /home/saba/workspaces/ramen_robot_ws/install/ur5/lib/ur5
[11.240s] Installing ur5_retouch_node script to /home/saba/workspaces/ramen_robot_ws/install/ur5/lib/ur5
[11.240s] writing list of installed files to '/home/saba/workspaces/ramen_robot_ws/build/ur5/install.log'
[11.325s] Invoked command in '/home/saba/workspaces/ramen_robot_ws/src/ur5' returned '0': PYTHONPATH=/home/saba/workspaces/ramen_robot_ws/build/ur5/prefix_override:/usr/lib/python3/dist-packages/colcon_core/task/python/colcon_distutils_commands:/home/saba/workspaces/ramen_robot_ws/install/ur5/lib/python3.10/site-packages:${PYTHONPATH} /usr/bin/python3 -W ignore:setup.py install is deprecated setup.py egg_info --egg-base ../../build/ur5 build --build-base /home/saba/workspaces/ramen_robot_ws/build/ur5/build install --record /home/saba/workspaces/ramen_robot_ws/build/ur5/install.log --single-version-externally-managed install_data
