[7.329s] Invoking command in '/home/saba/workspaces/ramen_robot_ws/src/accountant': PYTHONPATH=/home/saba/workspaces/ramen_robot_ws/build/accountant/prefix_override:/usr/lib/python3/dist-packages/colcon_core/task/python/colcon_distutils_commands:/home/saba/workspaces/ramen_robot_ws/install/accountant/lib/python3.10/site-packages:${PYTHONPATH} /usr/bin/python3 -W ignore:setup.py install is deprecated setup.py egg_info --egg-base ../../build/accountant build --build-base /home/saba/workspaces/ramen_robot_ws/build/accountant/build install --record /home/saba/workspaces/ramen_robot_ws/build/accountant/install.log --single-version-externally-managed install_data
[8.724s] running egg_info
[8.725s] creating ../../build/accountant/accountant.egg-info
[8.825s] writing ../../build/accountant/accountant.egg-info/PKG-INFO
[8.899s] writing dependency_links to ../../build/accountant/accountant.egg-info/dependency_links.txt
[9.124s] writing entry points to ../../build/accountant/accountant.egg-info/entry_points.txt
[9.267s] writing requirements to ../../build/accountant/accountant.egg-info/requires.txt
[9.337s] writing top-level names to ../../build/accountant/accountant.egg-info/top_level.txt
[9.338s] writing manifest file '../../build/accountant/accountant.egg-info/SOURCES.txt'
[9.470s] reading manifest file '../../build/accountant/accountant.egg-info/SOURCES.txt'
[9.471s] writing manifest file '../../build/accountant/accountant.egg-info/SOURCES.txt'
[9.471s] running build
[9.471s] running build_py
[9.472s] creating /home/saba/workspaces/ramen_robot_ws/build/accountant/build
[9.472s] creating /home/saba/workspaces/ramen_robot_ws/build/accountant/build/lib
[9.472s] creating /home/saba/workspaces/ramen_robot_ws/build/accountant/build/lib/accountant
[9.472s] copying accountant/__init__.py -> /home/saba/workspaces/ramen_robot_ws/build/accountant/build/lib/accountant
[9.472s] copying accountant/accountant_node.py -> /home/saba/workspaces/ramen_robot_ws/build/accountant/build/lib/accountant
[9.501s] running install
[9.508s] running install_lib
[9.613s] creating /home/saba/workspaces/ramen_robot_ws/install/accountant/lib/python3.10/site-packages/accountant
[9.613s] copying /home/saba/workspaces/ramen_robot_ws/build/accountant/build/lib/accountant/__init__.py -> /home/saba/workspaces/ramen_robot_ws/install/accountant/lib/python3.10/site-packages/accountant
[9.613s] copying /home/saba/workspaces/ramen_robot_ws/build/accountant/build/lib/accountant/accountant_node.py -> /home/saba/workspaces/ramen_robot_ws/install/accountant/lib/python3.10/site-packages/accountant
[9.613s] byte-compiling /home/saba/workspaces/ramen_robot_ws/install/accountant/lib/python3.10/site-packages/accountant/__init__.py to __init__.cpython-310.pyc
[9.614s] byte-compiling /home/saba/workspaces/ramen_robot_ws/install/accountant/lib/python3.10/site-packages/accountant/accountant_node.py to accountant_node.cpython-310.pyc
[9.614s] running install_data
[9.615s] creating /home/saba/workspaces/ramen_robot_ws/install/accountant/share/ament_index
[9.615s] creating /home/saba/workspaces/ramen_robot_ws/install/accountant/share/ament_index/resource_index
[9.615s] creating /home/saba/workspaces/ramen_robot_ws/install/accountant/share/ament_index/resource_index/packages
[9.615s] copying resource/accountant -> /home/saba/workspaces/ramen_robot_ws/install/accountant/share/ament_index/resource_index/packages
[9.615s] copying package.xml -> /home/saba/workspaces/ramen_robot_ws/install/accountant/share/accountant
[9.616s] running install_egg_info
[9.721s] Copying ../../build/accountant/accountant.egg-info to /home/saba/workspaces/ramen_robot_ws/install/accountant/lib/python3.10/site-packages/accountant-0.0.0-py3.10.egg-info
[9.723s] running install_scripts
[9.941s] Installing accountant_node script to /home/saba/workspaces/ramen_robot_ws/install/accountant/lib/accountant
[9.941s] writing list of installed files to '/home/saba/workspaces/ramen_robot_ws/build/accountant/install.log'
