[  8%] Built target is-rosidl-ros2-builtin_interfaces-mix
[35m[1mConsolidate compiler generated dependencies of target is-rosidl-ros2-std_msgs-mix[0m
[100%] Built target is-rosidl-ros2-std_msgs-mix
-- Install configuration: ""
-- Installing: /home/saba/workspaces/ramen_robot_ws/install/is-ros2-mix-generator/lib/libis-rosidl-ros2-std_msgs-mix.so
-- Set runtime path of "/home/saba/workspaces/ramen_robot_ws/install/is-ros2-mix-generator/lib/libis-rosidl-ros2-std_msgs-mix.so" to ""
-- Installing: /home/saba/workspaces/ramen_robot_ws/install/is-ros2-mix-generator/lib/is
-- Installing: /home/saba/workspaces/ramen_robot_ws/install/is-ros2-mix-generator/lib/is/ros2
-- Installing: /home/saba/workspaces/ramen_robot_ws/install/is-ros2-mix-generator/lib/is/ros2/msg
-- Installing: /home/saba/workspaces/ramen_robot_ws/install/is-ros2-mix-generator/lib/is/ros2/msg/std_msgs
-- Installing: /home/saba/workspaces/ramen_robot_ws/install/is-ros2-mix-generator/lib/is/ros2/msg/std_msgs/Int8.mix
-- Installing: /home/saba/workspaces/ramen_robot_ws/install/is-ros2-mix-generator/lib/is/ros2/msg/std_msgs/Float64MultiArray.mix
-- Installing: /home/saba/workspaces/ramen_robot_ws/install/is-ros2-mix-generator/lib/is/ros2/msg/std_msgs/Int64MultiArray.mix
-- Installing: /home/saba/workspaces/ramen_robot_ws/install/is-ros2-mix-generator/lib/is/ros2/msg/std_msgs/Int8MultiArray.mix
-- Installing: /home/saba/workspaces/ramen_robot_ws/install/is-ros2-mix-generator/lib/is/ros2/msg/std_msgs/Char.mix
-- Installing: /home/saba/workspaces/ramen_robot_ws/install/is-ros2-mix-generator/lib/is/ros2/msg/std_msgs/Int64.mix
-- Installing: /home/saba/workspaces/ramen_robot_ws/install/is-ros2-mix-generator/lib/is/ros2/msg/std_msgs/Float32MultiArray.mix
-- Installing: /home/saba/workspaces/ramen_robot_ws/install/is-ros2-mix-generator/lib/is/ros2/msg/std_msgs/String.mix
-- Installing: /home/saba/workspaces/ramen_robot_ws/install/is-ros2-mix-generator/lib/is/ros2/msg/std_msgs/UInt32MultiArray.mix
-- Installing: /home/saba/workspaces/ramen_robot_ws/install/is-ros2-mix-generator/lib/is/ros2/msg/std_msgs/MultiArrayLayout.mix
-- Installing: /home/saba/workspaces/ramen_robot_ws/install/is-ros2-mix-generator/lib/is/ros2/msg/std_msgs/UInt64.mix
-- Installing: /home/saba/workspaces/ramen_robot_ws/install/is-ros2-mix-generator/lib/is/ros2/msg/std_msgs/UInt8MultiArray.mix
-- Installing: /home/saba/workspaces/ramen_robot_ws/install/is-ros2-mix-generator/lib/is/ros2/msg/std_msgs/Int32MultiArray.mix
-- Installing: /home/saba/workspaces/ramen_robot_ws/install/is-ros2-mix-generator/lib/is/ros2/msg/std_msgs/UInt16.mix
-- Installing: /home/saba/workspaces/ramen_robot_ws/install/is-ros2-mix-generator/lib/is/ros2/msg/std_msgs/Int32.mix
-- Installing: /home/saba/workspaces/ramen_robot_ws/install/is-ros2-mix-generator/lib/is/ros2/msg/std_msgs/UInt32.mix
-- Installing: /home/saba/workspaces/ramen_robot_ws/install/is-ros2-mix-generator/lib/is/ros2/msg/std_msgs/Bool.mix
-- Installing: /home/saba/workspaces/ramen_robot_ws/install/is-ros2-mix-generator/lib/is/ros2/msg/std_msgs/UInt64MultiArray.mix
-- Installing: /home/saba/workspaces/ramen_robot_ws/install/is-ros2-mix-generator/lib/is/ros2/msg/std_msgs/Float64.mix
-- Installing: /home/saba/workspaces/ramen_robot_ws/install/is-ros2-mix-generator/lib/is/ros2/msg/std_msgs/Empty.mix
-- Installing: /home/saba/workspaces/ramen_robot_ws/install/is-ros2-mix-generator/lib/is/ros2/msg/std_msgs/UInt8.mix
-- Installing: /home/saba/workspaces/ramen_robot_ws/install/is-ros2-mix-generator/lib/is/ros2/msg/std_msgs/Int16MultiArray.mix
-- Installing: /home/saba/workspaces/ramen_robot_ws/install/is-ros2-mix-generator/lib/is/ros2/msg/std_msgs/ByteMultiArray.mix
-- Installing: /home/saba/workspaces/ramen_robot_ws/install/is-ros2-mix-generator/lib/is/ros2/msg/std_msgs/Float32.mix
-- Installing: /home/saba/workspaces/ramen_robot_ws/install/is-ros2-mix-generator/lib/is/ros2/msg/std_msgs/ColorRGBA.mix
-- Installing: /home/saba/workspaces/ramen_robot_ws/install/is-ros2-mix-generator/lib/is/ros2/msg/std_msgs/Int16.mix
-- Installing: /home/saba/workspaces/ramen_robot_ws/install/is-ros2-mix-generator/lib/is/ros2/msg/std_msgs/MultiArrayDimension.mix
-- Installing: /home/saba/workspaces/ramen_robot_ws/install/is-ros2-mix-generator/lib/is/ros2/msg/std_msgs/UInt16MultiArray.mix
-- Installing: /home/saba/workspaces/ramen_robot_ws/install/is-ros2-mix-generator/lib/is/ros2/msg/std_msgs/Byte.mix
-- Installing: /home/saba/workspaces/ramen_robot_ws/install/is-ros2-mix-generator/lib/is/ros2/msg/std_msgs/Header.mix
-- Installing: /home/saba/workspaces/ramen_robot_ws/install/is-ros2-mix-generator/lib/is/ros2/msg/builtin_interfaces
-- Installing: /home/saba/workspaces/ramen_robot_ws/install/is-ros2-mix-generator/lib/is/ros2/msg/builtin_interfaces/Time.mix
-- Installing: /home/saba/workspaces/ramen_robot_ws/install/is-ros2-mix-generator/lib/is/ros2/msg/builtin_interfaces/Duration.mix
-- Installing: /home/saba/workspaces/ramen_robot_ws/install/is-ros2-mix-generator/lib/libis-rosidl-ros2-builtin_interfaces-mix.so
-- Set runtime path of "/home/saba/workspaces/ramen_robot_ws/install/is-ros2-mix-generator/lib/libis-rosidl-ros2-builtin_interfaces-mix.so" to ""
-- Up-to-date: /home/saba/workspaces/ramen_robot_ws/install/is-ros2-mix-generator/lib/is
-- Up-to-date: /home/saba/workspaces/ramen_robot_ws/install/is-ros2-mix-generator/lib/is/ros2
-- Up-to-date: /home/saba/workspaces/ramen_robot_ws/install/is-ros2-mix-generator/lib/is/ros2/msg
-- Up-to-date: /home/saba/workspaces/ramen_robot_ws/install/is-ros2-mix-generator/lib/is/ros2/msg/std_msgs
-- Up-to-date: /home/saba/workspaces/ramen_robot_ws/install/is-ros2-mix-generator/lib/is/ros2/msg/std_msgs/Int8.mix
-- Up-to-date: /home/saba/workspaces/ramen_robot_ws/install/is-ros2-mix-generator/lib/is/ros2/msg/std_msgs/Float64MultiArray.mix
-- Up-to-date: /home/saba/workspaces/ramen_robot_ws/install/is-ros2-mix-generator/lib/is/ros2/msg/std_msgs/Int64MultiArray.mix
-- Up-to-date: /home/saba/workspaces/ramen_robot_ws/install/is-ros2-mix-generator/lib/is/ros2/msg/std_msgs/Int8MultiArray.mix
-- Up-to-date: /home/saba/workspaces/ramen_robot_ws/install/is-ros2-mix-generator/lib/is/ros2/msg/std_msgs/Char.mix
-- Up-to-date: /home/saba/workspaces/ramen_robot_ws/install/is-ros2-mix-generator/lib/is/ros2/msg/std_msgs/Int64.mix
-- Up-to-date: /home/saba/workspaces/ramen_robot_ws/install/is-ros2-mix-generator/lib/is/ros2/msg/std_msgs/Float32MultiArray.mix
-- Up-to-date: /home/saba/workspaces/ramen_robot_ws/install/is-ros2-mix-generator/lib/is/ros2/msg/std_msgs/String.mix
-- Up-to-date: /home/saba/workspaces/ramen_robot_ws/install/is-ros2-mix-generator/lib/is/ros2/msg/std_msgs/UInt32MultiArray.mix
-- Up-to-date: /home/saba/workspaces/ramen_robot_ws/install/is-ros2-mix-generator/lib/is/ros2/msg/std_msgs/MultiArrayLayout.mix
-- Up-to-date: /home/saba/workspaces/ramen_robot_ws/install/is-ros2-mix-generator/lib/is/ros2/msg/std_msgs/UInt64.mix
-- Up-to-date: /home/saba/workspaces/ramen_robot_ws/install/is-ros2-mix-generator/lib/is/ros2/msg/std_msgs/UInt8MultiArray.mix
-- Up-to-date: /home/saba/workspaces/ramen_robot_ws/install/is-ros2-mix-generator/lib/is/ros2/msg/std_msgs/Int32MultiArray.mix
-- Up-to-date: /home/saba/workspaces/ramen_robot_ws/install/is-ros2-mix-generator/lib/is/ros2/msg/std_msgs/UInt16.mix
-- Up-to-date: /home/saba/workspaces/ramen_robot_ws/install/is-ros2-mix-generator/lib/is/ros2/msg/std_msgs/Int32.mix
-- Up-to-date: /home/saba/workspaces/ramen_robot_ws/install/is-ros2-mix-generator/lib/is/ros2/msg/std_msgs/UInt32.mix
-- Up-to-date: /home/saba/workspaces/ramen_robot_ws/install/is-ros2-mix-generator/lib/is/ros2/msg/std_msgs/Bool.mix
-- Up-to-date: /home/saba/workspaces/ramen_robot_ws/install/is-ros2-mix-generator/lib/is/ros2/msg/std_msgs/UInt64MultiArray.mix
-- Up-to-date: /home/saba/workspaces/ramen_robot_ws/install/is-ros2-mix-generator/lib/is/ros2/msg/std_msgs/Float64.mix
-- Up-to-date: /home/saba/workspaces/ramen_robot_ws/install/is-ros2-mix-generator/lib/is/ros2/msg/std_msgs/Empty.mix
-- Up-to-date: /home/saba/workspaces/ramen_robot_ws/install/is-ros2-mix-generator/lib/is/ros2/msg/std_msgs/UInt8.mix
-- Up-to-date: /home/saba/workspaces/ramen_robot_ws/install/is-ros2-mix-generator/lib/is/ros2/msg/std_msgs/Int16MultiArray.mix
-- Up-to-date: /home/saba/workspaces/ramen_robot_ws/install/is-ros2-mix-generator/lib/is/ros2/msg/std_msgs/ByteMultiArray.mix
-- Up-to-date: /home/saba/workspaces/ramen_robot_ws/install/is-ros2-mix-generator/lib/is/ros2/msg/std_msgs/Float32.mix
-- Up-to-date: /home/saba/workspaces/ramen_robot_ws/install/is-ros2-mix-generator/lib/is/ros2/msg/std_msgs/ColorRGBA.mix
-- Up-to-date: /home/saba/workspaces/ramen_robot_ws/install/is-ros2-mix-generator/lib/is/ros2/msg/std_msgs/Int16.mix
-- Up-to-date: /home/saba/workspaces/ramen_robot_ws/install/is-ros2-mix-generator/lib/is/ros2/msg/std_msgs/MultiArrayDimension.mix
-- Up-to-date: /home/saba/workspaces/ramen_robot_ws/install/is-ros2-mix-generator/lib/is/ros2/msg/std_msgs/UInt16MultiArray.mix
-- Up-to-date: /home/saba/workspaces/ramen_robot_ws/install/is-ros2-mix-generator/lib/is/ros2/msg/std_msgs/Byte.mix
-- Up-to-date: /home/saba/workspaces/ramen_robot_ws/install/is-ros2-mix-generator/lib/is/ros2/msg/std_msgs/Header.mix
-- Up-to-date: /home/saba/workspaces/ramen_robot_ws/install/is-ros2-mix-generator/lib/is/ros2/msg/builtin_interfaces
-- Up-to-date: /home/saba/workspaces/ramen_robot_ws/install/is-ros2-mix-generator/lib/is/ros2/msg/builtin_interfaces/Time.mix
-- Up-to-date: /home/saba/workspaces/ramen_robot_ws/install/is-ros2-mix-generator/lib/is/ros2/msg/builtin_interfaces/Duration.mix
-- Installing: /home/saba/workspaces/ramen_robot_ws/install/is-ros2-mix-generator/lib/cmake/is-ros2-mix-generator/is-ros2-mix-generatorConfig.cmake
