[2.637s] Invoking command in '/home/saba/workspaces/ramen_robot_ws/src/ur3': PYTHONPATH=/home/saba/workspaces/ramen_robot_ws/build/ur3/prefix_override:/usr/lib/python3/dist-packages/colcon_core/task/python/colcon_distutils_commands:/home/saba/workspaces/ramen_robot_ws/install/ur3/lib/python3.10/site-packages:${PYTHONPATH} /usr/bin/python3 -W ignore:setup.py install is deprecated setup.py egg_info --egg-base ../../build/ur3 build --build-base /home/saba/workspaces/ramen_robot_ws/build/ur3/build install --record /home/saba/workspaces/ramen_robot_ws/build/ur3/install.log --single-version-externally-managed install_data
[3.898s] running egg_info
[3.987s] writing ../../build/ur3/ur3.egg-info/PKG-INFO
[4.050s] writing dependency_links to ../../build/ur3/ur3.egg-info/dependency_links.txt
[4.250s] writing entry points to ../../build/ur3/ur3.egg-info/entry_points.txt
[4.378s] writing requirements to ../../build/ur3/ur3.egg-info/requires.txt
[4.442s] writing top-level names to ../../build/ur3/ur3.egg-info/top_level.txt
[4.559s] reading manifest file '../../build/ur3/ur3.egg-info/SOURCES.txt'
[4.563s] writing manifest file '../../build/ur3/ur3.egg-info/SOURCES.txt'
[4.563s] running build
[4.563s] running build_py
[4.563s] copying ur3/depth_anything_node.py -> /home/saba/workspaces/ramen_robot_ws/build/ur3/build/lib/ur3
[4.564s] running install
[4.569s] running install_lib
[4.658s] copying /home/saba/workspaces/ramen_robot_ws/build/ur3/build/lib/ur3/depth_anything_node.py -> /home/saba/workspaces/ramen_robot_ws/install/ur3/lib/python3.10/site-packages/ur3
[4.661s] byte-compiling /home/saba/workspaces/ramen_robot_ws/install/ur3/lib/python3.10/site-packages/ur3/depth_anything_node.py to depth_anything_node.cpython-310.pyc
[4.663s] running install_data
[4.664s] running install_egg_info
[4.751s] removing '/home/saba/workspaces/ramen_robot_ws/install/ur3/lib/python3.10/site-packages/ur3-0.0.0-py3.10.egg-info' (and everything under it)
[4.751s] Copying ../../build/ur3/ur3.egg-info to /home/saba/workspaces/ramen_robot_ws/install/ur3/lib/python3.10/site-packages/ur3-0.0.0-py3.10.egg-info
[4.753s] running install_scripts
[4.942s] Installing depth_anything_node script to /home/saba/workspaces/ramen_robot_ws/install/ur3/lib/ur3
[4.942s] Installing hello_node script to /home/saba/workspaces/ramen_robot_ws/install/ur3/lib/ur3
[4.942s] Installing ur3_negi_node script to /home/saba/workspaces/ramen_robot_ws/install/ur3/lib/ur3
[4.942s] Installing ur3_retouch_node script to /home/saba/workspaces/ramen_robot_ws/install/ur3/lib/ur3
[4.943s] Installing ur3_soup_node script to /home/saba/workspaces/ramen_robot_ws/install/ur3/lib/ur3
[4.943s] writing list of installed files to '/home/saba/workspaces/ramen_robot_ws/build/ur3/install.log'
[4.975s] Invoked command in '/home/saba/workspaces/ramen_robot_ws/src/ur3' returned '0': PYTHONPATH=/home/saba/workspaces/ramen_robot_ws/build/ur3/prefix_override:/usr/lib/python3/dist-packages/colcon_core/task/python/colcon_distutils_commands:/home/saba/workspaces/ramen_robot_ws/install/ur3/lib/python3.10/site-packages:${PYTHONPATH} /usr/bin/python3 -W ignore:setup.py install is deprecated setup.py egg_info --egg-base ../../build/ur3 build --build-base /home/saba/workspaces/ramen_robot_ws/build/ur3/build install --record /home/saba/workspaces/ramen_robot_ws/build/ur3/install.log --single-version-externally-managed install_data
