[8.518s] Invoking command in '/home/saba/workspaces/ramen_robot_ws/torchhub/facebookresearch_dinov2_main': PYTHONPATH=/home/saba/workspaces/ramen_robot_ws/build/dinov2/prefix_override:/usr/lib/python3/dist-packages/colcon_core/task/python/colcon_distutils_commands:/home/saba/workspaces/ramen_robot_ws/install/dinov2/lib/python3.10/site-packages:${PYTHONPATH} /usr/bin/python3 -W ignore:setup.py install is deprecated setup.py egg_info --egg-base ../../build/dinov2 build --build-base /home/saba/workspaces/ramen_robot_ws/build/dinov2/build install --record /home/saba/workspaces/ramen_robot_ws/build/dinov2/install.log --single-version-externally-managed
[9.208s] /home/saba/.local/lib/python3.10/site-packages/setuptools/_distutils/dist.py:275: UserWarning: Unknown distribution option: 'install_package_data'
[9.208s]   warnings.warn(msg)
[10.179s] running egg_info
[10.296s] writing ../../build/dinov2/dinov2.egg-info/PKG-INFO
[10.372s] writing dependency_links to ../../build/dinov2/dinov2.egg-info/dependency_links.txt
[10.770s] writing requirements to ../../build/dinov2/dinov2.egg-info/requires.txt
[10.844s] writing top-level names to ../../build/dinov2/dinov2.egg-info/top_level.txt
[10.994s] reading manifest file '../../build/dinov2/dinov2.egg-info/SOURCES.txt'
[10.995s] adding license file 'LICENSE'
[10.996s] writing manifest file '../../build/dinov2/dinov2.egg-info/SOURCES.txt'
[10.996s] running build
[10.997s] running build_py
[11.005s] running install
[11.012s] running install_lib
[11.142s] running install_egg_info
[11.254s] removing '/home/saba/workspaces/ramen_robot_ws/install/dinov2/lib/python3.10/site-packages/dinov2-0.0.1-py3.10.egg-info' (and everything under it)
[11.254s] Copying ../../build/dinov2/dinov2.egg-info to /home/saba/workspaces/ramen_robot_ws/install/dinov2/lib/python3.10/site-packages/dinov2-0.0.1-py3.10.egg-info
[11.255s] running install_scripts
[11.489s] writing list of installed files to '/home/saba/workspaces/ramen_robot_ws/build/dinov2/install.log'
[12.524s] Invoked command in '/home/saba/workspaces/ramen_robot_ws/torchhub/facebookresearch_dinov2_main' returned '0': PYTHONPATH=/home/saba/workspaces/ramen_robot_ws/build/dinov2/prefix_override:/usr/lib/python3/dist-packages/colcon_core/task/python/colcon_distutils_commands:/home/saba/workspaces/ramen_robot_ws/install/dinov2/lib/python3.10/site-packages:${PYTHONPATH} /usr/bin/python3 -W ignore:setup.py install is deprecated setup.py egg_info --egg-base ../../build/dinov2 build --build-base /home/saba/workspaces/ramen_robot_ws/build/dinov2/build install --record /home/saba/workspaces/ramen_robot_ws/build/dinov2/install.log --single-version-externally-managed
