[7.284s] Invoking command in '/home/saba/workspaces/ramen_robot_ws/src/ur5': PYTHONPATH=/home/saba/workspaces/ramen_robot_ws/build/ur5/prefix_override:/usr/lib/python3/dist-packages/colcon_core/task/python/colcon_distutils_commands:/home/saba/workspaces/ramen_robot_ws/install/ur5/lib/python3.10/site-packages:${PYTHONPATH} /usr/bin/python3 -W ignore:setup.py install is deprecated setup.py egg_info --egg-base ../../build/ur5 build --build-base /home/saba/workspaces/ramen_robot_ws/build/ur5/build install --record /home/saba/workspaces/ramen_robot_ws/build/ur5/install.log --single-version-externally-managed install_data
[8.650s] running egg_info
[8.749s] writing ../../build/ur5/ur5.egg-info/PKG-INFO
[8.817s] writing dependency_links to ../../build/ur5/ur5.egg-info/dependency_links.txt
[9.033s] writing entry points to ../../build/ur5/ur5.egg-info/entry_points.txt
[9.174s] writing requirements to ../../build/ur5/ur5.egg-info/requires.txt
[9.243s] writing top-level names to ../../build/ur5/ur5.egg-info/top_level.txt
[9.372s] reading manifest file '../../build/ur5/ur5.egg-info/SOURCES.txt'
[9.374s] writing manifest file '../../build/ur5/ur5.egg-info/SOURCES.txt'
[9.374s] running build
[9.374s] running build_py
[9.374s] running install
[9.382s] running install_lib
[9.483s] running install_data
[9.483s] running install_egg_info
[9.583s] removing '/home/saba/workspaces/ramen_robot_ws/install/ur5/lib/python3.10/site-packages/ur5-0.0.0-py3.10.egg-info' (and everything under it)
[9.583s] Copying ../../build/ur5/ur5.egg-info to /home/saba/workspaces/ramen_robot_ws/install/ur5/lib/python3.10/site-packages/ur5-0.0.0-py3.10.egg-info
[9.584s] running install_scripts
[9.796s] Installing pork_image_node script to /home/saba/workspaces/ramen_robot_ws/install/ur5/lib/ur5
[9.796s] Installing ur5_noodle_node script to /home/saba/workspaces/ramen_robot_ws/install/ur5/lib/ur5
[9.797s] Installing ur5_pork_node script to /home/saba/workspaces/ramen_robot_ws/install/ur5/lib/ur5
[9.797s] Installing ur5_retouch_node script to /home/saba/workspaces/ramen_robot_ws/install/ur5/lib/ur5
[9.797s] writing list of installed files to '/home/saba/workspaces/ramen_robot_ws/build/ur5/install.log'
[9.860s] Invoked command in '/home/saba/workspaces/ramen_robot_ws/src/ur5' returned '0': PYTHONPATH=/home/saba/workspaces/ramen_robot_ws/build/ur5/prefix_override:/usr/lib/python3/dist-packages/colcon_core/task/python/colcon_distutils_commands:/home/saba/workspaces/ramen_robot_ws/install/ur5/lib/python3.10/site-packages:${PYTHONPATH} /usr/bin/python3 -W ignore:setup.py install is deprecated setup.py egg_info --egg-base ../../build/ur5 build --build-base /home/saba/workspaces/ramen_robot_ws/build/ur5/build install --record /home/saba/workspaces/ramen_robot_ws/build/ur5/install.log --single-version-externally-managed install_data
