running egg_info
creating ../../build/dinov2/dinov2.egg-info
writing ../../build/dinov2/dinov2.egg-info/PKG-INFO
writing dependency_links to ../../build/dinov2/dinov2.egg-info/dependency_links.txt
writing requirements to ../../build/dinov2/dinov2.egg-info/requires.txt
writing top-level names to ../../build/dinov2/dinov2.egg-info/top_level.txt
writing manifest file '../../build/dinov2/dinov2.egg-info/SOURCES.txt'
reading manifest file '../../build/dinov2/dinov2.egg-info/SOURCES.txt'
adding license file 'LICENSE'
writing manifest file '../../build/dinov2/dinov2.egg-info/SOURCES.txt'
running build
running build_py
creating /home/saba/workspaces/ramen_robot_ws/build/dinov2/build
creating /home/saba/workspaces/ramen_robot_ws/build/dinov2/build/lib
creating /home/saba/workspaces/ramen_robot_ws/build/dinov2/build/lib/dinov2
copying dinov2/__init__.py -> /home/saba/workspaces/ramen_robot_ws/build/dinov2/build/lib/dinov2
creating /home/saba/workspaces/ramen_robot_ws/build/dinov2/build/lib/dinov2/run
copying dinov2/run/__init__.py -> /home/saba/workspaces/ramen_robot_ws/build/dinov2/build/lib/dinov2/run
copying dinov2/run/submit.py -> /home/saba/workspaces/ramen_robot_ws/build/dinov2/build/lib/dinov2/run
creating /home/saba/workspaces/ramen_robot_ws/build/dinov2/build/lib/dinov2/utils
copying dinov2/utils/param_groups.py -> /home/saba/workspaces/ramen_robot_ws/build/dinov2/build/lib/dinov2/utils
copying dinov2/utils/__init__.py -> /home/saba/workspaces/ramen_robot_ws/build/dinov2/build/lib/dinov2/utils
copying dinov2/utils/dtype.py -> /home/saba/workspaces/ramen_robot_ws/build/dinov2/build/lib/dinov2/utils
copying dinov2/utils/utils.py -> /home/saba/workspaces/ramen_robot_ws/build/dinov2/build/lib/dinov2/utils
copying dinov2/utils/cluster.py -> /home/saba/workspaces/ramen_robot_ws/build/dinov2/build/lib/dinov2/utils
copying dinov2/utils/config.py -> /home/saba/workspaces/ramen_robot_ws/build/dinov2/build/lib/dinov2/utils
creating /home/saba/workspaces/ramen_robot_ws/build/dinov2/build/lib/dinov2/train
copying dinov2/train/train.py -> /home/saba/workspaces/ramen_robot_ws/build/dinov2/build/lib/dinov2/train
copying dinov2/train/__init__.py -> /home/saba/workspaces/ramen_robot_ws/build/dinov2/build/lib/dinov2/train
copying dinov2/train/ssl_meta_arch.py -> /home/saba/workspaces/ramen_robot_ws/build/dinov2/build/lib/dinov2/train
creating /home/saba/workspaces/ramen_robot_ws/build/dinov2/build/lib/dinov2/fsdp
copying dinov2/fsdp/__init__.py -> /home/saba/workspaces/ramen_robot_ws/build/dinov2/build/lib/dinov2/fsdp
creating /home/saba/workspaces/ramen_robot_ws/build/dinov2/build/lib/dinov2/distributed
copying dinov2/distributed/__init__.py -> /home/saba/workspaces/ramen_robot_ws/build/dinov2/build/lib/dinov2/distributed
creating /home/saba/workspaces/ramen_robot_ws/build/dinov2/build/lib/dinov2/models
copying dinov2/models/__init__.py -> /home/saba/workspaces/ramen_robot_ws/build/dinov2/build/lib/dinov2/models
copying dinov2/models/vision_transformer.py -> /home/saba/workspaces/ramen_robot_ws/build/dinov2/build/lib/dinov2/models
creating /home/saba/workspaces/ramen_robot_ws/build/dinov2/build/lib/dinov2/configs
copying dinov2/configs/__init__.py -> /home/saba/workspaces/ramen_robot_ws/build/dinov2/build/lib/dinov2/configs
creating /home/saba/workspaces/ramen_robot_ws/build/dinov2/build/lib/dinov2/layers
copying dinov2/layers/layer_scale.py -> /home/saba/workspaces/ramen_robot_ws/build/dinov2/build/lib/dinov2/layers
copying dinov2/layers/__init__.py -> /home/saba/workspaces/ramen_robot_ws/build/dinov2/build/lib/dinov2/layers
copying dinov2/layers/block.py -> /home/saba/workspaces/ramen_robot_ws/build/dinov2/build/lib/dinov2/layers
copying dinov2/layers/swiglu_ffn.py -> /home/saba/workspaces/ramen_robot_ws/build/dinov2/build/lib/dinov2/layers
copying dinov2/layers/attention.py -> /home/saba/workspaces/ramen_robot_ws/build/dinov2/build/lib/dinov2/layers
copying dinov2/layers/drop_path.py -> /home/saba/workspaces/ramen_robot_ws/build/dinov2/build/lib/dinov2/layers
copying dinov2/layers/dino_head.py -> /home/saba/workspaces/ramen_robot_ws/build/dinov2/build/lib/dinov2/layers
copying dinov2/layers/patch_embed.py -> /home/saba/workspaces/ramen_robot_ws/build/dinov2/build/lib/dinov2/layers
copying dinov2/layers/mlp.py -> /home/saba/workspaces/ramen_robot_ws/build/dinov2/build/lib/dinov2/layers
creating /home/saba/workspaces/ramen_robot_ws/build/dinov2/build/lib/dinov2/loss
copying dinov2/loss/ibot_patch_loss.py -> /home/saba/workspaces/ramen_robot_ws/build/dinov2/build/lib/dinov2/loss
copying dinov2/loss/__init__.py -> /home/saba/workspaces/ramen_robot_ws/build/dinov2/build/lib/dinov2/loss
copying dinov2/loss/dino_clstoken_loss.py -> /home/saba/workspaces/ramen_robot_ws/build/dinov2/build/lib/dinov2/loss
copying dinov2/loss/koleo_loss.py -> /home/saba/workspaces/ramen_robot_ws/build/dinov2/build/lib/dinov2/loss
creating /home/saba/workspaces/ramen_robot_ws/build/dinov2/build/lib/dinov2/logging
copying dinov2/logging/helpers.py -> /home/saba/workspaces/ramen_robot_ws/build/dinov2/build/lib/dinov2/logging
copying dinov2/logging/__init__.py -> /home/saba/workspaces/ramen_robot_ws/build/dinov2/build/lib/dinov2/logging
creating /home/saba/workspaces/ramen_robot_ws/build/dinov2/build/lib/dinov2/eval
copying dinov2/eval/linear.py -> /home/saba/workspaces/ramen_robot_ws/build/dinov2/build/lib/dinov2/eval
copying dinov2/eval/__init__.py -> /home/saba/workspaces/ramen_robot_ws/build/dinov2/build/lib/dinov2/eval
copying dinov2/eval/utils.py -> /home/saba/workspaces/ramen_robot_ws/build/dinov2/build/lib/dinov2/eval
copying dinov2/eval/metrics.py -> /home/saba/workspaces/ramen_robot_ws/build/dinov2/build/lib/dinov2/eval
copying dinov2/eval/knn.py -> /home/saba/workspaces/ramen_robot_ws/build/dinov2/build/lib/dinov2/eval
copying dinov2/eval/log_regression.py -> /home/saba/workspaces/ramen_robot_ws/build/dinov2/build/lib/dinov2/eval
copying dinov2/eval/setup.py -> /home/saba/workspaces/ramen_robot_ws/build/dinov2/build/lib/dinov2/eval
creating /home/saba/workspaces/ramen_robot_ws/build/dinov2/build/lib/dinov2/data
copying dinov2/data/__init__.py -> /home/saba/workspaces/ramen_robot_ws/build/dinov2/build/lib/dinov2/data
copying dinov2/data/masking.py -> /home/saba/workspaces/ramen_robot_ws/build/dinov2/build/lib/dinov2/data
copying dinov2/data/augmentations.py -> /home/saba/workspaces/ramen_robot_ws/build/dinov2/build/lib/dinov2/data
copying dinov2/data/transforms.py -> /home/saba/workspaces/ramen_robot_ws/build/dinov2/build/lib/dinov2/data
copying dinov2/data/adapters.py -> /home/saba/workspaces/ramen_robot_ws/build/dinov2/build/lib/dinov2/data
copying dinov2/data/loaders.py -> /home/saba/workspaces/ramen_robot_ws/build/dinov2/build/lib/dinov2/data
copying dinov2/data/collate.py -> /home/saba/workspaces/ramen_robot_ws/build/dinov2/build/lib/dinov2/data
copying dinov2/data/samplers.py -> /home/saba/workspaces/ramen_robot_ws/build/dinov2/build/lib/dinov2/data
creating /home/saba/workspaces/ramen_robot_ws/build/dinov2/build/lib/dinov2/data/datasets
copying dinov2/data/datasets/image_net.py -> /home/saba/workspaces/ramen_robot_ws/build/dinov2/build/lib/dinov2/data/datasets
copying dinov2/data/datasets/image_net_22k.py -> /home/saba/workspaces/ramen_robot_ws/build/dinov2/build/lib/dinov2/data/datasets
copying dinov2/data/datasets/__init__.py -> /home/saba/workspaces/ramen_robot_ws/build/dinov2/build/lib/dinov2/data/datasets
copying dinov2/data/datasets/extended.py -> /home/saba/workspaces/ramen_robot_ws/build/dinov2/build/lib/dinov2/data/datasets
copying dinov2/data/datasets/decoders.py -> /home/saba/workspaces/ramen_robot_ws/build/dinov2/build/lib/dinov2/data/datasets
copying dinov2/configs/ssl_default_config.yaml -> /home/saba/workspaces/ramen_robot_ws/build/dinov2/build/lib/dinov2/configs
running install
running install_lib
creating /home/saba/workspaces/ramen_robot_ws/install/dinov2/lib/python3.10/site-packages/dinov2
creating /home/saba/workspaces/ramen_robot_ws/install/dinov2/lib/python3.10/site-packages/dinov2/run
copying /home/saba/workspaces/ramen_robot_ws/build/dinov2/build/lib/dinov2/run/__init__.py -> /home/saba/workspaces/ramen_robot_ws/install/dinov2/lib/python3.10/site-packages/dinov2/run
copying /home/saba/workspaces/ramen_robot_ws/build/dinov2/build/lib/dinov2/run/submit.py -> /home/saba/workspaces/ramen_robot_ws/install/dinov2/lib/python3.10/site-packages/dinov2/run
copying /home/saba/workspaces/ramen_robot_ws/build/dinov2/build/lib/dinov2/__init__.py -> /home/saba/workspaces/ramen_robot_ws/install/dinov2/lib/python3.10/site-packages/dinov2
creating /home/saba/workspaces/ramen_robot_ws/install/dinov2/lib/python3.10/site-packages/dinov2/utils
copying /home/saba/workspaces/ramen_robot_ws/build/dinov2/build/lib/dinov2/utils/param_groups.py -> /home/saba/workspaces/ramen_robot_ws/install/dinov2/lib/python3.10/site-packages/dinov2/utils
copying /home/saba/workspaces/ramen_robot_ws/build/dinov2/build/lib/dinov2/utils/__init__.py -> /home/saba/workspaces/ramen_robot_ws/install/dinov2/lib/python3.10/site-packages/dinov2/utils
copying /home/saba/workspaces/ramen_robot_ws/build/dinov2/build/lib/dinov2/utils/dtype.py -> /home/saba/workspaces/ramen_robot_ws/install/dinov2/lib/python3.10/site-packages/dinov2/utils
copying /home/saba/workspaces/ramen_robot_ws/build/dinov2/build/lib/dinov2/utils/utils.py -> /home/saba/workspaces/ramen_robot_ws/install/dinov2/lib/python3.10/site-packages/dinov2/utils
copying /home/saba/workspaces/ramen_robot_ws/build/dinov2/build/lib/dinov2/utils/cluster.py -> /home/saba/workspaces/ramen_robot_ws/install/dinov2/lib/python3.10/site-packages/dinov2/utils
copying /home/saba/workspaces/ramen_robot_ws/build/dinov2/build/lib/dinov2/utils/config.py -> /home/saba/workspaces/ramen_robot_ws/install/dinov2/lib/python3.10/site-packages/dinov2/utils
creating /home/saba/workspaces/ramen_robot_ws/install/dinov2/lib/python3.10/site-packages/dinov2/train
copying /home/saba/workspaces/ramen_robot_ws/build/dinov2/build/lib/dinov2/train/train.py -> /home/saba/workspaces/ramen_robot_ws/install/dinov2/lib/python3.10/site-packages/dinov2/train
copying /home/saba/workspaces/ramen_robot_ws/build/dinov2/build/lib/dinov2/train/__init__.py -> /home/saba/workspaces/ramen_robot_ws/install/dinov2/lib/python3.10/site-packages/dinov2/train
copying /home/saba/workspaces/ramen_robot_ws/build/dinov2/build/lib/dinov2/train/ssl_meta_arch.py -> /home/saba/workspaces/ramen_robot_ws/install/dinov2/lib/python3.10/site-packages/dinov2/train
creating /home/saba/workspaces/ramen_robot_ws/install/dinov2/lib/python3.10/site-packages/dinov2/fsdp
copying /home/saba/workspaces/ramen_robot_ws/build/dinov2/build/lib/dinov2/fsdp/__init__.py -> /home/saba/workspaces/ramen_robot_ws/install/dinov2/lib/python3.10/site-packages/dinov2/fsdp
creating /home/saba/workspaces/ramen_robot_ws/install/dinov2/lib/python3.10/site-packages/dinov2/distributed
copying /home/saba/workspaces/ramen_robot_ws/build/dinov2/build/lib/dinov2/distributed/__init__.py -> /home/saba/workspaces/ramen_robot_ws/install/dinov2/lib/python3.10/site-packages/dinov2/distributed
creating /home/saba/workspaces/ramen_robot_ws/install/dinov2/lib/python3.10/site-packages/dinov2/models
copying /home/saba/workspaces/ramen_robot_ws/build/dinov2/build/lib/dinov2/models/__init__.py -> /home/saba/workspaces/ramen_robot_ws/install/dinov2/lib/python3.10/site-packages/dinov2/models
copying /home/saba/workspaces/ramen_robot_ws/build/dinov2/build/lib/dinov2/models/vision_transformer.py -> /home/saba/workspaces/ramen_robot_ws/install/dinov2/lib/python3.10/site-packages/dinov2/models
creating /home/saba/workspaces/ramen_robot_ws/install/dinov2/lib/python3.10/site-packages/dinov2/configs
copying /home/saba/workspaces/ramen_robot_ws/build/dinov2/build/lib/dinov2/configs/__init__.py -> /home/saba/workspaces/ramen_robot_ws/install/dinov2/lib/python3.10/site-packages/dinov2/configs
copying /home/saba/workspaces/ramen_robot_ws/build/dinov2/build/lib/dinov2/configs/ssl_default_config.yaml -> /home/saba/workspaces/ramen_robot_ws/install/dinov2/lib/python3.10/site-packages/dinov2/configs
creating /home/saba/workspaces/ramen_robot_ws/install/dinov2/lib/python3.10/site-packages/dinov2/layers
copying /home/saba/workspaces/ramen_robot_ws/build/dinov2/build/lib/dinov2/layers/layer_scale.py -> /home/saba/workspaces/ramen_robot_ws/install/dinov2/lib/python3.10/site-packages/dinov2/layers
copying /home/saba/workspaces/ramen_robot_ws/build/dinov2/build/lib/dinov2/layers/__init__.py -> /home/saba/workspaces/ramen_robot_ws/install/dinov2/lib/python3.10/site-packages/dinov2/layers
copying /home/saba/workspaces/ramen_robot_ws/build/dinov2/build/lib/dinov2/layers/block.py -> /home/saba/workspaces/ramen_robot_ws/install/dinov2/lib/python3.10/site-packages/dinov2/layers
copying /home/saba/workspaces/ramen_robot_ws/build/dinov2/build/lib/dinov2/layers/swiglu_ffn.py -> /home/saba/workspaces/ramen_robot_ws/install/dinov2/lib/python3.10/site-packages/dinov2/layers
copying /home/saba/workspaces/ramen_robot_ws/build/dinov2/build/lib/dinov2/layers/attention.py -> /home/saba/workspaces/ramen_robot_ws/install/dinov2/lib/python3.10/site-packages/dinov2/layers
copying /home/saba/workspaces/ramen_robot_ws/build/dinov2/build/lib/dinov2/layers/drop_path.py -> /home/saba/workspaces/ramen_robot_ws/install/dinov2/lib/python3.10/site-packages/dinov2/layers
copying /home/saba/workspaces/ramen_robot_ws/build/dinov2/build/lib/dinov2/layers/dino_head.py -> /home/saba/workspaces/ramen_robot_ws/install/dinov2/lib/python3.10/site-packages/dinov2/layers
copying /home/saba/workspaces/ramen_robot_ws/build/dinov2/build/lib/dinov2/layers/patch_embed.py -> /home/saba/workspaces/ramen_robot_ws/install/dinov2/lib/python3.10/site-packages/dinov2/layers
copying /home/saba/workspaces/ramen_robot_ws/build/dinov2/build/lib/dinov2/layers/mlp.py -> /home/saba/workspaces/ramen_robot_ws/install/dinov2/lib/python3.10/site-packages/dinov2/layers
creating /home/saba/workspaces/ramen_robot_ws/install/dinov2/lib/python3.10/site-packages/dinov2/loss
copying /home/saba/workspaces/ramen_robot_ws/build/dinov2/build/lib/dinov2/loss/ibot_patch_loss.py -> /home/saba/workspaces/ramen_robot_ws/install/dinov2/lib/python3.10/site-packages/dinov2/loss
copying /home/saba/workspaces/ramen_robot_ws/build/dinov2/build/lib/dinov2/loss/__init__.py -> /home/saba/workspaces/ramen_robot_ws/install/dinov2/lib/python3.10/site-packages/dinov2/loss
copying /home/saba/workspaces/ramen_robot_ws/build/dinov2/build/lib/dinov2/loss/dino_clstoken_loss.py -> /home/saba/workspaces/ramen_robot_ws/install/dinov2/lib/python3.10/site-packages/dinov2/loss
copying /home/saba/workspaces/ramen_robot_ws/build/dinov2/build/lib/dinov2/loss/koleo_loss.py -> /home/saba/workspaces/ramen_robot_ws/install/dinov2/lib/python3.10/site-packages/dinov2/loss
creating /home/saba/workspaces/ramen_robot_ws/install/dinov2/lib/python3.10/site-packages/dinov2/logging
copying /home/saba/workspaces/ramen_robot_ws/build/dinov2/build/lib/dinov2/logging/helpers.py -> /home/saba/workspaces/ramen_robot_ws/install/dinov2/lib/python3.10/site-packages/dinov2/logging
copying /home/saba/workspaces/ramen_robot_ws/build/dinov2/build/lib/dinov2/logging/__init__.py -> /home/saba/workspaces/ramen_robot_ws/install/dinov2/lib/python3.10/site-packages/dinov2/logging
creating /home/saba/workspaces/ramen_robot_ws/install/dinov2/lib/python3.10/site-packages/dinov2/eval
copying /home/saba/workspaces/ramen_robot_ws/build/dinov2/build/lib/dinov2/eval/linear.py -> /home/saba/workspaces/ramen_robot_ws/install/dinov2/lib/python3.10/site-packages/dinov2/eval
copying /home/saba/workspaces/ramen_robot_ws/build/dinov2/build/lib/dinov2/eval/__init__.py -> /home/saba/workspaces/ramen_robot_ws/install/dinov2/lib/python3.10/site-packages/dinov2/eval
copying /home/saba/workspaces/ramen_robot_ws/build/dinov2/build/lib/dinov2/eval/utils.py -> /home/saba/workspaces/ramen_robot_ws/install/dinov2/lib/python3.10/site-packages/dinov2/eval
copying /home/saba/workspaces/ramen_robot_ws/build/dinov2/build/lib/dinov2/eval/metrics.py -> /home/saba/workspaces/ramen_robot_ws/install/dinov2/lib/python3.10/site-packages/dinov2/eval
copying /home/saba/workspaces/ramen_robot_ws/build/dinov2/build/lib/dinov2/eval/knn.py -> /home/saba/workspaces/ramen_robot_ws/install/dinov2/lib/python3.10/site-packages/dinov2/eval
copying /home/saba/workspaces/ramen_robot_ws/build/dinov2/build/lib/dinov2/eval/log_regression.py -> /home/saba/workspaces/ramen_robot_ws/install/dinov2/lib/python3.10/site-packages/dinov2/eval
copying /home/saba/workspaces/ramen_robot_ws/build/dinov2/build/lib/dinov2/eval/setup.py -> /home/saba/workspaces/ramen_robot_ws/install/dinov2/lib/python3.10/site-packages/dinov2/eval
creating /home/saba/workspaces/ramen_robot_ws/install/dinov2/lib/python3.10/site-packages/dinov2/data
copying /home/saba/workspaces/ramen_robot_ws/build/dinov2/build/lib/dinov2/data/__init__.py -> /home/saba/workspaces/ramen_robot_ws/install/dinov2/lib/python3.10/site-packages/dinov2/data
copying /home/saba/workspaces/ramen_robot_ws/build/dinov2/build/lib/dinov2/data/masking.py -> /home/saba/workspaces/ramen_robot_ws/install/dinov2/lib/python3.10/site-packages/dinov2/data
copying /home/saba/workspaces/ramen_robot_ws/build/dinov2/build/lib/dinov2/data/augmentations.py -> /home/saba/workspaces/ramen_robot_ws/install/dinov2/lib/python3.10/site-packages/dinov2/data
creating /home/saba/workspaces/ramen_robot_ws/install/dinov2/lib/python3.10/site-packages/dinov2/data/datasets
copying /home/saba/workspaces/ramen_robot_ws/build/dinov2/build/lib/dinov2/data/datasets/image_net.py -> /home/saba/workspaces/ramen_robot_ws/install/dinov2/lib/python3.10/site-packages/dinov2/data/datasets
copying /home/saba/workspaces/ramen_robot_ws/build/dinov2/build/lib/dinov2/data/datasets/image_net_22k.py -> /home/saba/workspaces/ramen_robot_ws/install/dinov2/lib/python3.10/site-packages/dinov2/data/datasets
copying /home/saba/workspaces/ramen_robot_ws/build/dinov2/build/lib/dinov2/data/datasets/__init__.py -> /home/saba/workspaces/ramen_robot_ws/install/dinov2/lib/python3.10/site-packages/dinov2/data/datasets
copying /home/saba/workspaces/ramen_robot_ws/build/dinov2/build/lib/dinov2/data/datasets/extended.py -> /home/saba/workspaces/ramen_robot_ws/install/dinov2/lib/python3.10/site-packages/dinov2/data/datasets
copying /home/saba/workspaces/ramen_robot_ws/build/dinov2/build/lib/dinov2/data/datasets/decoders.py -> /home/saba/workspaces/ramen_robot_ws/install/dinov2/lib/python3.10/site-packages/dinov2/data/datasets
copying /home/saba/workspaces/ramen_robot_ws/build/dinov2/build/lib/dinov2/data/transforms.py -> /home/saba/workspaces/ramen_robot_ws/install/dinov2/lib/python3.10/site-packages/dinov2/data
copying /home/saba/workspaces/ramen_robot_ws/build/dinov2/build/lib/dinov2/data/adapters.py -> /home/saba/workspaces/ramen_robot_ws/install/dinov2/lib/python3.10/site-packages/dinov2/data
copying /home/saba/workspaces/ramen_robot_ws/build/dinov2/build/lib/dinov2/data/loaders.py -> /home/saba/workspaces/ramen_robot_ws/install/dinov2/lib/python3.10/site-packages/dinov2/data
copying /home/saba/workspaces/ramen_robot_ws/build/dinov2/build/lib/dinov2/data/collate.py -> /home/saba/workspaces/ramen_robot_ws/install/dinov2/lib/python3.10/site-packages/dinov2/data
copying /home/saba/workspaces/ramen_robot_ws/build/dinov2/build/lib/dinov2/data/samplers.py -> /home/saba/workspaces/ramen_robot_ws/install/dinov2/lib/python3.10/site-packages/dinov2/data
byte-compiling /home/saba/workspaces/ramen_robot_ws/install/dinov2/lib/python3.10/site-packages/dinov2/run/__init__.py to __init__.cpython-310.pyc
byte-compiling /home/saba/workspaces/ramen_robot_ws/install/dinov2/lib/python3.10/site-packages/dinov2/run/submit.py to submit.cpython-310.pyc
byte-compiling /home/saba/workspaces/ramen_robot_ws/install/dinov2/lib/python3.10/site-packages/dinov2/__init__.py to __init__.cpython-310.pyc
byte-compiling /home/saba/workspaces/ramen_robot_ws/install/dinov2/lib/python3.10/site-packages/dinov2/utils/param_groups.py to param_groups.cpython-310.pyc
byte-compiling /home/saba/workspaces/ramen_robot_ws/install/dinov2/lib/python3.10/site-packages/dinov2/utils/__init__.py to __init__.cpython-310.pyc
byte-compiling /home/saba/workspaces/ramen_robot_ws/install/dinov2/lib/python3.10/site-packages/dinov2/utils/dtype.py to dtype.cpython-310.pyc
byte-compiling /home/saba/workspaces/ramen_robot_ws/install/dinov2/lib/python3.10/site-packages/dinov2/utils/utils.py to utils.cpython-310.pyc
byte-compiling /home/saba/workspaces/ramen_robot_ws/install/dinov2/lib/python3.10/site-packages/dinov2/utils/cluster.py to cluster.cpython-310.pyc
byte-compiling /home/saba/workspaces/ramen_robot_ws/install/dinov2/lib/python3.10/site-packages/dinov2/utils/config.py to config.cpython-310.pyc
byte-compiling /home/saba/workspaces/ramen_robot_ws/install/dinov2/lib/python3.10/site-packages/dinov2/train/train.py to train.cpython-310.pyc
byte-compiling /home/saba/workspaces/ramen_robot_ws/install/dinov2/lib/python3.10/site-packages/dinov2/train/__init__.py to __init__.cpython-310.pyc
byte-compiling /home/saba/workspaces/ramen_robot_ws/install/dinov2/lib/python3.10/site-packages/dinov2/train/ssl_meta_arch.py to ssl_meta_arch.cpython-310.pyc
byte-compiling /home/saba/workspaces/ramen_robot_ws/install/dinov2/lib/python3.10/site-packages/dinov2/fsdp/__init__.py to __init__.cpython-310.pyc
byte-compiling /home/saba/workspaces/ramen_robot_ws/install/dinov2/lib/python3.10/site-packages/dinov2/distributed/__init__.py to __init__.cpython-310.pyc
byte-compiling /home/saba/workspaces/ramen_robot_ws/install/dinov2/lib/python3.10/site-packages/dinov2/models/__init__.py to __init__.cpython-310.pyc
byte-compiling /home/saba/workspaces/ramen_robot_ws/install/dinov2/lib/python3.10/site-packages/dinov2/models/vision_transformer.py to vision_transformer.cpython-310.pyc
byte-compiling /home/saba/workspaces/ramen_robot_ws/install/dinov2/lib/python3.10/site-packages/dinov2/configs/__init__.py to __init__.cpython-310.pyc
byte-compiling /home/saba/workspaces/ramen_robot_ws/install/dinov2/lib/python3.10/site-packages/dinov2/layers/layer_scale.py to layer_scale.cpython-310.pyc
byte-compiling /home/saba/workspaces/ramen_robot_ws/install/dinov2/lib/python3.10/site-packages/dinov2/layers/__init__.py to __init__.cpython-310.pyc
byte-compiling /home/saba/workspaces/ramen_robot_ws/install/dinov2/lib/python3.10/site-packages/dinov2/layers/block.py to block.cpython-310.pyc
byte-compiling /home/saba/workspaces/ramen_robot_ws/install/dinov2/lib/python3.10/site-packages/dinov2/layers/swiglu_ffn.py to swiglu_ffn.cpython-310.pyc
byte-compiling /home/saba/workspaces/ramen_robot_ws/install/dinov2/lib/python3.10/site-packages/dinov2/layers/attention.py to attention.cpython-310.pyc
byte-compiling /home/saba/workspaces/ramen_robot_ws/install/dinov2/lib/python3.10/site-packages/dinov2/layers/drop_path.py to drop_path.cpython-310.pyc
byte-compiling /home/saba/workspaces/ramen_robot_ws/install/dinov2/lib/python3.10/site-packages/dinov2/layers/dino_head.py to dino_head.cpython-310.pyc
byte-compiling /home/saba/workspaces/ramen_robot_ws/install/dinov2/lib/python3.10/site-packages/dinov2/layers/patch_embed.py to patch_embed.cpython-310.pyc
byte-compiling /home/saba/workspaces/ramen_robot_ws/install/dinov2/lib/python3.10/site-packages/dinov2/layers/mlp.py to mlp.cpython-310.pyc
byte-compiling /home/saba/workspaces/ramen_robot_ws/install/dinov2/lib/python3.10/site-packages/dinov2/loss/ibot_patch_loss.py to ibot_patch_loss.cpython-310.pyc
byte-compiling /home/saba/workspaces/ramen_robot_ws/install/dinov2/lib/python3.10/site-packages/dinov2/loss/__init__.py to __init__.cpython-310.pyc
byte-compiling /home/saba/workspaces/ramen_robot_ws/install/dinov2/lib/python3.10/site-packages/dinov2/loss/dino_clstoken_loss.py to dino_clstoken_loss.cpython-310.pyc
byte-compiling /home/saba/workspaces/ramen_robot_ws/install/dinov2/lib/python3.10/site-packages/dinov2/loss/koleo_loss.py to koleo_loss.cpython-310.pyc
byte-compiling /home/saba/workspaces/ramen_robot_ws/install/dinov2/lib/python3.10/site-packages/dinov2/logging/helpers.py to helpers.cpython-310.pyc
byte-compiling /home/saba/workspaces/ramen_robot_ws/install/dinov2/lib/python3.10/site-packages/dinov2/logging/__init__.py to __init__.cpython-310.pyc
byte-compiling /home/saba/workspaces/ramen_robot_ws/install/dinov2/lib/python3.10/site-packages/dinov2/eval/linear.py to linear.cpython-310.pyc
byte-compiling /home/saba/workspaces/ramen_robot_ws/install/dinov2/lib/python3.10/site-packages/dinov2/eval/__init__.py to __init__.cpython-310.pyc
byte-compiling /home/saba/workspaces/ramen_robot_ws/install/dinov2/lib/python3.10/site-packages/dinov2/eval/utils.py to utils.cpython-310.pyc
byte-compiling /home/saba/workspaces/ramen_robot_ws/install/dinov2/lib/python3.10/site-packages/dinov2/eval/metrics.py to metrics.cpython-310.pyc
byte-compiling /home/saba/workspaces/ramen_robot_ws/install/dinov2/lib/python3.10/site-packages/dinov2/eval/knn.py to knn.cpython-310.pyc
byte-compiling /home/saba/workspaces/ramen_robot_ws/install/dinov2/lib/python3.10/site-packages/dinov2/eval/log_regression.py to log_regression.cpython-310.pyc
byte-compiling /home/saba/workspaces/ramen_robot_ws/install/dinov2/lib/python3.10/site-packages/dinov2/eval/setup.py to setup.cpython-310.pyc
byte-compiling /home/saba/workspaces/ramen_robot_ws/install/dinov2/lib/python3.10/site-packages/dinov2/data/__init__.py to __init__.cpython-310.pyc
byte-compiling /home/saba/workspaces/ramen_robot_ws/install/dinov2/lib/python3.10/site-packages/dinov2/data/masking.py to masking.cpython-310.pyc
byte-compiling /home/saba/workspaces/ramen_robot_ws/install/dinov2/lib/python3.10/site-packages/dinov2/data/augmentations.py to augmentations.cpython-310.pyc
byte-compiling /home/saba/workspaces/ramen_robot_ws/install/dinov2/lib/python3.10/site-packages/dinov2/data/datasets/image_net.py to image_net.cpython-310.pyc
byte-compiling /home/saba/workspaces/ramen_robot_ws/install/dinov2/lib/python3.10/site-packages/dinov2/data/datasets/image_net_22k.py to image_net_22k.cpython-310.pyc
byte-compiling /home/saba/workspaces/ramen_robot_ws/install/dinov2/lib/python3.10/site-packages/dinov2/data/datasets/__init__.py to __init__.cpython-310.pyc
byte-compiling /home/saba/workspaces/ramen_robot_ws/install/dinov2/lib/python3.10/site-packages/dinov2/data/datasets/extended.py to extended.cpython-310.pyc
byte-compiling /home/saba/workspaces/ramen_robot_ws/install/dinov2/lib/python3.10/site-packages/dinov2/data/datasets/decoders.py to decoders.cpython-310.pyc
byte-compiling /home/saba/workspaces/ramen_robot_ws/install/dinov2/lib/python3.10/site-packages/dinov2/data/transforms.py to transforms.cpython-310.pyc
byte-compiling /home/saba/workspaces/ramen_robot_ws/install/dinov2/lib/python3.10/site-packages/dinov2/data/adapters.py to adapters.cpython-310.pyc
byte-compiling /home/saba/workspaces/ramen_robot_ws/install/dinov2/lib/python3.10/site-packages/dinov2/data/loaders.py to loaders.cpython-310.pyc
byte-compiling /home/saba/workspaces/ramen_robot_ws/install/dinov2/lib/python3.10/site-packages/dinov2/data/collate.py to collate.cpython-310.pyc
byte-compiling /home/saba/workspaces/ramen_robot_ws/install/dinov2/lib/python3.10/site-packages/dinov2/data/samplers.py to samplers.cpython-310.pyc
running install_egg_info
Copying ../../build/dinov2/dinov2.egg-info to /home/saba/workspaces/ramen_robot_ws/install/dinov2/lib/python3.10/site-packages/dinov2-0.0.1-py3.10.egg-info
running install_scripts
writing list of installed files to '/home/saba/workspaces/ramen_robot_ws/build/dinov2/install.log'
