[7.594s] Invoking command in '/home/saba/workspaces/ramen_robot_ws/torchhub/facebookresearch_dinov2_main': PYTHONPATH=/home/saba/workspaces/ramen_robot_ws/build/dinov2/prefix_override:/usr/lib/python3/dist-packages/colcon_core/task/python/colcon_distutils_commands:/home/saba/workspaces/ramen_robot_ws/install/dinov2/lib/python3.10/site-packages:${PYTHONPATH} /usr/bin/python3 -W ignore:setup.py install is deprecated setup.py egg_info --egg-base ../../build/dinov2 build --build-base /home/saba/workspaces/ramen_robot_ws/build/dinov2/build install --record /home/saba/workspaces/ramen_robot_ws/build/dinov2/install.log --single-version-externally-managed
[8.265s] /home/saba/.local/lib/python3.10/site-packages/setuptools/_distutils/dist.py:275: UserWarning: Unknown distribution option: 'install_package_data'
[8.265s]   warnings.warn(msg)
[9.127s] running egg_info
[9.128s] creating ../../build/dinov2/dinov2.egg-info
[9.230s] writing ../../build/dinov2/dinov2.egg-info/PKG-INFO
[9.300s] writing dependency_links to ../../build/dinov2/dinov2.egg-info/dependency_links.txt
[9.659s] writing requirements to ../../build/dinov2/dinov2.egg-info/requires.txt
[9.731s] writing top-level names to ../../build/dinov2/dinov2.egg-info/top_level.txt
[9.731s] writing manifest file '../../build/dinov2/dinov2.egg-info/SOURCES.txt'
[9.867s] reading manifest file '../../build/dinov2/dinov2.egg-info/SOURCES.txt'
[9.867s] adding license file 'LICENSE'
[9.868s] writing manifest file '../../build/dinov2/dinov2.egg-info/SOURCES.txt'
[9.869s] running build
[9.869s] running build_py
[9.869s] creating /home/saba/workspaces/ramen_robot_ws/build/dinov2/build
[9.869s] creating /home/saba/workspaces/ramen_robot_ws/build/dinov2/build/lib
[9.869s] creating /home/saba/workspaces/ramen_robot_ws/build/dinov2/build/lib/dinov2
[9.870s] copying dinov2/__init__.py -> /home/saba/workspaces/ramen_robot_ws/build/dinov2/build/lib/dinov2
[9.870s] creating /home/saba/workspaces/ramen_robot_ws/build/dinov2/build/lib/dinov2/run
[9.870s] copying dinov2/run/__init__.py -> /home/saba/workspaces/ramen_robot_ws/build/dinov2/build/lib/dinov2/run
[9.888s] copying dinov2/run/submit.py -> /home/saba/workspaces/ramen_robot_ws/build/dinov2/build/lib/dinov2/run
[9.889s] creating /home/saba/workspaces/ramen_robot_ws/build/dinov2/build/lib/dinov2/utils
[9.889s] copying dinov2/utils/param_groups.py -> /home/saba/workspaces/ramen_robot_ws/build/dinov2/build/lib/dinov2/utils
[9.889s] copying dinov2/utils/__init__.py -> /home/saba/workspaces/ramen_robot_ws/build/dinov2/build/lib/dinov2/utils
[9.890s] copying dinov2/utils/dtype.py -> /home/saba/workspaces/ramen_robot_ws/build/dinov2/build/lib/dinov2/utils
[9.890s] copying dinov2/utils/utils.py -> /home/saba/workspaces/ramen_robot_ws/build/dinov2/build/lib/dinov2/utils
[9.890s] copying dinov2/utils/cluster.py -> /home/saba/workspaces/ramen_robot_ws/build/dinov2/build/lib/dinov2/utils
[9.891s] copying dinov2/utils/config.py -> /home/saba/workspaces/ramen_robot_ws/build/dinov2/build/lib/dinov2/utils
[9.891s] creating /home/saba/workspaces/ramen_robot_ws/build/dinov2/build/lib/dinov2/train
[9.892s] copying dinov2/train/train.py -> /home/saba/workspaces/ramen_robot_ws/build/dinov2/build/lib/dinov2/train
[9.892s] copying dinov2/train/__init__.py -> /home/saba/workspaces/ramen_robot_ws/build/dinov2/build/lib/dinov2/train
[9.892s] copying dinov2/train/ssl_meta_arch.py -> /home/saba/workspaces/ramen_robot_ws/build/dinov2/build/lib/dinov2/train
[9.893s] creating /home/saba/workspaces/ramen_robot_ws/build/dinov2/build/lib/dinov2/fsdp
[9.893s] copying dinov2/fsdp/__init__.py -> /home/saba/workspaces/ramen_robot_ws/build/dinov2/build/lib/dinov2/fsdp
[9.903s] creating /home/saba/workspaces/ramen_robot_ws/build/dinov2/build/lib/dinov2/distributed
[9.903s] copying dinov2/distributed/__init__.py -> /home/saba/workspaces/ramen_robot_ws/build/dinov2/build/lib/dinov2/distributed
[9.911s] creating /home/saba/workspaces/ramen_robot_ws/build/dinov2/build/lib/dinov2/models
[9.911s] copying dinov2/models/__init__.py -> /home/saba/workspaces/ramen_robot_ws/build/dinov2/build/lib/dinov2/models
[9.913s] copying dinov2/models/vision_transformer.py -> /home/saba/workspaces/ramen_robot_ws/build/dinov2/build/lib/dinov2/models
[9.913s] creating /home/saba/workspaces/ramen_robot_ws/build/dinov2/build/lib/dinov2/configs
[9.914s] copying dinov2/configs/__init__.py -> /home/saba/workspaces/ramen_robot_ws/build/dinov2/build/lib/dinov2/configs
[9.926s] creating /home/saba/workspaces/ramen_robot_ws/build/dinov2/build/lib/dinov2/layers
[9.926s] copying dinov2/layers/layer_scale.py -> /home/saba/workspaces/ramen_robot_ws/build/dinov2/build/lib/dinov2/layers
[9.927s] copying dinov2/layers/__init__.py -> /home/saba/workspaces/ramen_robot_ws/build/dinov2/build/lib/dinov2/layers
[9.927s] copying dinov2/layers/block.py -> /home/saba/workspaces/ramen_robot_ws/build/dinov2/build/lib/dinov2/layers
[9.928s] copying dinov2/layers/swiglu_ffn.py -> /home/saba/workspaces/ramen_robot_ws/build/dinov2/build/lib/dinov2/layers
[9.928s] copying dinov2/layers/attention.py -> /home/saba/workspaces/ramen_robot_ws/build/dinov2/build/lib/dinov2/layers
[9.929s] copying dinov2/layers/drop_path.py -> /home/saba/workspaces/ramen_robot_ws/build/dinov2/build/lib/dinov2/layers
[9.929s] copying dinov2/layers/dino_head.py -> /home/saba/workspaces/ramen_robot_ws/build/dinov2/build/lib/dinov2/layers
[9.929s] copying dinov2/layers/patch_embed.py -> /home/saba/workspaces/ramen_robot_ws/build/dinov2/build/lib/dinov2/layers
[9.930s] copying dinov2/layers/mlp.py -> /home/saba/workspaces/ramen_robot_ws/build/dinov2/build/lib/dinov2/layers
[9.930s] creating /home/saba/workspaces/ramen_robot_ws/build/dinov2/build/lib/dinov2/loss
[9.931s] copying dinov2/loss/ibot_patch_loss.py -> /home/saba/workspaces/ramen_robot_ws/build/dinov2/build/lib/dinov2/loss
[9.931s] copying dinov2/loss/__init__.py -> /home/saba/workspaces/ramen_robot_ws/build/dinov2/build/lib/dinov2/loss
[9.931s] copying dinov2/loss/dino_clstoken_loss.py -> /home/saba/workspaces/ramen_robot_ws/build/dinov2/build/lib/dinov2/loss
[9.932s] copying dinov2/loss/koleo_loss.py -> /home/saba/workspaces/ramen_robot_ws/build/dinov2/build/lib/dinov2/loss
[9.932s] creating /home/saba/workspaces/ramen_robot_ws/build/dinov2/build/lib/dinov2/logging
[9.932s] copying dinov2/logging/helpers.py -> /home/saba/workspaces/ramen_robot_ws/build/dinov2/build/lib/dinov2/logging
[9.933s] copying dinov2/logging/__init__.py -> /home/saba/workspaces/ramen_robot_ws/build/dinov2/build/lib/dinov2/logging
[9.933s] creating /home/saba/workspaces/ramen_robot_ws/build/dinov2/build/lib/dinov2/eval
[9.933s] copying dinov2/eval/linear.py -> /home/saba/workspaces/ramen_robot_ws/build/dinov2/build/lib/dinov2/eval
[9.934s] copying dinov2/eval/__init__.py -> /home/saba/workspaces/ramen_robot_ws/build/dinov2/build/lib/dinov2/eval
[9.935s] copying dinov2/eval/utils.py -> /home/saba/workspaces/ramen_robot_ws/build/dinov2/build/lib/dinov2/eval
[9.935s] copying dinov2/eval/metrics.py -> /home/saba/workspaces/ramen_robot_ws/build/dinov2/build/lib/dinov2/eval
[9.936s] copying dinov2/eval/knn.py -> /home/saba/workspaces/ramen_robot_ws/build/dinov2/build/lib/dinov2/eval
[9.936s] copying dinov2/eval/log_regression.py -> /home/saba/workspaces/ramen_robot_ws/build/dinov2/build/lib/dinov2/eval
[9.936s] copying dinov2/eval/setup.py -> /home/saba/workspaces/ramen_robot_ws/build/dinov2/build/lib/dinov2/eval
[9.937s] creating /home/saba/workspaces/ramen_robot_ws/build/dinov2/build/lib/dinov2/data
[9.937s] copying dinov2/data/__init__.py -> /home/saba/workspaces/ramen_robot_ws/build/dinov2/build/lib/dinov2/data
[9.938s] copying dinov2/data/masking.py -> /home/saba/workspaces/ramen_robot_ws/build/dinov2/build/lib/dinov2/data
[9.938s] copying dinov2/data/augmentations.py -> /home/saba/workspaces/ramen_robot_ws/build/dinov2/build/lib/dinov2/data
[9.938s] copying dinov2/data/transforms.py -> /home/saba/workspaces/ramen_robot_ws/build/dinov2/build/lib/dinov2/data
[9.939s] copying dinov2/data/adapters.py -> /home/saba/workspaces/ramen_robot_ws/build/dinov2/build/lib/dinov2/data
[9.939s] copying dinov2/data/loaders.py -> /home/saba/workspaces/ramen_robot_ws/build/dinov2/build/lib/dinov2/data
[9.940s] copying dinov2/data/collate.py -> /home/saba/workspaces/ramen_robot_ws/build/dinov2/build/lib/dinov2/data
[9.940s] copying dinov2/data/samplers.py -> /home/saba/workspaces/ramen_robot_ws/build/dinov2/build/lib/dinov2/data
[9.941s] creating /home/saba/workspaces/ramen_robot_ws/build/dinov2/build/lib/dinov2/data/datasets
[9.941s] copying dinov2/data/datasets/image_net.py -> /home/saba/workspaces/ramen_robot_ws/build/dinov2/build/lib/dinov2/data/datasets
[9.942s] copying dinov2/data/datasets/image_net_22k.py -> /home/saba/workspaces/ramen_robot_ws/build/dinov2/build/lib/dinov2/data/datasets
[9.942s] copying dinov2/data/datasets/__init__.py -> /home/saba/workspaces/ramen_robot_ws/build/dinov2/build/lib/dinov2/data/datasets
[9.943s] copying dinov2/data/datasets/extended.py -> /home/saba/workspaces/ramen_robot_ws/build/dinov2/build/lib/dinov2/data/datasets
[9.943s] copying dinov2/data/datasets/decoders.py -> /home/saba/workspaces/ramen_robot_ws/build/dinov2/build/lib/dinov2/data/datasets
[9.944s] copying dinov2/configs/ssl_default_config.yaml -> /home/saba/workspaces/ramen_robot_ws/build/dinov2/build/lib/dinov2/configs
[9.946s] running install
[9.953s] running install_lib
[10.066s] creating /home/saba/workspaces/ramen_robot_ws/install/dinov2/lib/python3.10/site-packages/dinov2
[10.066s] creating /home/saba/workspaces/ramen_robot_ws/install/dinov2/lib/python3.10/site-packages/dinov2/run
[10.066s] copying /home/saba/workspaces/ramen_robot_ws/build/dinov2/build/lib/dinov2/run/__init__.py -> /home/saba/workspaces/ramen_robot_ws/install/dinov2/lib/python3.10/site-packages/dinov2/run
[10.066s] copying /home/saba/workspaces/ramen_robot_ws/build/dinov2/build/lib/dinov2/run/submit.py -> /home/saba/workspaces/ramen_robot_ws/install/dinov2/lib/python3.10/site-packages/dinov2/run
[10.067s] copying /home/saba/workspaces/ramen_robot_ws/build/dinov2/build/lib/dinov2/__init__.py -> /home/saba/workspaces/ramen_robot_ws/install/dinov2/lib/python3.10/site-packages/dinov2
[10.067s] creating /home/saba/workspaces/ramen_robot_ws/install/dinov2/lib/python3.10/site-packages/dinov2/utils
[10.067s] copying /home/saba/workspaces/ramen_robot_ws/build/dinov2/build/lib/dinov2/utils/param_groups.py -> /home/saba/workspaces/ramen_robot_ws/install/dinov2/lib/python3.10/site-packages/dinov2/utils
[10.067s] copying /home/saba/workspaces/ramen_robot_ws/build/dinov2/build/lib/dinov2/utils/__init__.py -> /home/saba/workspaces/ramen_robot_ws/install/dinov2/lib/python3.10/site-packages/dinov2/utils
[10.067s] copying /home/saba/workspaces/ramen_robot_ws/build/dinov2/build/lib/dinov2/utils/dtype.py -> /home/saba/workspaces/ramen_robot_ws/install/dinov2/lib/python3.10/site-packages/dinov2/utils
[10.068s] copying /home/saba/workspaces/ramen_robot_ws/build/dinov2/build/lib/dinov2/utils/utils.py -> /home/saba/workspaces/ramen_robot_ws/install/dinov2/lib/python3.10/site-packages/dinov2/utils
[10.068s] copying /home/saba/workspaces/ramen_robot_ws/build/dinov2/build/lib/dinov2/utils/cluster.py -> /home/saba/workspaces/ramen_robot_ws/install/dinov2/lib/python3.10/site-packages/dinov2/utils
[10.068s] copying /home/saba/workspaces/ramen_robot_ws/build/dinov2/build/lib/dinov2/utils/config.py -> /home/saba/workspaces/ramen_robot_ws/install/dinov2/lib/python3.10/site-packages/dinov2/utils
[10.068s] creating /home/saba/workspaces/ramen_robot_ws/install/dinov2/lib/python3.10/site-packages/dinov2/train
[10.069s] copying /home/saba/workspaces/ramen_robot_ws/build/dinov2/build/lib/dinov2/train/train.py -> /home/saba/workspaces/ramen_robot_ws/install/dinov2/lib/python3.10/site-packages/dinov2/train
[10.069s] copying /home/saba/workspaces/ramen_robot_ws/build/dinov2/build/lib/dinov2/train/__init__.py -> /home/saba/workspaces/ramen_robot_ws/install/dinov2/lib/python3.10/site-packages/dinov2/train
[10.069s] copying /home/saba/workspaces/ramen_robot_ws/build/dinov2/build/lib/dinov2/train/ssl_meta_arch.py -> /home/saba/workspaces/ramen_robot_ws/install/dinov2/lib/python3.10/site-packages/dinov2/train
[10.069s] creating /home/saba/workspaces/ramen_robot_ws/install/dinov2/lib/python3.10/site-packages/dinov2/fsdp
[10.069s] copying /home/saba/workspaces/ramen_robot_ws/build/dinov2/build/lib/dinov2/fsdp/__init__.py -> /home/saba/workspaces/ramen_robot_ws/install/dinov2/lib/python3.10/site-packages/dinov2/fsdp
[10.070s] creating /home/saba/workspaces/ramen_robot_ws/install/dinov2/lib/python3.10/site-packages/dinov2/distributed
[10.070s] copying /home/saba/workspaces/ramen_robot_ws/build/dinov2/build/lib/dinov2/distributed/__init__.py -> /home/saba/workspaces/ramen_robot_ws/install/dinov2/lib/python3.10/site-packages/dinov2/distributed
[10.070s] creating /home/saba/workspaces/ramen_robot_ws/install/dinov2/lib/python3.10/site-packages/dinov2/models
[10.071s] copying /home/saba/workspaces/ramen_robot_ws/build/dinov2/build/lib/dinov2/models/__init__.py -> /home/saba/workspaces/ramen_robot_ws/install/dinov2/lib/python3.10/site-packages/dinov2/models
[10.071s] copying /home/saba/workspaces/ramen_robot_ws/build/dinov2/build/lib/dinov2/models/vision_transformer.py -> /home/saba/workspaces/ramen_robot_ws/install/dinov2/lib/python3.10/site-packages/dinov2/models
[10.071s] creating /home/saba/workspaces/ramen_robot_ws/install/dinov2/lib/python3.10/site-packages/dinov2/configs
[10.071s] copying /home/saba/workspaces/ramen_robot_ws/build/dinov2/build/lib/dinov2/configs/__init__.py -> /home/saba/workspaces/ramen_robot_ws/install/dinov2/lib/python3.10/site-packages/dinov2/configs
[10.071s] copying /home/saba/workspaces/ramen_robot_ws/build/dinov2/build/lib/dinov2/configs/ssl_default_config.yaml -> /home/saba/workspaces/ramen_robot_ws/install/dinov2/lib/python3.10/site-packages/dinov2/configs
[10.072s] creating /home/saba/workspaces/ramen_robot_ws/install/dinov2/lib/python3.10/site-packages/dinov2/layers
[10.072s] copying /home/saba/workspaces/ramen_robot_ws/build/dinov2/build/lib/dinov2/layers/layer_scale.py -> /home/saba/workspaces/ramen_robot_ws/install/dinov2/lib/python3.10/site-packages/dinov2/layers
[10.072s] copying /home/saba/workspaces/ramen_robot_ws/build/dinov2/build/lib/dinov2/layers/__init__.py -> /home/saba/workspaces/ramen_robot_ws/install/dinov2/lib/python3.10/site-packages/dinov2/layers
[10.072s] copying /home/saba/workspaces/ramen_robot_ws/build/dinov2/build/lib/dinov2/layers/block.py -> /home/saba/workspaces/ramen_robot_ws/install/dinov2/lib/python3.10/site-packages/dinov2/layers
[10.073s] copying /home/saba/workspaces/ramen_robot_ws/build/dinov2/build/lib/dinov2/layers/swiglu_ffn.py -> /home/saba/workspaces/ramen_robot_ws/install/dinov2/lib/python3.10/site-packages/dinov2/layers
[10.073s] copying /home/saba/workspaces/ramen_robot_ws/build/dinov2/build/lib/dinov2/layers/attention.py -> /home/saba/workspaces/ramen_robot_ws/install/dinov2/lib/python3.10/site-packages/dinov2/layers
[10.073s] copying /home/saba/workspaces/ramen_robot_ws/build/dinov2/build/lib/dinov2/layers/drop_path.py -> /home/saba/workspaces/ramen_robot_ws/install/dinov2/lib/python3.10/site-packages/dinov2/layers
[10.073s] copying /home/saba/workspaces/ramen_robot_ws/build/dinov2/build/lib/dinov2/layers/dino_head.py -> /home/saba/workspaces/ramen_robot_ws/install/dinov2/lib/python3.10/site-packages/dinov2/layers
[10.074s] copying /home/saba/workspaces/ramen_robot_ws/build/dinov2/build/lib/dinov2/layers/patch_embed.py -> /home/saba/workspaces/ramen_robot_ws/install/dinov2/lib/python3.10/site-packages/dinov2/layers
[10.074s] copying /home/saba/workspaces/ramen_robot_ws/build/dinov2/build/lib/dinov2/layers/mlp.py -> /home/saba/workspaces/ramen_robot_ws/install/dinov2/lib/python3.10/site-packages/dinov2/layers
[10.074s] creating /home/saba/workspaces/ramen_robot_ws/install/dinov2/lib/python3.10/site-packages/dinov2/loss
[10.074s] copying /home/saba/workspaces/ramen_robot_ws/build/dinov2/build/lib/dinov2/loss/ibot_patch_loss.py -> /home/saba/workspaces/ramen_robot_ws/install/dinov2/lib/python3.10/site-packages/dinov2/loss
[10.074s] copying /home/saba/workspaces/ramen_robot_ws/build/dinov2/build/lib/dinov2/loss/__init__.py -> /home/saba/workspaces/ramen_robot_ws/install/dinov2/lib/python3.10/site-packages/dinov2/loss
[10.075s] copying /home/saba/workspaces/ramen_robot_ws/build/dinov2/build/lib/dinov2/loss/dino_clstoken_loss.py -> /home/saba/workspaces/ramen_robot_ws/install/dinov2/lib/python3.10/site-packages/dinov2/loss
[10.075s] copying /home/saba/workspaces/ramen_robot_ws/build/dinov2/build/lib/dinov2/loss/koleo_loss.py -> /home/saba/workspaces/ramen_robot_ws/install/dinov2/lib/python3.10/site-packages/dinov2/loss
[10.075s] creating /home/saba/workspaces/ramen_robot_ws/install/dinov2/lib/python3.10/site-packages/dinov2/logging
[10.075s] copying /home/saba/workspaces/ramen_robot_ws/build/dinov2/build/lib/dinov2/logging/helpers.py -> /home/saba/workspaces/ramen_robot_ws/install/dinov2/lib/python3.10/site-packages/dinov2/logging
[10.076s] copying /home/saba/workspaces/ramen_robot_ws/build/dinov2/build/lib/dinov2/logging/__init__.py -> /home/saba/workspaces/ramen_robot_ws/install/dinov2/lib/python3.10/site-packages/dinov2/logging
[10.076s] creating /home/saba/workspaces/ramen_robot_ws/install/dinov2/lib/python3.10/site-packages/dinov2/eval
[10.076s] copying /home/saba/workspaces/ramen_robot_ws/build/dinov2/build/lib/dinov2/eval/linear.py -> /home/saba/workspaces/ramen_robot_ws/install/dinov2/lib/python3.10/site-packages/dinov2/eval
[10.076s] copying /home/saba/workspaces/ramen_robot_ws/build/dinov2/build/lib/dinov2/eval/__init__.py -> /home/saba/workspaces/ramen_robot_ws/install/dinov2/lib/python3.10/site-packages/dinov2/eval
[10.077s] copying /home/saba/workspaces/ramen_robot_ws/build/dinov2/build/lib/dinov2/eval/utils.py -> /home/saba/workspaces/ramen_robot_ws/install/dinov2/lib/python3.10/site-packages/dinov2/eval
[10.077s] copying /home/saba/workspaces/ramen_robot_ws/build/dinov2/build/lib/dinov2/eval/metrics.py -> /home/saba/workspaces/ramen_robot_ws/install/dinov2/lib/python3.10/site-packages/dinov2/eval
[10.077s] copying /home/saba/workspaces/ramen_robot_ws/build/dinov2/build/lib/dinov2/eval/knn.py -> /home/saba/workspaces/ramen_robot_ws/install/dinov2/lib/python3.10/site-packages/dinov2/eval
[10.077s] copying /home/saba/workspaces/ramen_robot_ws/build/dinov2/build/lib/dinov2/eval/log_regression.py -> /home/saba/workspaces/ramen_robot_ws/install/dinov2/lib/python3.10/site-packages/dinov2/eval
[10.077s] copying /home/saba/workspaces/ramen_robot_ws/build/dinov2/build/lib/dinov2/eval/setup.py -> /home/saba/workspaces/ramen_robot_ws/install/dinov2/lib/python3.10/site-packages/dinov2/eval
[10.078s] creating /home/saba/workspaces/ramen_robot_ws/install/dinov2/lib/python3.10/site-packages/dinov2/data
[10.078s] copying /home/saba/workspaces/ramen_robot_ws/build/dinov2/build/lib/dinov2/data/__init__.py -> /home/saba/workspaces/ramen_robot_ws/install/dinov2/lib/python3.10/site-packages/dinov2/data
[10.078s] copying /home/saba/workspaces/ramen_robot_ws/build/dinov2/build/lib/dinov2/data/masking.py -> /home/saba/workspaces/ramen_robot_ws/install/dinov2/lib/python3.10/site-packages/dinov2/data
[10.078s] copying /home/saba/workspaces/ramen_robot_ws/build/dinov2/build/lib/dinov2/data/augmentations.py -> /home/saba/workspaces/ramen_robot_ws/install/dinov2/lib/python3.10/site-packages/dinov2/data
[10.079s] creating /home/saba/workspaces/ramen_robot_ws/install/dinov2/lib/python3.10/site-packages/dinov2/data/datasets
[10.079s] copying /home/saba/workspaces/ramen_robot_ws/build/dinov2/build/lib/dinov2/data/datasets/image_net.py -> /home/saba/workspaces/ramen_robot_ws/install/dinov2/lib/python3.10/site-packages/dinov2/data/datasets
[10.079s] copying /home/saba/workspaces/ramen_robot_ws/build/dinov2/build/lib/dinov2/data/datasets/image_net_22k.py -> /home/saba/workspaces/ramen_robot_ws/install/dinov2/lib/python3.10/site-packages/dinov2/data/datasets
[10.079s] copying /home/saba/workspaces/ramen_robot_ws/build/dinov2/build/lib/dinov2/data/datasets/__init__.py -> /home/saba/workspaces/ramen_robot_ws/install/dinov2/lib/python3.10/site-packages/dinov2/data/datasets
[10.080s] copying /home/saba/workspaces/ramen_robot_ws/build/dinov2/build/lib/dinov2/data/datasets/extended.py -> /home/saba/workspaces/ramen_robot_ws/install/dinov2/lib/python3.10/site-packages/dinov2/data/datasets
[10.080s] copying /home/saba/workspaces/ramen_robot_ws/build/dinov2/build/lib/dinov2/data/datasets/decoders.py -> /home/saba/workspaces/ramen_robot_ws/install/dinov2/lib/python3.10/site-packages/dinov2/data/datasets
[10.080s] copying /home/saba/workspaces/ramen_robot_ws/build/dinov2/build/lib/dinov2/data/transforms.py -> /home/saba/workspaces/ramen_robot_ws/install/dinov2/lib/python3.10/site-packages/dinov2/data
[10.080s] copying /home/saba/workspaces/ramen_robot_ws/build/dinov2/build/lib/dinov2/data/adapters.py -> /home/saba/workspaces/ramen_robot_ws/install/dinov2/lib/python3.10/site-packages/dinov2/data
[10.080s] copying /home/saba/workspaces/ramen_robot_ws/build/dinov2/build/lib/dinov2/data/loaders.py -> /home/saba/workspaces/ramen_robot_ws/install/dinov2/lib/python3.10/site-packages/dinov2/data
[10.081s] copying /home/saba/workspaces/ramen_robot_ws/build/dinov2/build/lib/dinov2/data/collate.py -> /home/saba/workspaces/ramen_robot_ws/install/dinov2/lib/python3.10/site-packages/dinov2/data
[10.081s] copying /home/saba/workspaces/ramen_robot_ws/build/dinov2/build/lib/dinov2/data/samplers.py -> /home/saba/workspaces/ramen_robot_ws/install/dinov2/lib/python3.10/site-packages/dinov2/data
[10.082s] byte-compiling /home/saba/workspaces/ramen_robot_ws/install/dinov2/lib/python3.10/site-packages/dinov2/run/__init__.py to __init__.cpython-310.pyc
[10.083s] byte-compiling /home/saba/workspaces/ramen_robot_ws/install/dinov2/lib/python3.10/site-packages/dinov2/run/submit.py to submit.cpython-310.pyc
[10.084s] byte-compiling /home/saba/workspaces/ramen_robot_ws/install/dinov2/lib/python3.10/site-packages/dinov2/__init__.py to __init__.cpython-310.pyc
[10.084s] byte-compiling /home/saba/workspaces/ramen_robot_ws/install/dinov2/lib/python3.10/site-packages/dinov2/utils/param_groups.py to param_groups.cpython-310.pyc
[10.085s] byte-compiling /home/saba/workspaces/ramen_robot_ws/install/dinov2/lib/python3.10/site-packages/dinov2/utils/__init__.py to __init__.cpython-310.pyc
[10.086s] byte-compiling /home/saba/workspaces/ramen_robot_ws/install/dinov2/lib/python3.10/site-packages/dinov2/utils/dtype.py to dtype.cpython-310.pyc
[10.086s] byte-compiling /home/saba/workspaces/ramen_robot_ws/install/dinov2/lib/python3.10/site-packages/dinov2/utils/utils.py to utils.cpython-310.pyc
[10.088s] byte-compiling /home/saba/workspaces/ramen_robot_ws/install/dinov2/lib/python3.10/site-packages/dinov2/utils/cluster.py to cluster.cpython-310.pyc
[10.088s] byte-compiling /home/saba/workspaces/ramen_robot_ws/install/dinov2/lib/python3.10/site-packages/dinov2/utils/config.py to config.cpython-310.pyc
[10.090s] byte-compiling /home/saba/workspaces/ramen_robot_ws/install/dinov2/lib/python3.10/site-packages/dinov2/train/train.py to train.cpython-310.pyc
[10.092s] byte-compiling /home/saba/workspaces/ramen_robot_ws/install/dinov2/lib/python3.10/site-packages/dinov2/train/__init__.py to __init__.cpython-310.pyc
[10.092s] byte-compiling /home/saba/workspaces/ramen_robot_ws/install/dinov2/lib/python3.10/site-packages/dinov2/train/ssl_meta_arch.py to ssl_meta_arch.cpython-310.pyc
[10.096s] byte-compiling /home/saba/workspaces/ramen_robot_ws/install/dinov2/lib/python3.10/site-packages/dinov2/fsdp/__init__.py to __init__.cpython-310.pyc
[10.097s] byte-compiling /home/saba/workspaces/ramen_robot_ws/install/dinov2/lib/python3.10/site-packages/dinov2/distributed/__init__.py to __init__.cpython-310.pyc
[10.099s] byte-compiling /home/saba/workspaces/ramen_robot_ws/install/dinov2/lib/python3.10/site-packages/dinov2/models/__init__.py to __init__.cpython-310.pyc
[10.100s] byte-compiling /home/saba/workspaces/ramen_robot_ws/install/dinov2/lib/python3.10/site-packages/dinov2/models/vision_transformer.py to vision_transformer.cpython-310.pyc
[10.104s] byte-compiling /home/saba/workspaces/ramen_robot_ws/install/dinov2/lib/python3.10/site-packages/dinov2/configs/__init__.py to __init__.cpython-310.pyc
[10.104s] byte-compiling /home/saba/workspaces/ramen_robot_ws/install/dinov2/lib/python3.10/site-packages/dinov2/layers/layer_scale.py to layer_scale.cpython-310.pyc
[10.105s] byte-compiling /home/saba/workspaces/ramen_robot_ws/install/dinov2/lib/python3.10/site-packages/dinov2/layers/__init__.py to __init__.cpython-310.pyc
[10.106s] byte-compiling /home/saba/workspaces/ramen_robot_ws/install/dinov2/lib/python3.10/site-packages/dinov2/layers/block.py to block.cpython-310.pyc
[10.108s] byte-compiling /home/saba/workspaces/ramen_robot_ws/install/dinov2/lib/python3.10/site-packages/dinov2/layers/swiglu_ffn.py to swiglu_ffn.cpython-310.pyc
[10.109s] byte-compiling /home/saba/workspaces/ramen_robot_ws/install/dinov2/lib/python3.10/site-packages/dinov2/layers/attention.py to attention.cpython-310.pyc
[10.110s] byte-compiling /home/saba/workspaces/ramen_robot_ws/install/dinov2/lib/python3.10/site-packages/dinov2/layers/drop_path.py to drop_path.cpython-310.pyc
[10.110s] byte-compiling /home/saba/workspaces/ramen_robot_ws/install/dinov2/lib/python3.10/site-packages/dinov2/layers/dino_head.py to dino_head.cpython-310.pyc
[10.112s] byte-compiling /home/saba/workspaces/ramen_robot_ws/install/dinov2/lib/python3.10/site-packages/dinov2/layers/patch_embed.py to patch_embed.cpython-310.pyc
[10.116s] byte-compiling /home/saba/workspaces/ramen_robot_ws/install/dinov2/lib/python3.10/site-packages/dinov2/layers/mlp.py to mlp.cpython-310.pyc
[10.116s] byte-compiling /home/saba/workspaces/ramen_robot_ws/install/dinov2/lib/python3.10/site-packages/dinov2/loss/ibot_patch_loss.py to ibot_patch_loss.cpython-310.pyc
[10.116s] byte-compiling /home/saba/workspaces/ramen_robot_ws/install/dinov2/lib/python3.10/site-packages/dinov2/loss/__init__.py to __init__.cpython-310.pyc
[10.117s] byte-compiling /home/saba/workspaces/ramen_robot_ws/install/dinov2/lib/python3.10/site-packages/dinov2/loss/dino_clstoken_loss.py to dino_clstoken_loss.cpython-310.pyc
[10.117s] byte-compiling /home/saba/workspaces/ramen_robot_ws/install/dinov2/lib/python3.10/site-packages/dinov2/loss/koleo_loss.py to koleo_loss.cpython-310.pyc
[10.118s] byte-compiling /home/saba/workspaces/ramen_robot_ws/install/dinov2/lib/python3.10/site-packages/dinov2/logging/helpers.py to helpers.cpython-310.pyc
[10.120s] byte-compiling /home/saba/workspaces/ramen_robot_ws/install/dinov2/lib/python3.10/site-packages/dinov2/logging/__init__.py to __init__.cpython-310.pyc
[10.120s] byte-compiling /home/saba/workspaces/ramen_robot_ws/install/dinov2/lib/python3.10/site-packages/dinov2/eval/linear.py to linear.cpython-310.pyc
[10.125s] byte-compiling /home/saba/workspaces/ramen_robot_ws/install/dinov2/lib/python3.10/site-packages/dinov2/eval/__init__.py to __init__.cpython-310.pyc
[10.125s] byte-compiling /home/saba/workspaces/ramen_robot_ws/install/dinov2/lib/python3.10/site-packages/dinov2/eval/utils.py to utils.cpython-310.pyc
[10.127s] byte-compiling /home/saba/workspaces/ramen_robot_ws/install/dinov2/lib/python3.10/site-packages/dinov2/eval/metrics.py to metrics.cpython-310.pyc
[10.128s] byte-compiling /home/saba/workspaces/ramen_robot_ws/install/dinov2/lib/python3.10/site-packages/dinov2/eval/knn.py to knn.cpython-310.pyc
[10.131s] byte-compiling /home/saba/workspaces/ramen_robot_ws/install/dinov2/lib/python3.10/site-packages/dinov2/eval/log_regression.py to log_regression.cpython-310.pyc
[10.134s] byte-compiling /home/saba/workspaces/ramen_robot_ws/install/dinov2/lib/python3.10/site-packages/dinov2/eval/setup.py to setup.cpython-310.pyc
[10.134s] byte-compiling /home/saba/workspaces/ramen_robot_ws/install/dinov2/lib/python3.10/site-packages/dinov2/data/__init__.py to __init__.cpython-310.pyc
[10.135s] byte-compiling /home/saba/workspaces/ramen_robot_ws/install/dinov2/lib/python3.10/site-packages/dinov2/data/masking.py to masking.cpython-310.pyc
[10.136s] byte-compiling /home/saba/workspaces/ramen_robot_ws/install/dinov2/lib/python3.10/site-packages/dinov2/data/augmentations.py to augmentations.cpython-310.pyc
[10.137s] byte-compiling /home/saba/workspaces/ramen_robot_ws/install/dinov2/lib/python3.10/site-packages/dinov2/data/datasets/image_net.py to image_net.cpython-310.pyc
[10.139s] byte-compiling /home/saba/workspaces/ramen_robot_ws/install/dinov2/lib/python3.10/site-packages/dinov2/data/datasets/image_net_22k.py to image_net_22k.cpython-310.pyc
[10.142s] byte-compiling /home/saba/workspaces/ramen_robot_ws/install/dinov2/lib/python3.10/site-packages/dinov2/data/datasets/__init__.py to __init__.cpython-310.pyc
[10.142s] byte-compiling /home/saba/workspaces/ramen_robot_ws/install/dinov2/lib/python3.10/site-packages/dinov2/data/datasets/extended.py to extended.cpython-310.pyc
[10.142s] byte-compiling /home/saba/workspaces/ramen_robot_ws/install/dinov2/lib/python3.10/site-packages/dinov2/data/datasets/decoders.py to decoders.cpython-310.pyc
[10.143s] byte-compiling /home/saba/workspaces/ramen_robot_ws/install/dinov2/lib/python3.10/site-packages/dinov2/data/transforms.py to transforms.cpython-310.pyc
[10.144s] byte-compiling /home/saba/workspaces/ramen_robot_ws/install/dinov2/lib/python3.10/site-packages/dinov2/data/adapters.py to adapters.cpython-310.pyc
[10.149s] byte-compiling /home/saba/workspaces/ramen_robot_ws/install/dinov2/lib/python3.10/site-packages/dinov2/data/loaders.py to loaders.cpython-310.pyc
[10.149s] byte-compiling /home/saba/workspaces/ramen_robot_ws/install/dinov2/lib/python3.10/site-packages/dinov2/data/collate.py to collate.cpython-310.pyc
[10.149s] byte-compiling /home/saba/workspaces/ramen_robot_ws/install/dinov2/lib/python3.10/site-packages/dinov2/data/samplers.py to samplers.cpython-310.pyc
[10.150s] running install_egg_info
[10.256s] Copying ../../build/dinov2/dinov2.egg-info to /home/saba/workspaces/ramen_robot_ws/install/dinov2/lib/python3.10/site-packages/dinov2-0.0.1-py3.10.egg-info
[10.257s] running install_scripts
[10.462s] writing list of installed files to '/home/saba/workspaces/ramen_robot_ws/build/dinov2/install.log'
[11.560s] Invoked command in '/home/saba/workspaces/ramen_robot_ws/torchhub/facebookresearch_dinov2_main' returned '0': PYTHONPATH=/home/saba/workspaces/ramen_robot_ws/build/dinov2/prefix_override:/usr/lib/python3/dist-packages/colcon_core/task/python/colcon_distutils_commands:/home/saba/workspaces/ramen_robot_ws/install/dinov2/lib/python3.10/site-packages:${PYTHONPATH} /usr/bin/python3 -W ignore:setup.py install is deprecated setup.py egg_info --egg-base ../../build/dinov2 build --build-base /home/saba/workspaces/ramen_robot_ws/build/dinov2/build install --record /home/saba/workspaces/ramen_robot_ws/build/dinov2/install.log --single-version-externally-managed
