[3.079s] Invoking command in '/home/saba/workspaces/ramen_robot_ws/src/ramen_robot_launch': AMENT_PREFIX_PATH=/home/saba/workspaces/ramen_robot_ws/install/ur5:${AMENT_PREFIX_PATH} PYTHONPATH=/home/saba/workspaces/ramen_robot_ws/build/ramen_robot_launch/prefix_override:/usr/lib/python3/dist-packages/colcon_core/task/python/colcon_distutils_commands:/home/saba/workspaces/ramen_robot_ws/install/ramen_robot_launch/lib/python3.10/site-packages:/home/saba/workspaces/ramen_robot_ws/install/ur5/lib/python3.10/site-packages:/home/saba/workspaces/ramen_robot_ws/install/ur3/lib/python3.10/site-packages:/home/saba/workspaces/myagv_ws/install/myagv_slam/lib/python3.10/site-packages:/home/saba/workspaces/myagv_ws/install/myagv_navigation/lib/python3.10/site-packages:/home/saba/workspaces/myagv_ws/install/myagv_joy/lib/python3.10/site-packages:/home/saba/workspaces/myagv_ws/install/myagv_communication/lib/python3.10/site-packages:/home/saba/workspaces/myagv_ws/install/myagv_bringup/lib/python3.10/site-packages:/home/saba/workspaces/myagv_ws/install/apriltag/lib/python3.10/site-packages:/home/saba/workspaces/ramen_robot_ws/install/ramen_robot_launch/lib/python3.10/site-packages:/home/saba/workspaces/ramen_robot_ws/install/dinov2/lib/python3.10/site-packages:/home/saba/workspaces/ramen_robot_ws/install/agv/lib/python3.10/site-packages:/home/saba/workspaces/ramen_robot_ws/install/accountant/lib/python3.10/site-packages:/opt/ros/humble/lib/python3.10/site-packages:/opt/ros/humble/local/lib/python3.10/dist-packages /usr/bin/python3 -W ignore:setup.py install is deprecated setup.py egg_info --egg-base ../../build/ramen_robot_launch build --build-base /home/saba/workspaces/ramen_robot_ws/build/ramen_robot_launch/build install --record /home/saba/workspaces/ramen_robot_ws/build/ramen_robot_launch/install.log --single-version-externally-managed install_data
[4.520s] running egg_info
[4.520s] creating ../../build/ramen_robot_launch/ramen_robot_launch.egg-info
[4.624s] writing ../../build/ramen_robot_launch/ramen_robot_launch.egg-info/PKG-INFO
[4.697s] writing dependency_links to ../../build/ramen_robot_launch/ramen_robot_launch.egg-info/dependency_links.txt
[5.061s] writing requirements to ../../build/ramen_robot_launch/ramen_robot_launch.egg-info/requires.txt
[5.127s] writing top-level names to ../../build/ramen_robot_launch/ramen_robot_launch.egg-info/top_level.txt
[5.128s] writing manifest file '../../build/ramen_robot_launch/ramen_robot_launch.egg-info/SOURCES.txt'
[5.257s] reading manifest file '../../build/ramen_robot_launch/ramen_robot_launch.egg-info/SOURCES.txt'
[5.258s] writing manifest file '../../build/ramen_robot_launch/ramen_robot_launch.egg-info/SOURCES.txt'
[5.258s] running build
[5.258s] running build_py
[5.259s] creating /home/saba/workspaces/ramen_robot_ws/build/ramen_robot_launch/build
[5.259s] creating /home/saba/workspaces/ramen_robot_ws/build/ramen_robot_launch/build/lib
[5.259s] creating /home/saba/workspaces/ramen_robot_ws/build/ramen_robot_launch/build/lib/ramen_robot_launch
[5.259s] copying ramen_robot_launch/__init__.py -> /home/saba/workspaces/ramen_robot_ws/build/ramen_robot_launch/build/lib/ramen_robot_launch
[5.259s] running install
[5.265s] running install_lib
[5.360s] creating /home/saba/workspaces/ramen_robot_ws/install/ramen_robot_launch/lib/python3.10/site-packages/ramen_robot_launch
[5.360s] copying /home/saba/workspaces/ramen_robot_ws/build/ramen_robot_launch/build/lib/ramen_robot_launch/__init__.py -> /home/saba/workspaces/ramen_robot_ws/install/ramen_robot_launch/lib/python3.10/site-packages/ramen_robot_launch
[5.361s] byte-compiling /home/saba/workspaces/ramen_robot_ws/install/ramen_robot_launch/lib/python3.10/site-packages/ramen_robot_launch/__init__.py to __init__.cpython-310.pyc
[5.361s] running install_data
[5.361s] creating /home/saba/workspaces/ramen_robot_ws/install/ramen_robot_launch/share/ament_index
[5.361s] creating /home/saba/workspaces/ramen_robot_ws/install/ramen_robot_launch/share/ament_index/resource_index
[5.362s] creating /home/saba/workspaces/ramen_robot_ws/install/ramen_robot_launch/share/ament_index/resource_index/packages
[5.362s] copying resource/ramen_robot_launch -> /home/saba/workspaces/ramen_robot_ws/install/ramen_robot_launch/share/ament_index/resource_index/packages
[5.362s] copying package.xml -> /home/saba/workspaces/ramen_robot_ws/install/ramen_robot_launch/share/ramen_robot_launch
[5.362s] creating /home/saba/workspaces/ramen_robot_ws/install/ramen_robot_launch/share/ramen_robot_launch/launch
[5.362s] copying launch/ramen_robot_launch.py -> /home/saba/workspaces/ramen_robot_ws/install/ramen_robot_launch/share/ramen_robot_launch/launch
[5.362s] running install_egg_info
[5.454s] Copying ../../build/ramen_robot_launch/ramen_robot_launch.egg-info to /home/saba/workspaces/ramen_robot_ws/install/ramen_robot_launch/lib/python3.10/site-packages/ramen_robot_launch-0.0.0-py3.10.egg-info
[5.455s] running install_scripts
[5.652s] writing list of installed files to '/home/saba/workspaces/ramen_robot_ws/build/ramen_robot_launch/install.log'
[5.682s] Invoked command in '/home/saba/workspaces/ramen_robot_ws/src/ramen_robot_launch' returned '0': AMENT_PREFIX_PATH=/home/saba/workspaces/ramen_robot_ws/install/ur5:${AMENT_PREFIX_PATH} PYTHONPATH=/home/saba/workspaces/ramen_robot_ws/build/ramen_robot_launch/prefix_override:/usr/lib/python3/dist-packages/colcon_core/task/python/colcon_distutils_commands:/home/saba/workspaces/ramen_robot_ws/install/ramen_robot_launch/lib/python3.10/site-packages:/home/saba/workspaces/ramen_robot_ws/install/ur5/lib/python3.10/site-packages:/home/saba/workspaces/ramen_robot_ws/install/ur3/lib/python3.10/site-packages:/home/saba/workspaces/myagv_ws/install/myagv_slam/lib/python3.10/site-packages:/home/saba/workspaces/myagv_ws/install/myagv_navigation/lib/python3.10/site-packages:/home/saba/workspaces/myagv_ws/install/myagv_joy/lib/python3.10/site-packages:/home/saba/workspaces/myagv_ws/install/myagv_communication/lib/python3.10/site-packages:/home/saba/workspaces/myagv_ws/install/myagv_bringup/lib/python3.10/site-packages:/home/saba/workspaces/myagv_ws/install/apriltag/lib/python3.10/site-packages:/home/saba/workspaces/ramen_robot_ws/install/ramen_robot_launch/lib/python3.10/site-packages:/home/saba/workspaces/ramen_robot_ws/install/dinov2/lib/python3.10/site-packages:/home/saba/workspaces/ramen_robot_ws/install/agv/lib/python3.10/site-packages:/home/saba/workspaces/ramen_robot_ws/install/accountant/lib/python3.10/site-packages:/opt/ros/humble/lib/python3.10/site-packages:/opt/ros/humble/local/lib/python3.10/dist-packages /usr/bin/python3 -W ignore:setup.py install is deprecated setup.py egg_info --egg-base ../../build/ramen_robot_launch build --build-base /home/saba/workspaces/ramen_robot_ws/build/ramen_robot_launch/build install --record /home/saba/workspaces/ramen_robot_ws/build/ramen_robot_launch/install.log --single-version-externally-managed install_data
