[12.580s] Invoking command in '/home/saba/workspaces/ramen_robot_ws/src/ur3': PYTHONPATH=/home/saba/workspaces/ramen_robot_ws/build/ur3/prefix_override:/usr/lib/python3/dist-packages/colcon_core/task/python/colcon_distutils_commands:/home/saba/workspaces/ramen_robot_ws/install/ur3/lib/python3.10/site-packages:${PYTHONPATH} /usr/bin/python3 -W ignore:setup.py install is deprecated setup.py egg_info --egg-base ../../build/ur3 build --build-base /home/saba/workspaces/ramen_robot_ws/build/ur3/build install --record /home/saba/workspaces/ramen_robot_ws/build/ur3/install.log --single-version-externally-managed install_data
[14.809s] running egg_info
[14.980s] writing ../../build/ur3/ur3.egg-info/PKG-INFO
[15.104s] writing dependency_links to ../../build/ur3/ur3.egg-info/dependency_links.txt
[15.463s] writing entry points to ../../build/ur3/ur3.egg-info/entry_points.txt
[15.707s] writing requirements to ../../build/ur3/ur3.egg-info/requires.txt
[15.839s] writing top-level names to ../../build/ur3/ur3.egg-info/top_level.txt
[16.059s] reading manifest file '../../build/ur3/ur3.egg-info/SOURCES.txt'
[16.059s] writing manifest file '../../build/ur3/ur3.egg-info/SOURCES.txt'
[16.061s] running build
[16.061s] running build_py
[16.061s] running install
[16.076s] running install_lib
[16.235s] running install_data
[16.235s] running install_egg_info
[16.387s] removing '/home/saba/workspaces/ramen_robot_ws/install/ur3/lib/python3.10/site-packages/ur3-0.0.0-py3.10.egg-info' (and everything under it)
[16.388s] Copying ../../build/ur3/ur3.egg-info to /home/saba/workspaces/ramen_robot_ws/install/ur3/lib/python3.10/site-packages/ur3-0.0.0-py3.10.egg-info
[16.390s] running install_scripts
[16.747s] Installing depth_anything_node script to /home/saba/workspaces/ramen_robot_ws/install/ur3/lib/ur3
[16.752s] Installing hello_node script to /home/saba/workspaces/ramen_robot_ws/install/ur3/lib/ur3
[16.753s] Installing ur3_negi_node script to /home/saba/workspaces/ramen_robot_ws/install/ur3/lib/ur3
[16.753s] Installing ur3_retouch_node script to /home/saba/workspaces/ramen_robot_ws/install/ur3/lib/ur3
[16.753s] Installing ur3_soup_node script to /home/saba/workspaces/ramen_robot_ws/install/ur3/lib/ur3
[16.753s] writing list of installed files to '/home/saba/workspaces/ramen_robot_ws/build/ur3/install.log'
[16.818s] Invoked command in '/home/saba/workspaces/ramen_robot_ws/src/ur3' returned '0': PYTHONPATH=/home/saba/workspaces/ramen_robot_ws/build/ur3/prefix_override:/usr/lib/python3/dist-packages/colcon_core/task/python/colcon_distutils_commands:/home/saba/workspaces/ramen_robot_ws/install/ur3/lib/python3.10/site-packages:${PYTHONPATH} /usr/bin/python3 -W ignore:setup.py install is deprecated setup.py egg_info --egg-base ../../build/ur3 build --build-base /home/saba/workspaces/ramen_robot_ws/build/ur3/build install --record /home/saba/workspaces/ramen_robot_ws/build/ur3/install.log --single-version-externally-managed install_data
