[7.314s] Invoking command in '/home/saba/workspaces/ramen_robot_ws/src/agv': PYTHONPATH=/home/saba/workspaces/ramen_robot_ws/build/agv/prefix_override:/usr/lib/python3/dist-packages/colcon_core/task/python/colcon_distutils_commands:/home/saba/workspaces/ramen_robot_ws/install/agv/lib/python3.10/site-packages:${PYTHONPATH} /usr/bin/python3 -W ignore:setup.py install is deprecated setup.py egg_info --egg-base ../../build/agv build --build-base /home/saba/workspaces/ramen_robot_ws/build/agv/build install --record /home/saba/workspaces/ramen_robot_ws/build/agv/install.log --single-version-externally-managed install_data
[8.680s] running egg_info
[8.781s] writing ../../build/agv/agv.egg-info/PKG-INFO
[8.854s] writing dependency_links to ../../build/agv/agv.egg-info/dependency_links.txt
[9.078s] writing entry points to ../../build/agv/agv.egg-info/entry_points.txt
[9.220s] writing requirements to ../../build/agv/agv.egg-info/requires.txt
[9.292s] writing top-level names to ../../build/agv/agv.egg-info/top_level.txt
[9.423s] reading manifest file '../../build/agv/agv.egg-info/SOURCES.txt'
[9.424s] writing manifest file '../../build/agv/agv.egg-info/SOURCES.txt'
[9.424s] running build
[9.424s] running build_py
[9.424s] running install
[9.435s] running install_lib
[9.536s] running install_data
[9.536s] running install_egg_info
[9.641s] removing '/home/saba/workspaces/ramen_robot_ws/install/agv/lib/python3.10/site-packages/agv-0.0.0-py3.10.egg-info' (and everything under it)
[9.642s] Copying ../../build/agv/agv.egg-info to /home/saba/workspaces/ramen_robot_ws/install/agv/lib/python3.10/site-packages/agv-0.0.0-py3.10.egg-info
[9.643s] running install_scripts
[9.864s] Installing agv1_node script to /home/saba/workspaces/ramen_robot_ws/install/agv/lib/agv
[9.864s] Installing agv2_node script to /home/saba/workspaces/ramen_robot_ws/install/agv/lib/agv
[9.864s] Installing agv3_node script to /home/saba/workspaces/ramen_robot_ws/install/agv/lib/agv
[9.865s] Installing agv_commander_node script to /home/saba/workspaces/ramen_robot_ws/install/agv/lib/agv
[9.865s] writing list of installed files to '/home/saba/workspaces/ramen_robot_ws/build/agv/install.log'
[9.902s] Invoked command in '/home/saba/workspaces/ramen_robot_ws/src/agv' returned '0': PYTHONPATH=/home/saba/workspaces/ramen_robot_ws/build/agv/prefix_override:/usr/lib/python3/dist-packages/colcon_core/task/python/colcon_distutils_commands:/home/saba/workspaces/ramen_robot_ws/install/agv/lib/python3.10/site-packages:${PYTHONPATH} /usr/bin/python3 -W ignore:setup.py install is deprecated setup.py egg_info --egg-base ../../build/agv build --build-base /home/saba/workspaces/ramen_robot_ws/build/agv/build install --record /home/saba/workspaces/ramen_robot_ws/build/agv/install.log --single-version-externally-managed install_data
