-- The CXX compiler identification is GNU 11.4.0
-- Detecting CXX compiler ABI info
-- Detecting CXX compiler ABI info - done
-- Check for working CXX compiler: /usr/bin/c++ - skipped
-- Detecting CXX compile features
-- Detecting CXX compile features - done
-- Configuring [is-json-xtypes]...
-- Performing Test COMPILER_HAS_HIDDEN_VISIBILITY
-- Performing Test COMPILER_HAS_HIDDEN_VISIBILITY - Success
-- Performing Test COMPILER_HAS_HIDDEN_INLINE_VISIBILITY
-- Performing Test COMPILER_HAS_HIDDEN_INLINE_VISIBILITY - Success
-- Performing Test COMPILER_HAS_DEPRECATED_ATTR
-- Performing Test COMPILER_HAS_DEPRECATED_ATTR - Success
-- Configuring done
-- Generating done
-- Build files have been written to: /home/saba/workspaces/ramen_robot_ws/build/is-json-xtypes
[ 25%] [32mBuilding CXX object CMakeFiles/is-json-xtypes.dir/src/conversion.cpp.o[0m
[ 50%] [32m[1mLinking CXX shared library libis-json-xtypes.so[0m
[ 50%] Built target is-json-xtypes
[ 75%] [32mBuilding CXX object CMakeFiles/is-json-xtypes-example.dir/example/main.cpp.o[0m
[100%] [32m[1mLinking CXX executable is-json-xtypes-example[0m
[100%] Built target is-json-xtypes-example
-- Install configuration: ""
-- Installing: /home/saba/workspaces/ramen_robot_ws/install/is-json-xtypes/lib/libis-json-xtypes.so.3.1.0
-- Installing: /home/saba/workspaces/ramen_robot_ws/install/is-json-xtypes/lib/libis-json-xtypes.so.3.1
-- Set runtime path of "/home/saba/workspaces/ramen_robot_ws/install/is-json-xtypes/lib/libis-json-xtypes.so.3.1.0" to ""
-- Installing: /home/saba/workspaces/ramen_robot_ws/install/is-json-xtypes/lib/libis-json-xtypes.so
-- Installing: /home/saba/workspaces/ramen_robot_ws/install/is-json-xtypes/lib/cmake/is-json-xtypes/is-json-xtypes-target.cmake
-- Installing: /home/saba/workspaces/ramen_robot_ws/install/is-json-xtypes/lib/cmake/is-json-xtypes/is-json-xtypes-target-noconfig.cmake
-- Up-to-date: /home/saba/workspaces/ramen_robot_ws/install/is-json-xtypes/include
-- Up-to-date: /home/saba/workspaces/ramen_robot_ws/install/is-json-xtypes/include/is
-- Up-to-date: /home/saba/workspaces/ramen_robot_ws/install/is-json-xtypes/include/is/json-xtypes
-- Installing: /home/saba/workspaces/ramen_robot_ws/install/is-json-xtypes/include/is/json-xtypes/json.hpp
-- Installing: /home/saba/workspaces/ramen_robot_ws/install/is-json-xtypes/include/is/json-xtypes/conversion.hpp
-- Installing: /home/saba/workspaces/ramen_robot_ws/install/is-json-xtypes/lib/cmake/is-json-xtypes/is-json-xtypesConfig.cmake
-- Installing: /home/saba/workspaces/ramen_robot_ws/install/is-json-xtypes/bin/is-json-xtypes-example
-- Set runtime path of "/home/saba/workspaces/ramen_robot_ws/install/is-json-xtypes/bin/is-json-xtypes-example" to ""
