[0.002s] Invoking command in '/home/saba/workspaces/ramen_robot_ws/build/is-json-xtypes': CMAKE_PREFIX_PATH=/home/saba/workspaces/ramen_robot_ws/install/is-core:/home/saba/workspaces/myagv_ws/install/sllidar_ros2:/home/saba/workspaces/myagv_ws/install/myagv_description:/home/saba/workspaces/myagv_ws/install/apriltag_ros:/home/saba/workspaces/myagv_ws/install/apriltag:/home/saba/workspaces/ramen_robot_ws/install/is-ros2-mix-generator:/home/saba/workspaces/ramen_robot_ws/install/is-ros2:/home/saba/workspaces/ramen_robot_ws/install/is-mock:/home/saba/workspaces/ramen_robot_ws/install/is-json-xtypes LD_LIBRARY_PATH=/home/saba/workspaces/ramen_robot_ws/install/is-core/lib:/home/saba/workspaces/myagv_ws/install/apriltag_ros/lib:/home/saba/workspaces/myagv_ws/install/apriltag/lib:/home/saba/workspaces/ramen_robot_ws/install/is-ros2-mix-generator/lib:/home/saba/workspaces/ramen_robot_ws/install/is-ros2/lib:/home/saba/workspaces/ramen_robot_ws/install/is-mock/lib:/home/saba/workspaces/ramen_robot_ws/install/is-json-xtypes/lib:/usr/lib/x86_64-linux-gnu/gazebo-11/plugins:/opt/ros/humble/opt/rviz_ogre_vendor/lib:/opt/ros/humble/lib/x86_64-linux-gnu:/opt/ros/humble/lib PATH=/home/saba/workspaces/ramen_robot_ws/install/is-core/bin:/home/saba/workspaces/myagv_ws/install/apriltag/bin:/home/saba/workspaces/ramen_robot_ws/install/is-json-xtypes/bin:/opt/ros/humble/bin:/home/saba/.local/bin:/usr/local/sbin:/usr/local/bin:/usr/sbin:/usr/bin:/sbin:/bin:/usr/games:/usr/local/games:/snap/bin:/snap/bin /usr/bin/cmake /home/saba/workspaces/ramen_robot_ws/src/Integration-Service/utils/conversion/json-xtypes -DCMAKE_INSTALL_PREFIX=/home/saba/workspaces/ramen_robot_ws/install/is-json-xtypes
[0.035s] -- The CXX compiler identification is GNU 11.4.0
[0.047s] -- Detecting CXX compiler ABI info
[0.169s] -- Detecting CXX compiler ABI info - done
[0.179s] -- Check for working CXX compiler: /usr/bin/c++ - skipped
[0.180s] -- Detecting CXX compile features
[0.180s] -- Detecting CXX compile features - done
[0.228s] -- Configuring [is-json-xtypes]...
[0.231s] -- Performing Test COMPILER_HAS_HIDDEN_VISIBILITY
[0.342s] -- Performing Test COMPILER_HAS_HIDDEN_VISIBILITY - Success
[0.343s] -- Performing Test COMPILER_HAS_HIDDEN_INLINE_VISIBILITY
[0.461s] -- Performing Test COMPILER_HAS_HIDDEN_INLINE_VISIBILITY - Success
[0.462s] -- Performing Test COMPILER_HAS_DEPRECATED_ATTR
[0.573s] -- Performing Test COMPILER_HAS_DEPRECATED_ATTR - Success
[0.575s] -- Configuring done
[0.581s] -- Generating done
[0.582s] -- Build files have been written to: /home/saba/workspaces/ramen_robot_ws/build/is-json-xtypes
[0.586s] Invoked command in '/home/saba/workspaces/ramen_robot_ws/build/is-json-xtypes' returned '0': CMAKE_PREFIX_PATH=/home/saba/workspaces/ramen_robot_ws/install/is-core:/home/saba/workspaces/myagv_ws/install/sllidar_ros2:/home/saba/workspaces/myagv_ws/install/myagv_description:/home/saba/workspaces/myagv_ws/install/apriltag_ros:/home/saba/workspaces/myagv_ws/install/apriltag:/home/saba/workspaces/ramen_robot_ws/install/is-ros2-mix-generator:/home/saba/workspaces/ramen_robot_ws/install/is-ros2:/home/saba/workspaces/ramen_robot_ws/install/is-mock:/home/saba/workspaces/ramen_robot_ws/install/is-json-xtypes LD_LIBRARY_PATH=/home/saba/workspaces/ramen_robot_ws/install/is-core/lib:/home/saba/workspaces/myagv_ws/install/apriltag_ros/lib:/home/saba/workspaces/myagv_ws/install/apriltag/lib:/home/saba/workspaces/ramen_robot_ws/install/is-ros2-mix-generator/lib:/home/saba/workspaces/ramen_robot_ws/install/is-ros2/lib:/home/saba/workspaces/ramen_robot_ws/install/is-mock/lib:/home/saba/workspaces/ramen_robot_ws/install/is-json-xtypes/lib:/usr/lib/x86_64-linux-gnu/gazebo-11/plugins:/opt/ros/humble/opt/rviz_ogre_vendor/lib:/opt/ros/humble/lib/x86_64-linux-gnu:/opt/ros/humble/lib PATH=/home/saba/workspaces/ramen_robot_ws/install/is-core/bin:/home/saba/workspaces/myagv_ws/install/apriltag/bin:/home/saba/workspaces/ramen_robot_ws/install/is-json-xtypes/bin:/opt/ros/humble/bin:/home/saba/.local/bin:/usr/local/sbin:/usr/local/bin:/usr/sbin:/usr/bin:/sbin:/bin:/usr/games:/usr/local/games:/snap/bin:/snap/bin /usr/bin/cmake /home/saba/workspaces/ramen_robot_ws/src/Integration-Service/utils/conversion/json-xtypes -DCMAKE_INSTALL_PREFIX=/home/saba/workspaces/ramen_robot_ws/install/is-json-xtypes
[0.588s] Invoking command in '/home/saba/workspaces/ramen_robot_ws/build/is-json-xtypes': CMAKE_PREFIX_PATH=/home/saba/workspaces/ramen_robot_ws/install/is-core:/home/saba/workspaces/myagv_ws/install/sllidar_ros2:/home/saba/workspaces/myagv_ws/install/myagv_description:/home/saba/workspaces/myagv_ws/install/apriltag_ros:/home/saba/workspaces/myagv_ws/install/apriltag:/home/saba/workspaces/ramen_robot_ws/install/is-ros2-mix-generator:/home/saba/workspaces/ramen_robot_ws/install/is-ros2:/home/saba/workspaces/ramen_robot_ws/install/is-mock:/home/saba/workspaces/ramen_robot_ws/install/is-json-xtypes LD_LIBRARY_PATH=/home/saba/workspaces/ramen_robot_ws/install/is-core/lib:/home/saba/workspaces/myagv_ws/install/apriltag_ros/lib:/home/saba/workspaces/myagv_ws/install/apriltag/lib:/home/saba/workspaces/ramen_robot_ws/install/is-ros2-mix-generator/lib:/home/saba/workspaces/ramen_robot_ws/install/is-ros2/lib:/home/saba/workspaces/ramen_robot_ws/install/is-mock/lib:/home/saba/workspaces/ramen_robot_ws/install/is-json-xtypes/lib:/usr/lib/x86_64-linux-gnu/gazebo-11/plugins:/opt/ros/humble/opt/rviz_ogre_vendor/lib:/opt/ros/humble/lib/x86_64-linux-gnu:/opt/ros/humble/lib PATH=/home/saba/workspaces/ramen_robot_ws/install/is-core/bin:/home/saba/workspaces/myagv_ws/install/apriltag/bin:/home/saba/workspaces/ramen_robot_ws/install/is-json-xtypes/bin:/opt/ros/humble/bin:/home/saba/.local/bin:/usr/local/sbin:/usr/local/bin:/usr/sbin:/usr/bin:/sbin:/bin:/usr/games:/usr/local/games:/snap/bin:/snap/bin /usr/bin/cmake --build /home/saba/workspaces/ramen_robot_ws/build/is-json-xtypes -- -j16 -l16
[0.657s] [ 25%] [32mBuilding CXX object CMakeFiles/is-json-xtypes.dir/src/conversion.cpp.o[0m
[12.145s] [ 50%] [32m[1mLinking CXX shared library libis-json-xtypes.so[0m
[12.447s] [ 50%] Built target is-json-xtypes
[12.478s] [ 75%] [32mBuilding CXX object CMakeFiles/is-json-xtypes-example.dir/example/main.cpp.o[0m
[25.060s] [100%] [32m[1mLinking CXX executable is-json-xtypes-example[0m
[25.432s] [100%] Built target is-json-xtypes-example
[25.450s] Invoked command in '/home/saba/workspaces/ramen_robot_ws/build/is-json-xtypes' returned '0': CMAKE_PREFIX_PATH=/home/saba/workspaces/ramen_robot_ws/install/is-core:/home/saba/workspaces/myagv_ws/install/sllidar_ros2:/home/saba/workspaces/myagv_ws/install/myagv_description:/home/saba/workspaces/myagv_ws/install/apriltag_ros:/home/saba/workspaces/myagv_ws/install/apriltag:/home/saba/workspaces/ramen_robot_ws/install/is-ros2-mix-generator:/home/saba/workspaces/ramen_robot_ws/install/is-ros2:/home/saba/workspaces/ramen_robot_ws/install/is-mock:/home/saba/workspaces/ramen_robot_ws/install/is-json-xtypes LD_LIBRARY_PATH=/home/saba/workspaces/ramen_robot_ws/install/is-core/lib:/home/saba/workspaces/myagv_ws/install/apriltag_ros/lib:/home/saba/workspaces/myagv_ws/install/apriltag/lib:/home/saba/workspaces/ramen_robot_ws/install/is-ros2-mix-generator/lib:/home/saba/workspaces/ramen_robot_ws/install/is-ros2/lib:/home/saba/workspaces/ramen_robot_ws/install/is-mock/lib:/home/saba/workspaces/ramen_robot_ws/install/is-json-xtypes/lib:/usr/lib/x86_64-linux-gnu/gazebo-11/plugins:/opt/ros/humble/opt/rviz_ogre_vendor/lib:/opt/ros/humble/lib/x86_64-linux-gnu:/opt/ros/humble/lib PATH=/home/saba/workspaces/ramen_robot_ws/install/is-core/bin:/home/saba/workspaces/myagv_ws/install/apriltag/bin:/home/saba/workspaces/ramen_robot_ws/install/is-json-xtypes/bin:/opt/ros/humble/bin:/home/saba/.local/bin:/usr/local/sbin:/usr/local/bin:/usr/sbin:/usr/bin:/sbin:/bin:/usr/games:/usr/local/games:/snap/bin:/snap/bin /usr/bin/cmake --build /home/saba/workspaces/ramen_robot_ws/build/is-json-xtypes -- -j16 -l16
[25.496s] Invoking command in '/home/saba/workspaces/ramen_robot_ws/build/is-json-xtypes': CMAKE_PREFIX_PATH=/home/saba/workspaces/ramen_robot_ws/install/is-core:/home/saba/workspaces/myagv_ws/install/sllidar_ros2:/home/saba/workspaces/myagv_ws/install/myagv_description:/home/saba/workspaces/myagv_ws/install/apriltag_ros:/home/saba/workspaces/myagv_ws/install/apriltag:/home/saba/workspaces/ramen_robot_ws/install/is-ros2-mix-generator:/home/saba/workspaces/ramen_robot_ws/install/is-ros2:/home/saba/workspaces/ramen_robot_ws/install/is-mock:/home/saba/workspaces/ramen_robot_ws/install/is-json-xtypes LD_LIBRARY_PATH=/home/saba/workspaces/ramen_robot_ws/install/is-core/lib:/home/saba/workspaces/myagv_ws/install/apriltag_ros/lib:/home/saba/workspaces/myagv_ws/install/apriltag/lib:/home/saba/workspaces/ramen_robot_ws/install/is-ros2-mix-generator/lib:/home/saba/workspaces/ramen_robot_ws/install/is-ros2/lib:/home/saba/workspaces/ramen_robot_ws/install/is-mock/lib:/home/saba/workspaces/ramen_robot_ws/install/is-json-xtypes/lib:/usr/lib/x86_64-linux-gnu/gazebo-11/plugins:/opt/ros/humble/opt/rviz_ogre_vendor/lib:/opt/ros/humble/lib/x86_64-linux-gnu:/opt/ros/humble/lib PATH=/home/saba/workspaces/ramen_robot_ws/install/is-core/bin:/home/saba/workspaces/myagv_ws/install/apriltag/bin:/home/saba/workspaces/ramen_robot_ws/install/is-json-xtypes/bin:/opt/ros/humble/bin:/home/saba/.local/bin:/usr/local/sbin:/usr/local/bin:/usr/sbin:/usr/bin:/sbin:/bin:/usr/games:/usr/local/games:/snap/bin:/snap/bin /usr/bin/cmake --install /home/saba/workspaces/ramen_robot_ws/build/is-json-xtypes
[25.509s] -- Install configuration: ""
[25.509s] -- Installing: /home/saba/workspaces/ramen_robot_ws/install/is-json-xtypes/lib/libis-json-xtypes.so.3.1.0
[25.515s] -- Installing: /home/saba/workspaces/ramen_robot_ws/install/is-json-xtypes/lib/libis-json-xtypes.so.3.1
[25.515s] -- Set runtime path of "/home/saba/workspaces/ramen_robot_ws/install/is-json-xtypes/lib/libis-json-xtypes.so.3.1.0" to ""
[25.515s] -- Installing: /home/saba/workspaces/ramen_robot_ws/install/is-json-xtypes/lib/libis-json-xtypes.so
[25.516s] -- Installing: /home/saba/workspaces/ramen_robot_ws/install/is-json-xtypes/lib/cmake/is-json-xtypes/is-json-xtypes-target.cmake
[25.516s] -- Installing: /home/saba/workspaces/ramen_robot_ws/install/is-json-xtypes/lib/cmake/is-json-xtypes/is-json-xtypes-target-noconfig.cmake
[25.516s] -- Up-to-date: /home/saba/workspaces/ramen_robot_ws/install/is-json-xtypes/include
[25.516s] -- Up-to-date: /home/saba/workspaces/ramen_robot_ws/install/is-json-xtypes/include/is
[25.516s] -- Up-to-date: /home/saba/workspaces/ramen_robot_ws/install/is-json-xtypes/include/is/json-xtypes
[25.516s] -- Installing: /home/saba/workspaces/ramen_robot_ws/install/is-json-xtypes/include/is/json-xtypes/json.hpp
[25.518s] -- Installing: /home/saba/workspaces/ramen_robot_ws/install/is-json-xtypes/include/is/json-xtypes/conversion.hpp
[25.518s] -- Installing: /home/saba/workspaces/ramen_robot_ws/install/is-json-xtypes/lib/cmake/is-json-xtypes/is-json-xtypesConfig.cmake
[25.518s] -- Installing: /home/saba/workspaces/ramen_robot_ws/install/is-json-xtypes/bin/is-json-xtypes-example
[25.524s] -- Set runtime path of "/home/saba/workspaces/ramen_robot_ws/install/is-json-xtypes/bin/is-json-xtypes-example" to ""
[25.526s] Invoked command in '/home/saba/workspaces/ramen_robot_ws/build/is-json-xtypes' returned '0': CMAKE_PREFIX_PATH=/home/saba/workspaces/ramen_robot_ws/install/is-core:/home/saba/workspaces/myagv_ws/install/sllidar_ros2:/home/saba/workspaces/myagv_ws/install/myagv_description:/home/saba/workspaces/myagv_ws/install/apriltag_ros:/home/saba/workspaces/myagv_ws/install/apriltag:/home/saba/workspaces/ramen_robot_ws/install/is-ros2-mix-generator:/home/saba/workspaces/ramen_robot_ws/install/is-ros2:/home/saba/workspaces/ramen_robot_ws/install/is-mock:/home/saba/workspaces/ramen_robot_ws/install/is-json-xtypes LD_LIBRARY_PATH=/home/saba/workspaces/ramen_robot_ws/install/is-core/lib:/home/saba/workspaces/myagv_ws/install/apriltag_ros/lib:/home/saba/workspaces/myagv_ws/install/apriltag/lib:/home/saba/workspaces/ramen_robot_ws/install/is-ros2-mix-generator/lib:/home/saba/workspaces/ramen_robot_ws/install/is-ros2/lib:/home/saba/workspaces/ramen_robot_ws/install/is-mock/lib:/home/saba/workspaces/ramen_robot_ws/install/is-json-xtypes/lib:/usr/lib/x86_64-linux-gnu/gazebo-11/plugins:/opt/ros/humble/opt/rviz_ogre_vendor/lib:/opt/ros/humble/lib/x86_64-linux-gnu:/opt/ros/humble/lib PATH=/home/saba/workspaces/ramen_robot_ws/install/is-core/bin:/home/saba/workspaces/myagv_ws/install/apriltag/bin:/home/saba/workspaces/ramen_robot_ws/install/is-json-xtypes/bin:/opt/ros/humble/bin:/home/saba/.local/bin:/usr/local/sbin:/usr/local/bin:/usr/sbin:/usr/bin:/sbin:/bin:/usr/games:/usr/local/games:/snap/bin:/snap/bin /usr/bin/cmake --install /home/saba/workspaces/ramen_robot_ws/build/is-json-xtypes
