[9.451s] Invoking command in '/home/saba/workspaces/ramen_robot_ws/src/accountant': PYTHONPATH=/home/saba/workspaces/ramen_robot_ws/build/accountant/prefix_override:/usr/lib/python3/dist-packages/colcon_core/task/python/colcon_distutils_commands:/home/saba/workspaces/ramen_robot_ws/install/accountant/lib/python3.10/site-packages:${PYTHONPATH} /usr/bin/python3 -W ignore:setup.py install is deprecated setup.py egg_info --egg-base ../../build/accountant build --build-base /home/saba/workspaces/ramen_robot_ws/build/accountant/build install --record /home/saba/workspaces/ramen_robot_ws/build/accountant/install.log --single-version-externally-managed install_data
[13.900s] running egg_info
[14.226s] writing ../../build/accountant/accountant.egg-info/PKG-INFO
[14.435s] writing dependency_links to ../../build/accountant/accountant.egg-info/dependency_links.txt
[15.102s] writing entry points to ../../build/accountant/accountant.egg-info/entry_points.txt
[15.400s] writing requirements to ../../build/accountant/accountant.egg-info/requires.txt
[15.569s] writing top-level names to ../../build/accountant/accountant.egg-info/top_level.txt
[15.851s] reading manifest file '../../build/accountant/accountant.egg-info/SOURCES.txt'
[15.853s] writing manifest file '../../build/accountant/accountant.egg-info/SOURCES.txt'
[15.853s] running build
[15.853s] running build_py
[15.854s] running install
[15.870s] running install_lib
[16.097s] running install_data
[16.098s] running install_egg_info
[16.323s] removing '/home/saba/workspaces/ramen_robot_ws/install/accountant/lib/python3.10/site-packages/accountant-0.0.0-py3.10.egg-info' (and everything under it)
[16.325s] Copying ../../build/accountant/accountant.egg-info to /home/saba/workspaces/ramen_robot_ws/install/accountant/lib/python3.10/site-packages/accountant-0.0.0-py3.10.egg-info
[16.342s] running install_scripts
[16.985s] Installing accountant_node script to /home/saba/workspaces/ramen_robot_ws/install/accountant/lib/accountant
[16.991s] writing list of installed files to '/home/saba/workspaces/ramen_robot_ws/build/accountant/install.log'
