running egg_info
creating ../../build/ur3/ur3.egg-info
writing ../../build/ur3/ur3.egg-info/PKG-INFO
writing dependency_links to ../../build/ur3/ur3.egg-info/dependency_links.txt
writing entry points to ../../build/ur3/ur3.egg-info/entry_points.txt
writing requirements to ../../build/ur3/ur3.egg-info/requires.txt
writing top-level names to ../../build/ur3/ur3.egg-info/top_level.txt
writing manifest file '../../build/ur3/ur3.egg-info/SOURCES.txt'
reading manifest file '../../build/ur3/ur3.egg-info/SOURCES.txt'
writing manifest file '../../build/ur3/ur3.egg-info/SOURCES.txt'
running build
running build_py
creating /home/saba/workspaces/ramen_robot_ws/build/ur3/build
creating /home/saba/workspaces/ramen_robot_ws/build/ur3/build/lib
creating /home/saba/workspaces/ramen_robot_ws/build/ur3/build/lib/ur3
copying ur3/ur3_soup_node.py -> /home/saba/workspaces/ramen_robot_ws/build/ur3/build/lib/ur3
copying ur3/dpt.py -> /home/saba/workspaces/ramen_robot_ws/build/ur3/build/lib/ur3
copying ur3/depth_anything_node.py -> /home/saba/workspaces/ramen_robot_ws/build/ur3/build/lib/ur3
copying ur3/__init__.py -> /home/saba/workspaces/ramen_robot_ws/build/ur3/build/lib/ur3
copying ur3/ur3_negi_node.py -> /home/saba/workspaces/ramen_robot_ws/build/ur3/build/lib/ur3
copying ur3/transform.py -> /home/saba/workspaces/ramen_robot_ws/build/ur3/build/lib/ur3
copying ur3/ur3_retouch.py -> /home/saba/workspaces/ramen_robot_ws/build/ur3/build/lib/ur3
copying ur3/blocks.py -> /home/saba/workspaces/ramen_robot_ws/build/ur3/build/lib/ur3
running install
running install_lib
creating /home/saba/workspaces/ramen_robot_ws/install/ur3/lib/python3.10/site-packages/ur3
copying /home/saba/workspaces/ramen_robot_ws/build/ur3/build/lib/ur3/ur3_soup_node.py -> /home/saba/workspaces/ramen_robot_ws/install/ur3/lib/python3.10/site-packages/ur3
copying /home/saba/workspaces/ramen_robot_ws/build/ur3/build/lib/ur3/dpt.py -> /home/saba/workspaces/ramen_robot_ws/install/ur3/lib/python3.10/site-packages/ur3
copying /home/saba/workspaces/ramen_robot_ws/build/ur3/build/lib/ur3/depth_anything_node.py -> /home/saba/workspaces/ramen_robot_ws/install/ur3/lib/python3.10/site-packages/ur3
copying /home/saba/workspaces/ramen_robot_ws/build/ur3/build/lib/ur3/__init__.py -> /home/saba/workspaces/ramen_robot_ws/install/ur3/lib/python3.10/site-packages/ur3
copying /home/saba/workspaces/ramen_robot_ws/build/ur3/build/lib/ur3/ur3_negi_node.py -> /home/saba/workspaces/ramen_robot_ws/install/ur3/lib/python3.10/site-packages/ur3
copying /home/saba/workspaces/ramen_robot_ws/build/ur3/build/lib/ur3/transform.py -> /home/saba/workspaces/ramen_robot_ws/install/ur3/lib/python3.10/site-packages/ur3
copying /home/saba/workspaces/ramen_robot_ws/build/ur3/build/lib/ur3/ur3_retouch.py -> /home/saba/workspaces/ramen_robot_ws/install/ur3/lib/python3.10/site-packages/ur3
copying /home/saba/workspaces/ramen_robot_ws/build/ur3/build/lib/ur3/blocks.py -> /home/saba/workspaces/ramen_robot_ws/install/ur3/lib/python3.10/site-packages/ur3
byte-compiling /home/saba/workspaces/ramen_robot_ws/install/ur3/lib/python3.10/site-packages/ur3/ur3_soup_node.py to ur3_soup_node.cpython-310.pyc
byte-compiling /home/saba/workspaces/ramen_robot_ws/install/ur3/lib/python3.10/site-packages/ur3/dpt.py to dpt.cpython-310.pyc
byte-compiling /home/saba/workspaces/ramen_robot_ws/install/ur3/lib/python3.10/site-packages/ur3/depth_anything_node.py to depth_anything_node.cpython-310.pyc
byte-compiling /home/saba/workspaces/ramen_robot_ws/install/ur3/lib/python3.10/site-packages/ur3/__init__.py to __init__.cpython-310.pyc
byte-compiling /home/saba/workspaces/ramen_robot_ws/install/ur3/lib/python3.10/site-packages/ur3/ur3_negi_node.py to ur3_negi_node.cpython-310.pyc
byte-compiling /home/saba/workspaces/ramen_robot_ws/install/ur3/lib/python3.10/site-packages/ur3/transform.py to transform.cpython-310.pyc
byte-compiling /home/saba/workspaces/ramen_robot_ws/install/ur3/lib/python3.10/site-packages/ur3/ur3_retouch.py to ur3_retouch.cpython-310.pyc
byte-compiling /home/saba/workspaces/ramen_robot_ws/install/ur3/lib/python3.10/site-packages/ur3/blocks.py to blocks.cpython-310.pyc
running install_data
creating /home/saba/workspaces/ramen_robot_ws/install/ur3/share/ament_index
creating /home/saba/workspaces/ramen_robot_ws/install/ur3/share/ament_index/resource_index
creating /home/saba/workspaces/ramen_robot_ws/install/ur3/share/ament_index/resource_index/packages
copying resource/ur3 -> /home/saba/workspaces/ramen_robot_ws/install/ur3/share/ament_index/resource_index/packages
copying package.xml -> /home/saba/workspaces/ramen_robot_ws/install/ur3/share/ur3
running install_egg_info
Copying ../../build/ur3/ur3.egg-info to /home/saba/workspaces/ramen_robot_ws/install/ur3/lib/python3.10/site-packages/ur3-0.0.0-py3.10.egg-info
running install_scripts
Installing depth_anything_node script to /home/saba/workspaces/ramen_robot_ws/install/ur3/lib/ur3
Installing ur3_negi_node script to /home/saba/workspaces/ramen_robot_ws/install/ur3/lib/ur3
Installing ur3_retouch_node script to /home/saba/workspaces/ramen_robot_ws/install/ur3/lib/ur3
Installing ur3_soup_node script to /home/saba/workspaces/ramen_robot_ws/install/ur3/lib/ur3
writing list of installed files to '/home/saba/workspaces/ramen_robot_ws/build/ur3/install.log'
