[7.312s] Invoking command in '/home/saba/workspaces/ramen_robot_ws/src/ur3': PYTHONPATH=/home/saba/workspaces/ramen_robot_ws/build/ur3/prefix_override:/usr/lib/python3/dist-packages/colcon_core/task/python/colcon_distutils_commands:/home/saba/workspaces/ramen_robot_ws/install/ur3/lib/python3.10/site-packages:${PYTHONPATH} /usr/bin/python3 -W ignore:setup.py install is deprecated setup.py egg_info --egg-base ../../build/ur3 build --build-base /home/saba/workspaces/ramen_robot_ws/build/ur3/build install --record /home/saba/workspaces/ramen_robot_ws/build/ur3/install.log --single-version-externally-managed install_data
[8.715s] running egg_info
[8.715s] creating ../../build/ur3/ur3.egg-info
[8.816s] writing ../../build/ur3/ur3.egg-info/PKG-INFO
[8.891s] writing dependency_links to ../../build/ur3/ur3.egg-info/dependency_links.txt
[9.117s] writing entry points to ../../build/ur3/ur3.egg-info/entry_points.txt
[9.261s] writing requirements to ../../build/ur3/ur3.egg-info/requires.txt
[9.332s] writing top-level names to ../../build/ur3/ur3.egg-info/top_level.txt
[9.332s] writing manifest file '../../build/ur3/ur3.egg-info/SOURCES.txt'
[9.479s] reading manifest file '../../build/ur3/ur3.egg-info/SOURCES.txt'
[9.480s] writing manifest file '../../build/ur3/ur3.egg-info/SOURCES.txt'
[9.480s] running build
[9.480s] running build_py
[9.481s] creating /home/saba/workspaces/ramen_robot_ws/build/ur3/build
[9.481s] creating /home/saba/workspaces/ramen_robot_ws/build/ur3/build/lib
[9.481s] creating /home/saba/workspaces/ramen_robot_ws/build/ur3/build/lib/ur3
[9.481s] copying ur3/ur3_soup_node.py -> /home/saba/workspaces/ramen_robot_ws/build/ur3/build/lib/ur3
[9.481s] copying ur3/dpt.py -> /home/saba/workspaces/ramen_robot_ws/build/ur3/build/lib/ur3
[9.482s] copying ur3/depth_anything_node.py -> /home/saba/workspaces/ramen_robot_ws/build/ur3/build/lib/ur3
[9.482s] copying ur3/__init__.py -> /home/saba/workspaces/ramen_robot_ws/build/ur3/build/lib/ur3
[9.482s] copying ur3/ur3_negi_node.py -> /home/saba/workspaces/ramen_robot_ws/build/ur3/build/lib/ur3
[9.482s] copying ur3/transform.py -> /home/saba/workspaces/ramen_robot_ws/build/ur3/build/lib/ur3
[9.483s] copying ur3/ur3_retouch.py -> /home/saba/workspaces/ramen_robot_ws/build/ur3/build/lib/ur3
[9.483s] copying ur3/blocks.py -> /home/saba/workspaces/ramen_robot_ws/build/ur3/build/lib/ur3
[9.483s] running install
[9.492s] running install_lib
[9.595s] creating /home/saba/workspaces/ramen_robot_ws/install/ur3/lib/python3.10/site-packages/ur3
[9.595s] copying /home/saba/workspaces/ramen_robot_ws/build/ur3/build/lib/ur3/ur3_soup_node.py -> /home/saba/workspaces/ramen_robot_ws/install/ur3/lib/python3.10/site-packages/ur3
[9.596s] copying /home/saba/workspaces/ramen_robot_ws/build/ur3/build/lib/ur3/dpt.py -> /home/saba/workspaces/ramen_robot_ws/install/ur3/lib/python3.10/site-packages/ur3
[9.596s] copying /home/saba/workspaces/ramen_robot_ws/build/ur3/build/lib/ur3/depth_anything_node.py -> /home/saba/workspaces/ramen_robot_ws/install/ur3/lib/python3.10/site-packages/ur3
[9.596s] copying /home/saba/workspaces/ramen_robot_ws/build/ur3/build/lib/ur3/__init__.py -> /home/saba/workspaces/ramen_robot_ws/install/ur3/lib/python3.10/site-packages/ur3
[9.597s] copying /home/saba/workspaces/ramen_robot_ws/build/ur3/build/lib/ur3/ur3_negi_node.py -> /home/saba/workspaces/ramen_robot_ws/install/ur3/lib/python3.10/site-packages/ur3
[9.597s] copying /home/saba/workspaces/ramen_robot_ws/build/ur3/build/lib/ur3/transform.py -> /home/saba/workspaces/ramen_robot_ws/install/ur3/lib/python3.10/site-packages/ur3
[9.598s] copying /home/saba/workspaces/ramen_robot_ws/build/ur3/build/lib/ur3/ur3_retouch.py -> /home/saba/workspaces/ramen_robot_ws/install/ur3/lib/python3.10/site-packages/ur3
[9.598s] copying /home/saba/workspaces/ramen_robot_ws/build/ur3/build/lib/ur3/blocks.py -> /home/saba/workspaces/ramen_robot_ws/install/ur3/lib/python3.10/site-packages/ur3
[9.598s] byte-compiling /home/saba/workspaces/ramen_robot_ws/install/ur3/lib/python3.10/site-packages/ur3/ur3_soup_node.py to ur3_soup_node.cpython-310.pyc
[9.599s] byte-compiling /home/saba/workspaces/ramen_robot_ws/install/ur3/lib/python3.10/site-packages/ur3/dpt.py to dpt.cpython-310.pyc
[9.601s] byte-compiling /home/saba/workspaces/ramen_robot_ws/install/ur3/lib/python3.10/site-packages/ur3/depth_anything_node.py to depth_anything_node.cpython-310.pyc
[9.602s] byte-compiling /home/saba/workspaces/ramen_robot_ws/install/ur3/lib/python3.10/site-packages/ur3/__init__.py to __init__.cpython-310.pyc
[9.603s] byte-compiling /home/saba/workspaces/ramen_robot_ws/install/ur3/lib/python3.10/site-packages/ur3/ur3_negi_node.py to ur3_negi_node.cpython-310.pyc
[9.604s] byte-compiling /home/saba/workspaces/ramen_robot_ws/install/ur3/lib/python3.10/site-packages/ur3/transform.py to transform.cpython-310.pyc
[9.605s] byte-compiling /home/saba/workspaces/ramen_robot_ws/install/ur3/lib/python3.10/site-packages/ur3/ur3_retouch.py to ur3_retouch.cpython-310.pyc
[9.606s] byte-compiling /home/saba/workspaces/ramen_robot_ws/install/ur3/lib/python3.10/site-packages/ur3/blocks.py to blocks.cpython-310.pyc
[9.607s] running install_data
[9.607s] creating /home/saba/workspaces/ramen_robot_ws/install/ur3/share/ament_index
[9.607s] creating /home/saba/workspaces/ramen_robot_ws/install/ur3/share/ament_index/resource_index
[9.607s] creating /home/saba/workspaces/ramen_robot_ws/install/ur3/share/ament_index/resource_index/packages
[9.608s] copying resource/ur3 -> /home/saba/workspaces/ramen_robot_ws/install/ur3/share/ament_index/resource_index/packages
[9.608s] copying package.xml -> /home/saba/workspaces/ramen_robot_ws/install/ur3/share/ur3
[9.608s] running install_egg_info
[9.715s] Copying ../../build/ur3/ur3.egg-info to /home/saba/workspaces/ramen_robot_ws/install/ur3/lib/python3.10/site-packages/ur3-0.0.0-py3.10.egg-info
[9.716s] running install_scripts
[9.934s] Installing depth_anything_node script to /home/saba/workspaces/ramen_robot_ws/install/ur3/lib/ur3
[9.934s] Installing ur3_negi_node script to /home/saba/workspaces/ramen_robot_ws/install/ur3/lib/ur3
[9.934s] Installing ur3_retouch_node script to /home/saba/workspaces/ramen_robot_ws/install/ur3/lib/ur3
[9.934s] Installing ur3_soup_node script to /home/saba/workspaces/ramen_robot_ws/install/ur3/lib/ur3
[9.935s] writing list of installed files to '/home/saba/workspaces/ramen_robot_ws/build/ur3/install.log'
