[7.566s] Invoking command in '/home/saba/workspaces/ramen_robot_ws/src/ur3': PYTHONPATH=/home/saba/workspaces/ramen_robot_ws/build/ur3/prefix_override:/usr/lib/python3/dist-packages/colcon_core/task/python/colcon_distutils_commands:/home/saba/workspaces/ramen_robot_ws/install/ur3/lib/python3.10/site-packages:${PYTHONPATH} /usr/bin/python3 -W ignore:setup.py install is deprecated setup.py egg_info --egg-base ../../build/ur3 build --build-base /home/saba/workspaces/ramen_robot_ws/build/ur3/build install --record /home/saba/workspaces/ramen_robot_ws/build/ur3/install.log --single-version-externally-managed install_data
[9.184s] running egg_info
[9.287s] writing ../../build/ur3/ur3.egg-info/PKG-INFO
[9.364s] writing dependency_links to ../../build/ur3/ur3.egg-info/dependency_links.txt
[9.615s] writing entry points to ../../build/ur3/ur3.egg-info/entry_points.txt
[9.767s] writing requirements to ../../build/ur3/ur3.egg-info/requires.txt
[9.839s] writing top-level names to ../../build/ur3/ur3.egg-info/top_level.txt
[9.975s] reading manifest file '../../build/ur3/ur3.egg-info/SOURCES.txt'
[9.976s] writing manifest file '../../build/ur3/ur3.egg-info/SOURCES.txt'
[9.976s] running build
[9.977s] running build_py
[9.977s] running install
[9.985s] running install_lib
[10.093s] running install_data
[10.093s] running install_egg_info
[10.223s] removing '/home/saba/workspaces/ramen_robot_ws/install/ur3/lib/python3.10/site-packages/ur3-0.0.0-py3.10.egg-info' (and everything under it)
[10.223s] Copying ../../build/ur3/ur3.egg-info to /home/saba/workspaces/ramen_robot_ws/install/ur3/lib/python3.10/site-packages/ur3-0.0.0-py3.10.egg-info
[10.225s] running install_scripts
[10.502s] Installing depth_anything_node script to /home/saba/workspaces/ramen_robot_ws/install/ur3/lib/ur3
[10.502s] Installing ur3_negi_node script to /home/saba/workspaces/ramen_robot_ws/install/ur3/lib/ur3
[10.503s] Installing ur3_retouch_node script to /home/saba/workspaces/ramen_robot_ws/install/ur3/lib/ur3
[10.503s] Installing ur3_soup_node script to /home/saba/workspaces/ramen_robot_ws/install/ur3/lib/ur3
[10.503s] writing list of installed files to '/home/saba/workspaces/ramen_robot_ws/build/ur3/install.log'
[11.786s] Invoked command in '/home/saba/workspaces/ramen_robot_ws/src/ur3' returned '0': PYTHONPATH=/home/saba/workspaces/ramen_robot_ws/build/ur3/prefix_override:/usr/lib/python3/dist-packages/colcon_core/task/python/colcon_distutils_commands:/home/saba/workspaces/ramen_robot_ws/install/ur3/lib/python3.10/site-packages:${PYTHONPATH} /usr/bin/python3 -W ignore:setup.py install is deprecated setup.py egg_info --egg-base ../../build/ur3 build --build-base /home/saba/workspaces/ramen_robot_ws/build/ur3/build install --record /home/saba/workspaces/ramen_robot_ws/build/ur3/install.log --single-version-externally-managed install_data
