running egg_info
creating ../../build/accountant/accountant.egg-info
writing ../../build/accountant/accountant.egg-info/PKG-INFO
writing dependency_links to ../../build/accountant/accountant.egg-info/dependency_links.txt
writing entry points to ../../build/accountant/accountant.egg-info/entry_points.txt
writing requirements to ../../build/accountant/accountant.egg-info/requires.txt
writing top-level names to ../../build/accountant/accountant.egg-info/top_level.txt
writing manifest file '../../build/accountant/accountant.egg-info/SOURCES.txt'
reading manifest file '../../build/accountant/accountant.egg-info/SOURCES.txt'
writing manifest file '../../build/accountant/accountant.egg-info/SOURCES.txt'
running build
running build_py
creating /home/saba/workspaces/ramen_robot_ws/build/accountant/build
creating /home/saba/workspaces/ramen_robot_ws/build/accountant/build/lib
creating /home/saba/workspaces/ramen_robot_ws/build/accountant/build/lib/accountant
copying accountant/__init__.py -> /home/saba/workspaces/ramen_robot_ws/build/accountant/build/lib/accountant
copying accountant/accountant_node.py -> /home/saba/workspaces/ramen_robot_ws/build/accountant/build/lib/accountant
running install
running install_lib
creating /home/saba/workspaces/ramen_robot_ws/install/accountant/lib/python3.10/site-packages/accountant
copying /home/saba/workspaces/ramen_robot_ws/build/accountant/build/lib/accountant/__init__.py -> /home/saba/workspaces/ramen_robot_ws/install/accountant/lib/python3.10/site-packages/accountant
copying /home/saba/workspaces/ramen_robot_ws/build/accountant/build/lib/accountant/accountant_node.py -> /home/saba/workspaces/ramen_robot_ws/install/accountant/lib/python3.10/site-packages/accountant
byte-compiling /home/saba/workspaces/ramen_robot_ws/install/accountant/lib/python3.10/site-packages/accountant/__init__.py to __init__.cpython-310.pyc
byte-compiling /home/saba/workspaces/ramen_robot_ws/install/accountant/lib/python3.10/site-packages/accountant/accountant_node.py to accountant_node.cpython-310.pyc
running install_data
creating /home/saba/workspaces/ramen_robot_ws/install/accountant/share/ament_index
creating /home/saba/workspaces/ramen_robot_ws/install/accountant/share/ament_index/resource_index
creating /home/saba/workspaces/ramen_robot_ws/install/accountant/share/ament_index/resource_index/packages
copying resource/accountant -> /home/saba/workspaces/ramen_robot_ws/install/accountant/share/ament_index/resource_index/packages
copying package.xml -> /home/saba/workspaces/ramen_robot_ws/install/accountant/share/accountant
running install_egg_info
Copying ../../build/accountant/accountant.egg-info to /home/saba/workspaces/ramen_robot_ws/install/accountant/lib/python3.10/site-packages/accountant-0.0.0-py3.10.egg-info
running install_scripts
Installing accountant_node script to /home/saba/workspaces/ramen_robot_ws/install/accountant/lib/accountant
writing list of installed files to '/home/saba/workspaces/ramen_robot_ws/build/accountant/install.log'
