[0.004s] Invoking command in '/home/saba/workspaces/ramen_robot_ws/build/is-ros2-mix-generator': CMAKE_PREFIX_PATH=/home/saba/workspaces/ramen_robot_ws/install/is-ros2:/home/saba/workspaces/ramen_robot_ws/install/is-mock:/home/saba/workspaces/ramen_robot_ws/install/is-core:/home/saba/workspaces/myagv_ws/install/sllidar_ros2:/home/saba/workspaces/myagv_ws/install/myagv_description:/home/saba/workspaces/myagv_ws/install/apriltag_ros:/home/saba/workspaces/myagv_ws/install/apriltag:/home/saba/workspaces/ramen_robot_ws/install/is-ros2-mix-generator:/home/saba/workspaces/ramen_robot_ws/install/is-json-xtypes:/home/saba/workspaces/ramen_robot_ws/install/ur3:/home/saba/workspaces/ramen_robot_ws/install/agv:/home/saba/workspaces/myagv_ws/install/myagv_slam:/home/saba/workspaces/myagv_ws/install/myagv_navigation:/home/saba/workspaces/myagv_ws/install/myagv_joy:/home/saba/workspaces/myagv_ws/install/myagv_communication:/home/saba/workspaces/myagv_ws/install/myagv_bringup:/home/saba/workspaces/ramen_robot_ws/install/virtual_agv:/home/saba/workspaces/ramen_robot_ws/install/ramen_robot_launch:/home/saba/workspaces/ramen_robot_ws/install/usb_cam:/home/saba/workspaces/ramen_robot_ws/install/ur5_controller:/home/saba/workspaces/ramen_robot_ws/install/ur3_controller:/home/saba/workspaces/ramen_robot_ws/install/test_integration:/home/saba/workspaces/ramen_robot_ws/install/pork_yolo:/home/saba/workspaces/ramen_robot_ws/install/image_recognition:/home/saba/workspaces/ramen_robot_ws/install/depth_anything:/home/saba/workspaces/ramen_robot_ws/install/agv_commander:/home/saba/workspaces/ramen_robot_ws/install/agv3:/home/saba/workspaces/ramen_robot_ws/install/agv2:/home/saba/workspaces/ramen_robot_ws/install/agv1:/home/saba/workspaces/ramen_robot_ws/install/accountant:/opt/ros/humble LD_LIBRARY_PATH=/home/saba/workspaces/ramen_robot_ws/install/is-ros2/lib:/home/saba/workspaces/ramen_robot_ws/install/is-mock/lib:/home/saba/workspaces/ramen_robot_ws/install/is-core/lib:/home/saba/workspaces/myagv_ws/install/apriltag_ros/lib:/home/saba/workspaces/myagv_ws/install/apriltag/lib:/home/saba/workspaces/ramen_robot_ws/install/is-ros2-mix-generator/lib:/home/saba/workspaces/ramen_robot_ws/install/is-json-xtypes/lib:/usr/lib/x86_64-linux-gnu/gazebo-11/plugins:/opt/ros/humble/opt/rviz_ogre_vendor/lib:/opt/ros/humble/lib/x86_64-linux-gnu:/opt/ros/humble/lib PATH=/home/saba/workspaces/ramen_robot_ws/install/is-core/bin:/home/saba/workspaces/myagv_ws/install/apriltag/bin:/home/saba/workspaces/ramen_robot_ws/install/is-json-xtypes/bin:/opt/ros/humble/bin:/home/saba/.local/bin:/usr/local/sbin:/usr/local/bin:/usr/sbin:/usr/bin:/sbin:/bin:/usr/games:/usr/local/games:/snap/bin:/snap/bin /usr/bin/cmake /home/saba/workspaces/ramen_robot_ws/src/ROS2-SH/utils/ros2-mix-generator -DCMAKE_INSTALL_PREFIX=/home/saba/workspaces/ramen_robot_ws/install/is-ros2-mix-generator
[0.113s] -- The C compiler identification is GNU 11.4.0
[0.206s] -- The CXX compiler identification is GNU 11.4.0
[0.222s] -- Detecting C compiler ABI info
[0.339s] -- Detecting C compiler ABI info - done
[0.361s] -- Check for working C compiler: /usr/bin/cc - skipped
[0.361s] -- Detecting C compile features
[0.363s] -- Detecting C compile features - done
[0.371s] -- Detecting CXX compiler ABI info
[0.503s] -- Detecting CXX compiler ABI info - done
[0.525s] -- Check for working CXX compiler: /usr/bin/c++ - skipped
[0.526s] -- Detecting CXX compile features
[0.528s] -- Detecting CXX compile features - done
[0.598s] -- Found rosidl_parser: 3.1.5 (/opt/ros/humble/share/rosidl_parser/cmake)
[0.610s] -- Found rclcpp: 16.0.9 (/opt/ros/humble/share/rclcpp/cmake)
[1.595s] -- Found Python3: /usr/bin/python3 (found version "3.10.12") found components: Interpreter 
[1.919s] -- Found rosidl_generator_c: 3.1.5 (/opt/ros/humble/share/rosidl_generator_c/cmake)
[1.934s] -- Found rosidl_adapter: 3.1.5 (/opt/ros/humble/share/rosidl_adapter/cmake)
[1.957s] -- Found rosidl_generator_cpp: 3.1.5 (/opt/ros/humble/share/rosidl_generator_cpp/cmake)
[1.988s] -- Using all available rosidl_typesupport_c: rosidl_typesupport_fastrtps_c;rosidl_typesupport_introspection_c
[2.033s] -- Using all available rosidl_typesupport_cpp: rosidl_typesupport_fastrtps_cpp;rosidl_typesupport_introspection_cpp
[2.191s] -- Found rmw_implementation_cmake: 6.1.2 (/opt/ros/humble/share/rmw_implementation_cmake/cmake)
[2.200s] -- Found rmw_cyclonedds_cpp: 1.3.4 (/opt/ros/humble/share/rmw_cyclonedds_cpp/cmake)
[2.279s] -- Using RMW implementation 'rmw_cyclonedds_cpp' as default
[2.309s] -- Looking for pthread.h
[2.441s] -- Looking for pthread.h - found
[2.441s] -- Performing Test CMAKE_HAVE_LIBC_PTHREAD
[2.553s] -- Performing Test CMAKE_HAVE_LIBC_PTHREAD - Success
[2.556s] -- Found Threads: TRUE  
[3.119s] -- Could not find [ros2] mix for package [std_msgs] required by [the user]. The [ros2] mix for [std_msgs] will be automatically generated.
[3.150s] -- Could not find [ros2] mix for package [builtin_interfaces] required by [std_msgs]. The [ros2] mix for [builtin_interfaces] will be automatically generated.
[3.311s] -- Configuring [std_msgs] mix library for [ros2] middleware
[5.323s] -- Configuring [builtin_interfaces] mix library for [ros2] middleware
[5.538s] -- Configuring done
[5.729s] -- Generating done
[5.732s] -- Build files have been written to: /home/saba/workspaces/ramen_robot_ws/build/is-ros2-mix-generator
[5.748s] Invoked command in '/home/saba/workspaces/ramen_robot_ws/build/is-ros2-mix-generator' returned '0': CMAKE_PREFIX_PATH=/home/saba/workspaces/ramen_robot_ws/install/is-ros2:/home/saba/workspaces/ramen_robot_ws/install/is-mock:/home/saba/workspaces/ramen_robot_ws/install/is-core:/home/saba/workspaces/myagv_ws/install/sllidar_ros2:/home/saba/workspaces/myagv_ws/install/myagv_description:/home/saba/workspaces/myagv_ws/install/apriltag_ros:/home/saba/workspaces/myagv_ws/install/apriltag:/home/saba/workspaces/ramen_robot_ws/install/is-ros2-mix-generator:/home/saba/workspaces/ramen_robot_ws/install/is-json-xtypes:/home/saba/workspaces/ramen_robot_ws/install/ur3:/home/saba/workspaces/ramen_robot_ws/install/agv:/home/saba/workspaces/myagv_ws/install/myagv_slam:/home/saba/workspaces/myagv_ws/install/myagv_navigation:/home/saba/workspaces/myagv_ws/install/myagv_joy:/home/saba/workspaces/myagv_ws/install/myagv_communication:/home/saba/workspaces/myagv_ws/install/myagv_bringup:/home/saba/workspaces/ramen_robot_ws/install/virtual_agv:/home/saba/workspaces/ramen_robot_ws/install/ramen_robot_launch:/home/saba/workspaces/ramen_robot_ws/install/usb_cam:/home/saba/workspaces/ramen_robot_ws/install/ur5_controller:/home/saba/workspaces/ramen_robot_ws/install/ur3_controller:/home/saba/workspaces/ramen_robot_ws/install/test_integration:/home/saba/workspaces/ramen_robot_ws/install/pork_yolo:/home/saba/workspaces/ramen_robot_ws/install/image_recognition:/home/saba/workspaces/ramen_robot_ws/install/depth_anything:/home/saba/workspaces/ramen_robot_ws/install/agv_commander:/home/saba/workspaces/ramen_robot_ws/install/agv3:/home/saba/workspaces/ramen_robot_ws/install/agv2:/home/saba/workspaces/ramen_robot_ws/install/agv1:/home/saba/workspaces/ramen_robot_ws/install/accountant:/opt/ros/humble LD_LIBRARY_PATH=/home/saba/workspaces/ramen_robot_ws/install/is-ros2/lib:/home/saba/workspaces/ramen_robot_ws/install/is-mock/lib:/home/saba/workspaces/ramen_robot_ws/install/is-core/lib:/home/saba/workspaces/myagv_ws/install/apriltag_ros/lib:/home/saba/workspaces/myagv_ws/install/apriltag/lib:/home/saba/workspaces/ramen_robot_ws/install/is-ros2-mix-generator/lib:/home/saba/workspaces/ramen_robot_ws/install/is-json-xtypes/lib:/usr/lib/x86_64-linux-gnu/gazebo-11/plugins:/opt/ros/humble/opt/rviz_ogre_vendor/lib:/opt/ros/humble/lib/x86_64-linux-gnu:/opt/ros/humble/lib PATH=/home/saba/workspaces/ramen_robot_ws/install/is-core/bin:/home/saba/workspaces/myagv_ws/install/apriltag/bin:/home/saba/workspaces/ramen_robot_ws/install/is-json-xtypes/bin:/opt/ros/humble/bin:/home/saba/.local/bin:/usr/local/sbin:/usr/local/bin:/usr/sbin:/usr/bin:/sbin:/bin:/usr/games:/usr/local/games:/snap/bin:/snap/bin /usr/bin/cmake /home/saba/workspaces/ramen_robot_ws/src/ROS2-SH/utils/ros2-mix-generator -DCMAKE_INSTALL_PREFIX=/home/saba/workspaces/ramen_robot_ws/install/is-ros2-mix-generator
[5.750s] Invoking command in '/home/saba/workspaces/ramen_robot_ws/build/is-ros2-mix-generator': CMAKE_PREFIX_PATH=/home/saba/workspaces/ramen_robot_ws/install/is-ros2:/home/saba/workspaces/ramen_robot_ws/install/is-mock:/home/saba/workspaces/ramen_robot_ws/install/is-core:/home/saba/workspaces/myagv_ws/install/sllidar_ros2:/home/saba/workspaces/myagv_ws/install/myagv_description:/home/saba/workspaces/myagv_ws/install/apriltag_ros:/home/saba/workspaces/myagv_ws/install/apriltag:/home/saba/workspaces/ramen_robot_ws/install/is-ros2-mix-generator:/home/saba/workspaces/ramen_robot_ws/install/is-json-xtypes:/home/saba/workspaces/ramen_robot_ws/install/ur3:/home/saba/workspaces/ramen_robot_ws/install/agv:/home/saba/workspaces/myagv_ws/install/myagv_slam:/home/saba/workspaces/myagv_ws/install/myagv_navigation:/home/saba/workspaces/myagv_ws/install/myagv_joy:/home/saba/workspaces/myagv_ws/install/myagv_communication:/home/saba/workspaces/myagv_ws/install/myagv_bringup:/home/saba/workspaces/ramen_robot_ws/install/virtual_agv:/home/saba/workspaces/ramen_robot_ws/install/ramen_robot_launch:/home/saba/workspaces/ramen_robot_ws/install/usb_cam:/home/saba/workspaces/ramen_robot_ws/install/ur5_controller:/home/saba/workspaces/ramen_robot_ws/install/ur3_controller:/home/saba/workspaces/ramen_robot_ws/install/test_integration:/home/saba/workspaces/ramen_robot_ws/install/pork_yolo:/home/saba/workspaces/ramen_robot_ws/install/image_recognition:/home/saba/workspaces/ramen_robot_ws/install/depth_anything:/home/saba/workspaces/ramen_robot_ws/install/agv_commander:/home/saba/workspaces/ramen_robot_ws/install/agv3:/home/saba/workspaces/ramen_robot_ws/install/agv2:/home/saba/workspaces/ramen_robot_ws/install/agv1:/home/saba/workspaces/ramen_robot_ws/install/accountant:/opt/ros/humble LD_LIBRARY_PATH=/home/saba/workspaces/ramen_robot_ws/install/is-ros2/lib:/home/saba/workspaces/ramen_robot_ws/install/is-mock/lib:/home/saba/workspaces/ramen_robot_ws/install/is-core/lib:/home/saba/workspaces/myagv_ws/install/apriltag_ros/lib:/home/saba/workspaces/myagv_ws/install/apriltag/lib:/home/saba/workspaces/ramen_robot_ws/install/is-ros2-mix-generator/lib:/home/saba/workspaces/ramen_robot_ws/install/is-json-xtypes/lib:/usr/lib/x86_64-linux-gnu/gazebo-11/plugins:/opt/ros/humble/opt/rviz_ogre_vendor/lib:/opt/ros/humble/lib/x86_64-linux-gnu:/opt/ros/humble/lib PATH=/home/saba/workspaces/ramen_robot_ws/install/is-core/bin:/home/saba/workspaces/myagv_ws/install/apriltag/bin:/home/saba/workspaces/ramen_robot_ws/install/is-json-xtypes/bin:/opt/ros/humble/bin:/home/saba/.local/bin:/usr/local/sbin:/usr/local/bin:/usr/sbin:/usr/bin:/sbin:/bin:/usr/games:/usr/local/games:/snap/bin:/snap/bin /usr/bin/cmake --build /home/saba/workspaces/ramen_robot_ws/build/is-ros2-mix-generator -- -j16 -l16
[5.835s] [  2%] [32mBuilding CXX object CMakeFiles/is-rosidl-ros2-builtin_interfaces-mix.dir/is/rosidl/ros2/builtin_interfaces/src/msg/convert__msg__Duration.cpp.o[0m
[5.835s] [  5%] [32mBuilding CXX object CMakeFiles/is-rosidl-ros2-builtin_interfaces-mix.dir/is/rosidl/ros2/builtin_interfaces/src/msg/convert__msg__Time.cpp.o[0m
[31.476s] [  8%] [32m[1mLinking CXX shared library is/rosidl/ros2/lib/libis-rosidl-ros2-builtin_interfaces-mix.so[0m
[33.692s] [  8%] Built target is-rosidl-ros2-builtin_interfaces-mix
[33.740s] [ 14%] [32mBuilding CXX object CMakeFiles/is-rosidl-ros2-std_msgs-mix.dir/is/rosidl/ros2/std_msgs/src/msg/convert__msg__ByteMultiArray.cpp.o[0m
[33.740s] [ 14%] [32mBuilding CXX object CMakeFiles/is-rosidl-ros2-std_msgs-mix.dir/is/rosidl/ros2/std_msgs/src/msg/convert__msg__Empty.cpp.o[0m
[33.741s] [ 20%] [32mBuilding CXX object CMakeFiles/is-rosidl-ros2-std_msgs-mix.dir/is/rosidl/ros2/std_msgs/src/msg/convert__msg__Char.cpp.o[0m
[33.741s] [ 20%] [32mBuilding CXX object CMakeFiles/is-rosidl-ros2-std_msgs-mix.dir/is/rosidl/ros2/std_msgs/src/msg/convert__msg__ColorRGBA.cpp.o[0m
[33.741s] [ 23%] [32mBuilding CXX object CMakeFiles/is-rosidl-ros2-std_msgs-mix.dir/is/rosidl/ros2/std_msgs/src/msg/convert__msg__Bool.cpp.o[0m
[33.741s] [ 29%] [32mBuilding CXX object CMakeFiles/is-rosidl-ros2-std_msgs-mix.dir/is/rosidl/ros2/std_msgs/src/msg/convert__msg__Byte.cpp.o[0m
[33.742s] [ 29%] [32mBuilding CXX object CMakeFiles/is-rosidl-ros2-std_msgs-mix.dir/is/rosidl/ros2/std_msgs/src/msg/convert__msg__Float32.cpp.o[0m
[33.742s] [ 32%] [32mBuilding CXX object CMakeFiles/is-rosidl-ros2-std_msgs-mix.dir/is/rosidl/ros2/std_msgs/src/msg/convert__msg__Float32MultiArray.cpp.o[0m
[33.742s] [ 35%] [32mBuilding CXX object CMakeFiles/is-rosidl-ros2-std_msgs-mix.dir/is/rosidl/ros2/std_msgs/src/msg/convert__msg__Float64.cpp.o[0m
[33.744s] [ 41%] [32mBuilding CXX object CMakeFiles/is-rosidl-ros2-std_msgs-mix.dir/is/rosidl/ros2/std_msgs/src/msg/convert__msg__Float64MultiArray.cpp.o[0m
[33.744s] [ 41%] [32mBuilding CXX object CMakeFiles/is-rosidl-ros2-std_msgs-mix.dir/is/rosidl/ros2/std_msgs/src/msg/convert__msg__Header.cpp.o[0m
[33.744s] [ 44%] [32mBuilding CXX object CMakeFiles/is-rosidl-ros2-std_msgs-mix.dir/is/rosidl/ros2/std_msgs/src/msg/convert__msg__Int16.cpp.o[0m
[33.745s] [ 47%] [32mBuilding CXX object CMakeFiles/is-rosidl-ros2-std_msgs-mix.dir/is/rosidl/ros2/std_msgs/src/msg/convert__msg__Int16MultiArray.cpp.o[0m
[33.745s] [ 52%] [32mBuilding CXX object CMakeFiles/is-rosidl-ros2-std_msgs-mix.dir/is/rosidl/ros2/std_msgs/src/msg/convert__msg__Int32MultiArray.cpp.o[0m
[33.745s] [ 52%] [32mBuilding CXX object CMakeFiles/is-rosidl-ros2-std_msgs-mix.dir/is/rosidl/ros2/std_msgs/src/msg/convert__msg__Int32.cpp.o[0m
[33.747s] [ 55%] [32mBuilding CXX object CMakeFiles/is-rosidl-ros2-std_msgs-mix.dir/is/rosidl/ros2/std_msgs/src/msg/convert__msg__Int64.cpp.o[0m
