[0.037s] Invoking command in '/home/saba/workspaces/ramen_robot_ws/build/is-mock': CMAKE_PREFIX_PATH=/home/saba/workspaces/ramen_robot_ws/install/is-core:${CMAKE_PREFIX_PATH} LD_LIBRARY_PATH=/home/saba/workspaces/ramen_robot_ws/install/is-core/lib:${LD_LIBRARY_PATH} PATH=/home/saba/workspaces/ramen_robot_ws/install/is-core/bin:${PATH} /usr/bin/cmake /home/saba/workspaces/ramen_robot_ws/src/Integration-Service/utils/test/mock -DCMAKE_INSTALL_PREFIX=/home/saba/workspaces/ramen_robot_ws/install/is-mock
[0.147s] -- The CXX compiler identification is GNU 11.4.0
[0.158s] -- Detecting CXX compiler ABI info
[0.277s] -- Detecting CXX compiler ABI info - done
[0.297s] -- Check for working CXX compiler: /usr/bin/c++ - skipped
[0.298s] -- Detecting CXX compile features
[0.298s] -- Detecting CXX compile features - done
[0.378s] -- Configuring [is-mock]...
[0.384s] -- Performing Test COMPILER_HAS_HIDDEN_VISIBILITY
[0.503s] -- Performing Test COMPILER_HAS_HIDDEN_VISIBILITY - Success
[0.505s] -- Performing Test COMPILER_HAS_HIDDEN_INLINE_VISIBILITY
[0.616s] -- Performing Test COMPILER_HAS_HIDDEN_INLINE_VISIBILITY - Success
[0.616s] -- Performing Test COMPILER_HAS_DEPRECATED_ATTR
[0.739s] -- Performing Test COMPILER_HAS_DEPRECATED_ATTR - Success
[0.774s] -- Configuring done
[0.779s] -- Generating done
[0.780s] -- Build files have been written to: /home/saba/workspaces/ramen_robot_ws/build/is-mock
[0.784s] Invoked command in '/home/saba/workspaces/ramen_robot_ws/build/is-mock' returned '0': CMAKE_PREFIX_PATH=/home/saba/workspaces/ramen_robot_ws/install/is-core:${CMAKE_PREFIX_PATH} LD_LIBRARY_PATH=/home/saba/workspaces/ramen_robot_ws/install/is-core/lib:${LD_LIBRARY_PATH} PATH=/home/saba/workspaces/ramen_robot_ws/install/is-core/bin:${PATH} /usr/bin/cmake /home/saba/workspaces/ramen_robot_ws/src/Integration-Service/utils/test/mock -DCMAKE_INSTALL_PREFIX=/home/saba/workspaces/ramen_robot_ws/install/is-mock
[0.786s] Invoking command in '/home/saba/workspaces/ramen_robot_ws/build/is-mock': CMAKE_PREFIX_PATH=/home/saba/workspaces/ramen_robot_ws/install/is-core:${CMAKE_PREFIX_PATH} LD_LIBRARY_PATH=/home/saba/workspaces/ramen_robot_ws/install/is-core/lib:${LD_LIBRARY_PATH} PATH=/home/saba/workspaces/ramen_robot_ws/install/is-core/bin:${PATH} /usr/bin/cmake --build /home/saba/workspaces/ramen_robot_ws/build/is-mock -- -j16 -l16
[0.854s] [ 50%] [32mBuilding CXX object CMakeFiles/is-mock.dir/src/SystemHandle.cpp.o[0m
[10.169s] [100%] [32m[1mLinking CXX shared library is/mock/lib/libis-mock.so[0m
[10.491s] [100%] Built target is-mock
[10.507s] Invoked command in '/home/saba/workspaces/ramen_robot_ws/build/is-mock' returned '0': CMAKE_PREFIX_PATH=/home/saba/workspaces/ramen_robot_ws/install/is-core:${CMAKE_PREFIX_PATH} LD_LIBRARY_PATH=/home/saba/workspaces/ramen_robot_ws/install/is-core/lib:${LD_LIBRARY_PATH} PATH=/home/saba/workspaces/ramen_robot_ws/install/is-core/bin:${PATH} /usr/bin/cmake --build /home/saba/workspaces/ramen_robot_ws/build/is-mock -- -j16 -l16
[10.544s] Invoking command in '/home/saba/workspaces/ramen_robot_ws/build/is-mock': CMAKE_PREFIX_PATH=/home/saba/workspaces/ramen_robot_ws/install/is-core:${CMAKE_PREFIX_PATH} LD_LIBRARY_PATH=/home/saba/workspaces/ramen_robot_ws/install/is-core/lib:${LD_LIBRARY_PATH} PATH=/home/saba/workspaces/ramen_robot_ws/install/is-core/bin:${PATH} /usr/bin/cmake --install /home/saba/workspaces/ramen_robot_ws/build/is-mock
[10.556s] -- Install configuration: ""
[10.556s] -- Installing: /home/saba/workspaces/ramen_robot_ws/install/is-mock/lib/libis-mock.so.3.1.0
[10.559s] -- Installing: /home/saba/workspaces/ramen_robot_ws/install/is-mock/lib/libis-mock.so.3.1
[10.560s] -- Set runtime path of "/home/saba/workspaces/ramen_robot_ws/install/is-mock/lib/libis-mock.so.3.1.0" to ""
[10.560s] -- Installing: /home/saba/workspaces/ramen_robot_ws/install/is-mock/lib/libis-mock.so
[10.560s] -- Up-to-date: /home/saba/workspaces/ramen_robot_ws/install/is-mock/include
[10.560s] -- Up-to-date: /home/saba/workspaces/ramen_robot_ws/install/is-mock/include/is
[10.561s] -- Installing: /home/saba/workspaces/ramen_robot_ws/install/is-mock/include/is/sh
[10.561s] -- Installing: /home/saba/workspaces/ramen_robot_ws/install/is-mock/include/is/sh/mock
[10.561s] -- Installing: /home/saba/workspaces/ramen_robot_ws/install/is-mock/include/is/sh/mock/api.hpp
[10.564s] Invoked command in '/home/saba/workspaces/ramen_robot_ws/build/is-mock' returned '0': CMAKE_PREFIX_PATH=/home/saba/workspaces/ramen_robot_ws/install/is-core:${CMAKE_PREFIX_PATH} LD_LIBRARY_PATH=/home/saba/workspaces/ramen_robot_ws/install/is-core/lib:${LD_LIBRARY_PATH} PATH=/home/saba/workspaces/ramen_robot_ws/install/is-core/bin:${PATH} /usr/bin/cmake --install /home/saba/workspaces/ramen_robot_ws/build/is-mock
