running egg_info
creating ../../build/agv/agv.egg-info
writing ../../build/agv/agv.egg-info/PKG-INFO
writing dependency_links to ../../build/agv/agv.egg-info/dependency_links.txt
writing entry points to ../../build/agv/agv.egg-info/entry_points.txt
writing requirements to ../../build/agv/agv.egg-info/requires.txt
writing top-level names to ../../build/agv/agv.egg-info/top_level.txt
writing manifest file '../../build/agv/agv.egg-info/SOURCES.txt'
reading manifest file '../../build/agv/agv.egg-info/SOURCES.txt'
writing manifest file '../../build/agv/agv.egg-info/SOURCES.txt'
running build
running build_py
creating /home/saba/workspaces/ramen_robot_ws/build/agv/build
creating /home/saba/workspaces/ramen_robot_ws/build/agv/build/lib
creating /home/saba/workspaces/ramen_robot_ws/build/agv/build/lib/agv
copying agv/__init__.py -> /home/saba/workspaces/ramen_robot_ws/build/agv/build/lib/agv
copying agv/agv2_node.py -> /home/saba/workspaces/ramen_robot_ws/build/agv/build/lib/agv
copying agv/agv_commander_node.py -> /home/saba/workspaces/ramen_robot_ws/build/agv/build/lib/agv
copying agv/agv1_node.py -> /home/saba/workspaces/ramen_robot_ws/build/agv/build/lib/agv
copying agv/agv3_node.py -> /home/saba/workspaces/ramen_robot_ws/build/agv/build/lib/agv
running install
running install_lib
creating /home/saba/workspaces/ramen_robot_ws/install/agv/lib/python3.10/site-packages/agv
copying /home/saba/workspaces/ramen_robot_ws/build/agv/build/lib/agv/__init__.py -> /home/saba/workspaces/ramen_robot_ws/install/agv/lib/python3.10/site-packages/agv
copying /home/saba/workspaces/ramen_robot_ws/build/agv/build/lib/agv/agv2_node.py -> /home/saba/workspaces/ramen_robot_ws/install/agv/lib/python3.10/site-packages/agv
copying /home/saba/workspaces/ramen_robot_ws/build/agv/build/lib/agv/agv_commander_node.py -> /home/saba/workspaces/ramen_robot_ws/install/agv/lib/python3.10/site-packages/agv
copying /home/saba/workspaces/ramen_robot_ws/build/agv/build/lib/agv/agv1_node.py -> /home/saba/workspaces/ramen_robot_ws/install/agv/lib/python3.10/site-packages/agv
copying /home/saba/workspaces/ramen_robot_ws/build/agv/build/lib/agv/agv3_node.py -> /home/saba/workspaces/ramen_robot_ws/install/agv/lib/python3.10/site-packages/agv
byte-compiling /home/saba/workspaces/ramen_robot_ws/install/agv/lib/python3.10/site-packages/agv/__init__.py to __init__.cpython-310.pyc
byte-compiling /home/saba/workspaces/ramen_robot_ws/install/agv/lib/python3.10/site-packages/agv/agv2_node.py to agv2_node.cpython-310.pyc
byte-compiling /home/saba/workspaces/ramen_robot_ws/install/agv/lib/python3.10/site-packages/agv/agv_commander_node.py to agv_commander_node.cpython-310.pyc
byte-compiling /home/saba/workspaces/ramen_robot_ws/install/agv/lib/python3.10/site-packages/agv/agv1_node.py to agv1_node.cpython-310.pyc
byte-compiling /home/saba/workspaces/ramen_robot_ws/install/agv/lib/python3.10/site-packages/agv/agv3_node.py to agv3_node.cpython-310.pyc
running install_data
creating /home/saba/workspaces/ramen_robot_ws/install/agv/share/ament_index
creating /home/saba/workspaces/ramen_robot_ws/install/agv/share/ament_index/resource_index
creating /home/saba/workspaces/ramen_robot_ws/install/agv/share/ament_index/resource_index/packages
copying resource/agv -> /home/saba/workspaces/ramen_robot_ws/install/agv/share/ament_index/resource_index/packages
copying package.xml -> /home/saba/workspaces/ramen_robot_ws/install/agv/share/agv
running install_egg_info
Copying ../../build/agv/agv.egg-info to /home/saba/workspaces/ramen_robot_ws/install/agv/lib/python3.10/site-packages/agv-0.0.0-py3.10.egg-info
running install_scripts
Installing agv1_node script to /home/saba/workspaces/ramen_robot_ws/install/agv/lib/agv
Installing agv2_node script to /home/saba/workspaces/ramen_robot_ws/install/agv/lib/agv
Installing agv3_node script to /home/saba/workspaces/ramen_robot_ws/install/agv/lib/agv
Installing agv_commander_node script to /home/saba/workspaces/ramen_robot_ws/install/agv/lib/agv
writing list of installed files to '/home/saba/workspaces/ramen_robot_ws/build/agv/install.log'
