[7.474s] Invoking command in '/home/saba/workspaces/ramen_robot_ws/src/agv': PYTHONPATH=/home/saba/workspaces/ramen_robot_ws/build/agv/prefix_override:/usr/lib/python3/dist-packages/colcon_core/task/python/colcon_distutils_commands:/home/saba/workspaces/ramen_robot_ws/install/agv/lib/python3.10/site-packages:${PYTHONPATH} /usr/bin/python3 -W ignore:setup.py install is deprecated setup.py egg_info --egg-base ../../build/agv build --build-base /home/saba/workspaces/ramen_robot_ws/build/agv/build install --record /home/saba/workspaces/ramen_robot_ws/build/agv/install.log --single-version-externally-managed install_data
[8.961s] running egg_info
[8.961s] creating ../../build/agv/agv.egg-info
[9.066s] writing ../../build/agv/agv.egg-info/PKG-INFO
[9.137s] writing dependency_links to ../../build/agv/agv.egg-info/dependency_links.txt
[9.366s] writing entry points to ../../build/agv/agv.egg-info/entry_points.txt
[9.511s] writing requirements to ../../build/agv/agv.egg-info/requires.txt
[9.586s] writing top-level names to ../../build/agv/agv.egg-info/top_level.txt
[9.586s] writing manifest file '../../build/agv/agv.egg-info/SOURCES.txt'
[9.720s] reading manifest file '../../build/agv/agv.egg-info/SOURCES.txt'
[9.721s] writing manifest file '../../build/agv/agv.egg-info/SOURCES.txt'
[9.721s] running build
[9.721s] running build_py
[9.721s] creating /home/saba/workspaces/ramen_robot_ws/build/agv/build
[9.722s] creating /home/saba/workspaces/ramen_robot_ws/build/agv/build/lib
[9.722s] creating /home/saba/workspaces/ramen_robot_ws/build/agv/build/lib/agv
[9.722s] copying agv/__init__.py -> /home/saba/workspaces/ramen_robot_ws/build/agv/build/lib/agv
[9.722s] copying agv/agv2_node.py -> /home/saba/workspaces/ramen_robot_ws/build/agv/build/lib/agv
[9.722s] copying agv/agv_commander_node.py -> /home/saba/workspaces/ramen_robot_ws/build/agv/build/lib/agv
[9.722s] copying agv/agv1_node.py -> /home/saba/workspaces/ramen_robot_ws/build/agv/build/lib/agv
[9.723s] copying agv/agv3_node.py -> /home/saba/workspaces/ramen_robot_ws/build/agv/build/lib/agv
[9.723s] running install
[9.730s] running install_lib
[9.834s] creating /home/saba/workspaces/ramen_robot_ws/install/agv/lib/python3.10/site-packages/agv
[9.835s] copying /home/saba/workspaces/ramen_robot_ws/build/agv/build/lib/agv/__init__.py -> /home/saba/workspaces/ramen_robot_ws/install/agv/lib/python3.10/site-packages/agv
[9.835s] copying /home/saba/workspaces/ramen_robot_ws/build/agv/build/lib/agv/agv2_node.py -> /home/saba/workspaces/ramen_robot_ws/install/agv/lib/python3.10/site-packages/agv
[9.835s] copying /home/saba/workspaces/ramen_robot_ws/build/agv/build/lib/agv/agv_commander_node.py -> /home/saba/workspaces/ramen_robot_ws/install/agv/lib/python3.10/site-packages/agv
[9.835s] copying /home/saba/workspaces/ramen_robot_ws/build/agv/build/lib/agv/agv1_node.py -> /home/saba/workspaces/ramen_robot_ws/install/agv/lib/python3.10/site-packages/agv
[9.835s] copying /home/saba/workspaces/ramen_robot_ws/build/agv/build/lib/agv/agv3_node.py -> /home/saba/workspaces/ramen_robot_ws/install/agv/lib/python3.10/site-packages/agv
[9.836s] byte-compiling /home/saba/workspaces/ramen_robot_ws/install/agv/lib/python3.10/site-packages/agv/__init__.py to __init__.cpython-310.pyc
[9.836s] byte-compiling /home/saba/workspaces/ramen_robot_ws/install/agv/lib/python3.10/site-packages/agv/agv2_node.py to agv2_node.cpython-310.pyc
[9.837s] byte-compiling /home/saba/workspaces/ramen_robot_ws/install/agv/lib/python3.10/site-packages/agv/agv_commander_node.py to agv_commander_node.cpython-310.pyc
[9.839s] byte-compiling /home/saba/workspaces/ramen_robot_ws/install/agv/lib/python3.10/site-packages/agv/agv1_node.py to agv1_node.cpython-310.pyc
[9.839s] byte-compiling /home/saba/workspaces/ramen_robot_ws/install/agv/lib/python3.10/site-packages/agv/agv3_node.py to agv3_node.cpython-310.pyc
[9.840s] running install_data
[9.841s] creating /home/saba/workspaces/ramen_robot_ws/install/agv/share/ament_index
[9.841s] creating /home/saba/workspaces/ramen_robot_ws/install/agv/share/ament_index/resource_index
[9.841s] creating /home/saba/workspaces/ramen_robot_ws/install/agv/share/ament_index/resource_index/packages
[9.841s] copying resource/agv -> /home/saba/workspaces/ramen_robot_ws/install/agv/share/ament_index/resource_index/packages
[9.841s] copying package.xml -> /home/saba/workspaces/ramen_robot_ws/install/agv/share/agv
[9.842s] running install_egg_info
[9.952s] Copying ../../build/agv/agv.egg-info to /home/saba/workspaces/ramen_robot_ws/install/agv/lib/python3.10/site-packages/agv-0.0.0-py3.10.egg-info
[9.954s] running install_scripts
[10.188s] Installing agv1_node script to /home/saba/workspaces/ramen_robot_ws/install/agv/lib/agv
[10.189s] Installing agv2_node script to /home/saba/workspaces/ramen_robot_ws/install/agv/lib/agv
[10.189s] Installing agv3_node script to /home/saba/workspaces/ramen_robot_ws/install/agv/lib/agv
[10.189s] Installing agv_commander_node script to /home/saba/workspaces/ramen_robot_ws/install/agv/lib/agv
[10.190s] writing list of installed files to '/home/saba/workspaces/ramen_robot_ws/build/agv/install.log'
[11.269s] Invoked command in '/home/saba/workspaces/ramen_robot_ws/src/agv' returned '0': PYTHONPATH=/home/saba/workspaces/ramen_robot_ws/build/agv/prefix_override:/usr/lib/python3/dist-packages/colcon_core/task/python/colcon_distutils_commands:/home/saba/workspaces/ramen_robot_ws/install/agv/lib/python3.10/site-packages:${PYTHONPATH} /usr/bin/python3 -W ignore:setup.py install is deprecated setup.py egg_info --egg-base ../../build/agv build --build-base /home/saba/workspaces/ramen_robot_ws/build/agv/build install --record /home/saba/workspaces/ramen_robot_ws/build/agv/install.log --single-version-externally-managed install_data
