[ 81%] Built target is-core
[100%] Built target integration-service
-- Install configuration: ""
-- Up-to-date: /home/saba/workspaces/ramen_robot_ws/install/is-core/lib/libis-core.so.3.1.0
-- Up-to-date: /home/saba/workspaces/ramen_robot_ws/install/is-core/lib/libis-core.so.3.1
-- Up-to-date: /home/saba/workspaces/ramen_robot_ws/install/is-core/lib/libis-core.so
-- Up-to-date: /home/saba/workspaces/ramen_robot_ws/install/is-core/lib/cmake/is-core/is-core-target.cmake
-- Up-to-date: /home/saba/workspaces/ramen_robot_ws/install/is-core/lib/cmake/is-core/is-core-target-noconfig.cmake
-- Up-to-date: /home/saba/workspaces/ramen_robot_ws/install/is-core/include
-- Up-to-date: /home/saba/workspaces/ramen_robot_ws/install/is-core/include/is
-- Up-to-date: /home/saba/workspaces/ramen_robot_ws/install/is-core/include/is/systemhandle
-- Up-to-date: /home/saba/workspaces/ramen_robot_ws/install/is-core/include/is/systemhandle/SystemHandle.hpp
-- Up-to-date: /home/saba/workspaces/ramen_robot_ws/install/is-core/include/is/systemhandle/RegisterSystem.hpp
-- Up-to-date: /home/saba/workspaces/ramen_robot_ws/install/is-core/include/is/systemhandle/SystemHandleFactory.hpp
-- Up-to-date: /home/saba/workspaces/ramen_robot_ws/install/is-core/include/is/utils
-- Up-to-date: /home/saba/workspaces/ramen_robot_ws/install/is-core/include/is/utils/Convert.hpp
-- Up-to-date: /home/saba/workspaces/ramen_robot_ws/install/is-core/include/is/utils/Log.hpp
-- Up-to-date: /home/saba/workspaces/ramen_robot_ws/install/is-core/include/is/config.hpp.in
-- Up-to-date: /home/saba/workspaces/ramen_robot_ws/install/is-core/include/is/core
-- Up-to-date: /home/saba/workspaces/ramen_robot_ws/install/is-core/include/is/core/Config.hpp
-- Up-to-date: /home/saba/workspaces/ramen_robot_ws/install/is-core/include/is/core/Message.hpp
-- Up-to-date: /home/saba/workspaces/ramen_robot_ws/install/is-core/include/is/core/Instance.hpp
-- Up-to-date: /home/saba/workspaces/ramen_robot_ws/install/is-core/include/is/core/runtime
-- Up-to-date: /home/saba/workspaces/ramen_robot_ws/install/is-core/include/is/core/runtime/MiddlewareInterfaceExtension.hpp
-- Up-to-date: /home/saba/workspaces/ramen_robot_ws/install/is-core/include/is/core/runtime/Search.hpp
-- Up-to-date: /home/saba/workspaces/ramen_robot_ws/install/is-core/include/is/core/runtime/FieldToString.hpp
-- Up-to-date: /home/saba/workspaces/ramen_robot_ws/install/is-core/include/is/core/runtime/StringTemplate.hpp
-- Up-to-date: /home/saba/workspaces/ramen_robot_ws/install/is-core/lib/cmake/is-core/is-coreConfig.cmake
-- Up-to-date: /home/saba/workspaces/ramen_robot_ws/install/is-core/bin/integration-service
-- Up-to-date: /home/saba/workspaces/ramen_robot_ws/install/is-core/lib/cmake/is-core/cmake
-- Up-to-date: /home/saba/workspaces/ramen_robot_ws/install/is-core/lib/cmake/is-core/cmake/is_install_middleware_plugin.cmake
-- Up-to-date: /home/saba/workspaces/ramen_robot_ws/install/is-core/lib/cmake/is-core/cmake/is_mix_generator.cmake
-- Up-to-date: /home/saba/workspaces/ramen_robot_ws/install/is-core/lib/cmake/is-core/cmake/is_mix_install_extension.cmake
-- Up-to-date: /home/saba/workspaces/ramen_robot_ws/install/is-core/lib/cmake/is-core/cmake/is_generate_export_header.cmake
-- Up-to-date: /home/saba/workspaces/ramen_robot_ws/install/is-core/lib/cmake/is-core/cmake/common
-- Up-to-date: /home/saba/workspaces/ramen_robot_ws/install/is-core/lib/cmake/is-core/cmake/common/gtest.cmake
-- Up-to-date: /home/saba/workspaces/ramen_robot_ws/install/is-core/lib/cmake/is-core/templates
-- Up-to-date: /home/saba/workspaces/ramen_robot_ws/install/is-core/lib/cmake/is-core/templates/is-idl-middleware-mix-config.cmake.in
-- Up-to-date: /home/saba/workspaces/ramen_robot_ws/install/is-core/lib/cmake/is-core/templates/is-idl-middleware-mix-extension.cmake.in
-- Up-to-date: /home/saba/workspaces/ramen_robot_ws/install/is-core/lib/cmake/is-core/templates/plugin_library.mix.in
-- Up-to-date: /home/saba/workspaces/ramen_robot_ws/install/is-core/lib/cmake/is-core/templates/is-idl-pkg-mix-config.cmake.in
-- Up-to-date: /home/saba/workspaces/ramen_robot_ws/install/is-core/lib/cmake/is-core/templates/middleware-config.cmake.in
