[8.432s] Invoking command in '/home/saba/workspaces/ramen_robot_ws/src/ur5': PYTHONPATH=/home/saba/workspaces/ramen_robot_ws/build/ur5/prefix_override:/usr/lib/python3/dist-packages/colcon_core/task/python/colcon_distutils_commands:/home/saba/workspaces/ramen_robot_ws/install/ur5/lib/python3.10/site-packages:${PYTHONPATH} /usr/bin/python3 -W ignore:setup.py install is deprecated setup.py egg_info --egg-base ../../build/ur5 build --build-base /home/saba/workspaces/ramen_robot_ws/build/ur5/build install --record /home/saba/workspaces/ramen_robot_ws/build/ur5/install.log --single-version-externally-managed install_data
[10.306s] running egg_info
[10.490s] writing ../../build/ur5/ur5.egg-info/PKG-INFO
[10.595s] writing dependency_links to ../../build/ur5/ur5.egg-info/dependency_links.txt
[10.882s] writing entry points to ../../build/ur5/ur5.egg-info/entry_points.txt
[11.052s] writing requirements to ../../build/ur5/ur5.egg-info/requires.txt
[11.161s] writing top-level names to ../../build/ur5/ur5.egg-info/top_level.txt
[11.351s] reading manifest file '../../build/ur5/ur5.egg-info/SOURCES.txt'
[11.365s] writing manifest file '../../build/ur5/ur5.egg-info/SOURCES.txt'
[11.365s] running build
[11.365s] running build_py
[11.378s] running install
[11.389s] running install_lib
[11.598s] running install_data
[11.598s] running install_egg_info
[11.848s] removing '/home/saba/workspaces/ramen_robot_ws/install/ur5/lib/python3.10/site-packages/ur5-0.0.0-py3.10.egg-info' (and everything under it)
[11.849s] Copying ../../build/ur5/ur5.egg-info to /home/saba/workspaces/ramen_robot_ws/install/ur5/lib/python3.10/site-packages/ur5-0.0.0-py3.10.egg-info
[11.868s] running install_scripts
[12.506s] Installing pork_image_node script to /home/saba/workspaces/ramen_robot_ws/install/ur5/lib/ur5
[12.507s] Installing ur5_noodle_node script to /home/saba/workspaces/ramen_robot_ws/install/ur5/lib/ur5
[12.508s] Installing ur5_pork_node script to /home/saba/workspaces/ramen_robot_ws/install/ur5/lib/ur5
[12.509s] Installing ur5_retouch_node script to /home/saba/workspaces/ramen_robot_ws/install/ur5/lib/ur5
[12.510s] writing list of installed files to '/home/saba/workspaces/ramen_robot_ws/build/ur5/install.log'
[12.621s] Invoked command in '/home/saba/workspaces/ramen_robot_ws/src/ur5' returned '0': PYTHONPATH=/home/saba/workspaces/ramen_robot_ws/build/ur5/prefix_override:/usr/lib/python3/dist-packages/colcon_core/task/python/colcon_distutils_commands:/home/saba/workspaces/ramen_robot_ws/install/ur5/lib/python3.10/site-packages:${PYTHONPATH} /usr/bin/python3 -W ignore:setup.py install is deprecated setup.py egg_info --egg-base ../../build/ur5 build --build-base /home/saba/workspaces/ramen_robot_ws/build/ur5/build install --record /home/saba/workspaces/ramen_robot_ws/build/ur5/install.log --single-version-externally-managed install_data
