[3.067s] Invoking command in '/home/saba/workspaces/ramen_robot_ws/src/ur3': PYTHONPATH=/home/saba/workspaces/ramen_robot_ws/build/ur3/prefix_override:/usr/lib/python3/dist-packages/colcon_core/task/python/colcon_distutils_commands:/home/saba/workspaces/ramen_robot_ws/install/ur3/lib/python3.10/site-packages:${PYTHONPATH} /usr/bin/python3 -W ignore:setup.py install is deprecated setup.py egg_info --egg-base ../../build/ur3 build --build-base /home/saba/workspaces/ramen_robot_ws/build/ur3/build install --record /home/saba/workspaces/ramen_robot_ws/build/ur3/install.log --single-version-externally-managed install_data
[4.488s] running egg_info
[4.596s] writing ../../build/ur3/ur3.egg-info/PKG-INFO
[4.669s] writing dependency_links to ../../build/ur3/ur3.egg-info/dependency_links.txt
[4.886s] writing entry points to ../../build/ur3/ur3.egg-info/entry_points.txt
[5.033s] writing requirements to ../../build/ur3/ur3.egg-info/requires.txt
[5.109s] writing top-level names to ../../build/ur3/ur3.egg-info/top_level.txt
[5.246s] reading manifest file '../../build/ur3/ur3.egg-info/SOURCES.txt'
[5.248s] writing manifest file '../../build/ur3/ur3.egg-info/SOURCES.txt'
[5.248s] running build
[5.248s] running build_py
[5.248s] copying ur3/ur3_negi_node.py -> /home/saba/workspaces/ramen_robot_ws/build/ur3/build/lib/ur3
[5.249s] running install
[5.261s] running install_lib
[5.365s] copying /home/saba/workspaces/ramen_robot_ws/build/ur3/build/lib/ur3/ur3_negi_node.py -> /home/saba/workspaces/ramen_robot_ws/install/ur3/lib/python3.10/site-packages/ur3
[5.365s] byte-compiling /home/saba/workspaces/ramen_robot_ws/install/ur3/lib/python3.10/site-packages/ur3/ur3_negi_node.py to ur3_negi_node.cpython-310.pyc
[5.367s] running install_data
[5.370s] running install_egg_info
[5.471s] removing '/home/saba/workspaces/ramen_robot_ws/install/ur3/lib/python3.10/site-packages/ur3-0.0.0-py3.10.egg-info' (and everything under it)
[5.471s] Copying ../../build/ur3/ur3.egg-info to /home/saba/workspaces/ramen_robot_ws/install/ur3/lib/python3.10/site-packages/ur3-0.0.0-py3.10.egg-info
[5.472s] running install_scripts
[5.689s] Installing depth_anything_node script to /home/saba/workspaces/ramen_robot_ws/install/ur3/lib/ur3
[5.689s] Installing hello_node script to /home/saba/workspaces/ramen_robot_ws/install/ur3/lib/ur3
[5.689s] Installing ur3_negi_node script to /home/saba/workspaces/ramen_robot_ws/install/ur3/lib/ur3
[5.689s] Installing ur3_retouch_node script to /home/saba/workspaces/ramen_robot_ws/install/ur3/lib/ur3
[5.690s] Installing ur3_soup_node script to /home/saba/workspaces/ramen_robot_ws/install/ur3/lib/ur3
[5.690s] writing list of installed files to '/home/saba/workspaces/ramen_robot_ws/build/ur3/install.log'
[5.722s] Invoked command in '/home/saba/workspaces/ramen_robot_ws/src/ur3' returned '0': PYTHONPATH=/home/saba/workspaces/ramen_robot_ws/build/ur3/prefix_override:/usr/lib/python3/dist-packages/colcon_core/task/python/colcon_distutils_commands:/home/saba/workspaces/ramen_robot_ws/install/ur3/lib/python3.10/site-packages:${PYTHONPATH} /usr/bin/python3 -W ignore:setup.py install is deprecated setup.py egg_info --egg-base ../../build/ur3 build --build-base /home/saba/workspaces/ramen_robot_ws/build/ur3/build install --record /home/saba/workspaces/ramen_robot_ws/build/ur3/install.log --single-version-externally-managed install_data
