[2.655s] Invoking command in '/home/saba/workspaces/ramen_robot_ws/src/ur3': PYTHONPATH=/home/saba/workspaces/ramen_robot_ws/build/ur3/prefix_override:/usr/lib/python3/dist-packages/colcon_core/task/python/colcon_distutils_commands:/home/saba/workspaces/ramen_robot_ws/install/ur3/lib/python3.10/site-packages:${PYTHONPATH} /usr/bin/python3 -W ignore:setup.py install is deprecated setup.py egg_info --egg-base ../../build/ur3 build --build-base /home/saba/workspaces/ramen_robot_ws/build/ur3/build install --record /home/saba/workspaces/ramen_robot_ws/build/ur3/install.log --single-version-externally-managed install_data
[3.907s] running egg_info
[3.908s] creating ../../build/ur3/ur3.egg-info
[3.998s] writing ../../build/ur3/ur3.egg-info/PKG-INFO
[4.062s] writing dependency_links to ../../build/ur3/ur3.egg-info/dependency_links.txt
[4.265s] writing entry points to ../../build/ur3/ur3.egg-info/entry_points.txt
[4.390s] writing requirements to ../../build/ur3/ur3.egg-info/requires.txt
[4.457s] writing top-level names to ../../build/ur3/ur3.egg-info/top_level.txt
[4.457s] writing manifest file '../../build/ur3/ur3.egg-info/SOURCES.txt'
[4.574s] reading manifest file '../../build/ur3/ur3.egg-info/SOURCES.txt'
[4.575s] writing manifest file '../../build/ur3/ur3.egg-info/SOURCES.txt'
[4.575s] running build
[4.575s] running build_py
[4.575s] creating /home/saba/workspaces/ramen_robot_ws/build/ur3/build
[4.576s] creating /home/saba/workspaces/ramen_robot_ws/build/ur3/build/lib
[4.576s] creating /home/saba/workspaces/ramen_robot_ws/build/ur3/build/lib/ur3
[4.576s] copying ur3/ur3_soup_node.py -> /home/saba/workspaces/ramen_robot_ws/build/ur3/build/lib/ur3
[4.576s] copying ur3/dpt.py -> /home/saba/workspaces/ramen_robot_ws/build/ur3/build/lib/ur3
[4.576s] copying ur3/depth_anything_node.py -> /home/saba/workspaces/ramen_robot_ws/build/ur3/build/lib/ur3
[4.577s] copying ur3/__init__.py -> /home/saba/workspaces/ramen_robot_ws/build/ur3/build/lib/ur3
[4.577s] copying ur3/ur3_negi_node.py -> /home/saba/workspaces/ramen_robot_ws/build/ur3/build/lib/ur3
[4.577s] copying ur3/transform.py -> /home/saba/workspaces/ramen_robot_ws/build/ur3/build/lib/ur3
[4.577s] copying ur3/ur3_retouch.py -> /home/saba/workspaces/ramen_robot_ws/build/ur3/build/lib/ur3
[4.577s] copying ur3/blocks.py -> /home/saba/workspaces/ramen_robot_ws/build/ur3/build/lib/ur3
[4.578s] running install
[4.584s] running install_lib
[4.671s] creating /home/saba/workspaces/ramen_robot_ws/install/ur3/lib/python3.10/site-packages/ur3
[4.672s] copying /home/saba/workspaces/ramen_robot_ws/build/ur3/build/lib/ur3/ur3_soup_node.py -> /home/saba/workspaces/ramen_robot_ws/install/ur3/lib/python3.10/site-packages/ur3
[4.672s] copying /home/saba/workspaces/ramen_robot_ws/build/ur3/build/lib/ur3/dpt.py -> /home/saba/workspaces/ramen_robot_ws/install/ur3/lib/python3.10/site-packages/ur3
[4.672s] copying /home/saba/workspaces/ramen_robot_ws/build/ur3/build/lib/ur3/depth_anything_node.py -> /home/saba/workspaces/ramen_robot_ws/install/ur3/lib/python3.10/site-packages/ur3
[4.672s] copying /home/saba/workspaces/ramen_robot_ws/build/ur3/build/lib/ur3/__init__.py -> /home/saba/workspaces/ramen_robot_ws/install/ur3/lib/python3.10/site-packages/ur3
[4.672s] copying /home/saba/workspaces/ramen_robot_ws/build/ur3/build/lib/ur3/ur3_negi_node.py -> /home/saba/workspaces/ramen_robot_ws/install/ur3/lib/python3.10/site-packages/ur3
[4.673s] copying /home/saba/workspaces/ramen_robot_ws/build/ur3/build/lib/ur3/transform.py -> /home/saba/workspaces/ramen_robot_ws/install/ur3/lib/python3.10/site-packages/ur3
[4.673s] copying /home/saba/workspaces/ramen_robot_ws/build/ur3/build/lib/ur3/ur3_retouch.py -> /home/saba/workspaces/ramen_robot_ws/install/ur3/lib/python3.10/site-packages/ur3
[4.673s] copying /home/saba/workspaces/ramen_robot_ws/build/ur3/build/lib/ur3/blocks.py -> /home/saba/workspaces/ramen_robot_ws/install/ur3/lib/python3.10/site-packages/ur3
[4.674s] byte-compiling /home/saba/workspaces/ramen_robot_ws/install/ur3/lib/python3.10/site-packages/ur3/ur3_soup_node.py to ur3_soup_node.cpython-310.pyc
[4.675s] byte-compiling /home/saba/workspaces/ramen_robot_ws/install/ur3/lib/python3.10/site-packages/ur3/dpt.py to dpt.cpython-310.pyc
[4.676s] byte-compiling /home/saba/workspaces/ramen_robot_ws/install/ur3/lib/python3.10/site-packages/ur3/depth_anything_node.py to depth_anything_node.cpython-310.pyc
[4.679s] byte-compiling /home/saba/workspaces/ramen_robot_ws/install/ur3/lib/python3.10/site-packages/ur3/__init__.py to __init__.cpython-310.pyc
[4.679s] byte-compiling /home/saba/workspaces/ramen_robot_ws/install/ur3/lib/python3.10/site-packages/ur3/ur3_negi_node.py to ur3_negi_node.cpython-310.pyc
[4.680s] byte-compiling /home/saba/workspaces/ramen_robot_ws/install/ur3/lib/python3.10/site-packages/ur3/transform.py to transform.cpython-310.pyc
[4.682s] byte-compiling /home/saba/workspaces/ramen_robot_ws/install/ur3/lib/python3.10/site-packages/ur3/ur3_retouch.py to ur3_retouch.cpython-310.pyc
[4.683s] byte-compiling /home/saba/workspaces/ramen_robot_ws/install/ur3/lib/python3.10/site-packages/ur3/blocks.py to blocks.cpython-310.pyc
[4.684s] running install_data
[4.684s] creating /home/saba/workspaces/ramen_robot_ws/install/ur3/share/ament_index
[4.684s] creating /home/saba/workspaces/ramen_robot_ws/install/ur3/share/ament_index/resource_index
[4.684s] creating /home/saba/workspaces/ramen_robot_ws/install/ur3/share/ament_index/resource_index/packages
[4.684s] copying resource/ur3 -> /home/saba/workspaces/ramen_robot_ws/install/ur3/share/ament_index/resource_index/packages
[4.685s] copying package.xml -> /home/saba/workspaces/ramen_robot_ws/install/ur3/share/ur3
[4.685s] running install_egg_info
[4.785s] Copying ../../build/ur3/ur3.egg-info to /home/saba/workspaces/ramen_robot_ws/install/ur3/lib/python3.10/site-packages/ur3-0.0.0-py3.10.egg-info
[4.786s] running install_scripts
[4.986s] Installing depth_anything_node script to /home/saba/workspaces/ramen_robot_ws/install/ur3/lib/ur3
[4.987s] Installing ur3_negi_node script to /home/saba/workspaces/ramen_robot_ws/install/ur3/lib/ur3
[4.987s] Installing ur3_retouch_node script to /home/saba/workspaces/ramen_robot_ws/install/ur3/lib/ur3
[4.987s] Installing ur3_soup_node script to /home/saba/workspaces/ramen_robot_ws/install/ur3/lib/ur3
[4.987s] writing list of installed files to '/home/saba/workspaces/ramen_robot_ws/build/ur3/install.log'
[5.017s] Invoked command in '/home/saba/workspaces/ramen_robot_ws/src/ur3' returned '0': PYTHONPATH=/home/saba/workspaces/ramen_robot_ws/build/ur3/prefix_override:/usr/lib/python3/dist-packages/colcon_core/task/python/colcon_distutils_commands:/home/saba/workspaces/ramen_robot_ws/install/ur3/lib/python3.10/site-packages:${PYTHONPATH} /usr/bin/python3 -W ignore:setup.py install is deprecated setup.py egg_info --egg-base ../../build/ur3 build --build-base /home/saba/workspaces/ramen_robot_ws/build/ur3/build install --record /home/saba/workspaces/ramen_robot_ws/build/ur3/install.log --single-version-externally-managed install_data
