[0.048s] Invoking command in '/home/saba/workspaces/ramen_robot_ws/build/is-core': /usr/bin/cmake --build /home/saba/workspaces/ramen_robot_ws/build/is-core -- -j16 -l16
[5.449s] [ 42%] Built target xtypes-ext
[5.449s] [ 89%] Built target is-core
[5.450s] [100%] Built target integration-service
[5.452s] Invoked command in '/home/saba/workspaces/ramen_robot_ws/build/is-core' returned '0': /usr/bin/cmake --build /home/saba/workspaces/ramen_robot_ws/build/is-core -- -j16 -l16
[5.591s] Invoking command in '/home/saba/workspaces/ramen_robot_ws/build/is-core': /usr/bin/cmake --install /home/saba/workspaces/ramen_robot_ws/build/is-core
[5.602s] -- Install configuration: ""
[5.602s] -- Up-to-date: /home/saba/workspaces/ramen_robot_ws/install/is-core/lib/libis-core.so.3.1.0
[5.603s] -- Up-to-date: /home/saba/workspaces/ramen_robot_ws/install/is-core/lib/libis-core.so.3.1
[5.603s] -- Up-to-date: /home/saba/workspaces/ramen_robot_ws/install/is-core/lib/libis-core.so
[5.603s] -- Up-to-date: /home/saba/workspaces/ramen_robot_ws/install/is-core/lib/cmake/is-core/is-core-target.cmake
[5.603s] -- Up-to-date: /home/saba/workspaces/ramen_robot_ws/install/is-core/lib/cmake/is-core/is-core-target-noconfig.cmake
[5.603s] -- Up-to-date: /home/saba/workspaces/ramen_robot_ws/install/is-core/include
[5.603s] -- Up-to-date: /home/saba/workspaces/ramen_robot_ws/install/is-core/include/is
[5.603s] -- Up-to-date: /home/saba/workspaces/ramen_robot_ws/install/is-core/include/is/systemhandle
[5.604s] -- Up-to-date: /home/saba/workspaces/ramen_robot_ws/install/is-core/include/is/systemhandle/SystemHandle.hpp
[5.604s] -- Up-to-date: /home/saba/workspaces/ramen_robot_ws/install/is-core/include/is/systemhandle/RegisterSystem.hpp
[5.604s] -- Up-to-date: /home/saba/workspaces/ramen_robot_ws/install/is-core/include/is/systemhandle/SystemHandleFactory.hpp
[5.604s] -- Up-to-date: /home/saba/workspaces/ramen_robot_ws/install/is-core/include/is/utils
[5.604s] -- Up-to-date: /home/saba/workspaces/ramen_robot_ws/install/is-core/include/is/utils/Convert.hpp
[5.604s] -- Up-to-date: /home/saba/workspaces/ramen_robot_ws/install/is-core/include/is/utils/Log.hpp
[5.604s] -- Up-to-date: /home/saba/workspaces/ramen_robot_ws/install/is-core/include/is/config.hpp.in
[5.604s] -- Up-to-date: /home/saba/workspaces/ramen_robot_ws/install/is-core/include/is/core
[5.605s] -- Up-to-date: /home/saba/workspaces/ramen_robot_ws/install/is-core/include/is/core/Config.hpp
[5.605s] -- Up-to-date: /home/saba/workspaces/ramen_robot_ws/install/is-core/include/is/core/Message.hpp
[5.605s] -- Up-to-date: /home/saba/workspaces/ramen_robot_ws/install/is-core/include/is/core/Instance.hpp
[5.605s] -- Up-to-date: /home/saba/workspaces/ramen_robot_ws/install/is-core/include/is/core/runtime
[5.605s] -- Up-to-date: /home/saba/workspaces/ramen_robot_ws/install/is-core/include/is/core/runtime/MiddlewareInterfaceExtension.hpp
[5.605s] -- Up-to-date: /home/saba/workspaces/ramen_robot_ws/install/is-core/include/is/core/runtime/Search.hpp
[5.605s] -- Up-to-date: /home/saba/workspaces/ramen_robot_ws/install/is-core/include/is/core/runtime/FieldToString.hpp
[5.605s] -- Up-to-date: /home/saba/workspaces/ramen_robot_ws/install/is-core/include/is/core/runtime/StringTemplate.hpp
[5.605s] -- Up-to-date: /home/saba/workspaces/ramen_robot_ws/install/is-core/lib/cmake/is-core/is-coreConfig.cmake
[5.605s] -- Up-to-date: /home/saba/workspaces/ramen_robot_ws/install/is-core/bin/integration-service
[5.606s] -- Up-to-date: /home/saba/workspaces/ramen_robot_ws/install/is-core/bin/xtypes_idl_validator
[5.606s] -- Up-to-date: /home/saba/workspaces/ramen_robot_ws/install/is-core/lib/cmake/is-core/cmake
[5.606s] -- Up-to-date: /home/saba/workspaces/ramen_robot_ws/install/is-core/lib/cmake/is-core/cmake/is_install_middleware_plugin.cmake
[5.606s] -- Up-to-date: /home/saba/workspaces/ramen_robot_ws/install/is-core/lib/cmake/is-core/cmake/is_mix_generator.cmake
[5.606s] -- Up-to-date: /home/saba/workspaces/ramen_robot_ws/install/is-core/lib/cmake/is-core/cmake/is_mix_install_extension.cmake
[5.606s] -- Up-to-date: /home/saba/workspaces/ramen_robot_ws/install/is-core/lib/cmake/is-core/cmake/is_generate_export_header.cmake
[5.606s] -- Up-to-date: /home/saba/workspaces/ramen_robot_ws/install/is-core/lib/cmake/is-core/cmake/common
[5.606s] -- Up-to-date: /home/saba/workspaces/ramen_robot_ws/install/is-core/lib/cmake/is-core/cmake/common/gtest.cmake
[5.607s] -- Up-to-date: /home/saba/workspaces/ramen_robot_ws/install/is-core/lib/cmake/is-core/templates
[5.607s] -- Up-to-date: /home/saba/workspaces/ramen_robot_ws/install/is-core/lib/cmake/is-core/templates/is-idl-middleware-mix-config.cmake.in
[5.607s] -- Up-to-date: /home/saba/workspaces/ramen_robot_ws/install/is-core/lib/cmake/is-core/templates/is-idl-middleware-mix-extension.cmake.in
[5.607s] -- Up-to-date: /home/saba/workspaces/ramen_robot_ws/install/is-core/lib/cmake/is-core/templates/plugin_library.mix.in
[5.607s] -- Up-to-date: /home/saba/workspaces/ramen_robot_ws/install/is-core/lib/cmake/is-core/templates/is-idl-pkg-mix-config.cmake.in
[5.607s] -- Up-to-date: /home/saba/workspaces/ramen_robot_ws/install/is-core/lib/cmake/is-core/templates/middleware-config.cmake.in
[5.608s] Invoked command in '/home/saba/workspaces/ramen_robot_ws/build/is-core' returned '0': /usr/bin/cmake --install /home/saba/workspaces/ramen_robot_ws/build/is-core
