[8.373s] Invoking command in '/home/saba/workspaces/ramen_robot_ws/src/agv': PYTHONPATH=/home/saba/workspaces/ramen_robot_ws/build/agv/prefix_override:/usr/lib/python3/dist-packages/colcon_core/task/python/colcon_distutils_commands:/home/saba/workspaces/ramen_robot_ws/install/agv/lib/python3.10/site-packages:${PYTHONPATH} /usr/bin/python3 -W ignore:setup.py install is deprecated setup.py egg_info --egg-base ../../build/agv build --build-base /home/saba/workspaces/ramen_robot_ws/build/agv/build install --record /home/saba/workspaces/ramen_robot_ws/build/agv/install.log --single-version-externally-managed install_data
[10.314s] running egg_info
[10.479s] writing ../../build/agv/agv.egg-info/PKG-INFO
[10.611s] writing dependency_links to ../../build/agv/agv.egg-info/dependency_links.txt
[10.896s] writing entry points to ../../build/agv/agv.egg-info/entry_points.txt
[11.086s] writing requirements to ../../build/agv/agv.egg-info/requires.txt
[11.214s] writing top-level names to ../../build/agv/agv.egg-info/top_level.txt
[11.472s] reading manifest file '../../build/agv/agv.egg-info/SOURCES.txt'
[11.483s] writing manifest file '../../build/agv/agv.egg-info/SOURCES.txt'
[11.484s] running build
[11.484s] running build_py
[11.506s] running install
[11.530s] running install_lib
[11.839s] running install_data
[11.839s] running install_egg_info
[12.107s] removing '/home/saba/workspaces/ramen_robot_ws/install/agv/lib/python3.10/site-packages/agv-0.0.0-py3.10.egg-info' (and everything under it)
[12.108s] Copying ../../build/agv/agv.egg-info to /home/saba/workspaces/ramen_robot_ws/install/agv/lib/python3.10/site-packages/agv-0.0.0-py3.10.egg-info
[12.124s] running install_scripts
[12.859s] Installing agv1_node script to /home/saba/workspaces/ramen_robot_ws/install/agv/lib/agv
[12.860s] Installing agv2_node script to /home/saba/workspaces/ramen_robot_ws/install/agv/lib/agv
[12.860s] Installing agv3_node script to /home/saba/workspaces/ramen_robot_ws/install/agv/lib/agv
[12.860s] Installing agv_commander_node script to /home/saba/workspaces/ramen_robot_ws/install/agv/lib/agv
[12.860s] writing list of installed files to '/home/saba/workspaces/ramen_robot_ws/build/agv/install.log'
