[6.962s] Invoking command in '/home/saba/workspaces/ramen_robot_ws/src/agv': PYTHONPATH=/home/saba/workspaces/ramen_robot_ws/build/agv/prefix_override:/usr/lib/python3/dist-packages/colcon_core/task/python/colcon_distutils_commands:/home/saba/workspaces/ramen_robot_ws/install/agv/lib/python3.10/site-packages:${PYTHONPATH} /usr/bin/python3 -W ignore:setup.py install is deprecated setup.py egg_info --egg-base ../../build/agv build --build-base /home/saba/workspaces/ramen_robot_ws/build/agv/build install --record /home/saba/workspaces/ramen_robot_ws/build/agv/install.log --single-version-externally-managed install_data
[8.531s] running egg_info
[8.532s] creating ../../build/agv/agv.egg-info
[8.647s] writing ../../build/agv/agv.egg-info/PKG-INFO
[8.741s] writing dependency_links to ../../build/agv/agv.egg-info/dependency_links.txt
[9.018s] writing entry points to ../../build/agv/agv.egg-info/entry_points.txt
[9.207s] writing requirements to ../../build/agv/agv.egg-info/requires.txt
[9.283s] writing top-level names to ../../build/agv/agv.egg-info/top_level.txt
[9.284s] writing manifest file '../../build/agv/agv.egg-info/SOURCES.txt'
[9.444s] reading manifest file '../../build/agv/agv.egg-info/SOURCES.txt'
[9.445s] writing manifest file '../../build/agv/agv.egg-info/SOURCES.txt'
[9.445s] running build
[9.446s] running build_py
[9.446s] creating /home/saba/workspaces/ramen_robot_ws/build/agv/build
[9.446s] creating /home/saba/workspaces/ramen_robot_ws/build/agv/build/lib
[9.446s] creating /home/saba/workspaces/ramen_robot_ws/build/agv/build/lib/agv
[9.446s] copying agv/__init__.py -> /home/saba/workspaces/ramen_robot_ws/build/agv/build/lib/agv
[9.446s] copying agv/agv2_node.py -> /home/saba/workspaces/ramen_robot_ws/build/agv/build/lib/agv
[9.446s] copying agv/agv_commander_node.py -> /home/saba/workspaces/ramen_robot_ws/build/agv/build/lib/agv
[9.446s] copying agv/agv1_node.py -> /home/saba/workspaces/ramen_robot_ws/build/agv/build/lib/agv
[9.447s] copying agv/agv3_node.py -> /home/saba/workspaces/ramen_robot_ws/build/agv/build/lib/agv
[9.447s] running install
[9.457s] running install_lib
[9.595s] creating /home/saba/workspaces/ramen_robot_ws/install/agv/lib/python3.10/site-packages/agv
[9.596s] copying /home/saba/workspaces/ramen_robot_ws/build/agv/build/lib/agv/__init__.py -> /home/saba/workspaces/ramen_robot_ws/install/agv/lib/python3.10/site-packages/agv
[9.596s] copying /home/saba/workspaces/ramen_robot_ws/build/agv/build/lib/agv/agv2_node.py -> /home/saba/workspaces/ramen_robot_ws/install/agv/lib/python3.10/site-packages/agv
[9.596s] copying /home/saba/workspaces/ramen_robot_ws/build/agv/build/lib/agv/agv_commander_node.py -> /home/saba/workspaces/ramen_robot_ws/install/agv/lib/python3.10/site-packages/agv
[9.596s] copying /home/saba/workspaces/ramen_robot_ws/build/agv/build/lib/agv/agv1_node.py -> /home/saba/workspaces/ramen_robot_ws/install/agv/lib/python3.10/site-packages/agv
[9.596s] copying /home/saba/workspaces/ramen_robot_ws/build/agv/build/lib/agv/agv3_node.py -> /home/saba/workspaces/ramen_robot_ws/install/agv/lib/python3.10/site-packages/agv
[9.596s] byte-compiling /home/saba/workspaces/ramen_robot_ws/install/agv/lib/python3.10/site-packages/agv/__init__.py to __init__.cpython-310.pyc
[9.596s] byte-compiling /home/saba/workspaces/ramen_robot_ws/install/agv/lib/python3.10/site-packages/agv/agv2_node.py to agv2_node.cpython-310.pyc
[9.596s] byte-compiling /home/saba/workspaces/ramen_robot_ws/install/agv/lib/python3.10/site-packages/agv/agv_commander_node.py to agv_commander_node.cpython-310.pyc
[9.598s] byte-compiling /home/saba/workspaces/ramen_robot_ws/install/agv/lib/python3.10/site-packages/agv/agv1_node.py to agv1_node.cpython-310.pyc
[9.599s] byte-compiling /home/saba/workspaces/ramen_robot_ws/install/agv/lib/python3.10/site-packages/agv/agv3_node.py to agv3_node.cpython-310.pyc
[9.600s] running install_data
[9.600s] creating /home/saba/workspaces/ramen_robot_ws/install/agv/share/ament_index
[9.600s] creating /home/saba/workspaces/ramen_robot_ws/install/agv/share/ament_index/resource_index
[9.600s] creating /home/saba/workspaces/ramen_robot_ws/install/agv/share/ament_index/resource_index/packages
[9.601s] copying resource/agv -> /home/saba/workspaces/ramen_robot_ws/install/agv/share/ament_index/resource_index/packages
[9.601s] copying package.xml -> /home/saba/workspaces/ramen_robot_ws/install/agv/share/agv
[9.601s] running install_egg_info
[9.740s] Copying ../../build/agv/agv.egg-info to /home/saba/workspaces/ramen_robot_ws/install/agv/lib/python3.10/site-packages/agv-0.0.0-py3.10.egg-info
[9.742s] running install_scripts
[10.001s] Installing agv1_node script to /home/saba/workspaces/ramen_robot_ws/install/agv/lib/agv
[10.001s] Installing agv2_node script to /home/saba/workspaces/ramen_robot_ws/install/agv/lib/agv
[10.001s] Installing agv3_node script to /home/saba/workspaces/ramen_robot_ws/install/agv/lib/agv
[10.001s] Installing agv_commander_node script to /home/saba/workspaces/ramen_robot_ws/install/agv/lib/agv
[10.002s] writing list of installed files to '/home/saba/workspaces/ramen_robot_ws/build/agv/install.log'
[11.294s] Invoked command in '/home/saba/workspaces/ramen_robot_ws/src/agv' returned '0': PYTHONPATH=/home/saba/workspaces/ramen_robot_ws/build/agv/prefix_override:/usr/lib/python3/dist-packages/colcon_core/task/python/colcon_distutils_commands:/home/saba/workspaces/ramen_robot_ws/install/agv/lib/python3.10/site-packages:${PYTHONPATH} /usr/bin/python3 -W ignore:setup.py install is deprecated setup.py egg_info --egg-base ../../build/agv build --build-base /home/saba/workspaces/ramen_robot_ws/build/agv/build install --record /home/saba/workspaces/ramen_robot_ws/build/agv/install.log --single-version-externally-managed install_data
