[12.524s] Invoking command in '/home/saba/workspaces/ramen_robot_ws/src/ur5': PYTHONPATH=/home/saba/workspaces/ramen_robot_ws/build/ur5/prefix_override:/usr/lib/python3/dist-packages/colcon_core/task/python/colcon_distutils_commands:/home/saba/workspaces/ramen_robot_ws/install/ur5/lib/python3.10/site-packages:${PYTHONPATH} /usr/bin/python3 -W ignore:setup.py install is deprecated setup.py egg_info --egg-base ../../build/ur5 build --build-base /home/saba/workspaces/ramen_robot_ws/build/ur5/build install --record /home/saba/workspaces/ramen_robot_ws/build/ur5/install.log --single-version-externally-managed install_data
[14.588s] running egg_info
[14.745s] writing ../../build/ur5/ur5.egg-info/PKG-INFO
[14.866s] writing dependency_links to ../../build/ur5/ur5.egg-info/dependency_links.txt
[15.195s] writing entry points to ../../build/ur5/ur5.egg-info/entry_points.txt
[15.434s] writing requirements to ../../build/ur5/ur5.egg-info/requires.txt
[15.585s] writing top-level names to ../../build/ur5/ur5.egg-info/top_level.txt
[15.852s] reading manifest file '../../build/ur5/ur5.egg-info/SOURCES.txt'
[15.855s] writing manifest file '../../build/ur5/ur5.egg-info/SOURCES.txt'
[15.855s] running build
[15.855s] running build_py
[15.856s] running install
[15.875s] running install_lib
[16.081s] running install_data
[16.082s] running install_egg_info
[16.295s] removing '/home/saba/workspaces/ramen_robot_ws/install/ur5/lib/python3.10/site-packages/ur5-0.0.0-py3.10.egg-info' (and everything under it)
[16.295s] Copying ../../build/ur5/ur5.egg-info to /home/saba/workspaces/ramen_robot_ws/install/ur5/lib/python3.10/site-packages/ur5-0.0.0-py3.10.egg-info
[16.296s] running install_scripts
[16.734s] Installing pork_image_node script to /home/saba/workspaces/ramen_robot_ws/install/ur5/lib/ur5
[16.734s] Installing ur5_noodle_node script to /home/saba/workspaces/ramen_robot_ws/install/ur5/lib/ur5
[16.735s] Installing ur5_pork_node script to /home/saba/workspaces/ramen_robot_ws/install/ur5/lib/ur5
[16.735s] Installing ur5_retouch_node script to /home/saba/workspaces/ramen_robot_ws/install/ur5/lib/ur5
[16.738s] writing list of installed files to '/home/saba/workspaces/ramen_robot_ws/build/ur5/install.log'
[16.818s] Invoked command in '/home/saba/workspaces/ramen_robot_ws/src/ur5' returned '0': PYTHONPATH=/home/saba/workspaces/ramen_robot_ws/build/ur5/prefix_override:/usr/lib/python3/dist-packages/colcon_core/task/python/colcon_distutils_commands:/home/saba/workspaces/ramen_robot_ws/install/ur5/lib/python3.10/site-packages:${PYTHONPATH} /usr/bin/python3 -W ignore:setup.py install is deprecated setup.py egg_info --egg-base ../../build/ur5 build --build-base /home/saba/workspaces/ramen_robot_ws/build/ur5/build install --record /home/saba/workspaces/ramen_robot_ws/build/ur5/install.log --single-version-externally-managed install_data
