[8.578s] Invoking command in '/home/saba/workspaces/ramen_robot_ws/src/ur5': PYTHONPATH=/home/saba/workspaces/ramen_robot_ws/build/ur5/prefix_override:/usr/lib/python3/dist-packages/colcon_core/task/python/colcon_distutils_commands:/home/saba/workspaces/ramen_robot_ws/install/ur5/lib/python3.10/site-packages:${PYTHONPATH} /usr/bin/python3 -W ignore:setup.py install is deprecated setup.py egg_info --egg-base ../../build/ur5 build --build-base /home/saba/workspaces/ramen_robot_ws/build/ur5/build install --record /home/saba/workspaces/ramen_robot_ws/build/ur5/install.log --single-version-externally-managed install_data
[11.300s] running egg_info
[11.414s] writing ../../build/ur5/ur5.egg-info/PKG-INFO
[11.492s] writing dependency_links to ../../build/ur5/ur5.egg-info/dependency_links.txt
[11.734s] writing entry points to ../../build/ur5/ur5.egg-info/entry_points.txt
[11.889s] writing requirements to ../../build/ur5/ur5.egg-info/requires.txt
[11.968s] writing top-level names to ../../build/ur5/ur5.egg-info/top_level.txt
[12.113s] reading manifest file '../../build/ur5/ur5.egg-info/SOURCES.txt'
[12.114s] writing manifest file '../../build/ur5/ur5.egg-info/SOURCES.txt'
[12.114s] running build
[12.115s] running build_py
[12.115s] running install
[12.123s] running install_lib
[12.239s] running install_data
[12.239s] running install_egg_info
[12.358s] removing '/home/saba/workspaces/ramen_robot_ws/install/ur5/lib/python3.10/site-packages/ur5-0.0.0-py3.10.egg-info' (and everything under it)
[12.359s] Copying ../../build/ur5/ur5.egg-info to /home/saba/workspaces/ramen_robot_ws/install/ur5/lib/python3.10/site-packages/ur5-0.0.0-py3.10.egg-info
[12.359s] running install_scripts
[12.595s] Installing pork_image_node script to /home/saba/workspaces/ramen_robot_ws/install/ur5/lib/ur5
[12.595s] Installing ur5_noodle_node script to /home/saba/workspaces/ramen_robot_ws/install/ur5/lib/ur5
[12.596s] Installing ur5_pork_node script to /home/saba/workspaces/ramen_robot_ws/install/ur5/lib/ur5
[12.596s] Installing ur5_retouch_node script to /home/saba/workspaces/ramen_robot_ws/install/ur5/lib/ur5
[12.596s] writing list of installed files to '/home/saba/workspaces/ramen_robot_ws/build/ur5/install.log'
[12.641s] Invoked command in '/home/saba/workspaces/ramen_robot_ws/src/ur5' returned '0': PYTHONPATH=/home/saba/workspaces/ramen_robot_ws/build/ur5/prefix_override:/usr/lib/python3/dist-packages/colcon_core/task/python/colcon_distutils_commands:/home/saba/workspaces/ramen_robot_ws/install/ur5/lib/python3.10/site-packages:${PYTHONPATH} /usr/bin/python3 -W ignore:setup.py install is deprecated setup.py egg_info --egg-base ../../build/ur5 build --build-base /home/saba/workspaces/ramen_robot_ws/build/ur5/build install --record /home/saba/workspaces/ramen_robot_ws/build/ur5/install.log --single-version-externally-managed install_data
