[  8%] Built target is-rosidl-ros2-builtin_interfaces-mix
[ 14%] [32mBuilding CXX object CMakeFiles/is-rosidl-ros2-std_msgs-mix.dir/is/rosidl/ros2/std_msgs/src/msg/convert__msg__Bool.cpp.o[0m
[ 14%] [32mBuilding CXX object CMakeFiles/is-rosidl-ros2-std_msgs-mix.dir/is/rosidl/ros2/std_msgs/src/msg/convert__msg__ByteMultiArray.cpp.o[0m
[ 17%] [32mBuilding CXX object CMakeFiles/is-rosidl-ros2-std_msgs-mix.dir/is/rosidl/ros2/std_msgs/src/msg/convert__msg__Byte.cpp.o[0m
[ 20%] [32mBuilding CXX object CMakeFiles/is-rosidl-ros2-std_msgs-mix.dir/is/rosidl/ros2/std_msgs/src/msg/convert__msg__ColorRGBA.cpp.o[0m
[ 23%] [32mBuilding CXX object CMakeFiles/is-rosidl-ros2-std_msgs-mix.dir/is/rosidl/ros2/std_msgs/src/msg/convert__msg__Empty.cpp.o[0m
[ 26%] [32mBuilding CXX object CMakeFiles/is-rosidl-ros2-std_msgs-mix.dir/is/rosidl/ros2/std_msgs/src/msg/convert__msg__Char.cpp.o[0m
[ 29%] [32mBuilding CXX object CMakeFiles/is-rosidl-ros2-std_msgs-mix.dir/is/rosidl/ros2/std_msgs/src/msg/convert__msg__Float32.cpp.o[0m
[ 32%] [32mBuilding CXX object CMakeFiles/is-rosidl-ros2-std_msgs-mix.dir/is/rosidl/ros2/std_msgs/src/msg/convert__msg__Float64MultiArray.cpp.o[0m
[ 38%] [32mBuilding CXX object CMakeFiles/is-rosidl-ros2-std_msgs-mix.dir/is/rosidl/ros2/std_msgs/src/msg/convert__msg__Float32MultiArray.cpp.o[0m
[ 38%] [32mBuilding CXX object CMakeFiles/is-rosidl-ros2-std_msgs-mix.dir/is/rosidl/ros2/std_msgs/src/msg/convert__msg__Float64.cpp.o[0m
[ 41%] [32mBuilding CXX object CMakeFiles/is-rosidl-ros2-std_msgs-mix.dir/is/rosidl/ros2/std_msgs/src/msg/convert__msg__Int16.cpp.o[0m
[ 44%] [32mBuilding CXX object CMakeFiles/is-rosidl-ros2-std_msgs-mix.dir/is/rosidl/ros2/std_msgs/src/msg/convert__msg__Int16MultiArray.cpp.o[0m
[ 47%] [32mBuilding CXX object CMakeFiles/is-rosidl-ros2-std_msgs-mix.dir/is/rosidl/ros2/std_msgs/src/msg/convert__msg__Header.cpp.o[0m
[ 50%] [32mBuilding CXX object CMakeFiles/is-rosidl-ros2-std_msgs-mix.dir/is/rosidl/ros2/std_msgs/src/msg/convert__msg__Int32.cpp.o[0m
[ 52%] [32mBuilding CXX object CMakeFiles/is-rosidl-ros2-std_msgs-mix.dir/is/rosidl/ros2/std_msgs/src/msg/convert__msg__Int32MultiArray.cpp.o[0m
[ 55%] [32mBuilding CXX object CMakeFiles/is-rosidl-ros2-std_msgs-mix.dir/is/rosidl/ros2/std_msgs/src/msg/convert__msg__Int64.cpp.o[0m
[ 58%] [32mBuilding CXX object CMakeFiles/is-rosidl-ros2-std_msgs-mix.dir/is/rosidl/ros2/std_msgs/src/msg/convert__msg__Int64MultiArray.cpp.o[0m
[ 61%] [32mBuilding CXX object CMakeFiles/is-rosidl-ros2-std_msgs-mix.dir/is/rosidl/ros2/std_msgs/src/msg/convert__msg__Int8.cpp.o[0m
[ 64%] [32mBuilding CXX object CMakeFiles/is-rosidl-ros2-std_msgs-mix.dir/is/rosidl/ros2/std_msgs/src/msg/convert__msg__Int8MultiArray.cpp.o[0m
[ 67%] [32mBuilding CXX object CMakeFiles/is-rosidl-ros2-std_msgs-mix.dir/is/rosidl/ros2/std_msgs/src/msg/convert__msg__MultiArrayDimension.cpp.o[0m
[ 70%] [32mBuilding CXX object CMakeFiles/is-rosidl-ros2-std_msgs-mix.dir/is/rosidl/ros2/std_msgs/src/msg/convert__msg__MultiArrayLayout.cpp.o[0m
[ 73%] [32mBuilding CXX object CMakeFiles/is-rosidl-ros2-std_msgs-mix.dir/is/rosidl/ros2/std_msgs/src/msg/convert__msg__String.cpp.o[0m
[ 76%] [32mBuilding CXX object CMakeFiles/is-rosidl-ros2-std_msgs-mix.dir/is/rosidl/ros2/std_msgs/src/msg/convert__msg__UInt16.cpp.o[0m
[ 79%] [32mBuilding CXX object CMakeFiles/is-rosidl-ros2-std_msgs-mix.dir/is/rosidl/ros2/std_msgs/src/msg/convert__msg__UInt16MultiArray.cpp.o[0m
[ 82%] [32mBuilding CXX object CMakeFiles/is-rosidl-ros2-std_msgs-mix.dir/is/rosidl/ros2/std_msgs/src/msg/convert__msg__UInt32.cpp.o[0m
[ 85%] [32mBuilding CXX object CMakeFiles/is-rosidl-ros2-std_msgs-mix.dir/is/rosidl/ros2/std_msgs/src/msg/convert__msg__UInt32MultiArray.cpp.o[0m
[ 88%] [32mBuilding CXX object CMakeFiles/is-rosidl-ros2-std_msgs-mix.dir/is/rosidl/ros2/std_msgs/src/msg/convert__msg__UInt64.cpp.o[0m
[ 91%] [32mBuilding CXX object CMakeFiles/is-rosidl-ros2-std_msgs-mix.dir/is/rosidl/ros2/std_msgs/src/msg/convert__msg__UInt64MultiArray.cpp.o[0m
[ 94%] [32mBuilding CXX object CMakeFiles/is-rosidl-ros2-std_msgs-mix.dir/is/rosidl/ros2/std_msgs/src/msg/convert__msg__UInt8.cpp.o[0m
[ 97%] [32mBuilding CXX object CMakeFiles/is-rosidl-ros2-std_msgs-mix.dir/is/rosidl/ros2/std_msgs/src/msg/convert__msg__UInt8MultiArray.cpp.o[0m
[100%] [32m[1mLinking CXX shared library is/rosidl/ros2/lib/libis-rosidl-ros2-std_msgs-mix.so[0m
[100%] Built target is-rosidl-ros2-std_msgs-mix
