[0.056s] Invoking command in '/home/saba/workspaces/ramen_robot_ws/build/is-ros2-mix-generator': CMAKE_PREFIX_PATH=/home/saba/workspaces/ramen_robot_ws/install/is-ros2:/home/saba/workspaces/ramen_robot_ws/install/is-mock:/home/saba/workspaces/ramen_robot_ws/install/is-core:/home/saba/workspaces/myagv_ws/install/sllidar_ros2:/home/saba/workspaces/myagv_ws/install/myagv_description:/home/saba/workspaces/myagv_ws/install/apriltag_ros:/home/saba/workspaces/myagv_ws/install/apriltag:/home/saba/workspaces/ramen_robot_ws/install/is-json-xtypes:/home/saba/workspaces/myagv_ws/install/myagv_slam:/home/saba/workspaces/myagv_ws/install/myagv_navigation:/home/saba/workspaces/myagv_ws/install/myagv_joy:/home/saba/workspaces/myagv_ws/install/myagv_communication:/home/saba/workspaces/myagv_ws/install/myagv_bringup:/home/saba/workspaces/ramen_robot_ws/install/ur5:/home/saba/workspaces/ramen_robot_ws/install/ur3:/home/saba/workspaces/ramen_robot_ws/install/ramen_robot_launch:/home/saba/workspaces/ramen_robot_ws/install/agv:/home/saba/workspaces/ramen_robot_ws/install/accountant:/opt/ros/humble LD_LIBRARY_PATH=/home/saba/workspaces/ramen_robot_ws/install/is-ros2/lib:/home/saba/workspaces/ramen_robot_ws/install/is-mock/lib:/home/saba/workspaces/ramen_robot_ws/install/is-core/lib:/home/saba/workspaces/myagv_ws/install/apriltag_ros/lib:/home/saba/workspaces/myagv_ws/install/apriltag/lib:/home/saba/workspaces/ramen_robot_ws/install/is-json-xtypes/lib:/usr/lib/x86_64-linux-gnu/gazebo-11/plugins:/opt/ros/humble/opt/rviz_ogre_vendor/lib:/opt/ros/humble/lib/x86_64-linux-gnu:/opt/ros/humble/lib PATH=/home/saba/workspaces/ramen_robot_ws/install/is-core/bin:/home/saba/workspaces/myagv_ws/install/apriltag/bin:/home/saba/workspaces/ramen_robot_ws/install/is-json-xtypes/bin:/opt/ros/humble/bin:/home/saba/.local/bin:/usr/local/sbin:/usr/local/bin:/usr/sbin:/usr/bin:/sbin:/bin:/usr/games:/usr/local/games:/snap/bin:/snap/bin /usr/bin/cmake --build /home/saba/workspaces/ramen_robot_ws/build/is-ros2-mix-generator -- -j16 -l16
[0.464s] [  8%] Built target is-rosidl-ros2-builtin_interfaces-mix
[0.509s] [ 14%] [32mBuilding CXX object CMakeFiles/is-rosidl-ros2-std_msgs-mix.dir/is/rosidl/ros2/std_msgs/src/msg/convert__msg__Bool.cpp.o[0m
[0.510s] [ 14%] [32mBuilding CXX object CMakeFiles/is-rosidl-ros2-std_msgs-mix.dir/is/rosidl/ros2/std_msgs/src/msg/convert__msg__ByteMultiArray.cpp.o[0m
[0.510s] [ 17%] [32mBuilding CXX object CMakeFiles/is-rosidl-ros2-std_msgs-mix.dir/is/rosidl/ros2/std_msgs/src/msg/convert__msg__Byte.cpp.o[0m
[0.510s] [ 20%] [32mBuilding CXX object CMakeFiles/is-rosidl-ros2-std_msgs-mix.dir/is/rosidl/ros2/std_msgs/src/msg/convert__msg__ColorRGBA.cpp.o[0m
[0.510s] [ 23%] [32mBuilding CXX object CMakeFiles/is-rosidl-ros2-std_msgs-mix.dir/is/rosidl/ros2/std_msgs/src/msg/convert__msg__Empty.cpp.o[0m
[0.511s] [ 26%] [32mBuilding CXX object CMakeFiles/is-rosidl-ros2-std_msgs-mix.dir/is/rosidl/ros2/std_msgs/src/msg/convert__msg__Char.cpp.o[0m
[0.511s] [ 29%] [32mBuilding CXX object CMakeFiles/is-rosidl-ros2-std_msgs-mix.dir/is/rosidl/ros2/std_msgs/src/msg/convert__msg__Float32.cpp.o[0m
[0.512s] [ 32%] [32mBuilding CXX object CMakeFiles/is-rosidl-ros2-std_msgs-mix.dir/is/rosidl/ros2/std_msgs/src/msg/convert__msg__Float64MultiArray.cpp.o[0m
[0.512s] [ 38%] [32mBuilding CXX object CMakeFiles/is-rosidl-ros2-std_msgs-mix.dir/is/rosidl/ros2/std_msgs/src/msg/convert__msg__Float32MultiArray.cpp.o[0m
[0.513s] [ 38%] [32mBuilding CXX object CMakeFiles/is-rosidl-ros2-std_msgs-mix.dir/is/rosidl/ros2/std_msgs/src/msg/convert__msg__Float64.cpp.o[0m
[0.514s] [ 41%] [32mBuilding CXX object CMakeFiles/is-rosidl-ros2-std_msgs-mix.dir/is/rosidl/ros2/std_msgs/src/msg/convert__msg__Int16.cpp.o[0m
[0.514s] [ 44%] [32mBuilding CXX object CMakeFiles/is-rosidl-ros2-std_msgs-mix.dir/is/rosidl/ros2/std_msgs/src/msg/convert__msg__Int16MultiArray.cpp.o[0m
[0.514s] [ 47%] [32mBuilding CXX object CMakeFiles/is-rosidl-ros2-std_msgs-mix.dir/is/rosidl/ros2/std_msgs/src/msg/convert__msg__Header.cpp.o[0m
[0.520s] [ 50%] [32mBuilding CXX object CMakeFiles/is-rosidl-ros2-std_msgs-mix.dir/is/rosidl/ros2/std_msgs/src/msg/convert__msg__Int32.cpp.o[0m
[0.520s] [ 52%] [32mBuilding CXX object CMakeFiles/is-rosidl-ros2-std_msgs-mix.dir/is/rosidl/ros2/std_msgs/src/msg/convert__msg__Int32MultiArray.cpp.o[0m
[0.522s] [ 55%] [32mBuilding CXX object CMakeFiles/is-rosidl-ros2-std_msgs-mix.dir/is/rosidl/ros2/std_msgs/src/msg/convert__msg__Int64.cpp.o[0m
[53.361s] [ 58%] [32mBuilding CXX object CMakeFiles/is-rosidl-ros2-std_msgs-mix.dir/is/rosidl/ros2/std_msgs/src/msg/convert__msg__Int64MultiArray.cpp.o[0m
[53.376s] [ 61%] [32mBuilding CXX object CMakeFiles/is-rosidl-ros2-std_msgs-mix.dir/is/rosidl/ros2/std_msgs/src/msg/convert__msg__Int8.cpp.o[0m
[53.389s] [ 64%] [32mBuilding CXX object CMakeFiles/is-rosidl-ros2-std_msgs-mix.dir/is/rosidl/ros2/std_msgs/src/msg/convert__msg__Int8MultiArray.cpp.o[0m
[53.399s] [ 67%] [32mBuilding CXX object CMakeFiles/is-rosidl-ros2-std_msgs-mix.dir/is/rosidl/ros2/std_msgs/src/msg/convert__msg__MultiArrayDimension.cpp.o[0m
[53.821s] [ 70%] [32mBuilding CXX object CMakeFiles/is-rosidl-ros2-std_msgs-mix.dir/is/rosidl/ros2/std_msgs/src/msg/convert__msg__MultiArrayLayout.cpp.o[0m
[53.906s] [ 73%] [32mBuilding CXX object CMakeFiles/is-rosidl-ros2-std_msgs-mix.dir/is/rosidl/ros2/std_msgs/src/msg/convert__msg__String.cpp.o[0m
[55.015s] [ 76%] [32mBuilding CXX object CMakeFiles/is-rosidl-ros2-std_msgs-mix.dir/is/rosidl/ros2/std_msgs/src/msg/convert__msg__UInt16.cpp.o[0m
[56.532s] [ 79%] [32mBuilding CXX object CMakeFiles/is-rosidl-ros2-std_msgs-mix.dir/is/rosidl/ros2/std_msgs/src/msg/convert__msg__UInt16MultiArray.cpp.o[0m
[56.712s] [ 82%] [32mBuilding CXX object CMakeFiles/is-rosidl-ros2-std_msgs-mix.dir/is/rosidl/ros2/std_msgs/src/msg/convert__msg__UInt32.cpp.o[0m
[56.934s] [ 85%] [32mBuilding CXX object CMakeFiles/is-rosidl-ros2-std_msgs-mix.dir/is/rosidl/ros2/std_msgs/src/msg/convert__msg__UInt32MultiArray.cpp.o[0m
[56.994s] [ 88%] [32mBuilding CXX object CMakeFiles/is-rosidl-ros2-std_msgs-mix.dir/is/rosidl/ros2/std_msgs/src/msg/convert__msg__UInt64.cpp.o[0m
[57.201s] [ 91%] [32mBuilding CXX object CMakeFiles/is-rosidl-ros2-std_msgs-mix.dir/is/rosidl/ros2/std_msgs/src/msg/convert__msg__UInt64MultiArray.cpp.o[0m
[57.216s] [ 94%] [32mBuilding CXX object CMakeFiles/is-rosidl-ros2-std_msgs-mix.dir/is/rosidl/ros2/std_msgs/src/msg/convert__msg__UInt8.cpp.o[0m
[57.224s] [ 97%] [32mBuilding CXX object CMakeFiles/is-rosidl-ros2-std_msgs-mix.dir/is/rosidl/ros2/std_msgs/src/msg/convert__msg__UInt8MultiArray.cpp.o[0m
[101.949s] [100%] [32m[1mLinking CXX shared library is/rosidl/ros2/lib/libis-rosidl-ros2-std_msgs-mix.so[0m
[140.300s] [100%] Built target is-rosidl-ros2-std_msgs-mix
