[9.335s] Invoking command in '/home/saba/workspaces/ramen_robot_ws/src/ur3': PYTHONPATH=/home/saba/workspaces/ramen_robot_ws/build/ur3/prefix_override:/usr/lib/python3/dist-packages/colcon_core/task/python/colcon_distutils_commands:/home/saba/workspaces/ramen_robot_ws/install/ur3/lib/python3.10/site-packages:${PYTHONPATH} /usr/bin/python3 -W ignore:setup.py install is deprecated setup.py egg_info --egg-base ../../build/ur3 build --build-base /home/saba/workspaces/ramen_robot_ws/build/ur3/build install --record /home/saba/workspaces/ramen_robot_ws/build/ur3/install.log --single-version-externally-managed install_data
[12.331s] running egg_info
[12.551s] writing ../../build/ur3/ur3.egg-info/PKG-INFO
[12.698s] writing dependency_links to ../../build/ur3/ur3.egg-info/dependency_links.txt
[13.165s] writing entry points to ../../build/ur3/ur3.egg-info/entry_points.txt
[13.498s] writing requirements to ../../build/ur3/ur3.egg-info/requires.txt
[13.653s] writing top-level names to ../../build/ur3/ur3.egg-info/top_level.txt
[13.953s] reading manifest file '../../build/ur3/ur3.egg-info/SOURCES.txt'
[13.955s] writing manifest file '../../build/ur3/ur3.egg-info/SOURCES.txt'
[13.955s] running build
[13.956s] running build_py
[13.957s] running install
[13.973s] running install_lib
[14.209s] running install_data
[14.210s] running install_egg_info
[14.441s] removing '/home/saba/workspaces/ramen_robot_ws/install/ur3/lib/python3.10/site-packages/ur3-0.0.0-py3.10.egg-info' (and everything under it)
[14.442s] Copying ../../build/ur3/ur3.egg-info to /home/saba/workspaces/ramen_robot_ws/install/ur3/lib/python3.10/site-packages/ur3-0.0.0-py3.10.egg-info
[14.444s] running install_scripts
[14.904s] Installing depth_anything_node script to /home/saba/workspaces/ramen_robot_ws/install/ur3/lib/ur3
[14.904s] Installing ur3_negi_node script to /home/saba/workspaces/ramen_robot_ws/install/ur3/lib/ur3
[14.905s] Installing ur3_retouch_node script to /home/saba/workspaces/ramen_robot_ws/install/ur3/lib/ur3
[14.905s] Installing ur3_soup_node script to /home/saba/workspaces/ramen_robot_ws/install/ur3/lib/ur3
[14.906s] writing list of installed files to '/home/saba/workspaces/ramen_robot_ws/build/ur3/install.log'
[14.993s] Invoked command in '/home/saba/workspaces/ramen_robot_ws/src/ur3' returned '0': PYTHONPATH=/home/saba/workspaces/ramen_robot_ws/build/ur3/prefix_override:/usr/lib/python3/dist-packages/colcon_core/task/python/colcon_distutils_commands:/home/saba/workspaces/ramen_robot_ws/install/ur3/lib/python3.10/site-packages:${PYTHONPATH} /usr/bin/python3 -W ignore:setup.py install is deprecated setup.py egg_info --egg-base ../../build/ur3 build --build-base /home/saba/workspaces/ramen_robot_ws/build/ur3/build install --record /home/saba/workspaces/ramen_robot_ws/build/ur3/install.log --single-version-externally-managed install_data
