[8.530s] Invoking command in '/home/saba/workspaces/ramen_robot_ws/src/ur3': PYTHONPATH=/home/saba/workspaces/ramen_robot_ws/build/ur3/prefix_override:/usr/lib/python3/dist-packages/colcon_core/task/python/colcon_distutils_commands:/home/saba/workspaces/ramen_robot_ws/install/ur3/lib/python3.10/site-packages:${PYTHONPATH} /usr/bin/python3 -W ignore:setup.py install is deprecated setup.py egg_info --egg-base ../../build/ur3 build --build-base /home/saba/workspaces/ramen_robot_ws/build/ur3/build install --record /home/saba/workspaces/ramen_robot_ws/build/ur3/install.log --single-version-externally-managed install_data
[9.993s] running egg_info
[10.099s] writing ../../build/ur3/ur3.egg-info/PKG-INFO
[10.175s] writing dependency_links to ../../build/ur3/ur3.egg-info/dependency_links.txt
[10.400s] writing entry points to ../../build/ur3/ur3.egg-info/entry_points.txt
[10.555s] writing requirements to ../../build/ur3/ur3.egg-info/requires.txt
[10.629s] writing top-level names to ../../build/ur3/ur3.egg-info/top_level.txt
[10.769s] reading manifest file '../../build/ur3/ur3.egg-info/SOURCES.txt'
[10.770s] writing manifest file '../../build/ur3/ur3.egg-info/SOURCES.txt'
[10.770s] running build
[10.771s] running build_py
[10.771s] running install
[10.779s] running install_lib
[10.887s] running install_data
[10.888s] running install_egg_info
[10.997s] removing '/home/saba/workspaces/ramen_robot_ws/install/ur3/lib/python3.10/site-packages/ur3-0.0.0-py3.10.egg-info' (and everything under it)
[10.997s] Copying ../../build/ur3/ur3.egg-info to /home/saba/workspaces/ramen_robot_ws/install/ur3/lib/python3.10/site-packages/ur3-0.0.0-py3.10.egg-info
[10.998s] running install_scripts
[11.228s] Installing depth_anything_node script to /home/saba/workspaces/ramen_robot_ws/install/ur3/lib/ur3
[11.228s] Installing hello_node script to /home/saba/workspaces/ramen_robot_ws/install/ur3/lib/ur3
[11.228s] Installing ur3_negi_node script to /home/saba/workspaces/ramen_robot_ws/install/ur3/lib/ur3
[11.229s] Installing ur3_retouch_node script to /home/saba/workspaces/ramen_robot_ws/install/ur3/lib/ur3
[11.229s] Installing ur3_soup_node script to /home/saba/workspaces/ramen_robot_ws/install/ur3/lib/ur3
[11.229s] writing list of installed files to '/home/saba/workspaces/ramen_robot_ws/build/ur3/install.log'
[11.274s] Invoked command in '/home/saba/workspaces/ramen_robot_ws/src/ur3' returned '0': PYTHONPATH=/home/saba/workspaces/ramen_robot_ws/build/ur3/prefix_override:/usr/lib/python3/dist-packages/colcon_core/task/python/colcon_distutils_commands:/home/saba/workspaces/ramen_robot_ws/install/ur3/lib/python3.10/site-packages:${PYTHONPATH} /usr/bin/python3 -W ignore:setup.py install is deprecated setup.py egg_info --egg-base ../../build/ur3 build --build-base /home/saba/workspaces/ramen_robot_ws/build/ur3/build install --record /home/saba/workspaces/ramen_robot_ws/build/ur3/install.log --single-version-externally-managed install_data
