[0.139s] Invoking command in '/home/saba/workspaces/ramen_robot_ws/build/is-core': /usr/bin/cmake --build /home/saba/workspaces/ramen_robot_ws/build/is-core -- -j16 -l16
[9.660s] [ 81%] Built target is-core
[9.662s] [100%] Built target integration-service
[9.663s] Invoked command in '/home/saba/workspaces/ramen_robot_ws/build/is-core' returned '0': /usr/bin/cmake --build /home/saba/workspaces/ramen_robot_ws/build/is-core -- -j16 -l16
[9.848s] Invoking command in '/home/saba/workspaces/ramen_robot_ws/build/is-core': /usr/bin/cmake --install /home/saba/workspaces/ramen_robot_ws/build/is-core
[9.863s] -- Install configuration: ""
[9.864s] -- Up-to-date: /home/saba/workspaces/ramen_robot_ws/install/is-core/lib/libis-core.so.3.1.0
[9.864s] -- Up-to-date: /home/saba/workspaces/ramen_robot_ws/install/is-core/lib/libis-core.so.3.1
[9.864s] -- Up-to-date: /home/saba/workspaces/ramen_robot_ws/install/is-core/lib/libis-core.so
[9.865s] -- Up-to-date: /home/saba/workspaces/ramen_robot_ws/install/is-core/lib/cmake/is-core/is-core-target.cmake
[9.865s] -- Up-to-date: /home/saba/workspaces/ramen_robot_ws/install/is-core/lib/cmake/is-core/is-core-target-noconfig.cmake
[9.869s] -- Up-to-date: /home/saba/workspaces/ramen_robot_ws/install/is-core/include
[9.869s] -- Up-to-date: /home/saba/workspaces/ramen_robot_ws/install/is-core/include/is
[9.869s] -- Up-to-date: /home/saba/workspaces/ramen_robot_ws/install/is-core/include/is/systemhandle
[9.869s] -- Up-to-date: /home/saba/workspaces/ramen_robot_ws/install/is-core/include/is/systemhandle/SystemHandle.hpp
[9.869s] -- Up-to-date: /home/saba/workspaces/ramen_robot_ws/install/is-core/include/is/systemhandle/RegisterSystem.hpp
[9.869s] -- Up-to-date: /home/saba/workspaces/ramen_robot_ws/install/is-core/include/is/systemhandle/SystemHandleFactory.hpp
[9.870s] -- Up-to-date: /home/saba/workspaces/ramen_robot_ws/install/is-core/include/is/utils
[9.870s] -- Up-to-date: /home/saba/workspaces/ramen_robot_ws/install/is-core/include/is/utils/Convert.hpp
[9.870s] -- Up-to-date: /home/saba/workspaces/ramen_robot_ws/install/is-core/include/is/utils/Log.hpp
[9.870s] -- Up-to-date: /home/saba/workspaces/ramen_robot_ws/install/is-core/include/is/config.hpp.in
[9.875s] -- Up-to-date: /home/saba/workspaces/ramen_robot_ws/install/is-core/include/is/core
[9.876s] -- Up-to-date: /home/saba/workspaces/ramen_robot_ws/install/is-core/include/is/core/Config.hpp
[9.876s] -- Up-to-date: /home/saba/workspaces/ramen_robot_ws/install/is-core/include/is/core/Message.hpp
[9.876s] -- Up-to-date: /home/saba/workspaces/ramen_robot_ws/install/is-core/include/is/core/Instance.hpp
[9.877s] -- Up-to-date: /home/saba/workspaces/ramen_robot_ws/install/is-core/include/is/core/runtime
[9.877s] -- Up-to-date: /home/saba/workspaces/ramen_robot_ws/install/is-core/include/is/core/runtime/MiddlewareInterfaceExtension.hpp
[9.877s] -- Up-to-date: /home/saba/workspaces/ramen_robot_ws/install/is-core/include/is/core/runtime/Search.hpp
[9.877s] -- Up-to-date: /home/saba/workspaces/ramen_robot_ws/install/is-core/include/is/core/runtime/FieldToString.hpp
[9.878s] -- Up-to-date: /home/saba/workspaces/ramen_robot_ws/install/is-core/include/is/core/runtime/StringTemplate.hpp
[9.878s] -- Up-to-date: /home/saba/workspaces/ramen_robot_ws/install/is-core/lib/cmake/is-core/is-coreConfig.cmake
[9.878s] -- Up-to-date: /home/saba/workspaces/ramen_robot_ws/install/is-core/bin/integration-service
[9.878s] -- Up-to-date: /home/saba/workspaces/ramen_robot_ws/install/is-core/lib/cmake/is-core/cmake
[9.878s] -- Up-to-date: /home/saba/workspaces/ramen_robot_ws/install/is-core/lib/cmake/is-core/cmake/is_install_middleware_plugin.cmake
[9.878s] -- Up-to-date: /home/saba/workspaces/ramen_robot_ws/install/is-core/lib/cmake/is-core/cmake/is_mix_generator.cmake
[9.878s] -- Up-to-date: /home/saba/workspaces/ramen_robot_ws/install/is-core/lib/cmake/is-core/cmake/is_mix_install_extension.cmake
[9.878s] -- Up-to-date: /home/saba/workspaces/ramen_robot_ws/install/is-core/lib/cmake/is-core/cmake/is_generate_export_header.cmake
[9.879s] -- Up-to-date: /home/saba/workspaces/ramen_robot_ws/install/is-core/lib/cmake/is-core/cmake/common
[9.879s] -- Up-to-date: /home/saba/workspaces/ramen_robot_ws/install/is-core/lib/cmake/is-core/cmake/common/gtest.cmake
[9.879s] -- Up-to-date: /home/saba/workspaces/ramen_robot_ws/install/is-core/lib/cmake/is-core/templates
[9.879s] -- Up-to-date: /home/saba/workspaces/ramen_robot_ws/install/is-core/lib/cmake/is-core/templates/is-idl-middleware-mix-config.cmake.in
[9.879s] -- Up-to-date: /home/saba/workspaces/ramen_robot_ws/install/is-core/lib/cmake/is-core/templates/is-idl-middleware-mix-extension.cmake.in
[9.879s] -- Up-to-date: /home/saba/workspaces/ramen_robot_ws/install/is-core/lib/cmake/is-core/templates/plugin_library.mix.in
[9.880s] -- Up-to-date: /home/saba/workspaces/ramen_robot_ws/install/is-core/lib/cmake/is-core/templates/is-idl-pkg-mix-config.cmake.in
[9.880s] -- Up-to-date: /home/saba/workspaces/ramen_robot_ws/install/is-core/lib/cmake/is-core/templates/middleware-config.cmake.in
[9.882s] Invoked command in '/home/saba/workspaces/ramen_robot_ws/build/is-core' returned '0': /usr/bin/cmake --install /home/saba/workspaces/ramen_robot_ws/build/is-core
