[7.598s] Invoking command in '/home/saba/workspaces/ramen_robot_ws/src/agv': PYTHONPATH=/home/saba/workspaces/ramen_robot_ws/build/agv/prefix_override:/usr/lib/python3/dist-packages/colcon_core/task/python/colcon_distutils_commands:/home/saba/workspaces/ramen_robot_ws/install/agv/lib/python3.10/site-packages:${PYTHONPATH} /usr/bin/python3 -W ignore:setup.py install is deprecated setup.py egg_info --egg-base ../../build/agv build --build-base /home/saba/workspaces/ramen_robot_ws/build/agv/build install --record /home/saba/workspaces/ramen_robot_ws/build/agv/install.log --single-version-externally-managed install_data
[9.058s] running egg_info
[9.166s] writing ../../build/agv/agv.egg-info/PKG-INFO
[9.236s] writing dependency_links to ../../build/agv/agv.egg-info/dependency_links.txt
[9.491s] writing entry points to ../../build/agv/agv.egg-info/entry_points.txt
[9.644s] writing requirements to ../../build/agv/agv.egg-info/requires.txt
[9.721s] writing top-level names to ../../build/agv/agv.egg-info/top_level.txt
[9.853s] reading manifest file '../../build/agv/agv.egg-info/SOURCES.txt'
[9.854s] writing manifest file '../../build/agv/agv.egg-info/SOURCES.txt'
[9.854s] running build
[9.855s] running build_py
[9.855s] running install
[9.867s] running install_lib
[9.970s] running install_data
[9.970s] running install_egg_info
[10.081s] removing '/home/saba/workspaces/ramen_robot_ws/install/agv/lib/python3.10/site-packages/agv-0.0.0-py3.10.egg-info' (and everything under it)
[10.082s] Copying ../../build/agv/agv.egg-info to /home/saba/workspaces/ramen_robot_ws/install/agv/lib/python3.10/site-packages/agv-0.0.0-py3.10.egg-info
[10.084s] running install_scripts
[10.351s] Installing agv1_node script to /home/saba/workspaces/ramen_robot_ws/install/agv/lib/agv
[10.351s] Installing agv2_node script to /home/saba/workspaces/ramen_robot_ws/install/agv/lib/agv
[10.352s] Installing agv3_node script to /home/saba/workspaces/ramen_robot_ws/install/agv/lib/agv
[10.352s] Installing agv_commander_node script to /home/saba/workspaces/ramen_robot_ws/install/agv/lib/agv
[10.352s] writing list of installed files to '/home/saba/workspaces/ramen_robot_ws/build/agv/install.log'
[11.782s] Invoked command in '/home/saba/workspaces/ramen_robot_ws/src/agv' returned '0': PYTHONPATH=/home/saba/workspaces/ramen_robot_ws/build/agv/prefix_override:/usr/lib/python3/dist-packages/colcon_core/task/python/colcon_distutils_commands:/home/saba/workspaces/ramen_robot_ws/install/agv/lib/python3.10/site-packages:${PYTHONPATH} /usr/bin/python3 -W ignore:setup.py install is deprecated setup.py egg_info --egg-base ../../build/agv build --build-base /home/saba/workspaces/ramen_robot_ws/build/agv/build install --record /home/saba/workspaces/ramen_robot_ws/build/agv/install.log --single-version-externally-managed install_data
