-- The CXX compiler identification is GNU 11.4.0
-- Detecting CXX compiler ABI info
-- Detecting CXX compiler ABI info - done
-- Check for working CXX compiler: /usr/bin/c++ - skipped
-- Detecting CXX compile features
-- Detecting CXX compile features - done
-- Found rclcpp: 16.0.9 (/opt/ros/humble/share/rclcpp/cmake)
-- Found Python3: /usr/bin/python3 (found version "3.10.12") found components: Interpreter 
-- Found rosidl_generator_c: 3.1.5 (/opt/ros/humble/share/rosidl_generator_c/cmake)
-- Found rosidl_adapter: 3.1.5 (/opt/ros/humble/share/rosidl_adapter/cmake)
-- Found rosidl_generator_cpp: 3.1.5 (/opt/ros/humble/share/rosidl_generator_cpp/cmake)
-- Using all available rosidl_typesupport_c: rosidl_typesupport_fastrtps_c;rosidl_typesupport_introspection_c
-- Using all available rosidl_typesupport_cpp: rosidl_typesupport_fastrtps_cpp;rosidl_typesupport_introspection_cpp
-- Found rmw_implementation_cmake: 6.1.2 (/opt/ros/humble/share/rmw_implementation_cmake/cmake)
-- Found rmw_cyclonedds_cpp: 1.3.4 (/opt/ros/humble/share/rmw_cyclonedds_cpp/cmake)
-- Using RMW implementation 'rmw_cyclonedds_cpp' as default
-- Looking for C++ include pthread.h
-- Looking for C++ include pthread.h - found
-- Performing Test CMAKE_HAVE_LIBC_PTHREAD
-- Performing Test CMAKE_HAVE_LIBC_PTHREAD - Success
-- Found Threads: TRUE  
-- Configuring [is-ros2]...
-- Performing Test COMPILER_HAS_HIDDEN_VISIBILITY
-- Performing Test COMPILER_HAS_HIDDEN_VISIBILITY - Success
-- Performing Test COMPILER_HAS_HIDDEN_INLINE_VISIBILITY
-- Performing Test COMPILER_HAS_HIDDEN_INLINE_VISIBILITY - Success
-- Performing Test COMPILER_HAS_DEPRECATED_ATTR
-- Performing Test COMPILER_HAS_DEPRECATED_ATTR - Success
-- Configuring done
-- Generating done
-- Build files have been written to: /home/saba/workspaces/ramen_robot_ws/build/is-ros2
[ 25%] [32mBuilding CXX object static/CMakeFiles/is-ros2.dir/src/Factory.cpp.o[0m
[ 50%] [32mBuilding CXX object static/CMakeFiles/is-ros2.dir/src/MetaPublisher.cpp.o[0m
[ 75%] [32mBuilding CXX object static/CMakeFiles/is-ros2.dir/src/SystemHandle.cpp.o[0m
[100%] [32m[1mLinking CXX shared library ../is/ros2/lib/libis-ros2.so[0m
[100%] Built target is-ros2
-- Install configuration: ""
-- Up-to-date: /home/saba/workspaces/ramen_robot_ws/install/is-ros2/include
-- Up-to-date: /home/saba/workspaces/ramen_robot_ws/install/is-ros2/include/is
-- Installing: /home/saba/workspaces/ramen_robot_ws/install/is-ros2/include/is/sh
-- Installing: /home/saba/workspaces/ramen_robot_ws/install/is-ros2/include/is/sh/ros2
-- Installing: /home/saba/workspaces/ramen_robot_ws/install/is-ros2/include/is/sh/ros2/Factory.hpp
-- Installing: /home/saba/workspaces/ramen_robot_ws/install/is-ros2/lib/libis-ros2.so.3.1.0
-- Installing: /home/saba/workspaces/ramen_robot_ws/install/is-ros2/lib/libis-ros2.so.3.1
-- Set runtime path of "/home/saba/workspaces/ramen_robot_ws/install/is-ros2/lib/libis-ros2.so.3.1.0" to ""
-- Installing: /home/saba/workspaces/ramen_robot_ws/install/is-ros2/lib/libis-ros2.so
