[0.022s] Invoking command in '/home/saba/workspaces/ramen_robot_ws/build/is-ros2-mix-generator': CMAKE_PREFIX_PATH=/home/saba/workspaces/ramen_robot_ws/install/is-ros2:/home/saba/workspaces/ramen_robot_ws/install/is-mock:/home/saba/workspaces/ramen_robot_ws/install/is-core:/home/saba/workspaces/myagv_ws/install/sllidar_ros2:/home/saba/workspaces/myagv_ws/install/myagv_description:/home/saba/workspaces/myagv_ws/install/apriltag_ros:/home/saba/workspaces/myagv_ws/install/apriltag:/home/saba/workspaces/myagv_ws/install/myagv_slam:/home/saba/workspaces/myagv_ws/install/myagv_navigation:/home/saba/workspaces/myagv_ws/install/myagv_joy:/home/saba/workspaces/myagv_ws/install/myagv_communication:/home/saba/workspaces/myagv_ws/install/myagv_bringup:/home/saba/workspaces/ramen_robot_ws/install/ramen_robot_launch:/home/saba/workspaces/ramen_robot_ws/install/ur5:/home/saba/workspaces/ramen_robot_ws/install/ur3:/home/saba/workspaces/ramen_robot_ws/install/agv:/home/saba/workspaces/ramen_robot_ws/install/accountant:/home/saba/ramen_robot_ws/install/ramen_robot_launch:/home/saba/ramen_robot_ws/install/usb_cam:/home/saba/ramen_robot_ws/install/ur5_controller:/home/saba/ramen_robot_ws/install/ur3_controller:/home/saba/ramen_robot_ws/install/pork_yolo:/home/saba/ramen_robot_ws/install/image_recognition:/home/saba/ramen_robot_ws/install/depth_anything:/home/saba/ramen_robot_ws/install/agv_commander:/home/saba/ramen_robot_ws/install/agv3:/home/saba/ramen_robot_ws/install/agv2:/home/saba/ramen_robot_ws/install/agv1:/home/saba/ramen_robot_ws/install/accountant:/opt/ros/humble LD_LIBRARY_PATH=/home/saba/workspaces/ramen_robot_ws/install/is-ros2/lib:/home/saba/workspaces/ramen_robot_ws/install/is-mock/lib:/home/saba/workspaces/ramen_robot_ws/install/is-core/lib:${LD_LIBRARY_PATH} PATH=/home/saba/workspaces/ramen_robot_ws/install/is-core/bin:${PATH} /usr/bin/cmake --build /home/saba/workspaces/ramen_robot_ws/build/is-ros2-mix-generator -- -j16 -l16
[0.097s] [35m[1mConsolidate compiler generated dependencies of target is-rosidl-ros2-builtin_interfaces-mix[0m
[0.124s] [  8%] Built target is-rosidl-ros2-builtin_interfaces-mix
[0.173s] [35m[1mConsolidate compiler generated dependencies of target is-rosidl-ros2-std_msgs-mix[0m
[0.280s] [100%] Built target is-rosidl-ros2-std_msgs-mix
[0.295s] Invoked command in '/home/saba/workspaces/ramen_robot_ws/build/is-ros2-mix-generator' returned '0': CMAKE_PREFIX_PATH=/home/saba/workspaces/ramen_robot_ws/install/is-ros2:/home/saba/workspaces/ramen_robot_ws/install/is-mock:/home/saba/workspaces/ramen_robot_ws/install/is-core:/home/saba/workspaces/myagv_ws/install/sllidar_ros2:/home/saba/workspaces/myagv_ws/install/myagv_description:/home/saba/workspaces/myagv_ws/install/apriltag_ros:/home/saba/workspaces/myagv_ws/install/apriltag:/home/saba/workspaces/myagv_ws/install/myagv_slam:/home/saba/workspaces/myagv_ws/install/myagv_navigation:/home/saba/workspaces/myagv_ws/install/myagv_joy:/home/saba/workspaces/myagv_ws/install/myagv_communication:/home/saba/workspaces/myagv_ws/install/myagv_bringup:/home/saba/workspaces/ramen_robot_ws/install/ramen_robot_launch:/home/saba/workspaces/ramen_robot_ws/install/ur5:/home/saba/workspaces/ramen_robot_ws/install/ur3:/home/saba/workspaces/ramen_robot_ws/install/agv:/home/saba/workspaces/ramen_robot_ws/install/accountant:/home/saba/ramen_robot_ws/install/ramen_robot_launch:/home/saba/ramen_robot_ws/install/usb_cam:/home/saba/ramen_robot_ws/install/ur5_controller:/home/saba/ramen_robot_ws/install/ur3_controller:/home/saba/ramen_robot_ws/install/pork_yolo:/home/saba/ramen_robot_ws/install/image_recognition:/home/saba/ramen_robot_ws/install/depth_anything:/home/saba/ramen_robot_ws/install/agv_commander:/home/saba/ramen_robot_ws/install/agv3:/home/saba/ramen_robot_ws/install/agv2:/home/saba/ramen_robot_ws/install/agv1:/home/saba/ramen_robot_ws/install/accountant:/opt/ros/humble LD_LIBRARY_PATH=/home/saba/workspaces/ramen_robot_ws/install/is-ros2/lib:/home/saba/workspaces/ramen_robot_ws/install/is-mock/lib:/home/saba/workspaces/ramen_robot_ws/install/is-core/lib:${LD_LIBRARY_PATH} PATH=/home/saba/workspaces/ramen_robot_ws/install/is-core/bin:${PATH} /usr/bin/cmake --build /home/saba/workspaces/ramen_robot_ws/build/is-ros2-mix-generator -- -j16 -l16
[0.439s] Invoking command in '/home/saba/workspaces/ramen_robot_ws/build/is-ros2-mix-generator': CMAKE_PREFIX_PATH=/home/saba/workspaces/ramen_robot_ws/install/is-ros2:/home/saba/workspaces/ramen_robot_ws/install/is-mock:/home/saba/workspaces/ramen_robot_ws/install/is-core:/home/saba/workspaces/myagv_ws/install/sllidar_ros2:/home/saba/workspaces/myagv_ws/install/myagv_description:/home/saba/workspaces/myagv_ws/install/apriltag_ros:/home/saba/workspaces/myagv_ws/install/apriltag:/home/saba/workspaces/myagv_ws/install/myagv_slam:/home/saba/workspaces/myagv_ws/install/myagv_navigation:/home/saba/workspaces/myagv_ws/install/myagv_joy:/home/saba/workspaces/myagv_ws/install/myagv_communication:/home/saba/workspaces/myagv_ws/install/myagv_bringup:/home/saba/workspaces/ramen_robot_ws/install/ramen_robot_launch:/home/saba/workspaces/ramen_robot_ws/install/ur5:/home/saba/workspaces/ramen_robot_ws/install/ur3:/home/saba/workspaces/ramen_robot_ws/install/agv:/home/saba/workspaces/ramen_robot_ws/install/accountant:/home/saba/ramen_robot_ws/install/ramen_robot_launch:/home/saba/ramen_robot_ws/install/usb_cam:/home/saba/ramen_robot_ws/install/ur5_controller:/home/saba/ramen_robot_ws/install/ur3_controller:/home/saba/ramen_robot_ws/install/pork_yolo:/home/saba/ramen_robot_ws/install/image_recognition:/home/saba/ramen_robot_ws/install/depth_anything:/home/saba/ramen_robot_ws/install/agv_commander:/home/saba/ramen_robot_ws/install/agv3:/home/saba/ramen_robot_ws/install/agv2:/home/saba/ramen_robot_ws/install/agv1:/home/saba/ramen_robot_ws/install/accountant:/opt/ros/humble LD_LIBRARY_PATH=/home/saba/workspaces/ramen_robot_ws/install/is-ros2/lib:/home/saba/workspaces/ramen_robot_ws/install/is-mock/lib:/home/saba/workspaces/ramen_robot_ws/install/is-core/lib:${LD_LIBRARY_PATH} PATH=/home/saba/workspaces/ramen_robot_ws/install/is-core/bin:${PATH} /usr/bin/cmake --install /home/saba/workspaces/ramen_robot_ws/build/is-ros2-mix-generator
[0.449s] -- Install configuration: ""
[0.449s] -- Up-to-date: /home/saba/workspaces/ramen_robot_ws/install/is-ros2-mix-generator/lib/libis-rosidl-ros2-std_msgs-mix.so
[0.449s] -- Up-to-date: /home/saba/workspaces/ramen_robot_ws/install/is-ros2-mix-generator/lib/is
[0.449s] -- Up-to-date: /home/saba/workspaces/ramen_robot_ws/install/is-ros2-mix-generator/lib/is/ros2
[0.450s] -- Up-to-date: /home/saba/workspaces/ramen_robot_ws/install/is-ros2-mix-generator/lib/is/ros2/msg
[0.450s] -- Up-to-date: /home/saba/workspaces/ramen_robot_ws/install/is-ros2-mix-generator/lib/is/ros2/msg/std_msgs
[0.450s] -- Up-to-date: /home/saba/workspaces/ramen_robot_ws/install/is-ros2-mix-generator/lib/is/ros2/msg/std_msgs/Int8.mix
[0.450s] -- Up-to-date: /home/saba/workspaces/ramen_robot_ws/install/is-ros2-mix-generator/lib/is/ros2/msg/std_msgs/Float64MultiArray.mix
[0.450s] -- Up-to-date: /home/saba/workspaces/ramen_robot_ws/install/is-ros2-mix-generator/lib/is/ros2/msg/std_msgs/Int64MultiArray.mix
[0.450s] -- Up-to-date: /home/saba/workspaces/ramen_robot_ws/install/is-ros2-mix-generator/lib/is/ros2/msg/std_msgs/Int8MultiArray.mix
[0.450s] -- Up-to-date: /home/saba/workspaces/ramen_robot_ws/install/is-ros2-mix-generator/lib/is/ros2/msg/std_msgs/Char.mix
[0.450s] -- Up-to-date: /home/saba/workspaces/ramen_robot_ws/install/is-ros2-mix-generator/lib/is/ros2/msg/std_msgs/Int64.mix
[0.451s] -- Up-to-date: /home/saba/workspaces/ramen_robot_ws/install/is-ros2-mix-generator/lib/is/ros2/msg/std_msgs/Float32MultiArray.mix
[0.451s] -- Up-to-date: /home/saba/workspaces/ramen_robot_ws/install/is-ros2-mix-generator/lib/is/ros2/msg/std_msgs/String.mix
[0.451s] -- Up-to-date: /home/saba/workspaces/ramen_robot_ws/install/is-ros2-mix-generator/lib/is/ros2/msg/std_msgs/UInt32MultiArray.mix
[0.451s] -- Up-to-date: /home/saba/workspaces/ramen_robot_ws/install/is-ros2-mix-generator/lib/is/ros2/msg/std_msgs/MultiArrayLayout.mix
[0.451s] -- Up-to-date: /home/saba/workspaces/ramen_robot_ws/install/is-ros2-mix-generator/lib/is/ros2/msg/std_msgs/UInt64.mix
[0.451s] -- Up-to-date: /home/saba/workspaces/ramen_robot_ws/install/is-ros2-mix-generator/lib/is/ros2/msg/std_msgs/UInt8MultiArray.mix
[0.451s] -- Up-to-date: /home/saba/workspaces/ramen_robot_ws/install/is-ros2-mix-generator/lib/is/ros2/msg/std_msgs/Int32MultiArray.mix
[0.451s] -- Up-to-date: /home/saba/workspaces/ramen_robot_ws/install/is-ros2-mix-generator/lib/is/ros2/msg/std_msgs/UInt16.mix
[0.451s] -- Up-to-date: /home/saba/workspaces/ramen_robot_ws/install/is-ros2-mix-generator/lib/is/ros2/msg/std_msgs/Int32.mix
[0.452s] -- Up-to-date: /home/saba/workspaces/ramen_robot_ws/install/is-ros2-mix-generator/lib/is/ros2/msg/std_msgs/UInt32.mix
[0.452s] -- Up-to-date: /home/saba/workspaces/ramen_robot_ws/install/is-ros2-mix-generator/lib/is/ros2/msg/std_msgs/Bool.mix
[0.452s] -- Up-to-date: /home/saba/workspaces/ramen_robot_ws/install/is-ros2-mix-generator/lib/is/ros2/msg/std_msgs/UInt64MultiArray.mix
[0.452s] -- Up-to-date: /home/saba/workspaces/ramen_robot_ws/install/is-ros2-mix-generator/lib/is/ros2/msg/std_msgs/Float64.mix
[0.452s] -- Up-to-date: /home/saba/workspaces/ramen_robot_ws/install/is-ros2-mix-generator/lib/is/ros2/msg/std_msgs/Empty.mix
[0.452s] -- Up-to-date: /home/saba/workspaces/ramen_robot_ws/install/is-ros2-mix-generator/lib/is/ros2/msg/std_msgs/UInt8.mix
[0.453s] -- Up-to-date: /home/saba/workspaces/ramen_robot_ws/install/is-ros2-mix-generator/lib/is/ros2/msg/std_msgs/Int16MultiArray.mix
[0.453s] -- Up-to-date: /home/saba/workspaces/ramen_robot_ws/install/is-ros2-mix-generator/lib/is/ros2/msg/std_msgs/ByteMultiArray.mix
[0.453s] -- Up-to-date: /home/saba/workspaces/ramen_robot_ws/install/is-ros2-mix-generator/lib/is/ros2/msg/std_msgs/Float32.mix
[0.453s] -- Up-to-date: /home/saba/workspaces/ramen_robot_ws/install/is-ros2-mix-generator/lib/is/ros2/msg/std_msgs/ColorRGBA.mix
[0.453s] -- Up-to-date: /home/saba/workspaces/ramen_robot_ws/install/is-ros2-mix-generator/lib/is/ros2/msg/std_msgs/Int16.mix
[0.453s] -- Up-to-date: /home/saba/workspaces/ramen_robot_ws/install/is-ros2-mix-generator/lib/is/ros2/msg/std_msgs/MultiArrayDimension.mix
[0.453s] -- Up-to-date: /home/saba/workspaces/ramen_robot_ws/install/is-ros2-mix-generator/lib/is/ros2/msg/std_msgs/UInt16MultiArray.mix
[0.453s] -- Up-to-date: /home/saba/workspaces/ramen_robot_ws/install/is-ros2-mix-generator/lib/is/ros2/msg/std_msgs/Byte.mix
[0.453s] -- Up-to-date: /home/saba/workspaces/ramen_robot_ws/install/is-ros2-mix-generator/lib/is/ros2/msg/std_msgs/Header.mix
[0.453s] -- Up-to-date: /home/saba/workspaces/ramen_robot_ws/install/is-ros2-mix-generator/lib/is/ros2/msg/builtin_interfaces
[0.453s] -- Up-to-date: /home/saba/workspaces/ramen_robot_ws/install/is-ros2-mix-generator/lib/is/ros2/msg/builtin_interfaces/Time.mix
[0.453s] -- Up-to-date: /home/saba/workspaces/ramen_robot_ws/install/is-ros2-mix-generator/lib/is/ros2/msg/builtin_interfaces/Duration.mix
[0.454s] -- Up-to-date: /home/saba/workspaces/ramen_robot_ws/install/is-ros2-mix-generator/lib/libis-rosidl-ros2-builtin_interfaces-mix.so
[0.454s] -- Up-to-date: /home/saba/workspaces/ramen_robot_ws/install/is-ros2-mix-generator/lib/is
[0.454s] -- Up-to-date: /home/saba/workspaces/ramen_robot_ws/install/is-ros2-mix-generator/lib/is/ros2
[0.454s] -- Up-to-date: /home/saba/workspaces/ramen_robot_ws/install/is-ros2-mix-generator/lib/is/ros2/msg
[0.454s] -- Up-to-date: /home/saba/workspaces/ramen_robot_ws/install/is-ros2-mix-generator/lib/is/ros2/msg/std_msgs
[0.454s] -- Up-to-date: /home/saba/workspaces/ramen_robot_ws/install/is-ros2-mix-generator/lib/is/ros2/msg/std_msgs/Int8.mix
[0.454s] -- Up-to-date: /home/saba/workspaces/ramen_robot_ws/install/is-ros2-mix-generator/lib/is/ros2/msg/std_msgs/Float64MultiArray.mix
[0.454s] -- Up-to-date: /home/saba/workspaces/ramen_robot_ws/install/is-ros2-mix-generator/lib/is/ros2/msg/std_msgs/Int64MultiArray.mix
[0.454s] -- Up-to-date: /home/saba/workspaces/ramen_robot_ws/install/is-ros2-mix-generator/lib/is/ros2/msg/std_msgs/Int8MultiArray.mix
[0.455s] -- Up-to-date: /home/saba/workspaces/ramen_robot_ws/install/is-ros2-mix-generator/lib/is/ros2/msg/std_msgs/Char.mix
[0.455s] -- Up-to-date: /home/saba/workspaces/ramen_robot_ws/install/is-ros2-mix-generator/lib/is/ros2/msg/std_msgs/Int64.mix
[0.455s] -- Up-to-date: /home/saba/workspaces/ramen_robot_ws/install/is-ros2-mix-generator/lib/is/ros2/msg/std_msgs/Float32MultiArray.mix
[0.455s] -- Up-to-date: /home/saba/workspaces/ramen_robot_ws/install/is-ros2-mix-generator/lib/is/ros2/msg/std_msgs/String.mix
[0.455s] -- Up-to-date: /home/saba/workspaces/ramen_robot_ws/install/is-ros2-mix-generator/lib/is/ros2/msg/std_msgs/UInt32MultiArray.mix
[0.455s] -- Up-to-date: /home/saba/workspaces/ramen_robot_ws/install/is-ros2-mix-generator/lib/is/ros2/msg/std_msgs/MultiArrayLayout.mix
[0.456s] -- Up-to-date: /home/saba/workspaces/ramen_robot_ws/install/is-ros2-mix-generator/lib/is/ros2/msg/std_msgs/UInt64.mix
[0.456s] -- Up-to-date: /home/saba/workspaces/ramen_robot_ws/install/is-ros2-mix-generator/lib/is/ros2/msg/std_msgs/UInt8MultiArray.mix
[0.456s] -- Up-to-date: /home/saba/workspaces/ramen_robot_ws/install/is-ros2-mix-generator/lib/is/ros2/msg/std_msgs/Int32MultiArray.mix
[0.456s] -- Up-to-date: /home/saba/workspaces/ramen_robot_ws/install/is-ros2-mix-generator/lib/is/ros2/msg/std_msgs/UInt16.mix
[0.456s] -- Up-to-date: /home/saba/workspaces/ramen_robot_ws/install/is-ros2-mix-generator/lib/is/ros2/msg/std_msgs/Int32.mix
[0.457s] -- Up-to-date: /home/saba/workspaces/ramen_robot_ws/install/is-ros2-mix-generator/lib/is/ros2/msg/std_msgs/UInt32.mix
[0.457s] -- Up-to-date: /home/saba/workspaces/ramen_robot_ws/install/is-ros2-mix-generator/lib/is/ros2/msg/std_msgs/Bool.mix
[0.457s] -- Up-to-date: /home/saba/workspaces/ramen_robot_ws/install/is-ros2-mix-generator/lib/is/ros2/msg/std_msgs/UInt64MultiArray.mix
[0.457s] -- Up-to-date: /home/saba/workspaces/ramen_robot_ws/install/is-ros2-mix-generator/lib/is/ros2/msg/std_msgs/Float64.mix
[0.457s] -- Up-to-date: /home/saba/workspaces/ramen_robot_ws/install/is-ros2-mix-generator/lib/is/ros2/msg/std_msgs/Empty.mix
[0.457s] -- Up-to-date: /home/saba/workspaces/ramen_robot_ws/install/is-ros2-mix-generator/lib/is/ros2/msg/std_msgs/UInt8.mix
[0.457s] -- Up-to-date: /home/saba/workspaces/ramen_robot_ws/install/is-ros2-mix-generator/lib/is/ros2/msg/std_msgs/Int16MultiArray.mix
[0.458s] -- Up-to-date: /home/saba/workspaces/ramen_robot_ws/install/is-ros2-mix-generator/lib/is/ros2/msg/std_msgs/ByteMultiArray.mix
[0.460s] -- Up-to-date: /home/saba/workspaces/ramen_robot_ws/install/is-ros2-mix-generator/lib/is/ros2/msg/std_msgs/Float32.mix
[0.460s] -- Up-to-date: /home/saba/workspaces/ramen_robot_ws/install/is-ros2-mix-generator/lib/is/ros2/msg/std_msgs/ColorRGBA.mix
[0.460s] -- Up-to-date: /home/saba/workspaces/ramen_robot_ws/install/is-ros2-mix-generator/lib/is/ros2/msg/std_msgs/Int16.mix
[0.460s] -- Up-to-date: /home/saba/workspaces/ramen_robot_ws/install/is-ros2-mix-generator/lib/is/ros2/msg/std_msgs/MultiArrayDimension.mix
[0.460s] -- Up-to-date: /home/saba/workspaces/ramen_robot_ws/install/is-ros2-mix-generator/lib/is/ros2/msg/std_msgs/UInt16MultiArray.mix
[0.460s] -- Up-to-date: /home/saba/workspaces/ramen_robot_ws/install/is-ros2-mix-generator/lib/is/ros2/msg/std_msgs/Byte.mix
[0.460s] -- Up-to-date: /home/saba/workspaces/ramen_robot_ws/install/is-ros2-mix-generator/lib/is/ros2/msg/std_msgs/Header.mix
[0.460s] -- Up-to-date: /home/saba/workspaces/ramen_robot_ws/install/is-ros2-mix-generator/lib/is/ros2/msg/builtin_interfaces
[0.461s] -- Up-to-date: /home/saba/workspaces/ramen_robot_ws/install/is-ros2-mix-generator/lib/is/ros2/msg/builtin_interfaces/Time.mix
[0.461s] -- Up-to-date: /home/saba/workspaces/ramen_robot_ws/install/is-ros2-mix-generator/lib/is/ros2/msg/builtin_interfaces/Duration.mix
[0.461s] -- Up-to-date: /home/saba/workspaces/ramen_robot_ws/install/is-ros2-mix-generator/lib/cmake/is-ros2-mix-generator/is-ros2-mix-generatorConfig.cmake
[0.461s] Invoked command in '/home/saba/workspaces/ramen_robot_ws/build/is-ros2-mix-generator' returned '0': CMAKE_PREFIX_PATH=/home/saba/workspaces/ramen_robot_ws/install/is-ros2:/home/saba/workspaces/ramen_robot_ws/install/is-mock:/home/saba/workspaces/ramen_robot_ws/install/is-core:/home/saba/workspaces/myagv_ws/install/sllidar_ros2:/home/saba/workspaces/myagv_ws/install/myagv_description:/home/saba/workspaces/myagv_ws/install/apriltag_ros:/home/saba/workspaces/myagv_ws/install/apriltag:/home/saba/workspaces/myagv_ws/install/myagv_slam:/home/saba/workspaces/myagv_ws/install/myagv_navigation:/home/saba/workspaces/myagv_ws/install/myagv_joy:/home/saba/workspaces/myagv_ws/install/myagv_communication:/home/saba/workspaces/myagv_ws/install/myagv_bringup:/home/saba/workspaces/ramen_robot_ws/install/ramen_robot_launch:/home/saba/workspaces/ramen_robot_ws/install/ur5:/home/saba/workspaces/ramen_robot_ws/install/ur3:/home/saba/workspaces/ramen_robot_ws/install/agv:/home/saba/workspaces/ramen_robot_ws/install/accountant:/home/saba/ramen_robot_ws/install/ramen_robot_launch:/home/saba/ramen_robot_ws/install/usb_cam:/home/saba/ramen_robot_ws/install/ur5_controller:/home/saba/ramen_robot_ws/install/ur3_controller:/home/saba/ramen_robot_ws/install/pork_yolo:/home/saba/ramen_robot_ws/install/image_recognition:/home/saba/ramen_robot_ws/install/depth_anything:/home/saba/ramen_robot_ws/install/agv_commander:/home/saba/ramen_robot_ws/install/agv3:/home/saba/ramen_robot_ws/install/agv2:/home/saba/ramen_robot_ws/install/agv1:/home/saba/ramen_robot_ws/install/accountant:/opt/ros/humble LD_LIBRARY_PATH=/home/saba/workspaces/ramen_robot_ws/install/is-ros2/lib:/home/saba/workspaces/ramen_robot_ws/install/is-mock/lib:/home/saba/workspaces/ramen_robot_ws/install/is-core/lib:${LD_LIBRARY_PATH} PATH=/home/saba/workspaces/ramen_robot_ws/install/is-core/bin:${PATH} /usr/bin/cmake --install /home/saba/workspaces/ramen_robot_ws/build/is-ros2-mix-generator
