[7.569s] Invoking command in '/home/saba/workspaces/ramen_robot_ws/src/ur5': PYTHONPATH=/home/saba/workspaces/ramen_robot_ws/build/ur5/prefix_override:/usr/lib/python3/dist-packages/colcon_core/task/python/colcon_distutils_commands:/home/saba/workspaces/ramen_robot_ws/install/ur5/lib/python3.10/site-packages:${PYTHONPATH} /usr/bin/python3 -W ignore:setup.py install is deprecated setup.py egg_info --egg-base ../../build/ur5 build --build-base /home/saba/workspaces/ramen_robot_ws/build/ur5/build install --record /home/saba/workspaces/ramen_robot_ws/build/ur5/install.log --single-version-externally-managed install_data
[9.086s] running egg_info
[9.192s] writing ../../build/ur5/ur5.egg-info/PKG-INFO
[9.265s] writing dependency_links to ../../build/ur5/ur5.egg-info/dependency_links.txt
[9.521s] writing entry points to ../../build/ur5/ur5.egg-info/entry_points.txt
[9.673s] writing requirements to ../../build/ur5/ur5.egg-info/requires.txt
[9.743s] writing top-level names to ../../build/ur5/ur5.egg-info/top_level.txt
[9.883s] reading manifest file '../../build/ur5/ur5.egg-info/SOURCES.txt'
[9.885s] writing manifest file '../../build/ur5/ur5.egg-info/SOURCES.txt'
[9.885s] running build
[9.885s] running build_py
[9.885s] running install
[9.893s] running install_lib
[9.998s] running install_data
[9.998s] running install_egg_info
[10.120s] removing '/home/saba/workspaces/ramen_robot_ws/install/ur5/lib/python3.10/site-packages/ur5-0.0.0-py3.10.egg-info' (and everything under it)
[10.120s] Copying ../../build/ur5/ur5.egg-info to /home/saba/workspaces/ramen_robot_ws/install/ur5/lib/python3.10/site-packages/ur5-0.0.0-py3.10.egg-info
[10.121s] running install_scripts
[10.397s] Installing pork_image_node script to /home/saba/workspaces/ramen_robot_ws/install/ur5/lib/ur5
[10.397s] Installing ur5_noodle_node script to /home/saba/workspaces/ramen_robot_ws/install/ur5/lib/ur5
[10.397s] Installing ur5_pork_node script to /home/saba/workspaces/ramen_robot_ws/install/ur5/lib/ur5
[10.398s] Installing ur5_retouch_node script to /home/saba/workspaces/ramen_robot_ws/install/ur5/lib/ur5
[10.398s] writing list of installed files to '/home/saba/workspaces/ramen_robot_ws/build/ur5/install.log'
[11.743s] Invoked command in '/home/saba/workspaces/ramen_robot_ws/src/ur5' returned '0': PYTHONPATH=/home/saba/workspaces/ramen_robot_ws/build/ur5/prefix_override:/usr/lib/python3/dist-packages/colcon_core/task/python/colcon_distutils_commands:/home/saba/workspaces/ramen_robot_ws/install/ur5/lib/python3.10/site-packages:${PYTHONPATH} /usr/bin/python3 -W ignore:setup.py install is deprecated setup.py egg_info --egg-base ../../build/ur5 build --build-base /home/saba/workspaces/ramen_robot_ws/build/ur5/build install --record /home/saba/workspaces/ramen_robot_ws/build/ur5/install.log --single-version-externally-managed install_data
