[2.836s] Invoking command in '/home/saba/workspaces/ramen_robot_ws/src/ur3': PYTHONPATH=/home/saba/workspaces/ramen_robot_ws/build/ur3/prefix_override:/usr/lib/python3/dist-packages/colcon_core/task/python/colcon_distutils_commands:/home/saba/workspaces/ramen_robot_ws/install/ur3/lib/python3.10/site-packages:${PYTHONPATH} /usr/bin/python3 -W ignore:setup.py install is deprecated setup.py egg_info --egg-base ../../build/ur3 build --build-base /home/saba/workspaces/ramen_robot_ws/build/ur3/build install --record /home/saba/workspaces/ramen_robot_ws/build/ur3/install.log --single-version-externally-managed install_data
[4.242s] running egg_info
[4.342s] writing ../../build/ur3/ur3.egg-info/PKG-INFO
[4.410s] writing dependency_links to ../../build/ur3/ur3.egg-info/dependency_links.txt
[4.614s] writing entry points to ../../build/ur3/ur3.egg-info/entry_points.txt
[4.748s] writing requirements to ../../build/ur3/ur3.egg-info/requires.txt
[4.812s] writing top-level names to ../../build/ur3/ur3.egg-info/top_level.txt
[4.932s] reading manifest file '../../build/ur3/ur3.egg-info/SOURCES.txt'
[4.933s] writing manifest file '../../build/ur3/ur3.egg-info/SOURCES.txt'
[4.934s] running build
[4.934s] running build_py
[4.934s] copying ur3/ur3_negi_node.py -> /home/saba/workspaces/ramen_robot_ws/build/ur3/build/lib/ur3
[4.935s] running install
[4.942s] running install_lib
[5.037s] copying /home/saba/workspaces/ramen_robot_ws/build/ur3/build/lib/ur3/ur3_negi_node.py -> /home/saba/workspaces/ramen_robot_ws/install/ur3/lib/python3.10/site-packages/ur3
[5.039s] byte-compiling /home/saba/workspaces/ramen_robot_ws/install/ur3/lib/python3.10/site-packages/ur3/ur3_negi_node.py to ur3_negi_node.cpython-310.pyc
[5.039s]   File "/home/saba/workspaces/ramen_robot_ws/install/ur3/lib/python3.10/site-packages/ur3/ur3_negi_node.py", line 92
[5.040s]     else if self.posN ==1:
[5.040s]          ^^
[5.040s] SyntaxError: expected ':'
[5.040s] 
[5.040s] running install_data
[5.040s] running install_egg_info
[5.139s] removing '/home/saba/workspaces/ramen_robot_ws/install/ur3/lib/python3.10/site-packages/ur3-0.0.0-py3.10.egg-info' (and everything under it)
[5.139s] Copying ../../build/ur3/ur3.egg-info to /home/saba/workspaces/ramen_robot_ws/install/ur3/lib/python3.10/site-packages/ur3-0.0.0-py3.10.egg-info
[5.140s] running install_scripts
[5.345s] Installing depth_anything_node script to /home/saba/workspaces/ramen_robot_ws/install/ur3/lib/ur3
[5.346s] Installing hello_node script to /home/saba/workspaces/ramen_robot_ws/install/ur3/lib/ur3
[5.346s] Installing ur3_negi_node script to /home/saba/workspaces/ramen_robot_ws/install/ur3/lib/ur3
[5.346s] Installing ur3_retouch_node script to /home/saba/workspaces/ramen_robot_ws/install/ur3/lib/ur3
[5.346s] Installing ur3_soup_node script to /home/saba/workspaces/ramen_robot_ws/install/ur3/lib/ur3
[5.347s] writing list of installed files to '/home/saba/workspaces/ramen_robot_ws/build/ur3/install.log'
[5.388s] Invoked command in '/home/saba/workspaces/ramen_robot_ws/src/ur3' returned '0': PYTHONPATH=/home/saba/workspaces/ramen_robot_ws/build/ur3/prefix_override:/usr/lib/python3/dist-packages/colcon_core/task/python/colcon_distutils_commands:/home/saba/workspaces/ramen_robot_ws/install/ur3/lib/python3.10/site-packages:${PYTHONPATH} /usr/bin/python3 -W ignore:setup.py install is deprecated setup.py egg_info --egg-base ../../build/ur3 build --build-base /home/saba/workspaces/ramen_robot_ws/build/ur3/build install --record /home/saba/workspaces/ramen_robot_ws/build/ur3/install.log --single-version-externally-managed install_data
