[0.206s] Invoking command in '/home/saba/workspaces/ramen_robot_ws/build/is-core': /usr/bin/cmake --build /home/saba/workspaces/ramen_robot_ws/build/is-core -- -j16 -l16
[6.185s] [ 42%] Built target xtypes-ext
[6.186s] [ 89%] Built target is-core
[6.187s] [100%] Built target integration-service
[6.214s] Invoked command in '/home/saba/workspaces/ramen_robot_ws/build/is-core' returned '0': /usr/bin/cmake --build /home/saba/workspaces/ramen_robot_ws/build/is-core -- -j16 -l16
[6.488s] Invoking command in '/home/saba/workspaces/ramen_robot_ws/build/is-core': /usr/bin/cmake --install /home/saba/workspaces/ramen_robot_ws/build/is-core
[6.524s] -- Install configuration: ""
[6.570s] -- Up-to-date: /home/saba/workspaces/ramen_robot_ws/install/is-core/lib/libis-core.so.3.1.0
[6.571s] -- Up-to-date: /home/saba/workspaces/ramen_robot_ws/install/is-core/lib/libis-core.so.3.1
[6.571s] -- Up-to-date: /home/saba/workspaces/ramen_robot_ws/install/is-core/lib/libis-core.so
[6.614s] -- Up-to-date: /home/saba/workspaces/ramen_robot_ws/install/is-core/lib/cmake/is-core/is-core-target.cmake
[6.614s] -- Up-to-date: /home/saba/workspaces/ramen_robot_ws/install/is-core/lib/cmake/is-core/is-core-target-noconfig.cmake
[6.615s] -- Up-to-date: /home/saba/workspaces/ramen_robot_ws/install/is-core/include
[6.633s] -- Up-to-date: /home/saba/workspaces/ramen_robot_ws/install/is-core/include/is
[6.633s] -- Up-to-date: /home/saba/workspaces/ramen_robot_ws/install/is-core/include/is/systemhandle
[6.633s] -- Up-to-date: /home/saba/workspaces/ramen_robot_ws/install/is-core/include/is/systemhandle/SystemHandle.hpp
[6.633s] -- Up-to-date: /home/saba/workspaces/ramen_robot_ws/install/is-core/include/is/systemhandle/RegisterSystem.hpp
[6.634s] -- Up-to-date: /home/saba/workspaces/ramen_robot_ws/install/is-core/include/is/systemhandle/SystemHandleFactory.hpp
[6.634s] -- Up-to-date: /home/saba/workspaces/ramen_robot_ws/install/is-core/include/is/utils
[6.642s] -- Up-to-date: /home/saba/workspaces/ramen_robot_ws/install/is-core/include/is/utils/Convert.hpp
[6.642s] -- Up-to-date: /home/saba/workspaces/ramen_robot_ws/install/is-core/include/is/utils/Log.hpp
[6.642s] -- Up-to-date: /home/saba/workspaces/ramen_robot_ws/install/is-core/include/is/config.hpp.in
[6.643s] -- Up-to-date: /home/saba/workspaces/ramen_robot_ws/install/is-core/include/is/core
[6.643s] -- Up-to-date: /home/saba/workspaces/ramen_robot_ws/install/is-core/include/is/core/Config.hpp
[6.643s] -- Up-to-date: /home/saba/workspaces/ramen_robot_ws/install/is-core/include/is/core/Message.hpp
[6.643s] -- Up-to-date: /home/saba/workspaces/ramen_robot_ws/install/is-core/include/is/core/Instance.hpp
[6.643s] -- Up-to-date: /home/saba/workspaces/ramen_robot_ws/install/is-core/include/is/core/runtime
[6.644s] -- Up-to-date: /home/saba/workspaces/ramen_robot_ws/install/is-core/include/is/core/runtime/MiddlewareInterfaceExtension.hpp
[6.644s] -- Up-to-date: /home/saba/workspaces/ramen_robot_ws/install/is-core/include/is/core/runtime/Search.hpp
[6.644s] -- Up-to-date: /home/saba/workspaces/ramen_robot_ws/install/is-core/include/is/core/runtime/FieldToString.hpp
[6.644s] -- Up-to-date: /home/saba/workspaces/ramen_robot_ws/install/is-core/include/is/core/runtime/StringTemplate.hpp
[6.644s] -- Up-to-date: /home/saba/workspaces/ramen_robot_ws/install/is-core/lib/cmake/is-core/is-coreConfig.cmake
[6.676s] -- Up-to-date: /home/saba/workspaces/ramen_robot_ws/install/is-core/bin/integration-service
[6.695s] -- Up-to-date: /home/saba/workspaces/ramen_robot_ws/install/is-core/bin/xtypes_idl_validator
[6.696s] -- Up-to-date: /home/saba/workspaces/ramen_robot_ws/install/is-core/lib/cmake/is-core/cmake
[6.696s] -- Up-to-date: /home/saba/workspaces/ramen_robot_ws/install/is-core/lib/cmake/is-core/cmake/is_install_middleware_plugin.cmake
[6.696s] -- Up-to-date: /home/saba/workspaces/ramen_robot_ws/install/is-core/lib/cmake/is-core/cmake/is_mix_generator.cmake
[6.696s] -- Up-to-date: /home/saba/workspaces/ramen_robot_ws/install/is-core/lib/cmake/is-core/cmake/is_mix_install_extension.cmake
[6.697s] -- Up-to-date: /home/saba/workspaces/ramen_robot_ws/install/is-core/lib/cmake/is-core/cmake/is_generate_export_header.cmake
[6.697s] -- Up-to-date: /home/saba/workspaces/ramen_robot_ws/install/is-core/lib/cmake/is-core/cmake/common
[6.697s] -- Up-to-date: /home/saba/workspaces/ramen_robot_ws/install/is-core/lib/cmake/is-core/cmake/common/gtest.cmake
[6.697s] -- Up-to-date: /home/saba/workspaces/ramen_robot_ws/install/is-core/lib/cmake/is-core/templates
[6.697s] -- Up-to-date: /home/saba/workspaces/ramen_robot_ws/install/is-core/lib/cmake/is-core/templates/is-idl-middleware-mix-config.cmake.in
[6.698s] -- Up-to-date: /home/saba/workspaces/ramen_robot_ws/install/is-core/lib/cmake/is-core/templates/is-idl-middleware-mix-extension.cmake.in
[6.698s] -- Up-to-date: /home/saba/workspaces/ramen_robot_ws/install/is-core/lib/cmake/is-core/templates/plugin_library.mix.in
[6.698s] -- Up-to-date: /home/saba/workspaces/ramen_robot_ws/install/is-core/lib/cmake/is-core/templates/is-idl-pkg-mix-config.cmake.in
[6.698s] -- Up-to-date: /home/saba/workspaces/ramen_robot_ws/install/is-core/lib/cmake/is-core/templates/middleware-config.cmake.in
[6.701s] Invoked command in '/home/saba/workspaces/ramen_robot_ws/build/is-core' returned '0': /usr/bin/cmake --install /home/saba/workspaces/ramen_robot_ws/build/is-core
