[7.409s] Invoking command in '/home/saba/workspaces/ramen_robot_ws/src/ur3': PYTHONPATH=/home/saba/workspaces/ramen_robot_ws/build/ur3/prefix_override:/usr/lib/python3/dist-packages/colcon_core/task/python/colcon_distutils_commands:/home/saba/workspaces/ramen_robot_ws/install/ur3/lib/python3.10/site-packages:${PYTHONPATH} /usr/bin/python3 -W ignore:setup.py install is deprecated setup.py egg_info --egg-base ../../build/ur3 build --build-base /home/saba/workspaces/ramen_robot_ws/build/ur3/build install --record /home/saba/workspaces/ramen_robot_ws/build/ur3/install.log --single-version-externally-managed install_data
[8.784s] running egg_info
[8.885s] writing ../../build/ur3/ur3.egg-info/PKG-INFO
[8.956s] writing dependency_links to ../../build/ur3/ur3.egg-info/dependency_links.txt
[9.182s] writing entry points to ../../build/ur3/ur3.egg-info/entry_points.txt
[9.323s] writing requirements to ../../build/ur3/ur3.egg-info/requires.txt
[9.395s] writing top-level names to ../../build/ur3/ur3.egg-info/top_level.txt
[9.528s] reading manifest file '../../build/ur3/ur3.egg-info/SOURCES.txt'
[9.529s] writing manifest file '../../build/ur3/ur3.egg-info/SOURCES.txt'
[9.529s] running build
[9.529s] running build_py
[9.530s] running install
[9.537s] running install_lib
[9.643s] running install_data
[9.643s] running install_egg_info
[9.751s] removing '/home/saba/workspaces/ramen_robot_ws/install/ur3/lib/python3.10/site-packages/ur3-0.0.0-py3.10.egg-info' (and everything under it)
[9.751s] Copying ../../build/ur3/ur3.egg-info to /home/saba/workspaces/ramen_robot_ws/install/ur3/lib/python3.10/site-packages/ur3-0.0.0-py3.10.egg-info
[9.752s] running install_scripts
[9.981s] Installing depth_anything_node script to /home/saba/workspaces/ramen_robot_ws/install/ur3/lib/ur3
[9.982s] Installing ur3_negi_node script to /home/saba/workspaces/ramen_robot_ws/install/ur3/lib/ur3
[9.982s] Installing ur3_retouch_node script to /home/saba/workspaces/ramen_robot_ws/install/ur3/lib/ur3
[9.983s] Installing ur3_soup_node script to /home/saba/workspaces/ramen_robot_ws/install/ur3/lib/ur3
[9.984s] writing list of installed files to '/home/saba/workspaces/ramen_robot_ws/build/ur3/install.log'
[10.022s] Invoked command in '/home/saba/workspaces/ramen_robot_ws/src/ur3' returned '0': PYTHONPATH=/home/saba/workspaces/ramen_robot_ws/build/ur3/prefix_override:/usr/lib/python3/dist-packages/colcon_core/task/python/colcon_distutils_commands:/home/saba/workspaces/ramen_robot_ws/install/ur3/lib/python3.10/site-packages:${PYTHONPATH} /usr/bin/python3 -W ignore:setup.py install is deprecated setup.py egg_info --egg-base ../../build/ur3 build --build-base /home/saba/workspaces/ramen_robot_ws/build/ur3/build install --record /home/saba/workspaces/ramen_robot_ws/build/ur3/install.log --single-version-externally-managed install_data
