[7.362s] Invoking command in '/home/saba/workspaces/ramen_robot_ws/src/accountant': PYTHONPATH=/home/saba/workspaces/ramen_robot_ws/build/accountant/prefix_override:/usr/lib/python3/dist-packages/colcon_core/task/python/colcon_distutils_commands:/home/saba/workspaces/ramen_robot_ws/install/accountant/lib/python3.10/site-packages:${PYTHONPATH} /usr/bin/python3 -W ignore:setup.py install is deprecated setup.py egg_info --egg-base ../../build/accountant build --build-base /home/saba/workspaces/ramen_robot_ws/build/accountant/build install --record /home/saba/workspaces/ramen_robot_ws/build/accountant/install.log --single-version-externally-managed install_data
[8.731s] running egg_info
[8.832s] writing ../../build/accountant/accountant.egg-info/PKG-INFO
[8.907s] writing dependency_links to ../../build/accountant/accountant.egg-info/dependency_links.txt
[9.126s] writing entry points to ../../build/accountant/accountant.egg-info/entry_points.txt
[9.267s] writing requirements to ../../build/accountant/accountant.egg-info/requires.txt
[9.338s] writing top-level names to ../../build/accountant/accountant.egg-info/top_level.txt
[9.472s] reading manifest file '../../build/accountant/accountant.egg-info/SOURCES.txt'
[9.473s] writing manifest file '../../build/accountant/accountant.egg-info/SOURCES.txt'
[9.473s] running build
[9.474s] running build_py
[9.474s] running install
[9.481s] running install_lib
[9.585s] running install_data
[9.585s] running install_egg_info
[9.689s] removing '/home/saba/workspaces/ramen_robot_ws/install/accountant/lib/python3.10/site-packages/accountant-0.0.0-py3.10.egg-info' (and everything under it)
[9.690s] Copying ../../build/accountant/accountant.egg-info to /home/saba/workspaces/ramen_robot_ws/install/accountant/lib/python3.10/site-packages/accountant-0.0.0-py3.10.egg-info
[9.691s] running install_scripts
[9.915s] Installing accountant_node script to /home/saba/workspaces/ramen_robot_ws/install/accountant/lib/accountant
[9.915s] writing list of installed files to '/home/saba/workspaces/ramen_robot_ws/build/accountant/install.log'
[9.965s] Invoked command in '/home/saba/workspaces/ramen_robot_ws/src/accountant' returned '0': PYTHONPATH=/home/saba/workspaces/ramen_robot_ws/build/accountant/prefix_override:/usr/lib/python3/dist-packages/colcon_core/task/python/colcon_distutils_commands:/home/saba/workspaces/ramen_robot_ws/install/accountant/lib/python3.10/site-packages:${PYTHONPATH} /usr/bin/python3 -W ignore:setup.py install is deprecated setup.py egg_info --egg-base ../../build/accountant build --build-base /home/saba/workspaces/ramen_robot_ws/build/accountant/build install --record /home/saba/workspaces/ramen_robot_ws/build/accountant/install.log --single-version-externally-managed install_data
