[7.302s] Invoking command in '/home/saba/workspaces/ramen_robot_ws/src/ur3': PYTHONPATH=/home/saba/workspaces/ramen_robot_ws/build/ur3/prefix_override:/usr/lib/python3/dist-packages/colcon_core/task/python/colcon_distutils_commands:/home/saba/workspaces/ramen_robot_ws/install/ur3/lib/python3.10/site-packages:${PYTHONPATH} /usr/bin/python3 -W ignore:setup.py install is deprecated setup.py egg_info --egg-base ../../build/ur3 build --build-base /home/saba/workspaces/ramen_robot_ws/build/ur3/build install --record /home/saba/workspaces/ramen_robot_ws/build/ur3/install.log --single-version-externally-managed install_data
[8.669s] running egg_info
[8.767s] writing ../../build/ur3/ur3.egg-info/PKG-INFO
[8.836s] writing dependency_links to ../../build/ur3/ur3.egg-info/dependency_links.txt
[9.053s] writing entry points to ../../build/ur3/ur3.egg-info/entry_points.txt
[9.191s] writing requirements to ../../build/ur3/ur3.egg-info/requires.txt
[9.261s] writing top-level names to ../../build/ur3/ur3.egg-info/top_level.txt
[9.389s] reading manifest file '../../build/ur3/ur3.egg-info/SOURCES.txt'
[9.390s] writing manifest file '../../build/ur3/ur3.egg-info/SOURCES.txt'
[9.390s] running build
[9.390s] running build_py
[9.391s] running install
[9.398s] running install_lib
[9.497s] running install_data
[9.497s] running install_egg_info
[9.597s] removing '/home/saba/workspaces/ramen_robot_ws/install/ur3/lib/python3.10/site-packages/ur3-0.0.0-py3.10.egg-info' (and everything under it)
[9.597s] Copying ../../build/ur3/ur3.egg-info to /home/saba/workspaces/ramen_robot_ws/install/ur3/lib/python3.10/site-packages/ur3-0.0.0-py3.10.egg-info
[9.598s] running install_scripts
[9.808s] Installing depth_anything_node script to /home/saba/workspaces/ramen_robot_ws/install/ur3/lib/ur3
[9.808s] Installing ur3_negi_node script to /home/saba/workspaces/ramen_robot_ws/install/ur3/lib/ur3
[9.809s] Installing ur3_retouch_node script to /home/saba/workspaces/ramen_robot_ws/install/ur3/lib/ur3
[9.809s] Installing ur3_soup_node script to /home/saba/workspaces/ramen_robot_ws/install/ur3/lib/ur3
[9.809s] writing list of installed files to '/home/saba/workspaces/ramen_robot_ws/build/ur3/install.log'
[9.859s] Invoked command in '/home/saba/workspaces/ramen_robot_ws/src/ur3' returned '0': PYTHONPATH=/home/saba/workspaces/ramen_robot_ws/build/ur3/prefix_override:/usr/lib/python3/dist-packages/colcon_core/task/python/colcon_distutils_commands:/home/saba/workspaces/ramen_robot_ws/install/ur3/lib/python3.10/site-packages:${PYTHONPATH} /usr/bin/python3 -W ignore:setup.py install is deprecated setup.py egg_info --egg-base ../../build/ur3 build --build-base /home/saba/workspaces/ramen_robot_ws/build/ur3/build install --record /home/saba/workspaces/ramen_robot_ws/build/ur3/install.log --single-version-externally-managed install_data
