[8.941s] Invoking command in '/home/saba/workspaces/ramen_robot_ws/src/agv': PYTHONPATH=/home/saba/workspaces/ramen_robot_ws/build/agv/prefix_override:/usr/lib/python3/dist-packages/colcon_core/task/python/colcon_distutils_commands:/home/saba/workspaces/ramen_robot_ws/install/agv/lib/python3.10/site-packages:${PYTHONPATH} /usr/bin/python3 -W ignore:setup.py install is deprecated setup.py egg_info --egg-base ../../build/agv build --build-base /home/saba/workspaces/ramen_robot_ws/build/agv/build install --record /home/saba/workspaces/ramen_robot_ws/build/agv/install.log --single-version-externally-managed install_data
[12.922s] running egg_info
[13.180s] writing ../../build/agv/agv.egg-info/PKG-INFO
[13.346s] writing dependency_links to ../../build/agv/agv.egg-info/dependency_links.txt
[13.957s] writing entry points to ../../build/agv/agv.egg-info/entry_points.txt
[14.389s] writing requirements to ../../build/agv/agv.egg-info/requires.txt
[14.590s] writing top-level names to ../../build/agv/agv.egg-info/top_level.txt
[14.994s] reading manifest file '../../build/agv/agv.egg-info/SOURCES.txt'
[14.996s] writing manifest file '../../build/agv/agv.egg-info/SOURCES.txt'
[14.996s] running build
[14.996s] running build_py
[14.998s] running install
[15.013s] running install_lib
[15.282s] running install_data
[15.282s] running install_egg_info
[15.499s] removing '/home/saba/workspaces/ramen_robot_ws/install/agv/lib/python3.10/site-packages/agv-0.0.0-py3.10.egg-info' (and everything under it)
[15.500s] Copying ../../build/agv/agv.egg-info to /home/saba/workspaces/ramen_robot_ws/install/agv/lib/python3.10/site-packages/agv-0.0.0-py3.10.egg-info
[15.501s] running install_scripts
[15.930s] Installing agv1_node script to /home/saba/workspaces/ramen_robot_ws/install/agv/lib/agv
[15.931s] Installing agv2_node script to /home/saba/workspaces/ramen_robot_ws/install/agv/lib/agv
[15.931s] Installing agv3_node script to /home/saba/workspaces/ramen_robot_ws/install/agv/lib/agv
[15.932s] Installing agv_commander_node script to /home/saba/workspaces/ramen_robot_ws/install/agv/lib/agv
[15.933s] writing list of installed files to '/home/saba/workspaces/ramen_robot_ws/build/agv/install.log'
