running egg_info
writing ../../build/ur5/ur5.egg-info/PKG-INFO
writing dependency_links to ../../build/ur5/ur5.egg-info/dependency_links.txt
writing entry points to ../../build/ur5/ur5.egg-info/entry_points.txt
writing requirements to ../../build/ur5/ur5.egg-info/requires.txt
writing top-level names to ../../build/ur5/ur5.egg-info/top_level.txt
reading manifest file '../../build/ur5/ur5.egg-info/SOURCES.txt'
writing manifest file '../../build/ur5/ur5.egg-info/SOURCES.txt'
running build
running build_py
copying ur5/ur5_pork_node.py -> /home/saba/workspaces/ramen_robot_ws/build/ur5/build/lib/ur5
running install
running install_lib
copying /home/saba/workspaces/ramen_robot_ws/build/ur5/build/lib/ur5/ur5_pork_node.py -> /home/saba/workspaces/ramen_robot_ws/install/ur5/lib/python3.10/site-packages/ur5
byte-compiling /home/saba/workspaces/ramen_robot_ws/install/ur5/lib/python3.10/site-packages/ur5/ur5_pork_node.py to ur5_pork_node.cpython-310.pyc
running install_data
running install_egg_info
removing '/home/saba/workspaces/ramen_robot_ws/install/ur5/lib/python3.10/site-packages/ur5-0.0.0-py3.10.egg-info' (and everything under it)
Copying ../../build/ur5/ur5.egg-info to /home/saba/workspaces/ramen_robot_ws/install/ur5/lib/python3.10/site-packages/ur5-0.0.0-py3.10.egg-info
running install_scripts
Installing pork_image_node script to /home/saba/workspaces/ramen_robot_ws/install/ur5/lib/ur5
Installing ur5_noodle_node script to /home/saba/workspaces/ramen_robot_ws/install/ur5/lib/ur5
Installing ur5_pork_node script to /home/saba/workspaces/ramen_robot_ws/install/ur5/lib/ur5
Installing ur5_retouch_node script to /home/saba/workspaces/ramen_robot_ws/install/ur5/lib/ur5
writing list of installed files to '/home/saba/workspaces/ramen_robot_ws/build/ur5/install.log'
