running egg_info
writing ../../build/ur3/ur3.egg-info/PKG-INFO
writing dependency_links to ../../build/ur3/ur3.egg-info/dependency_links.txt
writing entry points to ../../build/ur3/ur3.egg-info/entry_points.txt
writing requirements to ../../build/ur3/ur3.egg-info/requires.txt
writing top-level names to ../../build/ur3/ur3.egg-info/top_level.txt
reading manifest file '../../build/ur3/ur3.egg-info/SOURCES.txt'
writing manifest file '../../build/ur3/ur3.egg-info/SOURCES.txt'
running build
running build_py
copying ur3/ur3_soup_node.py -> /home/saba/workspaces/ramen_robot_ws/build/ur3/build/lib/ur3
running install
running install_lib
copying /home/saba/workspaces/ramen_robot_ws/build/ur3/build/lib/ur3/ur3_soup_node.py -> /home/saba/workspaces/ramen_robot_ws/install/ur3/lib/python3.10/site-packages/ur3
byte-compiling /home/saba/workspaces/ramen_robot_ws/install/ur3/lib/python3.10/site-packages/ur3/ur3_soup_node.py to ur3_soup_node.cpython-310.pyc
running install_data
running install_egg_info
removing '/home/saba/workspaces/ramen_robot_ws/install/ur3/lib/python3.10/site-packages/ur3-0.0.0-py3.10.egg-info' (and everything under it)
Copying ../../build/ur3/ur3.egg-info to /home/saba/workspaces/ramen_robot_ws/install/ur3/lib/python3.10/site-packages/ur3-0.0.0-py3.10.egg-info
running install_scripts
Installing depth_anything_node script to /home/saba/workspaces/ramen_robot_ws/install/ur3/lib/ur3
Installing hello_node script to /home/saba/workspaces/ramen_robot_ws/install/ur3/lib/ur3
Installing ur3_negi_node script to /home/saba/workspaces/ramen_robot_ws/install/ur3/lib/ur3
Installing ur3_retouch_node script to /home/saba/workspaces/ramen_robot_ws/install/ur3/lib/ur3
Installing ur3_soup_node script to /home/saba/workspaces/ramen_robot_ws/install/ur3/lib/ur3
writing list of installed files to '/home/saba/workspaces/ramen_robot_ws/build/ur3/install.log'
