[2.686s] Invoking command in '/home/saba/workspaces/ramen_robot_ws/src/ur3': PYTHONPATH=/home/saba/workspaces/ramen_robot_ws/build/ur3/prefix_override:/usr/lib/python3/dist-packages/colcon_core/task/python/colcon_distutils_commands:/home/saba/workspaces/ramen_robot_ws/install/ur3/lib/python3.10/site-packages:${PYTHONPATH} /usr/bin/python3 -W ignore:setup.py install is deprecated setup.py egg_info --egg-base ../../build/ur3 build --build-base /home/saba/workspaces/ramen_robot_ws/build/ur3/build install --record /home/saba/workspaces/ramen_robot_ws/build/ur3/install.log --single-version-externally-managed install_data
[3.998s] running egg_info
[4.090s] writing ../../build/ur3/ur3.egg-info/PKG-INFO
[4.156s] writing dependency_links to ../../build/ur3/ur3.egg-info/dependency_links.txt
[4.351s] writing entry points to ../../build/ur3/ur3.egg-info/entry_points.txt
[4.488s] writing requirements to ../../build/ur3/ur3.egg-info/requires.txt
[4.550s] writing top-level names to ../../build/ur3/ur3.egg-info/top_level.txt
[4.673s] reading manifest file '../../build/ur3/ur3.egg-info/SOURCES.txt'
[4.674s] writing manifest file '../../build/ur3/ur3.egg-info/SOURCES.txt'
[4.675s] running build
[4.675s] running build_py
[4.675s] copying ur3/ur3_soup_node.py -> /home/saba/workspaces/ramen_robot_ws/build/ur3/build/lib/ur3
[4.675s] running install
[4.682s] running install_lib
[4.774s] copying /home/saba/workspaces/ramen_robot_ws/build/ur3/build/lib/ur3/ur3_soup_node.py -> /home/saba/workspaces/ramen_robot_ws/install/ur3/lib/python3.10/site-packages/ur3
[4.776s] byte-compiling /home/saba/workspaces/ramen_robot_ws/install/ur3/lib/python3.10/site-packages/ur3/ur3_soup_node.py to ur3_soup_node.cpython-310.pyc
[4.777s] running install_data
[4.777s] running install_egg_info
[4.870s] removing '/home/saba/workspaces/ramen_robot_ws/install/ur3/lib/python3.10/site-packages/ur3-0.0.0-py3.10.egg-info' (and everything under it)
[4.870s] Copying ../../build/ur3/ur3.egg-info to /home/saba/workspaces/ramen_robot_ws/install/ur3/lib/python3.10/site-packages/ur3-0.0.0-py3.10.egg-info
[4.872s] running install_scripts
[5.069s] Installing depth_anything_node script to /home/saba/workspaces/ramen_robot_ws/install/ur3/lib/ur3
[5.069s] Installing hello_node script to /home/saba/workspaces/ramen_robot_ws/install/ur3/lib/ur3
[5.069s] Installing ur3_negi_node script to /home/saba/workspaces/ramen_robot_ws/install/ur3/lib/ur3
[5.070s] Installing ur3_retouch_node script to /home/saba/workspaces/ramen_robot_ws/install/ur3/lib/ur3
[5.070s] Installing ur3_soup_node script to /home/saba/workspaces/ramen_robot_ws/install/ur3/lib/ur3
[5.070s] writing list of installed files to '/home/saba/workspaces/ramen_robot_ws/build/ur3/install.log'
[5.100s] Invoked command in '/home/saba/workspaces/ramen_robot_ws/src/ur3' returned '0': PYTHONPATH=/home/saba/workspaces/ramen_robot_ws/build/ur3/prefix_override:/usr/lib/python3/dist-packages/colcon_core/task/python/colcon_distutils_commands:/home/saba/workspaces/ramen_robot_ws/install/ur3/lib/python3.10/site-packages:${PYTHONPATH} /usr/bin/python3 -W ignore:setup.py install is deprecated setup.py egg_info --egg-base ../../build/ur3 build --build-base /home/saba/workspaces/ramen_robot_ws/build/ur3/build install --record /home/saba/workspaces/ramen_robot_ws/build/ur3/install.log --single-version-externally-managed install_data
