[3.261s] Invoking command in '/home/saba/workspaces/ramen_robot_ws/src/ur3': PYTHONPATH=/home/saba/workspaces/ramen_robot_ws/build/ur3/prefix_override:/usr/lib/python3/dist-packages/colcon_core/task/python/colcon_distutils_commands:/home/saba/workspaces/ramen_robot_ws/install/ur3/lib/python3.10/site-packages:${PYTHONPATH} /usr/bin/python3 -W ignore:setup.py install is deprecated setup.py egg_info --egg-base ../../build/ur3 build --build-base /home/saba/workspaces/ramen_robot_ws/build/ur3/build install --record /home/saba/workspaces/ramen_robot_ws/build/ur3/install.log --single-version-externally-managed install_data
[4.849s] running egg_info
[4.962s] writing ../../build/ur3/ur3.egg-info/PKG-INFO
[5.037s] writing dependency_links to ../../build/ur3/ur3.egg-info/dependency_links.txt
[5.258s] writing entry points to ../../build/ur3/ur3.egg-info/entry_points.txt
[5.405s] writing requirements to ../../build/ur3/ur3.egg-info/requires.txt
[5.482s] writing top-level names to ../../build/ur3/ur3.egg-info/top_level.txt
[5.634s] reading manifest file '../../build/ur3/ur3.egg-info/SOURCES.txt'
[5.634s] writing manifest file '../../build/ur3/ur3.egg-info/SOURCES.txt'
[5.635s] running build
[5.635s] running build_py
[5.635s] copying ur3/depth_anything_node.py -> /home/saba/workspaces/ramen_robot_ws/build/ur3/build/lib/ur3
[5.638s] running install
[5.647s] running install_lib
[5.750s] copying /home/saba/workspaces/ramen_robot_ws/build/ur3/build/lib/ur3/depth_anything_node.py -> /home/saba/workspaces/ramen_robot_ws/install/ur3/lib/python3.10/site-packages/ur3
[5.751s] byte-compiling /home/saba/workspaces/ramen_robot_ws/install/ur3/lib/python3.10/site-packages/ur3/depth_anything_node.py to depth_anything_node.cpython-310.pyc
[5.754s] running install_data
[5.754s] running install_egg_info
[5.860s] removing '/home/saba/workspaces/ramen_robot_ws/install/ur3/lib/python3.10/site-packages/ur3-0.0.0-py3.10.egg-info' (and everything under it)
[5.860s] Copying ../../build/ur3/ur3.egg-info to /home/saba/workspaces/ramen_robot_ws/install/ur3/lib/python3.10/site-packages/ur3-0.0.0-py3.10.egg-info
[5.862s] running install_scripts
[6.096s] Installing depth_anything_node script to /home/saba/workspaces/ramen_robot_ws/install/ur3/lib/ur3
[6.096s] Installing hello_node script to /home/saba/workspaces/ramen_robot_ws/install/ur3/lib/ur3
[6.096s] Installing ur3_negi_node script to /home/saba/workspaces/ramen_robot_ws/install/ur3/lib/ur3
[6.096s] Installing ur3_retouch_node script to /home/saba/workspaces/ramen_robot_ws/install/ur3/lib/ur3
[6.097s] Installing ur3_soup_node script to /home/saba/workspaces/ramen_robot_ws/install/ur3/lib/ur3
[6.097s] writing list of installed files to '/home/saba/workspaces/ramen_robot_ws/build/ur3/install.log'
[6.136s] Invoked command in '/home/saba/workspaces/ramen_robot_ws/src/ur3' returned '0': PYTHONPATH=/home/saba/workspaces/ramen_robot_ws/build/ur3/prefix_override:/usr/lib/python3/dist-packages/colcon_core/task/python/colcon_distutils_commands:/home/saba/workspaces/ramen_robot_ws/install/ur3/lib/python3.10/site-packages:${PYTHONPATH} /usr/bin/python3 -W ignore:setup.py install is deprecated setup.py egg_info --egg-base ../../build/ur3 build --build-base /home/saba/workspaces/ramen_robot_ws/build/ur3/build install --record /home/saba/workspaces/ramen_robot_ws/build/ur3/install.log --single-version-externally-managed install_data
