-- The CXX compiler identification is GNU 11.4.0
-- Detecting CXX compiler ABI info
-- Detecting CXX compiler ABI info - done
-- Check for working CXX compiler: /usr/bin/c++ - skipped
-- Detecting CXX compile features
-- Detecting CXX compile features - done
-- Found Boost: /usr/lib/x86_64-linux-gnu/cmake/Boost-1.74.0/BoostConfig.cmake (found version "1.74.0") found components: program_options 
-- Performing Test COMPILER_HAS_HIDDEN_VISIBILITY
-- Performing Test COMPILER_HAS_HIDDEN_VISIBILITY - Success
-- Performing Test COMPILER_HAS_HIDDEN_INLINE_VISIBILITY
-- Performing Test COMPILER_HAS_HIDDEN_INLINE_VISIBILITY - Success
-- Performing Test COMPILER_HAS_DEPRECATED_ATTR
-- Performing Test COMPILER_HAS_DEPRECATED_ATTR - Success
-- Configuring done
-- Generating done
-- Build files have been written to: /home/saba/workspaces/ramen_robot_ws/build/is-core
[  9%] [32mBuilding CXX object CMakeFiles/is-core.dir/src/runtime/Search.cpp.o[0m
[ 18%] [32mBuilding CXX object CMakeFiles/is-core.dir/src/runtime/FieldToString.cpp.o[0m
[ 27%] [32mBuilding CXX object CMakeFiles/is-core.dir/src/runtime/MiddlewareInterfaceExtension.cpp.o[0m
[ 36%] [32mBuilding CXX object CMakeFiles/is-core.dir/src/runtime/StringTemplate.cpp.o[0m
[ 45%] [32mBuilding CXX object CMakeFiles/is-core.dir/src/Config.cpp.o[0m
[ 54%] [32mBuilding CXX object CMakeFiles/is-core.dir/src/utils/Log.cpp.o[0m
[ 63%] [32mBuilding CXX object CMakeFiles/is-core.dir/src/systemhandle/RegisterSystem.cpp.o[0m
[ 72%] [32mBuilding CXX object CMakeFiles/is-core.dir/src/Instance.cpp.o[0m
[01m[K/home/saba/workspaces/ramen_robot_ws/src/Integration-Service/core/src/runtime/Search.cpp:[m[K In constructor ‘[01m[Keprosima::is::core::Search::Implementation::GlobalPathInitializer::GlobalPathInitializer()[m[K’:
[01m[K/home/saba/workspaces/ramen_robot_ws/src/Integration-Service/core/src/runtime/Search.cpp:530:37:[m[K [01;35m[Kwarning: [m[Kloop variable ‘[01m[Kpath[m[K’ of type ‘[01m[Kconst string&[m[K’ {aka ‘[01m[Kconst std::__cxx11::basic_string<char>&[m[K’} binds to a temporary constructed from type ‘[01m[Kconst char* const[m[K’ [[01;35m[K]8;;https://gcc.gnu.org/onlinedocs/gcc/Warning-Options.html#index-Wrange-loop-construct-Wrange-loop-construct]8;;[m[K]
  530 |             for (const std::string& [01;35m[Kpath[m[K :
      |                                     [01;35m[K^~~~[m[K
[01m[K/home/saba/workspaces/ramen_robot_ws/src/Integration-Service/core/src/runtime/Search.cpp:530:37:[m[K [01;36m[Knote: [m[Kuse non-reference type ‘[01m[Kconst string[m[K’ {aka ‘[01m[Kconst std::__cxx11::basic_string<char>[m[K’} to make the copy explicit or ‘[01m[Kconst char* const&[m[K’ to prevent copying
[ 81%] [32m[1mLinking CXX shared library libis-core.so[0m
[ 81%] Built target is-core
[ 90%] [32mBuilding CXX object CMakeFiles/integration-service.dir/src/integration-service.cpp.o[0m
[100%] [32m[1mLinking CXX executable integration-service[0m
[100%] Built target integration-service
-- Install configuration: ""
-- Installing: /home/saba/workspaces/ramen_robot_ws/install/is-core/lib/libis-core.so.3.1.0
-- Installing: /home/saba/workspaces/ramen_robot_ws/install/is-core/lib/libis-core.so.3.1
-- Installing: /home/saba/workspaces/ramen_robot_ws/install/is-core/lib/libis-core.so
-- Installing: /home/saba/workspaces/ramen_robot_ws/install/is-core/lib/cmake/is-core/is-core-target.cmake
-- Installing: /home/saba/workspaces/ramen_robot_ws/install/is-core/lib/cmake/is-core/is-core-target-noconfig.cmake
-- Up-to-date: /home/saba/workspaces/ramen_robot_ws/install/is-core/include
-- Up-to-date: /home/saba/workspaces/ramen_robot_ws/install/is-core/include/is
-- Installing: /home/saba/workspaces/ramen_robot_ws/install/is-core/include/is/systemhandle
-- Installing: /home/saba/workspaces/ramen_robot_ws/install/is-core/include/is/systemhandle/SystemHandle.hpp
-- Installing: /home/saba/workspaces/ramen_robot_ws/install/is-core/include/is/systemhandle/RegisterSystem.hpp
-- Installing: /home/saba/workspaces/ramen_robot_ws/install/is-core/include/is/systemhandle/SystemHandleFactory.hpp
-- Installing: /home/saba/workspaces/ramen_robot_ws/install/is-core/include/is/utils
-- Installing: /home/saba/workspaces/ramen_robot_ws/install/is-core/include/is/utils/Convert.hpp
-- Installing: /home/saba/workspaces/ramen_robot_ws/install/is-core/include/is/utils/Log.hpp
-- Installing: /home/saba/workspaces/ramen_robot_ws/install/is-core/include/is/config.hpp.in
-- Up-to-date: /home/saba/workspaces/ramen_robot_ws/install/is-core/include/is/core
-- Installing: /home/saba/workspaces/ramen_robot_ws/install/is-core/include/is/core/Config.hpp
-- Installing: /home/saba/workspaces/ramen_robot_ws/install/is-core/include/is/core/Message.hpp
-- Installing: /home/saba/workspaces/ramen_robot_ws/install/is-core/include/is/core/Instance.hpp
-- Installing: /home/saba/workspaces/ramen_robot_ws/install/is-core/include/is/core/runtime
-- Installing: /home/saba/workspaces/ramen_robot_ws/install/is-core/include/is/core/runtime/MiddlewareInterfaceExtension.hpp
-- Installing: /home/saba/workspaces/ramen_robot_ws/install/is-core/include/is/core/runtime/Search.hpp
-- Installing: /home/saba/workspaces/ramen_robot_ws/install/is-core/include/is/core/runtime/FieldToString.hpp
-- Installing: /home/saba/workspaces/ramen_robot_ws/install/is-core/include/is/core/runtime/StringTemplate.hpp
-- Installing: /home/saba/workspaces/ramen_robot_ws/install/is-core/lib/cmake/is-core/is-coreConfig.cmake
-- Installing: /home/saba/workspaces/ramen_robot_ws/install/is-core/bin/integration-service
-- Set runtime path of "/home/saba/workspaces/ramen_robot_ws/install/is-core/bin/integration-service" to ""
-- Installing: /home/saba/workspaces/ramen_robot_ws/install/is-core/lib/cmake/is-core/cmake
-- Installing: /home/saba/workspaces/ramen_robot_ws/install/is-core/lib/cmake/is-core/cmake/is_install_middleware_plugin.cmake
-- Installing: /home/saba/workspaces/ramen_robot_ws/install/is-core/lib/cmake/is-core/cmake/is_mix_generator.cmake
-- Installing: /home/saba/workspaces/ramen_robot_ws/install/is-core/lib/cmake/is-core/cmake/is_mix_install_extension.cmake
-- Installing: /home/saba/workspaces/ramen_robot_ws/install/is-core/lib/cmake/is-core/cmake/is_generate_export_header.cmake
-- Installing: /home/saba/workspaces/ramen_robot_ws/install/is-core/lib/cmake/is-core/cmake/common
-- Installing: /home/saba/workspaces/ramen_robot_ws/install/is-core/lib/cmake/is-core/cmake/common/gtest.cmake
-- Installing: /home/saba/workspaces/ramen_robot_ws/install/is-core/lib/cmake/is-core/templates
-- Installing: /home/saba/workspaces/ramen_robot_ws/install/is-core/lib/cmake/is-core/templates/is-idl-middleware-mix-config.cmake.in
-- Installing: /home/saba/workspaces/ramen_robot_ws/install/is-core/lib/cmake/is-core/templates/is-idl-middleware-mix-extension.cmake.in
-- Installing: /home/saba/workspaces/ramen_robot_ws/install/is-core/lib/cmake/is-core/templates/plugin_library.mix.in
-- Installing: /home/saba/workspaces/ramen_robot_ws/install/is-core/lib/cmake/is-core/templates/is-idl-pkg-mix-config.cmake.in
-- Installing: /home/saba/workspaces/ramen_robot_ws/install/is-core/lib/cmake/is-core/templates/middleware-config.cmake.in
