[0.098s] Invoking command in '/home/saba/workspaces/ramen_robot_ws/build/is-core': /usr/bin/cmake /home/saba/workspaces/ramen_robot_ws/src/Integration-Service/core -DCMAKE_INSTALL_PREFIX=/home/saba/workspaces/ramen_robot_ws/install/is-core
[5.648s] -- The CXX compiler identification is GNU 11.4.0
[5.648s] -- Detecting CXX compiler ABI info
[5.648s] -- Detecting CXX compiler ABI info - done
[5.648s] -- Check for working CXX compiler: /usr/bin/c++ - skipped
[5.649s] -- Detecting CXX compile features
[5.649s] -- Detecting CXX compile features - done
[5.649s] -- Found Boost: /usr/lib/x86_64-linux-gnu/cmake/Boost-1.74.0/BoostConfig.cmake (found version "1.74.0") found components: program_options 
[5.649s] -- Performing Test COMPILER_HAS_HIDDEN_VISIBILITY
[5.649s] -- Performing Test COMPILER_HAS_HIDDEN_VISIBILITY - Success
[5.650s] -- Performing Test COMPILER_HAS_HIDDEN_INLINE_VISIBILITY
[5.650s] -- Performing Test COMPILER_HAS_HIDDEN_INLINE_VISIBILITY - Success
[5.650s] -- Performing Test COMPILER_HAS_DEPRECATED_ATTR
[5.650s] -- Performing Test COMPILER_HAS_DEPRECATED_ATTR - Success
[5.650s] -- Configuring done
[5.651s] -- Generating done
[5.651s] -- Build files have been written to: /home/saba/workspaces/ramen_robot_ws/build/is-core
[5.659s] Invoked command in '/home/saba/workspaces/ramen_robot_ws/build/is-core' returned '0': /usr/bin/cmake /home/saba/workspaces/ramen_robot_ws/src/Integration-Service/core -DCMAKE_INSTALL_PREFIX=/home/saba/workspaces/ramen_robot_ws/install/is-core
[5.661s] Invoking command in '/home/saba/workspaces/ramen_robot_ws/build/is-core': /usr/bin/cmake --build /home/saba/workspaces/ramen_robot_ws/build/is-core -- -j16 -l16
[5.733s] [  9%] [32mBuilding CXX object CMakeFiles/is-core.dir/src/runtime/Search.cpp.o[0m
[5.733s] [ 18%] [32mBuilding CXX object CMakeFiles/is-core.dir/src/runtime/FieldToString.cpp.o[0m
[5.733s] [ 27%] [32mBuilding CXX object CMakeFiles/is-core.dir/src/runtime/MiddlewareInterfaceExtension.cpp.o[0m
[5.734s] [ 36%] [32mBuilding CXX object CMakeFiles/is-core.dir/src/runtime/StringTemplate.cpp.o[0m
[5.735s] [ 45%] [32mBuilding CXX object CMakeFiles/is-core.dir/src/Config.cpp.o[0m
[5.735s] [ 54%] [32mBuilding CXX object CMakeFiles/is-core.dir/src/utils/Log.cpp.o[0m
[5.736s] [ 63%] [32mBuilding CXX object CMakeFiles/is-core.dir/src/systemhandle/RegisterSystem.cpp.o[0m
[5.737s] [ 72%] [32mBuilding CXX object CMakeFiles/is-core.dir/src/Instance.cpp.o[0m
[7.168s] [01m[K/home/saba/workspaces/ramen_robot_ws/src/Integration-Service/core/src/runtime/Search.cpp:[m[K In constructor ‘[01m[Keprosima::is::core::Search::Implementation::GlobalPathInitializer::GlobalPathInitializer()[m[K’:
[7.168s] [01m[K/home/saba/workspaces/ramen_robot_ws/src/Integration-Service/core/src/runtime/Search.cpp:530:37:[m[K [01;35m[Kwarning: [m[Kloop variable ‘[01m[Kpath[m[K’ of type ‘[01m[Kconst string&[m[K’ {aka ‘[01m[Kconst std::__cxx11::basic_string<char>&[m[K’} binds to a temporary constructed from type ‘[01m[Kconst char* const[m[K’ [[01;35m[K]8;;https://gcc.gnu.org/onlinedocs/gcc/Warning-Options.html#index-Wrange-loop-construct-Wrange-loop-construct]8;;[m[K]
[7.168s]   530 |             for (const std::string& [01;35m[Kpath[m[K :
[7.168s]       |                                     [01;35m[K^~~~[m[K
[7.168s] [01m[K/home/saba/workspaces/ramen_robot_ws/src/Integration-Service/core/src/runtime/Search.cpp:530:37:[m[K [01;36m[Knote: [m[Kuse non-reference type ‘[01m[Kconst string[m[K’ {aka ‘[01m[Kconst std::__cxx11::basic_string<char>[m[K’} to make the copy explicit or ‘[01m[Kconst char* const&[m[K’ to prevent copying
[27.693s] [ 81%] [32m[1mLinking CXX shared library libis-core.so[0m
[28.720s] [ 81%] Built target is-core
[28.752s] [ 90%] [32mBuilding CXX object CMakeFiles/integration-service.dir/src/integration-service.cpp.o[0m
[36.769s] [100%] [32m[1mLinking CXX executable integration-service[0m
[37.100s] [100%] Built target integration-service
[37.116s] Invoked command in '/home/saba/workspaces/ramen_robot_ws/build/is-core' returned '0': /usr/bin/cmake --build /home/saba/workspaces/ramen_robot_ws/build/is-core -- -j16 -l16
[37.234s] Invoking command in '/home/saba/workspaces/ramen_robot_ws/build/is-core': /usr/bin/cmake --install /home/saba/workspaces/ramen_robot_ws/build/is-core
[37.244s] -- Install configuration: ""
[37.244s] -- Installing: /home/saba/workspaces/ramen_robot_ws/install/is-core/lib/libis-core.so.3.1.0
[37.258s] -- Installing: /home/saba/workspaces/ramen_robot_ws/install/is-core/lib/libis-core.so.3.1
[37.258s] -- Installing: /home/saba/workspaces/ramen_robot_ws/install/is-core/lib/libis-core.so
[37.258s] -- Installing: /home/saba/workspaces/ramen_robot_ws/install/is-core/lib/cmake/is-core/is-core-target.cmake
[37.258s] -- Installing: /home/saba/workspaces/ramen_robot_ws/install/is-core/lib/cmake/is-core/is-core-target-noconfig.cmake
[37.258s] -- Up-to-date: /home/saba/workspaces/ramen_robot_ws/install/is-core/include
[37.259s] -- Up-to-date: /home/saba/workspaces/ramen_robot_ws/install/is-core/include/is
[37.259s] -- Installing: /home/saba/workspaces/ramen_robot_ws/install/is-core/include/is/systemhandle
[37.259s] -- Installing: /home/saba/workspaces/ramen_robot_ws/install/is-core/include/is/systemhandle/SystemHandle.hpp
[37.259s] -- Installing: /home/saba/workspaces/ramen_robot_ws/install/is-core/include/is/systemhandle/RegisterSystem.hpp
[37.259s] -- Installing: /home/saba/workspaces/ramen_robot_ws/install/is-core/include/is/systemhandle/SystemHandleFactory.hpp
[37.260s] -- Installing: /home/saba/workspaces/ramen_robot_ws/install/is-core/include/is/utils
[37.260s] -- Installing: /home/saba/workspaces/ramen_robot_ws/install/is-core/include/is/utils/Convert.hpp
[37.260s] -- Installing: /home/saba/workspaces/ramen_robot_ws/install/is-core/include/is/utils/Log.hpp
[37.260s] -- Installing: /home/saba/workspaces/ramen_robot_ws/install/is-core/include/is/config.hpp.in
[37.260s] -- Up-to-date: /home/saba/workspaces/ramen_robot_ws/install/is-core/include/is/core
[37.260s] -- Installing: /home/saba/workspaces/ramen_robot_ws/install/is-core/include/is/core/Config.hpp
[37.260s] -- Installing: /home/saba/workspaces/ramen_robot_ws/install/is-core/include/is/core/Message.hpp
[37.260s] -- Installing: /home/saba/workspaces/ramen_robot_ws/install/is-core/include/is/core/Instance.hpp
[37.260s] -- Installing: /home/saba/workspaces/ramen_robot_ws/install/is-core/include/is/core/runtime
[37.261s] -- Installing: /home/saba/workspaces/ramen_robot_ws/install/is-core/include/is/core/runtime/MiddlewareInterfaceExtension.hpp
[37.261s] -- Installing: /home/saba/workspaces/ramen_robot_ws/install/is-core/include/is/core/runtime/Search.hpp
[37.261s] -- Installing: /home/saba/workspaces/ramen_robot_ws/install/is-core/include/is/core/runtime/FieldToString.hpp
[37.261s] -- Installing: /home/saba/workspaces/ramen_robot_ws/install/is-core/include/is/core/runtime/StringTemplate.hpp
[37.261s] -- Installing: /home/saba/workspaces/ramen_robot_ws/install/is-core/lib/cmake/is-core/is-coreConfig.cmake
[37.261s] -- Installing: /home/saba/workspaces/ramen_robot_ws/install/is-core/bin/integration-service
[37.263s] -- Set runtime path of "/home/saba/workspaces/ramen_robot_ws/install/is-core/bin/integration-service" to ""
[37.264s] -- Installing: /home/saba/workspaces/ramen_robot_ws/install/is-core/lib/cmake/is-core/cmake
[37.264s] -- Installing: /home/saba/workspaces/ramen_robot_ws/install/is-core/lib/cmake/is-core/cmake/is_install_middleware_plugin.cmake
[37.264s] -- Installing: /home/saba/workspaces/ramen_robot_ws/install/is-core/lib/cmake/is-core/cmake/is_mix_generator.cmake
[37.264s] -- Installing: /home/saba/workspaces/ramen_robot_ws/install/is-core/lib/cmake/is-core/cmake/is_mix_install_extension.cmake
[37.264s] -- Installing: /home/saba/workspaces/ramen_robot_ws/install/is-core/lib/cmake/is-core/cmake/is_generate_export_header.cmake
[37.264s] -- Installing: /home/saba/workspaces/ramen_robot_ws/install/is-core/lib/cmake/is-core/cmake/common
[37.264s] -- Installing: /home/saba/workspaces/ramen_robot_ws/install/is-core/lib/cmake/is-core/cmake/common/gtest.cmake
[37.264s] -- Installing: /home/saba/workspaces/ramen_robot_ws/install/is-core/lib/cmake/is-core/templates
[37.265s] -- Installing: /home/saba/workspaces/ramen_robot_ws/install/is-core/lib/cmake/is-core/templates/is-idl-middleware-mix-config.cmake.in
[37.265s] -- Installing: /home/saba/workspaces/ramen_robot_ws/install/is-core/lib/cmake/is-core/templates/is-idl-middleware-mix-extension.cmake.in
[37.265s] -- Installing: /home/saba/workspaces/ramen_robot_ws/install/is-core/lib/cmake/is-core/templates/plugin_library.mix.in
[37.265s] -- Installing: /home/saba/workspaces/ramen_robot_ws/install/is-core/lib/cmake/is-core/templates/is-idl-pkg-mix-config.cmake.in
[37.265s] -- Installing: /home/saba/workspaces/ramen_robot_ws/install/is-core/lib/cmake/is-core/templates/middleware-config.cmake.in
[37.269s] Invoked command in '/home/saba/workspaces/ramen_robot_ws/build/is-core' returned '0': /usr/bin/cmake --install /home/saba/workspaces/ramen_robot_ws/build/is-core
