[8.895s] Invoking command in '/home/saba/workspaces/ramen_robot_ws/src/ur3': PYTHONPATH=/home/saba/workspaces/ramen_robot_ws/build/ur3/prefix_override:/usr/lib/python3/dist-packages/colcon_core/task/python/colcon_distutils_commands:/home/saba/workspaces/ramen_robot_ws/install/ur3/lib/python3.10/site-packages:${PYTHONPATH} /usr/bin/python3 -W ignore:setup.py install is deprecated setup.py egg_info --egg-base ../../build/ur3 build --build-base /home/saba/workspaces/ramen_robot_ws/build/ur3/build install --record /home/saba/workspaces/ramen_robot_ws/build/ur3/install.log --single-version-externally-managed install_data
[10.519s] running egg_info
[10.641s] writing ../../build/ur3/ur3.egg-info/PKG-INFO
[10.727s] writing dependency_links to ../../build/ur3/ur3.egg-info/dependency_links.txt
[11.008s] writing entry points to ../../build/ur3/ur3.egg-info/entry_points.txt
[11.196s] writing requirements to ../../build/ur3/ur3.egg-info/requires.txt
[11.281s] writing top-level names to ../../build/ur3/ur3.egg-info/top_level.txt
[11.446s] reading manifest file '../../build/ur3/ur3.egg-info/SOURCES.txt'
[11.447s] writing manifest file '../../build/ur3/ur3.egg-info/SOURCES.txt'
[11.447s] running build
[11.447s] running build_py
[11.448s] running install
[11.456s] running install_lib
[11.589s] running install_data
[11.589s] running install_egg_info
[11.717s] removing '/home/saba/workspaces/ramen_robot_ws/install/ur3/lib/python3.10/site-packages/ur3-0.0.0-py3.10.egg-info' (and everything under it)
[11.717s] Copying ../../build/ur3/ur3.egg-info to /home/saba/workspaces/ramen_robot_ws/install/ur3/lib/python3.10/site-packages/ur3-0.0.0-py3.10.egg-info
[11.718s] running install_scripts
[11.991s] Installing depth_anything_node script to /home/saba/workspaces/ramen_robot_ws/install/ur3/lib/ur3
[11.991s] Installing hello_node script to /home/saba/workspaces/ramen_robot_ws/install/ur3/lib/ur3
[11.991s] Installing ur3_negi_node script to /home/saba/workspaces/ramen_robot_ws/install/ur3/lib/ur3
[11.991s] Installing ur3_retouch_node script to /home/saba/workspaces/ramen_robot_ws/install/ur3/lib/ur3
[11.992s] Installing ur3_soup_node script to /home/saba/workspaces/ramen_robot_ws/install/ur3/lib/ur3
[11.992s] writing list of installed files to '/home/saba/workspaces/ramen_robot_ws/build/ur3/install.log'
[12.044s] Invoked command in '/home/saba/workspaces/ramen_robot_ws/src/ur3' returned '0': PYTHONPATH=/home/saba/workspaces/ramen_robot_ws/build/ur3/prefix_override:/usr/lib/python3/dist-packages/colcon_core/task/python/colcon_distutils_commands:/home/saba/workspaces/ramen_robot_ws/install/ur3/lib/python3.10/site-packages:${PYTHONPATH} /usr/bin/python3 -W ignore:setup.py install is deprecated setup.py egg_info --egg-base ../../build/ur3 build --build-base /home/saba/workspaces/ramen_robot_ws/build/ur3/build install --record /home/saba/workspaces/ramen_robot_ws/build/ur3/install.log --single-version-externally-managed install_data
